<Event xmlns='http://schemas.microsoft.com/win/2004/08/events/event'><System><Provider Name='Microsoft-Windows-Sysmon' Guid='{5770385f-c22a-43e0-bf4c-06f5698ffbd9}'/><EventID>1</EventID><Version>5</Version><Level>4</Level><Task>1</Task><Opcode>0</Opcode><Keywords>0x8000000000000000</Keywords><TimeCreated SystemTime='2025-07-18T07:02:37.2670687Z'/><EventRecordID>21456</EventRecordID><Correlation/><Execution ProcessID='2720' ThreadID='3592'/><Channel>Microsoft-Windows-Sysmon/Operational</Channel><Computer>PB-dc-win</Computer><Security UserID='S-1-5-18'/></System><EventData><Data Name='RuleName'>-</Data><Data Name='UtcTime'>2025-07-18 07:02:37.266</Data><Data Name='ProcessGuid'>{30362071-f18d-6879-4f38-000000000600}</Data><Data Name='ProcessId'>5392</Data><Data Name='Image'>C:\Windows\System32\rundll32.exe</Data><Data Name='FileVersion'>10.0.20348.1 (WinBuild.160101.0800)</Data><Data Name='Description'>Windows host process (Rundll32)</Data><Data Name='Product'>Microsoft® Windows® Operating System</Data><Data Name='Company'>Microsoft Corporation</Data><Data Name='OriginalFileName'>RUNDLL32.EXE</Data><Data Name='CommandLine'>C:\Windows\system32\rundll32.exe C:\Windows\system32\PcaSvc.dll,PcaPatchSdbTask</Data><Data Name='CurrentDirectory'>C:\Windows\system32\</Data><Data Name='User'>NT AUTHORITY\SYSTEM</Data><Data Name='LogonGuid'>{30362071-b354-6878-e703-000000000000}</Data><Data Name='LogonId'>0x3e7</Data><Data Name='TerminalSessionId'>0</Data><Data Name='IntegrityLevel'>System</Data><Data Name='Hashes'>MD5=F5B2D37BED0D2B15957736C23B9F547F,SHA256=0BB68E54629555FB9F70FB8D7B95FE1A5F987EEEEF57DE0A2671EEB14063CED1,IMPHASH=5C68DE198B5D2DD5C1129782AD19676C</Data><Data Name='ParentProcessGuid'>{30362071-b354-6878-2500-000000000600}</Data><Data Name='ParentProcessId'>1648</Data><Data Name='ParentImage'>C:\Windows\System32\svchost.exe</Data><Data Name='ParentCommandLine'>C:\Windows\system32\svchost.exe -k netsvcs -p -s Schedule</Data><Data Name='ParentUser'>NT AUTHORITY\SYSTEM</Data></EventData></Event>
<Event xmlns='http://schemas.microsoft.com/win/2004/08/events/event'><System><Provider Name='Microsoft-Windows-Sysmon' Guid='{5770385f-c22a-43e0-bf4c-06f5698ffbd9}'/><EventID>1</EventID><Version>5</Version><Level>4</Level><Task>1</Task><Opcode>0</Opcode><Keywords>0x8000000000000000</Keywords><TimeCreated SystemTime='2025-07-18T06:57:00.4843331Z'/><EventRecordID>21130</EventRecordID><Correlation/><Execution ProcessID='2720' ThreadID='3592'/><Channel>Microsoft-Windows-Sysmon/Operational</Channel><Computer>PB-dc-win</Computer><Security UserID='S-1-5-18'/></System><EventData><Data Name='RuleName'>-</Data><Data Name='UtcTime'>2025-07-18 06:57:00.483</Data><Data Name='ProcessGuid'>{30362071-f03c-6879-e137-000000000600}</Data><Data Name='ProcessId'>3264</Data><Data Name='Image'>C:\Windows\SysWOW64\regsvr32.exe</Data><Data Name='FileVersion'>10.0.20348.1 (WinBuild.160101.0800)</Data><Data Name='Description'>Microsoft(C) Register Server</Data><Data Name='Product'>Microsoft® Windows® Operating System</Data><Data Name='Company'>Microsoft Corporation</Data><Data Name='OriginalFileName'>REGSVR32.EXE</Data><Data Name='CommandLine'>C:\Windows\syswow64\regsvr32.exe  /s C:\AtomicRedTeam\atomics\T1218.010\bin\AllTheThingsx86.dll</Data><Data Name='CurrentDirectory'>C:\Users\ADMINI~1\AppData\Local\Temp\2\</Data><Data Name='User'>PB-DC-WIN\Administrator</Data><Data Name='LogonGuid'>{30362071-b93e-6878-1220-230000000000}</Data><Data Name='LogonId'>0x232012</Data><Data Name='TerminalSessionId'>2</Data><Data Name='IntegrityLevel'>High</Data><Data Name='Hashes'>MD5=360557D3E23C98E5CA4435A49DE1AABD,SHA256=7E4DCADC6F0CCBC1BB4213E1813F0C820191022034F02F372B4989A579A4D07A,IMPHASH=73F03653209E82368127EB826216A6AD</Data><Data Name='ParentProcessGuid'>{30362071-f03c-6879-df37-000000000600}</Data><Data Name='ParentProcessId'>5836</Data><Data Name='ParentImage'>C:\Windows\System32\cmd.exe</Data><Data Name='ParentCommandLine'>"cmd.exe" /c IF "%PROCESSOR_ARCHITECTURE%"=="AMD64" (C:\Windows\syswow64\regsvr32.exe /s C:\AtomicRedTeam\atomics\T1218.010\bin\AllTheThingsx86.dll) ELSE ( C:\Windows\system32\regsvr32.exe /s C:\AtomicRedTeam\atomics\T1218.010\bin\AllTheThingsx86.dll )</Data><Data Name='ParentUser'>PB-DC-WIN\Administrator</Data></EventData></Event>
<Event xmlns='http://schemas.microsoft.com/win/2004/08/events/event'><System><Provider Name='Microsoft-Windows-Sysmon' Guid='{5770385f-c22a-43e0-bf4c-06f5698ffbd9}'/><EventID>1</EventID><Version>5</Version><Level>4</Level><Task>1</Task><Opcode>0</Opcode><Keywords>0x8000000000000000</Keywords><TimeCreated SystemTime='2025-07-18T06:57:00.4687221Z'/><EventRecordID>21129</EventRecordID><Correlation/><Execution ProcessID='2720' ThreadID='3592'/><Channel>Microsoft-Windows-Sysmon/Operational</Channel><Computer>PB-dc-win</Computer><Security UserID='S-1-5-18'/></System><EventData><Data Name='RuleName'>-</Data><Data Name='UtcTime'>2025-07-18 06:57:00.468</Data><Data Name='ProcessGuid'>{30362071-f03c-6879-df37-000000000600}</Data><Data Name='ProcessId'>5836</Data><Data Name='Image'>C:\Windows\System32\cmd.exe</Data><Data Name='FileVersion'>10.0.20348.1 (WinBuild.160101.0800)</Data><Data Name='Description'>Windows Command Processor</Data><Data Name='Product'>Microsoft® Windows® Operating System</Data><Data Name='Company'>Microsoft Corporation</Data><Data Name='OriginalFileName'>Cmd.Exe</Data><Data Name='CommandLine'>"cmd.exe" /c IF "%%PROCESSOR_ARCHITECTURE%%"=="AMD64" (C:\Windows\syswow64\regsvr32.exe /s C:\AtomicRedTeam\atomics\T1218.010\bin\AllTheThingsx86.dll) ELSE ( C:\Windows\system32\regsvr32.exe /s C:\AtomicRedTeam\atomics\T1218.010\bin\AllTheThingsx86.dll )</Data><Data Name='CurrentDirectory'>C:\Users\ADMINI~1\AppData\Local\Temp\2\</Data><Data Name='User'>PB-DC-WIN\Administrator</Data><Data Name='LogonGuid'>{30362071-b93e-6878-1220-230000000000}</Data><Data Name='LogonId'>0x232012</Data><Data Name='TerminalSessionId'>2</Data><Data Name='IntegrityLevel'>High</Data><Data Name='Hashes'>MD5=E7A6B1F51EFB405287A8048CFA4690F4,SHA256=EB71EA69DD19F728AB9240565E8C7EFB59821E19E3788E289301E1E74940C208,IMPHASH=D60B77062898DC6BFAE7FE11A0F8806C</Data><Data Name='ParentProcessGuid'>{30362071-b95d-6878-b902-000000000600}</Data><Data Name='ParentProcessId'>7044</Data><Data Name='ParentImage'>C:\Windows\System32\WindowsPowerShell\v1.0\powershell.exe</Data><Data Name='ParentCommandLine'>"C:\Windows\System32\WindowsPowerShell\v1.0\powershell.exe" </Data><Data Name='ParentUser'>PB-DC-WIN\Administrator</Data></EventData></Event>
<Event xmlns='http://schemas.microsoft.com/win/2004/08/events/event'><System><Provider Name='Microsoft-Windows-Sysmon' Guid='{5770385f-c22a-43e0-bf4c-06f5698ffbd9}'/><EventID>1</EventID><Version>5</Version><Level>4</Level><Task>1</Task><Opcode>0</Opcode><Keywords>0x8000000000000000</Keywords><TimeCreated SystemTime='2025-07-18T06:56:56.0088272Z'/><EventRecordID>21120</EventRecordID><Correlation/><Execution ProcessID='2720' ThreadID='3592'/><Channel>Microsoft-Windows-Sysmon/Operational</Channel><Computer>PB-dc-win</Computer><Security UserID='S-1-5-18'/></System><EventData><Data Name='RuleName'>-</Data><Data Name='UtcTime'>2025-07-18 06:56:56.007</Data><Data Name='ProcessGuid'>{30362071-f038-6879-d837-000000000600}</Data><Data Name='ProcessId'>5552</Data><Data Name='Image'>C:\Windows\System32\WindowsPowerShell\v1.0\powershell.exe</Data><Data Name='FileVersion'>10.0.20348.1 (WinBuild.160101.0800)</Data><Data Name='Description'>Windows PowerShell</Data><Data Name='Product'>Microsoft® Windows® Operating System</Data><Data Name='Company'>Microsoft Corporation</Data><Data Name='OriginalFileName'>PowerShell.EXE</Data><Data Name='CommandLine'>"C:\Windows\System32\WindowsPowerShell\v1.0\powershell.exe" &amp; {if (Test-Path \""C:\AtomicRedTeam\atomics\T1218.010\bin\AllTheThingsx86.dll\"") {exit 0} else {exit 1}} </Data><Data Name='CurrentDirectory'>C:\Users\ADMINI~1\AppData\Local\Temp\2\</Data><Data Name='User'>PB-DC-WIN\Administrator</Data><Data Name='LogonGuid'>{30362071-b93e-6878-1220-230000000000}</Data><Data Name='LogonId'>0x232012</Data><Data Name='TerminalSessionId'>2</Data><Data Name='IntegrityLevel'>High</Data><Data Name='Hashes'>MD5=2E0CCB27064856E3D55017FA2D33A7B9,SHA256=1C84C8632C5269F24876ED9F49FA810B49F77E1E92E8918FC164C34B020F9A94,IMPHASH=BF7A6E7A62C3F5B2E8E069438AC1DD3D</Data><Data Name='ParentProcessGuid'>{30362071-b95d-6878-b902-000000000600}</Data><Data Name='ParentProcessId'>7044</Data><Data Name='ParentImage'>C:\Windows\System32\WindowsPowerShell\v1.0\powershell.exe</Data><Data Name='ParentCommandLine'>"C:\Windows\System32\WindowsPowerShell\v1.0\powershell.exe" </Data><Data Name='ParentUser'>PB-DC-WIN\Administrator</Data></EventData></Event>
<Event xmlns='http://schemas.microsoft.com/win/2004/08/events/event'><System><Provider Name='Microsoft-Windows-Sysmon' Guid='{5770385f-c22a-43e0-bf4c-06f5698ffbd9}'/><EventID>1</EventID><Version>5</Version><Level>4</Level><Task>1</Task><Opcode>0</Opcode><Keywords>0x8000000000000000</Keywords><TimeCreated SystemTime='2025-07-17T20:04:07.2439739Z'/><EventRecordID>12337</EventRecordID><Correlation/><Execution ProcessID='2720' ThreadID='3592'/><Channel>Microsoft-Windows-Sysmon/Operational</Channel><Computer>PB-dc-win</Computer><Security UserID='S-1-5-18'/></System><EventData><Data Name='RuleName'>-</Data><Data Name='UtcTime'>2025-07-17 20:04:07.243</Data><Data Name='ProcessGuid'>{30362071-5737-6879-d01d-000000000600}</Data><Data Name='ProcessId'>504</Data><Data Name='Image'>C:\Windows\System32\rundll32.exe</Data><Data Name='FileVersion'>10.0.20348.1 (WinBuild.160101.0800)</Data><Data Name='Description'>Windows host process (Rundll32)</Data><Data Name='Product'>Microsoft® Windows® Operating System</Data><Data Name='Company'>Microsoft Corporation</Data><Data Name='OriginalFileName'>RUNDLL32.EXE</Data><Data Name='CommandLine'>C:\Windows\system32\rundll32.exe C:\Windows\system32\PcaSvc.dll,PcaPatchSdbTask</Data><Data Name='CurrentDirectory'>C:\Windows\system32\</Data><Data Name='User'>NT AUTHORITY\SYSTEM</Data><Data Name='LogonGuid'>{30362071-b354-6878-e703-000000000000}</Data><Data Name='LogonId'>0x3e7</Data><Data Name='TerminalSessionId'>0</Data><Data Name='IntegrityLevel'>System</Data><Data Name='Hashes'>MD5=F5B2D37BED0D2B15957736C23B9F547F,SHA256=0BB68E54629555FB9F70FB8D7B95FE1A5F987EEEEF57DE0A2671EEB14063CED1,IMPHASH=5C68DE198B5D2DD5C1129782AD19676C</Data><Data Name='ParentProcessGuid'>{30362071-b354-6878-2500-000000000600}</Data><Data Name='ParentProcessId'>1648</Data><Data Name='ParentImage'>C:\Windows\System32\svchost.exe</Data><Data Name='ParentCommandLine'>C:\Windows\system32\svchost.exe -k netsvcs -p -s Schedule</Data><Data Name='ParentUser'>NT AUTHORITY\SYSTEM</Data></EventData></Event>
<Event xmlns='http://schemas.microsoft.com/win/2004/08/events/event'><System><Provider Name='Microsoft-Windows-Sysmon' Guid='{5770385f-c22a-43e0-bf4c-06f5698ffbd9}'/><EventID>1</EventID><Version>5</Version><Level>4</Level><Task>1</Task><Opcode>0</Opcode><Keywords>0x8000000000000000</Keywords><TimeCreated SystemTime='2025-07-17T18:25:06.9563321Z'/><EventRecordID>10988</EventRecordID><Correlation/><Execution ProcessID='2720' ThreadID='3592'/><Channel>Microsoft-Windows-Sysmon/Operational</Channel><Computer>PB-dc-win</Computer><Security UserID='S-1-5-18'/></System><EventData><Data Name='RuleName'>-</Data><Data Name='UtcTime'>2025-07-17 18:25:06.955</Data><Data Name='ProcessGuid'>{30362071-4002-6879-dd19-000000000600}</Data><Data Name='ProcessId'>2620</Data><Data Name='Image'>C:\Windows\System32\rundll32.exe</Data><Data Name='FileVersion'>10.0.20348.1 (WinBuild.160101.0800)</Data><Data Name='Description'>Windows host process (Rundll32)</Data><Data Name='Product'>Microsoft® Windows® Operating System</Data><Data Name='Company'>Microsoft Corporation</Data><Data Name='OriginalFileName'>RUNDLL32.EXE</Data><Data Name='CommandLine'>rundll32 C:\Windows\system32\GeneralTel.dll,RunInUserCxt kI5yvU/0U0eqTyM4.2.1.2 {A52AE288-C743-44A5-B577-8BDC0F0C416E} {2EACDB8D-E622-35BF-C932-AF8C01950C36} IsAdmin WAMAccountCount</Data><Data Name='CurrentDirectory'>C:\Windows\system32\</Data><Data Name='User'>PB-DC-WIN\localuser</Data><Data Name='LogonGuid'>{30362071-b355-6878-0f59-020000000000}</Data><Data Name='LogonId'>0x2590f</Data><Data Name='TerminalSessionId'>1</Data><Data Name='IntegrityLevel'>High</Data><Data Name='Hashes'>MD5=F5B2D37BED0D2B15957736C23B9F547F,SHA256=0BB68E54629555FB9F70FB8D7B95FE1A5F987EEEEF57DE0A2671EEB14063CED1,IMPHASH=5C68DE198B5D2DD5C1129782AD19676C</Data><Data Name='ParentProcessGuid'>{30362071-3ffc-6879-d419-000000000600}</Data><Data Name='ParentProcessId'>6756</Data><Data Name='ParentImage'>C:\Windows\System32\CompatTelRunner.exe</Data><Data Name='ParentCommandLine'>C:\Windows\system32\compattelrunner.exe -m:GeneralTel.dll -f:RunGeneralTelemetry  -cV kI5yvU/0U0eqTyM4.2.1 -SendFullTelemetry -ThrottleUtc -FullSync</Data><Data Name='ParentUser'>NT AUTHORITY\SYSTEM</Data></EventData></Event>
<Event xmlns='http://schemas.microsoft.com/win/2004/08/events/event'><System><Provider Name='Microsoft-Windows-Sysmon' Guid='{5770385f-c22a-43e0-bf4c-06f5698ffbd9}'/><EventID>1</EventID><Version>5</Version><Level>4</Level><Task>1</Task><Opcode>0</Opcode><Keywords>0x8000000000000000</Keywords><TimeCreated SystemTime='2025-07-17T18:24:55.3065102Z'/><EventRecordID>10913</EventRecordID><Correlation/><Execution ProcessID='2720' ThreadID='3592'/><Channel>Microsoft-Windows-Sysmon/Operational</Channel><Computer>PB-dc-win</Computer><Security UserID='S-1-5-18'/></System><EventData><Data Name='RuleName'>-</Data><Data Name='UtcTime'>2025-07-17 18:24:55.306</Data><Data Name='ProcessGuid'>{30362071-3ff7-6879-ad19-000000000600}</Data><Data Name='ProcessId'>916</Data><Data Name='Image'>C:\Windows\System32\rundll32.exe</Data><Data Name='FileVersion'>10.0.20348.1 (WinBuild.160101.0800)</Data><Data Name='Description'>Windows host process (Rundll32)</Data><Data Name='Product'>Microsoft® Windows® Operating System</Data><Data Name='Company'>Microsoft Corporation</Data><Data Name='OriginalFileName'>RUNDLL32.EXE</Data><Data Name='CommandLine'>C:\Windows\system32\rundll32.exe C:\Windows\system32\Windows.StateRepositoryClient.dll,StateRepositoryDoMaintenanceTasks</Data><Data Name='CurrentDirectory'>C:\Windows\system32\</Data><Data Name='User'>NT AUTHORITY\SYSTEM</Data><Data Name='LogonGuid'>{30362071-b354-6878-e703-000000000000}</Data><Data Name='LogonId'>0x3e7</Data><Data Name='TerminalSessionId'>0</Data><Data Name='IntegrityLevel'>System</Data><Data Name='Hashes'>MD5=F5B2D37BED0D2B15957736C23B9F547F,SHA256=0BB68E54629555FB9F70FB8D7B95FE1A5F987EEEEF57DE0A2671EEB14063CED1,IMPHASH=5C68DE198B5D2DD5C1129782AD19676C</Data><Data Name='ParentProcessGuid'>{30362071-b354-6878-2500-000000000600}</Data><Data Name='ParentProcessId'>1648</Data><Data Name='ParentImage'>C:\Windows\System32\svchost.exe</Data><Data Name='ParentCommandLine'>C:\Windows\system32\svchost.exe -k netsvcs -p -s Schedule</Data><Data Name='ParentUser'>NT AUTHORITY\SYSTEM</Data></EventData></Event>
<Event xmlns='http://schemas.microsoft.com/win/2004/08/events/event'><System><Provider Name='Microsoft-Windows-Sysmon' Guid='{5770385f-c22a-43e0-bf4c-06f5698ffbd9}'/><EventID>1</EventID><Version>5</Version><Level>4</Level><Task>1</Task><Opcode>0</Opcode><Keywords>0x8000000000000000</Keywords><TimeCreated SystemTime='2025-07-17T09:06:11.2645492Z'/><EventRecordID>3545</EventRecordID><Correlation/><Execution ProcessID='2720' ThreadID='3592'/><Channel>Microsoft-Windows-Sysmon/Operational</Channel><Computer>PB-dc-win</Computer><Security UserID='S-1-5-18'/></System><EventData><Data Name='RuleName'>-</Data><Data Name='UtcTime'>2025-07-17 09:06:11.264</Data><Data Name='ProcessGuid'>{30362071-bd03-6878-8d03-000000000600}</Data><Data Name='ProcessId'>7056</Data><Data Name='Image'>C:\Windows\System32\rundll32.exe</Data><Data Name='FileVersion'>10.0.20348.1 (WinBuild.160101.0800)</Data><Data Name='Description'>Windows host process (Rundll32)</Data><Data Name='Product'>Microsoft® Windows® Operating System</Data><Data Name='Company'>Microsoft Corporation</Data><Data Name='OriginalFileName'>RUNDLL32.EXE</Data><Data Name='CommandLine'>rundll32.exe AppXDeploymentExtensions.OneCore.dll,ShellRefresh</Data><Data Name='CurrentDirectory'>C:\Windows\system32\</Data><Data Name='User'>PB-DC-WIN\Administrator</Data><Data Name='LogonGuid'>{30362071-b93e-6878-1220-230000000000}</Data><Data Name='LogonId'>0x232012</Data><Data Name='TerminalSessionId'>2</Data><Data Name='IntegrityLevel'>High</Data><Data Name='Hashes'>MD5=F5B2D37BED0D2B15957736C23B9F547F,SHA256=0BB68E54629555FB9F70FB8D7B95FE1A5F987EEEEF57DE0A2671EEB14063CED1,IMPHASH=5C68DE198B5D2DD5C1129782AD19676C</Data><Data Name='ParentProcessGuid'>{30362071-bd03-6878-8b03-000000000600}</Data><Data Name='ParentProcessId'>6816</Data><Data Name='ParentImage'>C:\Windows\System32\svchost.exe</Data><Data Name='ParentCommandLine'>C:\Windows\system32\svchost.exe -k wsappx -p -s AppXSvc</Data><Data Name='ParentUser'>NT AUTHORITY\SYSTEM</Data></EventData></Event>
<Event xmlns='http://schemas.microsoft.com/win/2004/08/events/event'><System><Provider Name='Microsoft-Windows-Sysmon' Guid='{5770385f-c22a-43e0-bf4c-06f5698ffbd9}'/><EventID>1</EventID><Version>5</Version><Level>4</Level><Task>1</Task><Opcode>0</Opcode><Keywords>0x8000000000000000</Keywords><TimeCreated SystemTime='2025-07-17T09:04:54.0939168Z'/><EventRecordID>3518</EventRecordID><Correlation/><Execution ProcessID='2720' ThreadID='3592'/><Channel>Microsoft-Windows-Sysmon/Operational</Channel><Computer>PB-dc-win</Computer><Security UserID='S-1-5-18'/></System><EventData><Data Name='RuleName'>-</Data><Data Name='UtcTime'>2025-07-17 09:04:54.093</Data><Data Name='ProcessGuid'>{30362071-bcb6-6878-7503-000000000600}</Data><Data Name='ProcessId'>2924</Data><Data Name='Image'>C:\Windows\System32\rundll32.exe</Data><Data Name='FileVersion'>10.0.20348.1 (WinBuild.160101.0800)</Data><Data Name='Description'>Windows host process (Rundll32)</Data><Data Name='Product'>Microsoft® Windows® Operating System</Data><Data Name='Company'>Microsoft Corporation</Data><Data Name='OriginalFileName'>RUNDLL32.EXE</Data><Data Name='CommandLine'>C:\Windows\system32\rundll32.exe /d acproxy.dll,PerformAutochkOperations</Data><Data Name='CurrentDirectory'>C:\Windows\system32\</Data><Data Name='User'>NT AUTHORITY\SYSTEM</Data><Data Name='LogonGuid'>{30362071-b354-6878-e703-000000000000}</Data><Data Name='LogonId'>0x3e7</Data><Data Name='TerminalSessionId'>0</Data><Data Name='IntegrityLevel'>System</Data><Data Name='Hashes'>MD5=F5B2D37BED0D2B15957736C23B9F547F,SHA256=0BB68E54629555FB9F70FB8D7B95FE1A5F987EEEEF57DE0A2671EEB14063CED1,IMPHASH=5C68DE198B5D2DD5C1129782AD19676C</Data><Data Name='ParentProcessGuid'>{30362071-b354-6878-2500-000000000600}</Data><Data Name='ParentProcessId'>1648</Data><Data Name='ParentImage'>C:\Windows\System32\svchost.exe</Data><Data Name='ParentCommandLine'>C:\Windows\system32\svchost.exe -k netsvcs -p -s Schedule</Data><Data Name='ParentUser'>NT AUTHORITY\SYSTEM</Data></EventData></Event>
<Event xmlns='http://schemas.microsoft.com/win/2004/08/events/event'><System><Provider Name='Microsoft-Windows-Sysmon' Guid='{5770385f-c22a-43e0-bf4c-06f5698ffbd9}'/><EventID>1</EventID><Version>5</Version><Level>4</Level><Task>1</Task><Opcode>0</Opcode><Keywords>0x8000000000000000</Keywords><TimeCreated SystemTime='2025-07-17T08:50:37.6555937Z'/><EventRecordID>3262</EventRecordID><Correlation/><Execution ProcessID='2720' ThreadID='3592'/><Channel>Microsoft-Windows-Sysmon/Operational</Channel><Computer>PB-dc-win</Computer><Security UserID='S-1-5-18'/></System><EventData><Data Name='RuleName'>-</Data><Data Name='UtcTime'>2025-07-17 08:50:37.655</Data><Data Name='ProcessGuid'>{30362071-b95d-6878-b802-000000000600}</Data><Data Name='ProcessId'>1696</Data><Data Name='Image'>C:\Windows\System32\rundll32.exe</Data><Data Name='FileVersion'>10.0.20348.1 (WinBuild.160101.0800)</Data><Data Name='Description'>Windows host process (Rundll32)</Data><Data Name='Product'>Microsoft® Windows® Operating System</Data><Data Name='Company'>Microsoft Corporation</Data><Data Name='OriginalFileName'>RUNDLL32.EXE</Data><Data Name='CommandLine'>C:\Windows\System32\rundll32.exe shell32.dll,SHCreateLocalServerRunDll {c82192ee-6cb5-4bc0-9ef0-fb818773790a} -Embedding</Data><Data Name='CurrentDirectory'>C:\Windows\system32\</Data><Data Name='User'>PB-DC-WIN\Administrator</Data><Data Name='LogonGuid'>{30362071-b93e-6878-1220-230000000000}</Data><Data Name='LogonId'>0x232012</Data><Data Name='TerminalSessionId'>2</Data><Data Name='IntegrityLevel'>High</Data><Data Name='Hashes'>MD5=F5B2D37BED0D2B15957736C23B9F547F,SHA256=0BB68E54629555FB9F70FB8D7B95FE1A5F987EEEEF57DE0A2671EEB14063CED1,IMPHASH=5C68DE198B5D2DD5C1129782AD19676C</Data><Data Name='ParentProcessGuid'>{30362071-b354-6878-0d00-000000000600}</Data><Data Name='ParentProcessId'>768</Data><Data Name='ParentImage'>C:\Windows\System32\svchost.exe</Data><Data Name='ParentCommandLine'>C:\Windows\system32\svchost.exe -k DcomLaunch -p</Data><Data Name='ParentUser'>NT AUTHORITY\SYSTEM</Data></EventData></Event>
<Event xmlns='http://schemas.microsoft.com/win/2004/08/events/event'><System><Provider Name='Microsoft-Windows-Sysmon' Guid='{5770385f-c22a-43e0-bf4c-06f5698ffbd9}'/><EventID>1</EventID><Version>5</Version><Level>4</Level><Task>1</Task><Opcode>0</Opcode><Keywords>0x8000000000000000</Keywords><TimeCreated SystemTime='2025-07-17T08:50:08.6209391Z'/><EventRecordID>3195</EventRecordID><Correlation/><Execution ProcessID='2720' ThreadID='3592'/><Channel>Microsoft-Windows-Sysmon/Operational</Channel><Computer>PB-dc-win</Computer><Security UserID='S-1-5-18'/></System><EventData><Data Name='RuleName'>-</Data><Data Name='UtcTime'>2025-07-17 08:50:08.614</Data><Data Name='ProcessGuid'>{30362071-b940-6878-9902-000000000600}</Data><Data Name='ProcessId'>5840</Data><Data Name='Image'>C:\Windows\System32\rundll32.exe</Data><Data Name='FileVersion'>10.0.20348.1 (WinBuild.160101.0800)</Data><Data Name='Description'>Windows host process (Rundll32)</Data><Data Name='Product'>Microsoft® Windows® Operating System</Data><Data Name='Company'>Microsoft Corporation</Data><Data Name='OriginalFileName'>RUNDLL32.EXE</Data><Data Name='CommandLine'>rundll32.exe AppXDeploymentExtensions.OneCore.dll,ShellRefresh</Data><Data Name='CurrentDirectory'>C:\Windows\system32\</Data><Data Name='User'>PB-DC-WIN\Administrator</Data><Data Name='LogonGuid'>{30362071-b93e-6878-1220-230000000000}</Data><Data Name='LogonId'>0x232012</Data><Data Name='TerminalSessionId'>2</Data><Data Name='IntegrityLevel'>High</Data><Data Name='Hashes'>MD5=F5B2D37BED0D2B15957736C23B9F547F,SHA256=0BB68E54629555FB9F70FB8D7B95FE1A5F987EEEEF57DE0A2671EEB14063CED1,IMPHASH=5C68DE198B5D2DD5C1129782AD19676C</Data><Data Name='ParentProcessGuid'>{30362071-b940-6878-9202-000000000600}</Data><Data Name='ParentProcessId'>5796</Data><Data Name='ParentImage'>C:\Windows\System32\svchost.exe</Data><Data Name='ParentCommandLine'>C:\Windows\system32\svchost.exe -k wsappx -p -s AppXSvc</Data><Data Name='ParentUser'>NT AUTHORITY\SYSTEM</Data></EventData></Event>
<Event xmlns='http://schemas.microsoft.com/win/2004/08/events/event'><System><Provider Name='Microsoft-Windows-Sysmon' Guid='{5770385f-c22a-43e0-bf4c-06f5698ffbd9}'/><EventID>1</EventID><Version>5</Version><Level>4</Level><Task>1</Task><Opcode>0</Opcode><Keywords>0x8000000000000000</Keywords><TimeCreated SystemTime='2025-07-17T08:35:42.5524644Z'/><EventRecordID>1171</EventRecordID><Correlation/><Execution ProcessID='2720' ThreadID='3592'/><Channel>Microsoft-Windows-Sysmon/Operational</Channel><Computer>PB-dc-win</Computer><Security UserID='S-1-5-18'/></System><EventData><Data Name='RuleName'>-</Data><Data Name='UtcTime'>2025-07-17 08:35:42.536</Data><Data Name='ProcessGuid'>{30362071-b5de-6878-d401-000000000600}</Data><Data Name='ProcessId'>4804</Data><Data Name='Image'>C:\Windows\System32\rundll32.exe</Data><Data Name='FileVersion'>10.0.20348.1 (WinBuild.160101.0800)</Data><Data Name='Description'>Windows host process (Rundll32)</Data><Data Name='Product'>Microsoft® Windows® Operating System</Data><Data Name='Company'>Microsoft Corporation</Data><Data Name='OriginalFileName'>RUNDLL32.EXE</Data><Data Name='CommandLine'>rundll32 C:\Windows\system32\GeneralTel.dll,RunInUserCxt plX5tl7vOkePa32t.2.3.2 {1D31CFF8-8C14-4783-B3D1-8F95443C2376} {2EACDB8D-E622-35BF-C932-AF8C01950C36} IsAdmin WAMAccountCount</Data><Data Name='CurrentDirectory'>C:\Windows\system32\</Data><Data Name='User'>PB-DC-WIN\localuser</Data><Data Name='LogonGuid'>{30362071-b355-6878-0f59-020000000000}</Data><Data Name='LogonId'>0x2590f</Data><Data Name='TerminalSessionId'>1</Data><Data Name='IntegrityLevel'>High</Data><Data Name='Hashes'>MD5=F5B2D37BED0D2B15957736C23B9F547F,SHA256=0BB68E54629555FB9F70FB8D7B95FE1A5F987EEEEF57DE0A2671EEB14063CED1,IMPHASH=5C68DE198B5D2DD5C1129782AD19676C</Data><Data Name='ParentProcessGuid'>{30362071-b5b7-6878-c801-000000000600}</Data><Data Name='ParentProcessId'>3916</Data><Data Name='ParentImage'>C:\Windows\System32\CompatTelRunner.exe</Data><Data Name='ParentCommandLine'>C:\Windows\system32\compattelrunner.exe -m:GeneralTel.dll -f:RunGeneralTelemetry  -cV plX5tl7vOkePa32t.2.3 -SendFullTelemetry -ThrottleUtc -FullSync</Data><Data Name='ParentUser'>NT AUTHORITY\SYSTEM</Data></EventData></Event>
<Event xmlns='http://schemas.microsoft.com/win/2004/08/events/event'><System><Provider Name='Microsoft-Windows-Sysmon' Guid='{5770385f-c22a-43e0-bf4c-06f5698ffbd9}'/><EventID>1</EventID><Version>5</Version><Level>4</Level><Task>1</Task><Opcode>0</Opcode><Keywords>0x8000000000000000</Keywords><TimeCreated SystemTime='2025-07-17T08:34:54.6383099Z'/><EventRecordID>1026</EventRecordID><Correlation/><Execution ProcessID='2720' ThreadID='3592'/><Channel>Microsoft-Windows-Sysmon/Operational</Channel><Computer>PB-dc-win</Computer><Security UserID='S-1-5-18'/></System><EventData><Data Name='RuleName'>-</Data><Data Name='UtcTime'>2025-07-17 08:34:54.638</Data><Data Name='ProcessGuid'>{30362071-b5ae-6878-a301-000000000600}</Data><Data Name='ProcessId'>5860</Data><Data Name='Image'>C:\Windows\System32\rundll32.exe</Data><Data Name='FileVersion'>10.0.20348.1 (WinBuild.160101.0800)</Data><Data Name='Description'>Windows host process (Rundll32)</Data><Data Name='Product'>Microsoft® Windows® Operating System</Data><Data Name='Company'>Microsoft Corporation</Data><Data Name='OriginalFileName'>RUNDLL32.EXE</Data><Data Name='CommandLine'>C:\Windows\system32\rundll32.exe dfdts.dll,DfdGetDefaultPolicyAndSMART</Data><Data Name='CurrentDirectory'>C:\Windows\system32\</Data><Data Name='User'>NT AUTHORITY\SYSTEM</Data><Data Name='LogonGuid'>{30362071-b354-6878-e703-000000000000}</Data><Data Name='LogonId'>0x3e7</Data><Data Name='TerminalSessionId'>0</Data><Data Name='IntegrityLevel'>System</Data><Data Name='Hashes'>MD5=F5B2D37BED0D2B15957736C23B9F547F,SHA256=0BB68E54629555FB9F70FB8D7B95FE1A5F987EEEEF57DE0A2671EEB14063CED1,IMPHASH=5C68DE198B5D2DD5C1129782AD19676C</Data><Data Name='ParentProcessGuid'>{30362071-b354-6878-2500-000000000600}</Data><Data Name='ParentProcessId'>1648</Data><Data Name='ParentImage'>C:\Windows\System32\svchost.exe</Data><Data Name='ParentCommandLine'>C:\Windows\system32\svchost.exe -k netsvcs -p -s Schedule</Data><Data Name='ParentUser'>NT AUTHORITY\SYSTEM</Data></EventData></Event>
<Event xmlns='http://schemas.microsoft.com/win/2004/08/events/event'><System><Provider Name='Microsoft-Windows-Sysmon' Guid='{5770385f-c22a-43e0-bf4c-06f5698ffbd9}'/><EventID>1</EventID><Version>5</Version><Level>4</Level><Task>1</Task><Opcode>0</Opcode><Keywords>0x8000000000000000</Keywords><TimeCreated SystemTime='2025-07-17T08:34:54.6321799Z'/><EventRecordID>1013</EventRecordID><Correlation/><Execution ProcessID='2720' ThreadID='3592'/><Channel>Microsoft-Windows-Sysmon/Operational</Channel><Computer>PB-dc-win</Computer><Security UserID='S-1-5-18'/></System><EventData><Data Name='RuleName'>-</Data><Data Name='UtcTime'>2025-07-17 08:34:54.630</Data><Data Name='ProcessGuid'>{30362071-b5ae-6878-a001-000000000600}</Data><Data Name='ProcessId'>3256</Data><Data Name='Image'>C:\Windows\System32\rundll32.exe</Data><Data Name='FileVersion'>10.0.20348.1 (WinBuild.160101.0800)</Data><Data Name='Description'>Windows host process (Rundll32)</Data><Data Name='Product'>Microsoft® Windows® Operating System</Data><Data Name='Company'>Microsoft Corporation</Data><Data Name='OriginalFileName'>RUNDLL32.EXE</Data><Data Name='CommandLine'>C:\Windows\system32\rundll32.exe Windows.Storage.ApplicationData.dll,CleanupTemporaryState</Data><Data Name='CurrentDirectory'>C:\Windows\system32\</Data><Data Name='User'>NT AUTHORITY\SYSTEM</Data><Data Name='LogonGuid'>{30362071-b354-6878-e703-000000000000}</Data><Data Name='LogonId'>0x3e7</Data><Data Name='TerminalSessionId'>0</Data><Data Name='IntegrityLevel'>System</Data><Data Name='Hashes'>MD5=F5B2D37BED0D2B15957736C23B9F547F,SHA256=0BB68E54629555FB9F70FB8D7B95FE1A5F987EEEEF57DE0A2671EEB14063CED1,IMPHASH=5C68DE198B5D2DD5C1129782AD19676C</Data><Data Name='ParentProcessGuid'>{30362071-b354-6878-2500-000000000600}</Data><Data Name='ParentProcessId'>1648</Data><Data Name='ParentImage'>C:\Windows\System32\svchost.exe</Data><Data Name='ParentCommandLine'>C:\Windows\system32\svchost.exe -k netsvcs -p -s Schedule</Data><Data Name='ParentUser'>NT AUTHORITY\SYSTEM</Data></EventData></Event>
<Event xmlns='http://schemas.microsoft.com/win/2004/08/events/event'><System><Provider Name='Microsoft-Windows-Sysmon' Guid='{5770385f-c22a-43e0-bf4c-06f5698ffbd9}'/><EventID>1</EventID><Version>5</Version><Level>4</Level><Task>1</Task><Opcode>0</Opcode><Keywords>0x8000000000000000</Keywords><TimeCreated SystemTime='2025-07-17T08:34:54.6264455Z'/><EventRecordID>1011</EventRecordID><Correlation/><Execution ProcessID='2720' ThreadID='3592'/><Channel>Microsoft-Windows-Sysmon/Operational</Channel><Computer>PB-dc-win</Computer><Security UserID='S-1-5-18'/></System><EventData><Data Name='RuleName'>-</Data><Data Name='UtcTime'>2025-07-17 08:34:54.626</Data><Data Name='ProcessGuid'>{30362071-b5ae-6878-9e01-000000000600}</Data><Data Name='ProcessId'>1808</Data><Data Name='Image'>C:\Windows\System32\rundll32.exe</Data><Data Name='FileVersion'>10.0.20348.1 (WinBuild.160101.0800)</Data><Data Name='Description'>Windows host process (Rundll32)</Data><Data Name='Product'>Microsoft® Windows® Operating System</Data><Data Name='Company'>Microsoft Corporation</Data><Data Name='OriginalFileName'>RUNDLL32.EXE</Data><Data Name='CommandLine'>C:\Windows\system32\rundll32.exe Startupscan.dll,SusRunTask</Data><Data Name='CurrentDirectory'>C:\Windows\system32\</Data><Data Name='User'>PB-DC-WIN\localuser</Data><Data Name='LogonGuid'>{30362071-b355-6878-0f59-020000000000}</Data><Data Name='LogonId'>0x2590f</Data><Data Name='TerminalSessionId'>1</Data><Data Name='IntegrityLevel'>High</Data><Data Name='Hashes'>MD5=F5B2D37BED0D2B15957736C23B9F547F,SHA256=0BB68E54629555FB9F70FB8D7B95FE1A5F987EEEEF57DE0A2671EEB14063CED1,IMPHASH=5C68DE198B5D2DD5C1129782AD19676C</Data><Data Name='ParentProcessGuid'>{30362071-b354-6878-2500-000000000600}</Data><Data Name='ParentProcessId'>1648</Data><Data Name='ParentImage'>C:\Windows\System32\svchost.exe</Data><Data Name='ParentCommandLine'>C:\Windows\system32\svchost.exe -k netsvcs -p -s Schedule</Data><Data Name='ParentUser'>NT AUTHORITY\SYSTEM</Data></EventData></Event>
<Event xmlns='http://schemas.microsoft.com/win/2004/08/events/event'><System><Provider Name='Microsoft-Windows-Sysmon' Guid='{5770385f-c22a-43e0-bf4c-06f5698ffbd9}'/><EventID>1</EventID><Version>5</Version><Level>4</Level><Task>1</Task><Opcode>0</Opcode><Keywords>0x8000000000000000</Keywords><TimeCreated SystemTime='2025-07-17T08:34:54.6099273Z'/><EventRecordID>1004</EventRecordID><Correlation/><Execution ProcessID='2720' ThreadID='3592'/><Channel>Microsoft-Windows-Sysmon/Operational</Channel><Computer>PB-dc-win</Computer><Security UserID='S-1-5-18'/></System><EventData><Data Name='RuleName'>-</Data><Data Name='UtcTime'>2025-07-17 08:34:54.609</Data><Data Name='ProcessGuid'>{30362071-b5ae-6878-9501-000000000600}</Data><Data Name='ProcessId'>1132</Data><Data Name='Image'>C:\Windows\System32\rundll32.exe</Data><Data Name='FileVersion'>10.0.20348.1 (WinBuild.160101.0800)</Data><Data Name='Description'>Windows host process (Rundll32)</Data><Data Name='Product'>Microsoft® Windows® Operating System</Data><Data Name='Company'>Microsoft Corporation</Data><Data Name='OriginalFileName'>RUNDLL32.EXE</Data><Data Name='CommandLine'>C:\Windows\system32\rundll32.exe C:\Windows\system32\Windows.StateRepositoryClient.dll,StateRepositoryDoMaintenanceTasks</Data><Data Name='CurrentDirectory'>C:\Windows\system32\</Data><Data Name='User'>NT AUTHORITY\SYSTEM</Data><Data Name='LogonGuid'>{30362071-b354-6878-e703-000000000000}</Data><Data Name='LogonId'>0x3e7</Data><Data Name='TerminalSessionId'>0</Data><Data Name='IntegrityLevel'>System</Data><Data Name='Hashes'>MD5=F5B2D37BED0D2B15957736C23B9F547F,SHA256=0BB68E54629555FB9F70FB8D7B95FE1A5F987EEEEF57DE0A2671EEB14063CED1,IMPHASH=5C68DE198B5D2DD5C1129782AD19676C</Data><Data Name='ParentProcessGuid'>{30362071-b354-6878-2500-000000000600}</Data><Data Name='ParentProcessId'>1648</Data><Data Name='ParentImage'>C:\Windows\System32\svchost.exe</Data><Data Name='ParentCommandLine'>C:\Windows\system32\svchost.exe -k netsvcs -p -s Schedule</Data><Data Name='ParentUser'>NT AUTHORITY\SYSTEM</Data></EventData></Event>
<Event xmlns='http://schemas.microsoft.com/win/2004/08/events/event'><System><Provider Name='Microsoft-Windows-Sysmon' Guid='{5770385f-c22a-43e0-bf4c-06f5698ffbd9}'/><EventID>1</EventID><Version>5</Version><Level>4</Level><Task>1</Task><Opcode>0</Opcode><Keywords>0x8000000000000000</Keywords><TimeCreated SystemTime='2025-07-17T08:34:54.6012268Z'/><EventRecordID>1001</EventRecordID><Correlation/><Execution ProcessID='2720' ThreadID='3592'/><Channel>Microsoft-Windows-Sysmon/Operational</Channel><Computer>PB-dc-win</Computer><Security UserID='S-1-5-18'/></System><EventData><Data Name='RuleName'>-</Data><Data Name='UtcTime'>2025-07-17 08:34:54.600</Data><Data Name='ProcessGuid'>{30362071-b5ae-6878-9201-000000000600}</Data><Data Name='ProcessId'>1476</Data><Data Name='Image'>C:\Windows\System32\rundll32.exe</Data><Data Name='FileVersion'>10.0.20348.1 (WinBuild.160101.0800)</Data><Data Name='Description'>Windows host process (Rundll32)</Data><Data Name='Product'>Microsoft® Windows® Operating System</Data><Data Name='Company'>Microsoft Corporation</Data><Data Name='OriginalFileName'>RUNDLL32.EXE</Data><Data Name='CommandLine'>C:\Windows\system32\rundll32.exe C:\Windows\system32\AppxDeploymentClient.dll,AppxPreStageCleanupRunTask</Data><Data Name='CurrentDirectory'>C:\Windows\system32\</Data><Data Name='User'>NT AUTHORITY\SYSTEM</Data><Data Name='LogonGuid'>{30362071-b354-6878-e703-000000000000}</Data><Data Name='LogonId'>0x3e7</Data><Data Name='TerminalSessionId'>0</Data><Data Name='IntegrityLevel'>System</Data><Data Name='Hashes'>MD5=F5B2D37BED0D2B15957736C23B9F547F,SHA256=0BB68E54629555FB9F70FB8D7B95FE1A5F987EEEEF57DE0A2671EEB14063CED1,IMPHASH=5C68DE198B5D2DD5C1129782AD19676C</Data><Data Name='ParentProcessGuid'>{30362071-b354-6878-2500-000000000600}</Data><Data Name='ParentProcessId'>1648</Data><Data Name='ParentImage'>C:\Windows\System32\svchost.exe</Data><Data Name='ParentCommandLine'>C:\Windows\system32\svchost.exe -k netsvcs -p -s Schedule</Data><Data Name='ParentUser'>NT AUTHORITY\SYSTEM</Data></EventData></Event>
