<Event xmlns='http://schemas.microsoft.com/win/2004/08/events/event'><System><Provider Name='Microsoft-Windows-Sysmon' Guid='{5770385f-c22a-43e0-bf4c-06f5698ffbd9}'/><EventID>1</EventID><Version>5</Version><Level>4</Level><Task>1</Task><Opcode>0</Opcode><Keywords>0x8000000000000000</Keywords><TimeCreated SystemTime='2025-07-17T08:50:57.2796027Z'/><EventRecordID>3282</EventRecordID><Correlation/><Execution ProcessID='2720' ThreadID='3592'/><Channel>Microsoft-Windows-Sysmon/Operational</Channel><Computer>PB-dc-win</Computer><Security UserID='S-1-5-18'/></System><EventData><Data Name='RuleName'>-</Data><Data Name='UtcTime'>2025-07-17 08:50:57.278</Data><Data Name='ProcessGuid'>{30362071-b971-6878-c202-000000000600}</Data><Data Name='ProcessId'>1272</Data><Data Name='Image'>C:\Windows\System32\whoami.exe</Data><Data Name='FileVersion'>10.0.20348.1 (WinBuild.160101.0800)</Data><Data Name='Description'>whoami - displays logged on user information</Data><Data Name='Product'>Microsoft® Windows® Operating System</Data><Data Name='Company'>Microsoft Corporation</Data><Data Name='OriginalFileName'>whoami.exe</Data><Data Name='CommandLine'>"C:\Windows\system32\whoami.exe"</Data><Data Name='CurrentDirectory'>C:\Users\Administrator\</Data><Data Name='User'>PB-DC-WIN\Administrator</Data><Data Name='LogonGuid'>{30362071-b93e-6878-1220-230000000000}</Data><Data Name='LogonId'>0x232012</Data><Data Name='TerminalSessionId'>2</Data><Data Name='IntegrityLevel'>High</Data><Data Name='Hashes'>MD5=F0A0791523F2F55790337C5E401F27A1,SHA256=A703FCBC2159F86FD6F7BDFDCB6140042EECE715B108DE843575B5D688ADFBF5,IMPHASH=62935820E434AF643547B7F5F5BD0292</Data><Data Name='ParentProcessGuid'>{30362071-b95d-6878-b902-000000000600}</Data><Data Name='ParentProcessId'>7044</Data><Data Name='ParentImage'>C:\Windows\System32\WindowsPowerShell\v1.0\powershell.exe</Data><Data Name='ParentCommandLine'>"C:\Windows\System32\WindowsPowerShell\v1.0\powershell.exe" </Data><Data Name='ParentUser'>PB-DC-WIN\Administrator</Data></EventData></Event>
<Event xmlns='http://schemas.microsoft.com/win/2004/08/events/event'><System><Provider Name='Microsoft-Windows-Security-Auditing' Guid='{54849625-5478-4994-a5ba-3e3b0328c30d}'/><EventID>4688</EventID><Version>2</Version><Level>0</Level><Task>13312</Task><Opcode>0</Opcode><Keywords>0x8020000000000000</Keywords><TimeCreated SystemTime='2025-07-17T08:50:57.6759917Z'/><EventRecordID>14083</EventRecordID><Correlation/><Execution ProcessID='4' ThreadID='312'/><Channel>Security</Channel><Computer>PB-dc-win</Computer><Security/></System><EventData><Data Name='SubjectUserSid'>PB-DC-WIN\Administrator</Data><Data Name='SubjectUserName'>Administrator</Data><Data Name='SubjectDomainName'>PB-DC-WIN</Data><Data Name='SubjectLogonId'>0x232012</Data><Data Name='NewProcessId'>0xfd8</Data><Data Name='NewProcessName'>C:\Windows\System32\whoami.exe</Data><Data Name='TokenElevationType'>%%1936</Data><Data Name='ProcessId'>0x16f4</Data><Data Name='CommandLine'></Data><Data Name='TargetUserSid'>NULL SID</Data><Data Name='TargetUserName'>-</Data><Data Name='TargetDomainName'>-</Data><Data Name='TargetLogonId'>0x0</Data><Data Name='ParentProcessName'>C:\Windows\System32\cmd.exe</Data><Data Name='MandatoryLabel'>Mandatory Label\High Mandatory Level</Data></EventData></Event>
<Event xmlns='http://schemas.microsoft.com/win/2004/08/events/event'><System><Provider Name='Microsoft-Windows-Security-Auditing' Guid='{54849625-5478-4994-a5ba-3e3b0328c30d}'/><EventID>4688</EventID><Version>2</Version><Level>0</Level><Task>13312</Task><Opcode>0</Opcode><Keywords>0x8020000000000000</Keywords><TimeCreated SystemTime='2025-07-17T08:50:57.2786936Z'/><EventRecordID>14079</EventRecordID><Correlation/><Execution ProcessID='4' ThreadID='312'/><Channel>Security</Channel><Computer>PB-dc-win</Computer><Security/></System><EventData><Data Name='SubjectUserSid'>PB-DC-WIN\Administrator</Data><Data Name='SubjectUserName'>Administrator</Data><Data Name='SubjectDomainName'>PB-DC-WIN</Data><Data Name='SubjectLogonId'>0x232012</Data><Data Name='NewProcessId'>0x4f8</Data><Data Name='NewProcessName'>C:\Windows\System32\whoami.exe</Data><Data Name='TokenElevationType'>%%1936</Data><Data Name='ProcessId'>0x1b84</Data><Data Name='CommandLine'></Data><Data Name='TargetUserSid'>NULL SID</Data><Data Name='TargetUserName'>-</Data><Data Name='TargetDomainName'>-</Data><Data Name='TargetLogonId'>0x0</Data><Data Name='ParentProcessName'>C:\Windows\System32\WindowsPowerShell\v1.0\powershell.exe</Data><Data Name='MandatoryLabel'>Mandatory Label\High Mandatory Level</Data></EventData></Event>
<Event xmlns='http://schemas.microsoft.com/win/2004/08/events/event'><System><Provider Name='Microsoft-Windows-PowerShell' Guid='{a0c1853b-5c40-4b15-8766-3cf1c58f985a}'/><EventID>4104</EventID><Version>1</Version><Level>5</Level><Task>2</Task><Opcode>15</Opcode><Keywords>0x0</Keywords><TimeCreated SystemTime='2025-07-17T08:50:57.2718703Z'/><EventRecordID>32434</EventRecordID><Correlation ActivityID='{42923cec-f6f4-0003-cb7e-9242f4f6db01}'/><Execution ProcessID='7044' ThreadID='352'/><Channel>Microsoft-Windows-PowerShell/Operational</Channel><Computer>PB-dc-win</Computer><Security UserID='S-1-5-21-1696305924-3848866985-3834936020-500'/></System><EventData><Data Name='MessageNumber'>1</Data><Data Name='MessageTotal'>1</Data><Data Name='ScriptBlockText'>function Get-TargetInfo($Session) {
    $tmpDir = "$env:TEMP\"
    $isElevated = $false
    $targetHostname = hostname
    $targetUser = whoami
    if ($Session) {
        $targetPlatform, $isElevated, $tmpDir, $targetHostname, $targetUser = invoke-command -Session $Session -ScriptBlock {
            $targetPlatform = "windows"
            $tmpDir = "/tmp/"
            $targetHostname = hostname
            $targetUser = whoami
            if ($IsLinux) { $targetPlatform = "linux" }
            elseif ($IsMacOS) { $targetPlatform = "macos" }
            else {
                # windows
                $tmpDir = "$env:TEMP\"
                $isElevated = ([Security.Principal.WindowsPrincipal] [Security.Principal.WindowsIdentity]::GetCurrent()).IsInRole([Security.Principal.WindowsBuiltInRole]::Administrator)
            }
            if ($IsLinux -or $IsMacOS) {
                $isElevated = $false
                $privid = id -u
                if ($privid -eq 0) { $isElevated = $true }
            }
            $targetPlatform, $isElevated, $tmpDir, $targetHostname, $targetUser
        } # end ScriptBlock for remote session
    }
    else {
        $targetPlatform = "linux"
        if ($IsLinux -or $IsMacOS) {
            $tmpDir = "/tmp/"
            $isElevated = $false
            $privid = id -u
            if ($privid -eq 0) { $isElevated = $true }
            if ($IsMacOS) { $targetPlatform = "macos" }
        }
        else {
            $targetPlatform = "windows"
            $isElevated = ([Security.Principal.WindowsPrincipal] [Security.Principal.WindowsIdentity]::GetCurrent()).IsInRole([Security.Principal.WindowsBuiltInRole]::Administrator)
        }

    }
    $targetPlatform, $isElevated, $tmpDir, $targetHostname, $targetUser
}</Data><Data Name='ScriptBlockId'>a5df73b4-3cd5-4194-ae08-982b716a5609</Data><Data Name='Path'>C:\AtomicRedTeam\invoke-atomicredteam\Private\Get-TargetInfo.ps1</Data></EventData></Event>
<Event xmlns='http://schemas.microsoft.com/win/2004/08/events/event'><System><Provider Name='Microsoft-Windows-PowerShell' Guid='{a0c1853b-5c40-4b15-8766-3cf1c58f985a}'/><EventID>4104</EventID><Version>1</Version><Level>5</Level><Task>2</Task><Opcode>15</Opcode><Keywords>0x0</Keywords><TimeCreated SystemTime='2025-07-17T08:50:38.0409208Z'/><EventRecordID>32319</EventRecordID><Correlation ActivityID='{42923cec-f6f4-0002-c07f-9242f4f6db01}'/><Execution ProcessID='7044' ThreadID='352'/><Channel>Microsoft-Windows-PowerShell/Operational</Channel><Computer>PB-dc-win</Computer><Security UserID='S-1-5-21-1696305924-3848866985-3834936020-500'/></System><EventData><Data Name='MessageNumber'>1</Data><Data Name='MessageTotal'>1</Data><Data Name='ScriptBlockText'>function Get-TargetInfo($Session) {
    $tmpDir = "$env:TEMP\"
    $isElevated = $false
    $targetHostname = hostname
    $targetUser = whoami
    if ($Session) {
        $targetPlatform, $isElevated, $tmpDir, $targetHostname, $targetUser = invoke-command -Session $Session -ScriptBlock {
            $targetPlatform = "windows"
            $tmpDir = "/tmp/"
            $targetHostname = hostname
            $targetUser = whoami
            if ($IsLinux) { $targetPlatform = "linux" }
            elseif ($IsMacOS) { $targetPlatform = "macos" }
            else {
                # windows
                $tmpDir = "$env:TEMP\"
                $isElevated = ([Security.Principal.WindowsPrincipal] [Security.Principal.WindowsIdentity]::GetCurrent()).IsInRole([Security.Principal.WindowsBuiltInRole]::Administrator)
            }
            if ($IsLinux -or $IsMacOS) {
                $isElevated = $false
                $privid = id -u
                if ($privid -eq 0) { $isElevated = $true }
            }
            $targetPlatform, $isElevated, $tmpDir, $targetHostname, $targetUser
        } # end ScriptBlock for remote session
    }
    else {
        $targetPlatform = "linux"
        if ($IsLinux -or $IsMacOS) {
            $tmpDir = "/tmp/"
            $isElevated = $false
            $privid = id -u
            if ($privid -eq 0) { $isElevated = $true }
            if ($IsMacOS) { $targetPlatform = "macos" }
        }
        else {
            $targetPlatform = "windows"
            $isElevated = ([Security.Principal.WindowsPrincipal] [Security.Principal.WindowsIdentity]::GetCurrent()).IsInRole([Security.Principal.WindowsBuiltInRole]::Administrator)
        }

    }
    $targetPlatform, $isElevated, $tmpDir, $targetHostname, $targetUser
}
</Data><Data Name='ScriptBlockId'>483941d4-7557-4f88-8d70-bb50e3798836</Data><Data Name='Path'>C:\AtomicRedTeam\invoke-atomicredteam\Private\Get-TargetInfo.ps1</Data></EventData></Event>
<Event xmlns='http://schemas.microsoft.com/win/2004/08/events/event'><System><Provider Name='Microsoft-Windows-PowerShell' Guid='{a0c1853b-5c40-4b15-8766-3cf1c58f985a}'/><EventID>4104</EventID><Version>1</Version><Level>5</Level><Task>2</Task><Opcode>15</Opcode><Keywords>0x0</Keywords><TimeCreated SystemTime='2025-07-17T08:50:22.8416537Z'/><EventRecordID>32193</EventRecordID><Correlation ActivityID='{42923cec-f6f4-0000-b776-9242f4f6db01}'/><Execution ProcessID='6592' ThreadID='6796'/><Channel>Microsoft-Windows-PowerShell/Operational</Channel><Computer>PB-dc-win</Computer><Security UserID='S-1-5-21-1696305924-3848866985-3834936020-500'/></System><EventData><Data Name='MessageNumber'>1</Data><Data Name='MessageTotal'>1</Data><Data Name='ScriptBlockText'>function Get-TargetInfo($Session) {
    $tmpDir = "$env:TEMP\"
    $isElevated = $false
    $targetHostname = hostname
    $targetUser = whoami
    if ($Session) {
        $targetPlatform, $isElevated, $tmpDir, $targetHostname, $targetUser = invoke-command -Session $Session -ScriptBlock {
            $targetPlatform = "windows"
            $tmpDir = "/tmp/"
            $targetHostname = hostname
            $targetUser = whoami
            if ($IsLinux) { $targetPlatform = "linux" }
            elseif ($IsMacOS) { $targetPlatform = "macos" }
            else {
                # windows
                $tmpDir = "$env:TEMP\"
                $isElevated = ([Security.Principal.WindowsPrincipal] [Security.Principal.WindowsIdentity]::GetCurrent()).IsInRole([Security.Principal.WindowsBuiltInRole]::Administrator)
            }
            if ($IsLinux -or $IsMacOS) {
                $isElevated = $false
                $privid = id -u
                if ($privid -eq 0) { $isElevated = $true }
            }
            $targetPlatform, $isElevated, $tmpDir, $targetHostname, $targetUser
        } # end ScriptBlock for remote session
    }
    else {
        $targetPlatform = "linux"
        if ($IsLinux -or $IsMacOS) {
            $tmpDir = "/tmp/"
            $isElevated = $false
            $privid = id -u
            if ($privid -eq 0) { $isElevated = $true }
            if ($IsMacOS) { $targetPlatform = "macos" }
        }
        else {
            $targetPlatform = "windows"
            $isElevated = ([Security.Principal.WindowsPrincipal] [Security.Principal.WindowsIdentity]::GetCurrent()).IsInRole([Security.Principal.WindowsBuiltInRole]::Administrator)
        }

    }
    $targetPlatform, $isElevated, $tmpDir, $targetHostname, $targetUser
}
</Data><Data Name='ScriptBlockId'>2f50ebc4-955f-4de8-91b5-2c92f6687f90</Data><Data Name='Path'>C:\AtomicRedTeam\invoke-atomicredteam\Private\Get-TargetInfo.ps1</Data></EventData></Event>
<Event xmlns='http://schemas.microsoft.com/win/2004/08/events/event'><System><Provider Name='Microsoft-Windows-Sysmon' Guid='{5770385f-c22a-43e0-bf4c-06f5698ffbd9}'/><EventID>13</EventID><Version>2</Version><Level>4</Level><Task>13</Task><Opcode>0</Opcode><Keywords>0x8000000000000000</Keywords><TimeCreated SystemTime='2025-07-17T08:36:01.0674648Z'/><EventRecordID>2312</EventRecordID><Correlation/><Execution ProcessID='2720' ThreadID='3592'/><Channel>Microsoft-Windows-Sysmon/Operational</Channel><Computer>PB-dc-win</Computer><Security UserID='S-1-5-18'/></System><EventData><Data Name='RuleName'>InvDB-CompileTimeClaim</Data><Data Name='EventType'>SetValue</Data><Data Name='UtcTime'>2025-07-17 08:36:01.003</Data><Data Name='ProcessGuid'>{30362071-b5ae-6878-b001-000000000600}</Data><Data Name='ProcessId'>5796</Data><Data Name='Image'>C:\Windows\system32\CompatTelRunner.exe</Data><Data Name='TargetObject'>\REGISTRY\A\{99c5f3ea-d30e-6862-e84a-2044898de4c7}\Root\InventoryApplicationFile\whoami.exe|db400e84413562a4\LinkDate</Data><Data Name='Details'>11/15/2022 17:19:08</Data><Data Name='User'>NT AUTHORITY\SYSTEM</Data></EventData></Event>
<Event xmlns='http://schemas.microsoft.com/win/2004/08/events/event'><System><Provider Name='Microsoft-Windows-Sysmon' Guid='{5770385f-c22a-43e0-bf4c-06f5698ffbd9}'/><EventID>13</EventID><Version>2</Version><Level>4</Level><Task>13</Task><Opcode>0</Opcode><Keywords>0x8000000000000000</Keywords><TimeCreated SystemTime='2025-07-17T08:36:01.0673536Z'/><EventRecordID>2311</EventRecordID><Correlation/><Execution ProcessID='2720' ThreadID='3592'/><Channel>Microsoft-Windows-Sysmon/Operational</Channel><Computer>PB-dc-win</Computer><Security UserID='S-1-5-18'/></System><EventData><Data Name='RuleName'>InvDB-Path</Data><Data Name='EventType'>SetValue</Data><Data Name='UtcTime'>2025-07-17 08:36:01.003</Data><Data Name='ProcessGuid'>{30362071-b5ae-6878-b001-000000000600}</Data><Data Name='ProcessId'>5796</Data><Data Name='Image'>C:\Windows\system32\CompatTelRunner.exe</Data><Data Name='TargetObject'>\REGISTRY\A\{99c5f3ea-d30e-6862-e84a-2044898de4c7}\Root\InventoryApplicationFile\whoami.exe|db400e84413562a4\LowerCaseLongPath</Data><Data Name='Details'>c:\program files\git\usr\bin\whoami.exe</Data><Data Name='User'>NT AUTHORITY\SYSTEM</Data></EventData></Event>
<Event xmlns='http://schemas.microsoft.com/win/2004/08/events/event'><System><Provider Name='Microsoft-Windows-PowerShell' Guid='{a0c1853b-5c40-4b15-8766-3cf1c58f985a}'/><EventID>4104</EventID><Version>1</Version><Level>5</Level><Task>2</Task><Opcode>15</Opcode><Keywords>0x0</Keywords><TimeCreated SystemTime='2025-07-17T08:25:05.3836879Z'/><EventRecordID>29587</EventRecordID><Correlation ActivityID='{42923cec-f6f4-0001-7e46-9242f4f6db01}'/><Execution ProcessID='5824' ThreadID='6076'/><Channel>Microsoft-Windows-PowerShell/Operational</Channel><Computer>PB-dc-win</Computer><Security UserID='S-1-5-21-1696305924-3848866985-3834936020-1000'/></System><EventData><Data Name='MessageNumber'>1</Data><Data Name='MessageTotal'>1</Data><Data Name='ScriptBlockText'>function Get-TargetInfo($Session) {
    $tmpDir = "$env:TEMP\"
    $isElevated = $false
    $targetHostname = hostname
    $targetUser = whoami
    if ($Session) {
        $targetPlatform, $isElevated, $tmpDir, $targetHostname, $targetUser = invoke-command -Session $Session -ScriptBlock {
            $targetPlatform = "windows"
            $tmpDir = "/tmp/"
            $targetHostname = hostname
            $targetUser = whoami
            if ($IsLinux) { $targetPlatform = "linux" }
            elseif ($IsMacOS) { $targetPlatform = "macos" }
            else {
                # windows
                $tmpDir = "$env:TEMP\"
                $isElevated = ([Security.Principal.WindowsPrincipal] [Security.Principal.WindowsIdentity]::GetCurrent()).IsInRole([Security.Principal.WindowsBuiltInRole]::Administrator)
            }
            if ($IsLinux -or $IsMacOS) {
                $isElevated = $false
                $privid = id -u
                if ($privid -eq 0) { $isElevated = $true }
            }
            $targetPlatform, $isElevated, $tmpDir, $targetHostname, $targetUser
        } # end ScriptBlock for remote session
    }
    else {
        $targetPlatform = "linux"
        if ($IsLinux -or $IsMacOS) {
            $tmpDir = "/tmp/"
            $isElevated = $false
            $privid = id -u
            if ($privid -eq 0) { $isElevated = $true }
            if ($IsMacOS) { $targetPlatform = "macos" }
        }
        else {
            $targetPlatform = "windows"
            $isElevated = ([Security.Principal.WindowsPrincipal] [Security.Principal.WindowsIdentity]::GetCurrent()).IsInRole([Security.Principal.WindowsBuiltInRole]::Administrator)
        }

    }
    $targetPlatform, $isElevated, $tmpDir, $targetHostname, $targetUser
}
</Data><Data Name='ScriptBlockId'>9197e57d-e6b5-4736-8b14-4f1f57c273e4</Data><Data Name='Path'>C:\AtomicRedTeam\invoke-atomicredteam\Private\Get-TargetInfo.ps1</Data></EventData></Event>
<Event xmlns='http://schemas.microsoft.com/win/2004/08/events/event'><System><Provider Name='Microsoft-Windows-PowerShell' Guid='{a0c1853b-5c40-4b15-8766-3cf1c58f985a}'/><EventID>4104</EventID><Version>1</Version><Level>5</Level><Task>2</Task><Opcode>15</Opcode><Keywords>0x0</Keywords><TimeCreated SystemTime='2025-07-17T08:24:09.0320247Z'/><EventRecordID>24670</EventRecordID><Correlation ActivityID='{41ac7a74-f6f3-0003-e159-ad41f3f6db01}'/><Execution ProcessID='5292' ThreadID='2056'/><Channel>Microsoft-Windows-PowerShell/Operational</Channel><Computer>PB-dc-win</Computer><Security UserID='S-1-5-21-1696305924-3848866985-3834936020-1000'/></System><EventData><Data Name='MessageNumber'>1</Data><Data Name='MessageTotal'>1</Data><Data Name='ScriptBlockText'>function Get-TargetInfo($Session) {
    $tmpDir = "$env:TEMP\"
    $isElevated = $false
    $targetHostname = hostname
    $targetUser = whoami
    if ($Session) {
        $targetPlatform, $isElevated, $tmpDir, $targetHostname, $targetUser = invoke-command -Session $Session -ScriptBlock {
            $targetPlatform = "windows"
            $tmpDir = "/tmp/"
            $targetHostname = hostname
            $targetUser = whoami
            if ($IsLinux) { $targetPlatform = "linux" }
            elseif ($IsMacOS) { $targetPlatform = "macos" }
            else {
                # windows
                $tmpDir = "$env:TEMP\"
                $isElevated = ([Security.Principal.WindowsPrincipal] [Security.Principal.WindowsIdentity]::GetCurrent()).IsInRole([Security.Principal.WindowsBuiltInRole]::Administrator)
            }
            if ($IsLinux -or $IsMacOS) {
                $isElevated = $false
                $privid = id -u
                if ($privid -eq 0) { $isElevated = $true }
            }
            $targetPlatform, $isElevated, $tmpDir, $targetHostname, $targetUser
        } # end ScriptBlock for remote session
    }
    else {
        $targetPlatform = "linux"
        if ($IsLinux -or $IsMacOS) {
            $tmpDir = "/tmp/"
            $isElevated = $false
            $privid = id -u
            if ($privid -eq 0) { $isElevated = $true }
            if ($IsMacOS) { $targetPlatform = "macos" }
        }
        else {
            $targetPlatform = "windows"
            $isElevated = ([Security.Principal.WindowsPrincipal] [Security.Principal.WindowsIdentity]::GetCurrent()).IsInRole([Security.Principal.WindowsBuiltInRole]::Administrator)
        }

    }
    $targetPlatform, $isElevated, $tmpDir, $targetHostname, $targetUser
}
</Data><Data Name='ScriptBlockId'>2e0f8880-f010-4412-bbc1-71b0e36ec4e1</Data><Data Name='Path'>C:\AtomicRedTeam\invoke-atomicredteam\Private\Get-TargetInfo.ps1</Data></EventData></Event>
