<Event xmlns='http://schemas.microsoft.com/win/2004/08/events/event'><System><Provider Name='Microsoft-Windows-Sysmon' Guid='{5770385f-c22a-43e0-bf4c-06f5698ffbd9}'/><EventID>1</EventID><Version>5</Version><Level>4</Level><Task>1</Task><Opcode>0</Opcode><Keywords>0x8000000000000000</Keywords><TimeCreated SystemTime='2025-07-17T08:51:02.4678593Z'/><EventRecordID>3311</EventRecordID><Correlation/><Execution ProcessID='2720' ThreadID='3592'/><Channel>Microsoft-Windows-Sysmon/Operational</Channel><Computer>PB-dc-win</Computer><Security UserID='S-1-5-18'/></System><EventData><Data Name='RuleName'>-</Data><Data Name='UtcTime'>2025-07-17 08:51:02.467</Data><Data Name='ProcessGuid'>{30362071-b976-6878-df02-000000000600}</Data><Data Name='ProcessId'>7004</Data><Data Name='Image'>C:\Windows\System32\cmd.exe</Data><Data Name='FileVersion'>10.0.20348.1 (WinBuild.160101.0800)</Data><Data Name='Description'>Windows Command Processor</Data><Data Name='Product'>Microsoft® Windows® Operating System</Data><Data Name='Company'>Microsoft Corporation</Data><Data Name='OriginalFileName'>Cmd.Exe</Data><Data Name='CommandLine'>C:\Windows\system32\cmd.exe /c qwinsta /server:Administrator | findstr "Active Disc"</Data><Data Name='CurrentDirectory'>C:\Users\ADMINI~1\AppData\Local\Temp\2\</Data><Data Name='User'>PB-DC-WIN\Administrator</Data><Data Name='LogonGuid'>{30362071-b93e-6878-1220-230000000000}</Data><Data Name='LogonId'>0x232012</Data><Data Name='TerminalSessionId'>2</Data><Data Name='IntegrityLevel'>High</Data><Data Name='Hashes'>MD5=E7A6B1F51EFB405287A8048CFA4690F4,SHA256=EB71EA69DD19F728AB9240565E8C7EFB59821E19E3788E289301E1E74940C208,IMPHASH=D60B77062898DC6BFAE7FE11A0F8806C</Data><Data Name='ParentProcessGuid'>{30362071-b971-6878-c302-000000000600}</Data><Data Name='ParentProcessId'>5060</Data><Data Name='ParentImage'>C:\Windows\System32\cmd.exe</Data><Data Name='ParentCommandLine'>"cmd.exe" /c cmd.exe /C whoami &amp; wmic useraccount get /ALL &amp; quser /SERVER:"localhost" &amp; quser &amp; qwinsta.exe /server:localhost &amp; qwinsta.exe &amp; for /F "tokens=1,2" %i in ('qwinsta /server:localhost ^| findstr "Active Disc"') do @echo %i | find /v "#" | find /v "console" || echo %j &gt; computers.txt &amp; @FOR /F %n in (computers.txt) DO @FOR /F "tokens=1,2" %i in ('qwinsta /server:%n ^| findstr "Active Disc"') do @echo %i | find /v "#" | find /v "console" || echo %j &gt; usernames.txt</Data><Data Name='ParentUser'>PB-DC-WIN\Administrator</Data></EventData></Event>
<Event xmlns='http://schemas.microsoft.com/win/2004/08/events/event'><System><Provider Name='Microsoft-Windows-Sysmon' Guid='{5770385f-c22a-43e0-bf4c-06f5698ffbd9}'/><EventID>1</EventID><Version>5</Version><Level>4</Level><Task>1</Task><Opcode>0</Opcode><Keywords>0x8000000000000000</Keywords><TimeCreated SystemTime='2025-07-17T08:51:02.4596764Z'/><EventRecordID>3310</EventRecordID><Correlation/><Execution ProcessID='2720' ThreadID='3592'/><Channel>Microsoft-Windows-Sysmon/Operational</Channel><Computer>PB-dc-win</Computer><Security UserID='S-1-5-18'/></System><EventData><Data Name='RuleName'>-</Data><Data Name='UtcTime'>2025-07-17 08:51:02.459</Data><Data Name='ProcessGuid'>{30362071-b976-6878-de02-000000000600}</Data><Data Name='ProcessId'>6696</Data><Data Name='Image'>C:\Windows\System32\find.exe</Data><Data Name='FileVersion'>10.0.20348.1 (WinBuild.160101.0800)</Data><Data Name='Description'>Find String (grep) Utility</Data><Data Name='Product'>Microsoft® Windows® Operating System</Data><Data Name='Company'>Microsoft Corporation</Data><Data Name='OriginalFileName'>FIND.EXE</Data><Data Name='CommandLine'>find  /v "console" </Data><Data Name='CurrentDirectory'>C:\Users\ADMINI~1\AppData\Local\Temp\2\</Data><Data Name='User'>PB-DC-WIN\Administrator</Data><Data Name='LogonGuid'>{30362071-b93e-6878-1220-230000000000}</Data><Data Name='LogonId'>0x232012</Data><Data Name='TerminalSessionId'>2</Data><Data Name='IntegrityLevel'>High</Data><Data Name='Hashes'>MD5=97CD3C52680200280B2F2D39A67CC4F9,SHA256=7EAFBD12C5E2BA1172B225655DBEFD7A6081FBF803D553BE0ED5990EF5331973,IMPHASH=53D01F599FA823367954405BF5F690B3</Data><Data Name='ParentProcessGuid'>{30362071-b971-6878-c302-000000000600}</Data><Data Name='ParentProcessId'>5060</Data><Data Name='ParentImage'>C:\Windows\System32\cmd.exe</Data><Data Name='ParentCommandLine'>"cmd.exe" /c cmd.exe /C whoami &amp; wmic useraccount get /ALL &amp; quser /SERVER:"localhost" &amp; quser &amp; qwinsta.exe /server:localhost &amp; qwinsta.exe &amp; for /F "tokens=1,2" %i in ('qwinsta /server:localhost ^| findstr "Active Disc"') do @echo %i | find /v "#" | find /v "console" || echo %j &gt; computers.txt &amp; @FOR /F %n in (computers.txt) DO @FOR /F "tokens=1,2" %i in ('qwinsta /server:%n ^| findstr "Active Disc"') do @echo %i | find /v "#" | find /v "console" || echo %j &gt; usernames.txt</Data><Data Name='ParentUser'>PB-DC-WIN\Administrator</Data></EventData></Event>
<Event xmlns='http://schemas.microsoft.com/win/2004/08/events/event'><System><Provider Name='Microsoft-Windows-Sysmon' Guid='{5770385f-c22a-43e0-bf4c-06f5698ffbd9}'/><EventID>1</EventID><Version>5</Version><Level>4</Level><Task>1</Task><Opcode>0</Opcode><Keywords>0x8000000000000000</Keywords><TimeCreated SystemTime='2025-07-17T08:51:02.4589490Z'/><EventRecordID>3309</EventRecordID><Correlation/><Execution ProcessID='2720' ThreadID='3592'/><Channel>Microsoft-Windows-Sysmon/Operational</Channel><Computer>PB-dc-win</Computer><Security UserID='S-1-5-18'/></System><EventData><Data Name='RuleName'>-</Data><Data Name='UtcTime'>2025-07-17 08:51:02.458</Data><Data Name='ProcessGuid'>{30362071-b976-6878-dd02-000000000600}</Data><Data Name='ProcessId'>6648</Data><Data Name='Image'>C:\Windows\System32\find.exe</Data><Data Name='FileVersion'>10.0.20348.1 (WinBuild.160101.0800)</Data><Data Name='Description'>Find String (grep) Utility</Data><Data Name='Product'>Microsoft® Windows® Operating System</Data><Data Name='Company'>Microsoft Corporation</Data><Data Name='OriginalFileName'>FIND.EXE</Data><Data Name='CommandLine'>find  /v "#" </Data><Data Name='CurrentDirectory'>C:\Users\ADMINI~1\AppData\Local\Temp\2\</Data><Data Name='User'>PB-DC-WIN\Administrator</Data><Data Name='LogonGuid'>{30362071-b93e-6878-1220-230000000000}</Data><Data Name='LogonId'>0x232012</Data><Data Name='TerminalSessionId'>2</Data><Data Name='IntegrityLevel'>High</Data><Data Name='Hashes'>MD5=97CD3C52680200280B2F2D39A67CC4F9,SHA256=7EAFBD12C5E2BA1172B225655DBEFD7A6081FBF803D553BE0ED5990EF5331973,IMPHASH=53D01F599FA823367954405BF5F690B3</Data><Data Name='ParentProcessGuid'>{30362071-b971-6878-c302-000000000600}</Data><Data Name='ParentProcessId'>5060</Data><Data Name='ParentImage'>C:\Windows\System32\cmd.exe</Data><Data Name='ParentCommandLine'>"cmd.exe" /c cmd.exe /C whoami &amp; wmic useraccount get /ALL &amp; quser /SERVER:"localhost" &amp; quser &amp; qwinsta.exe /server:localhost &amp; qwinsta.exe &amp; for /F "tokens=1,2" %i in ('qwinsta /server:localhost ^| findstr "Active Disc"') do @echo %i | find /v "#" | find /v "console" || echo %j &gt; computers.txt &amp; @FOR /F %n in (computers.txt) DO @FOR /F "tokens=1,2" %i in ('qwinsta /server:%n ^| findstr "Active Disc"') do @echo %i | find /v "#" | find /v "console" || echo %j &gt; usernames.txt</Data><Data Name='ParentUser'>PB-DC-WIN\Administrator</Data></EventData></Event>
<Event xmlns='http://schemas.microsoft.com/win/2004/08/events/event'><System><Provider Name='Microsoft-Windows-Sysmon' Guid='{5770385f-c22a-43e0-bf4c-06f5698ffbd9}'/><EventID>1</EventID><Version>5</Version><Level>4</Level><Task>1</Task><Opcode>0</Opcode><Keywords>0x8000000000000000</Keywords><TimeCreated SystemTime='2025-07-17T08:51:02.4580978Z'/><EventRecordID>3308</EventRecordID><Correlation/><Execution ProcessID='2720' ThreadID='3592'/><Channel>Microsoft-Windows-Sysmon/Operational</Channel><Computer>PB-dc-win</Computer><Security UserID='S-1-5-18'/></System><EventData><Data Name='RuleName'>-</Data><Data Name='UtcTime'>2025-07-17 08:51:02.457</Data><Data Name='ProcessGuid'>{30362071-b976-6878-dc02-000000000600}</Data><Data Name='ProcessId'>2192</Data><Data Name='Image'>C:\Windows\System32\cmd.exe</Data><Data Name='FileVersion'>10.0.20348.1 (WinBuild.160101.0800)</Data><Data Name='Description'>Windows Command Processor</Data><Data Name='Product'>Microsoft® Windows® Operating System</Data><Data Name='Company'>Microsoft Corporation</Data><Data Name='OriginalFileName'>Cmd.Exe</Data><Data Name='CommandLine'>C:\Windows\system32\cmd.exe  /S /D /c" echo rdp-tcp#0 "</Data><Data Name='CurrentDirectory'>C:\Users\ADMINI~1\AppData\Local\Temp\2\</Data><Data Name='User'>PB-DC-WIN\Administrator</Data><Data Name='LogonGuid'>{30362071-b93e-6878-1220-230000000000}</Data><Data Name='LogonId'>0x232012</Data><Data Name='TerminalSessionId'>2</Data><Data Name='IntegrityLevel'>High</Data><Data Name='Hashes'>MD5=E7A6B1F51EFB405287A8048CFA4690F4,SHA256=EB71EA69DD19F728AB9240565E8C7EFB59821E19E3788E289301E1E74940C208,IMPHASH=D60B77062898DC6BFAE7FE11A0F8806C</Data><Data Name='ParentProcessGuid'>{30362071-b971-6878-c302-000000000600}</Data><Data Name='ParentProcessId'>5060</Data><Data Name='ParentImage'>C:\Windows\System32\cmd.exe</Data><Data Name='ParentCommandLine'>"cmd.exe" /c cmd.exe /C whoami &amp; wmic useraccount get /ALL &amp; quser /SERVER:"localhost" &amp; quser &amp; qwinsta.exe /server:localhost &amp; qwinsta.exe &amp; for /F "tokens=1,2" %i in ('qwinsta /server:localhost ^| findstr "Active Disc"') do @echo %i | find /v "#" | find /v "console" || echo %j &gt; computers.txt &amp; @FOR /F %n in (computers.txt) DO @FOR /F "tokens=1,2" %i in ('qwinsta /server:%n ^| findstr "Active Disc"') do @echo %i | find /v "#" | find /v "console" || echo %j &gt; usernames.txt</Data><Data Name='ParentUser'>PB-DC-WIN\Administrator</Data></EventData></Event>
<Event xmlns='http://schemas.microsoft.com/win/2004/08/events/event'><System><Provider Name='Microsoft-Windows-Sysmon' Guid='{5770385f-c22a-43e0-bf4c-06f5698ffbd9}'/><EventID>1</EventID><Version>5</Version><Level>4</Level><Task>1</Task><Opcode>0</Opcode><Keywords>0x8000000000000000</Keywords><TimeCreated SystemTime='2025-07-17T08:50:57.8059458Z'/><EventRecordID>3300</EventRecordID><Correlation/><Execution ProcessID='2720' ThreadID='3592'/><Channel>Microsoft-Windows-Sysmon/Operational</Channel><Computer>PB-dc-win</Computer><Security UserID='S-1-5-18'/></System><EventData><Data Name='RuleName'>-</Data><Data Name='UtcTime'>2025-07-17 08:50:57.805</Data><Data Name='ProcessGuid'>{30362071-b971-6878-d502-000000000600}</Data><Data Name='ProcessId'>2976</Data><Data Name='Image'>C:\Windows\System32\cmd.exe</Data><Data Name='FileVersion'>10.0.20348.1 (WinBuild.160101.0800)</Data><Data Name='Description'>Windows Command Processor</Data><Data Name='Product'>Microsoft® Windows® Operating System</Data><Data Name='Company'>Microsoft Corporation</Data><Data Name='OriginalFileName'>Cmd.Exe</Data><Data Name='CommandLine'>C:\Windows\system32\cmd.exe /c qwinsta /server:localuser | findstr "Active Disc"</Data><Data Name='CurrentDirectory'>C:\Users\ADMINI~1\AppData\Local\Temp\2\</Data><Data Name='User'>PB-DC-WIN\Administrator</Data><Data Name='LogonGuid'>{30362071-b93e-6878-1220-230000000000}</Data><Data Name='LogonId'>0x232012</Data><Data Name='TerminalSessionId'>2</Data><Data Name='IntegrityLevel'>High</Data><Data Name='Hashes'>MD5=E7A6B1F51EFB405287A8048CFA4690F4,SHA256=EB71EA69DD19F728AB9240565E8C7EFB59821E19E3788E289301E1E74940C208,IMPHASH=D60B77062898DC6BFAE7FE11A0F8806C</Data><Data Name='ParentProcessGuid'>{30362071-b971-6878-c302-000000000600}</Data><Data Name='ParentProcessId'>5060</Data><Data Name='ParentImage'>C:\Windows\System32\cmd.exe</Data><Data Name='ParentCommandLine'>"cmd.exe" /c cmd.exe /C whoami &amp; wmic useraccount get /ALL &amp; quser /SERVER:"localhost" &amp; quser &amp; qwinsta.exe /server:localhost &amp; qwinsta.exe &amp; for /F "tokens=1,2" %i in ('qwinsta /server:localhost ^| findstr "Active Disc"') do @echo %i | find /v "#" | find /v "console" || echo %j &gt; computers.txt &amp; @FOR /F %n in (computers.txt) DO @FOR /F "tokens=1,2" %i in ('qwinsta /server:%n ^| findstr "Active Disc"') do @echo %i | find /v "#" | find /v "console" || echo %j &gt; usernames.txt</Data><Data Name='ParentUser'>PB-DC-WIN\Administrator</Data></EventData></Event>
<Event xmlns='http://schemas.microsoft.com/win/2004/08/events/event'><System><Provider Name='Microsoft-Windows-Sysmon' Guid='{5770385f-c22a-43e0-bf4c-06f5698ffbd9}'/><EventID>1</EventID><Version>5</Version><Level>4</Level><Task>1</Task><Opcode>0</Opcode><Keywords>0x8000000000000000</Keywords><TimeCreated SystemTime='2025-07-17T08:50:57.8030785Z'/><EventRecordID>3299</EventRecordID><Correlation/><Execution ProcessID='2720' ThreadID='3592'/><Channel>Microsoft-Windows-Sysmon/Operational</Channel><Computer>PB-dc-win</Computer><Security UserID='S-1-5-18'/></System><EventData><Data Name='RuleName'>-</Data><Data Name='UtcTime'>2025-07-17 08:50:57.802</Data><Data Name='ProcessGuid'>{30362071-b971-6878-d402-000000000600}</Data><Data Name='ProcessId'>2052</Data><Data Name='Image'>C:\Windows\System32\find.exe</Data><Data Name='FileVersion'>10.0.20348.1 (WinBuild.160101.0800)</Data><Data Name='Description'>Find String (grep) Utility</Data><Data Name='Product'>Microsoft® Windows® Operating System</Data><Data Name='Company'>Microsoft Corporation</Data><Data Name='OriginalFileName'>FIND.EXE</Data><Data Name='CommandLine'>find  /v "console" </Data><Data Name='CurrentDirectory'>C:\Users\ADMINI~1\AppData\Local\Temp\2\</Data><Data Name='User'>PB-DC-WIN\Administrator</Data><Data Name='LogonGuid'>{30362071-b93e-6878-1220-230000000000}</Data><Data Name='LogonId'>0x232012</Data><Data Name='TerminalSessionId'>2</Data><Data Name='IntegrityLevel'>High</Data><Data Name='Hashes'>MD5=97CD3C52680200280B2F2D39A67CC4F9,SHA256=7EAFBD12C5E2BA1172B225655DBEFD7A6081FBF803D553BE0ED5990EF5331973,IMPHASH=53D01F599FA823367954405BF5F690B3</Data><Data Name='ParentProcessGuid'>{30362071-b971-6878-c302-000000000600}</Data><Data Name='ParentProcessId'>5060</Data><Data Name='ParentImage'>C:\Windows\System32\cmd.exe</Data><Data Name='ParentCommandLine'>"cmd.exe" /c cmd.exe /C whoami &amp; wmic useraccount get /ALL &amp; quser /SERVER:"localhost" &amp; quser &amp; qwinsta.exe /server:localhost &amp; qwinsta.exe &amp; for /F "tokens=1,2" %i in ('qwinsta /server:localhost ^| findstr "Active Disc"') do @echo %i | find /v "#" | find /v "console" || echo %j &gt; computers.txt &amp; @FOR /F %n in (computers.txt) DO @FOR /F "tokens=1,2" %i in ('qwinsta /server:%n ^| findstr "Active Disc"') do @echo %i | find /v "#" | find /v "console" || echo %j &gt; usernames.txt</Data><Data Name='ParentUser'>PB-DC-WIN\Administrator</Data></EventData></Event>
<Event xmlns='http://schemas.microsoft.com/win/2004/08/events/event'><System><Provider Name='Microsoft-Windows-Sysmon' Guid='{5770385f-c22a-43e0-bf4c-06f5698ffbd9}'/><EventID>1</EventID><Version>5</Version><Level>4</Level><Task>1</Task><Opcode>0</Opcode><Keywords>0x8000000000000000</Keywords><TimeCreated SystemTime='2025-07-17T08:50:57.8024259Z'/><EventRecordID>3298</EventRecordID><Correlation/><Execution ProcessID='2720' ThreadID='3592'/><Channel>Microsoft-Windows-Sysmon/Operational</Channel><Computer>PB-dc-win</Computer><Security UserID='S-1-5-18'/></System><EventData><Data Name='RuleName'>-</Data><Data Name='UtcTime'>2025-07-17 08:50:57.802</Data><Data Name='ProcessGuid'>{30362071-b971-6878-d302-000000000600}</Data><Data Name='ProcessId'>6164</Data><Data Name='Image'>C:\Windows\System32\find.exe</Data><Data Name='FileVersion'>10.0.20348.1 (WinBuild.160101.0800)</Data><Data Name='Description'>Find String (grep) Utility</Data><Data Name='Product'>Microsoft® Windows® Operating System</Data><Data Name='Company'>Microsoft Corporation</Data><Data Name='OriginalFileName'>FIND.EXE</Data><Data Name='CommandLine'>find  /v "#" </Data><Data Name='CurrentDirectory'>C:\Users\ADMINI~1\AppData\Local\Temp\2\</Data><Data Name='User'>PB-DC-WIN\Administrator</Data><Data Name='LogonGuid'>{30362071-b93e-6878-1220-230000000000}</Data><Data Name='LogonId'>0x232012</Data><Data Name='TerminalSessionId'>2</Data><Data Name='IntegrityLevel'>High</Data><Data Name='Hashes'>MD5=97CD3C52680200280B2F2D39A67CC4F9,SHA256=7EAFBD12C5E2BA1172B225655DBEFD7A6081FBF803D553BE0ED5990EF5331973,IMPHASH=53D01F599FA823367954405BF5F690B3</Data><Data Name='ParentProcessGuid'>{30362071-b971-6878-c302-000000000600}</Data><Data Name='ParentProcessId'>5060</Data><Data Name='ParentImage'>C:\Windows\System32\cmd.exe</Data><Data Name='ParentCommandLine'>"cmd.exe" /c cmd.exe /C whoami &amp; wmic useraccount get /ALL &amp; quser /SERVER:"localhost" &amp; quser &amp; qwinsta.exe /server:localhost &amp; qwinsta.exe &amp; for /F "tokens=1,2" %i in ('qwinsta /server:localhost ^| findstr "Active Disc"') do @echo %i | find /v "#" | find /v "console" || echo %j &gt; computers.txt &amp; @FOR /F %n in (computers.txt) DO @FOR /F "tokens=1,2" %i in ('qwinsta /server:%n ^| findstr "Active Disc"') do @echo %i | find /v "#" | find /v "console" || echo %j &gt; usernames.txt</Data><Data Name='ParentUser'>PB-DC-WIN\Administrator</Data></EventData></Event>
<Event xmlns='http://schemas.microsoft.com/win/2004/08/events/event'><System><Provider Name='Microsoft-Windows-Sysmon' Guid='{5770385f-c22a-43e0-bf4c-06f5698ffbd9}'/><EventID>1</EventID><Version>5</Version><Level>4</Level><Task>1</Task><Opcode>0</Opcode><Keywords>0x8000000000000000</Keywords><TimeCreated SystemTime='2025-07-17T08:50:57.8017042Z'/><EventRecordID>3297</EventRecordID><Correlation/><Execution ProcessID='2720' ThreadID='3592'/><Channel>Microsoft-Windows-Sysmon/Operational</Channel><Computer>PB-dc-win</Computer><Security UserID='S-1-5-18'/></System><EventData><Data Name='RuleName'>-</Data><Data Name='UtcTime'>2025-07-17 08:50:57.801</Data><Data Name='ProcessGuid'>{30362071-b971-6878-d202-000000000600}</Data><Data Name='ProcessId'>2180</Data><Data Name='Image'>C:\Windows\System32\cmd.exe</Data><Data Name='FileVersion'>10.0.20348.1 (WinBuild.160101.0800)</Data><Data Name='Description'>Windows Command Processor</Data><Data Name='Product'>Microsoft® Windows® Operating System</Data><Data Name='Company'>Microsoft Corporation</Data><Data Name='OriginalFileName'>Cmd.Exe</Data><Data Name='CommandLine'>C:\Windows\system32\cmd.exe  /S /D /c" echo console "</Data><Data Name='CurrentDirectory'>C:\Users\ADMINI~1\AppData\Local\Temp\2\</Data><Data Name='User'>PB-DC-WIN\Administrator</Data><Data Name='LogonGuid'>{30362071-b93e-6878-1220-230000000000}</Data><Data Name='LogonId'>0x232012</Data><Data Name='TerminalSessionId'>2</Data><Data Name='IntegrityLevel'>High</Data><Data Name='Hashes'>MD5=E7A6B1F51EFB405287A8048CFA4690F4,SHA256=EB71EA69DD19F728AB9240565E8C7EFB59821E19E3788E289301E1E74940C208,IMPHASH=D60B77062898DC6BFAE7FE11A0F8806C</Data><Data Name='ParentProcessGuid'>{30362071-b971-6878-c302-000000000600}</Data><Data Name='ParentProcessId'>5060</Data><Data Name='ParentImage'>C:\Windows\System32\cmd.exe</Data><Data Name='ParentCommandLine'>"cmd.exe" /c cmd.exe /C whoami &amp; wmic useraccount get /ALL &amp; quser /SERVER:"localhost" &amp; quser &amp; qwinsta.exe /server:localhost &amp; qwinsta.exe &amp; for /F "tokens=1,2" %i in ('qwinsta /server:localhost ^| findstr "Active Disc"') do @echo %i | find /v "#" | find /v "console" || echo %j &gt; computers.txt &amp; @FOR /F %n in (computers.txt) DO @FOR /F "tokens=1,2" %i in ('qwinsta /server:%n ^| findstr "Active Disc"') do @echo %i | find /v "#" | find /v "console" || echo %j &gt; usernames.txt</Data><Data Name='ParentUser'>PB-DC-WIN\Administrator</Data></EventData></Event>
<Event xmlns='http://schemas.microsoft.com/win/2004/08/events/event'><System><Provider Name='Microsoft-Windows-Sysmon' Guid='{5770385f-c22a-43e0-bf4c-06f5698ffbd9}'/><EventID>1</EventID><Version>5</Version><Level>4</Level><Task>1</Task><Opcode>0</Opcode><Keywords>0x8000000000000000</Keywords><TimeCreated SystemTime='2025-07-17T08:50:57.7974048Z'/><EventRecordID>3296</EventRecordID><Correlation/><Execution ProcessID='2720' ThreadID='3592'/><Channel>Microsoft-Windows-Sysmon/Operational</Channel><Computer>PB-dc-win</Computer><Security UserID='S-1-5-18'/></System><EventData><Data Name='RuleName'>-</Data><Data Name='UtcTime'>2025-07-17 08:50:57.797</Data><Data Name='ProcessGuid'>{30362071-b971-6878-d102-000000000600}</Data><Data Name='ProcessId'>424</Data><Data Name='Image'>C:\Windows\System32\find.exe</Data><Data Name='FileVersion'>10.0.20348.1 (WinBuild.160101.0800)</Data><Data Name='Description'>Find String (grep) Utility</Data><Data Name='Product'>Microsoft® Windows® Operating System</Data><Data Name='Company'>Microsoft Corporation</Data><Data Name='OriginalFileName'>FIND.EXE</Data><Data Name='CommandLine'>find  /v "console" </Data><Data Name='CurrentDirectory'>C:\Users\ADMINI~1\AppData\Local\Temp\2\</Data><Data Name='User'>PB-DC-WIN\Administrator</Data><Data Name='LogonGuid'>{30362071-b93e-6878-1220-230000000000}</Data><Data Name='LogonId'>0x232012</Data><Data Name='TerminalSessionId'>2</Data><Data Name='IntegrityLevel'>High</Data><Data Name='Hashes'>MD5=97CD3C52680200280B2F2D39A67CC4F9,SHA256=7EAFBD12C5E2BA1172B225655DBEFD7A6081FBF803D553BE0ED5990EF5331973,IMPHASH=53D01F599FA823367954405BF5F690B3</Data><Data Name='ParentProcessGuid'>{30362071-b971-6878-c302-000000000600}</Data><Data Name='ParentProcessId'>5060</Data><Data Name='ParentImage'>C:\Windows\System32\cmd.exe</Data><Data Name='ParentCommandLine'>"cmd.exe" /c cmd.exe /C whoami &amp; wmic useraccount get /ALL &amp; quser /SERVER:"localhost" &amp; quser &amp; qwinsta.exe /server:localhost &amp; qwinsta.exe &amp; for /F "tokens=1,2" %i in ('qwinsta /server:localhost ^| findstr "Active Disc"') do @echo %i | find /v "#" | find /v "console" || echo %j &gt; computers.txt &amp; @FOR /F %n in (computers.txt) DO @FOR /F "tokens=1,2" %i in ('qwinsta /server:%n ^| findstr "Active Disc"') do @echo %i | find /v "#" | find /v "console" || echo %j &gt; usernames.txt</Data><Data Name='ParentUser'>PB-DC-WIN\Administrator</Data></EventData></Event>
<Event xmlns='http://schemas.microsoft.com/win/2004/08/events/event'><System><Provider Name='Microsoft-Windows-Sysmon' Guid='{5770385f-c22a-43e0-bf4c-06f5698ffbd9}'/><EventID>1</EventID><Version>5</Version><Level>4</Level><Task>1</Task><Opcode>0</Opcode><Keywords>0x8000000000000000</Keywords><TimeCreated SystemTime='2025-07-17T08:50:57.7966045Z'/><EventRecordID>3295</EventRecordID><Correlation/><Execution ProcessID='2720' ThreadID='3592'/><Channel>Microsoft-Windows-Sysmon/Operational</Channel><Computer>PB-dc-win</Computer><Security UserID='S-1-5-18'/></System><EventData><Data Name='RuleName'>-</Data><Data Name='UtcTime'>2025-07-17 08:50:57.795</Data><Data Name='ProcessGuid'>{30362071-b971-6878-d002-000000000600}</Data><Data Name='ProcessId'>7056</Data><Data Name='Image'>C:\Windows\System32\find.exe</Data><Data Name='FileVersion'>10.0.20348.1 (WinBuild.160101.0800)</Data><Data Name='Description'>Find String (grep) Utility</Data><Data Name='Product'>Microsoft® Windows® Operating System</Data><Data Name='Company'>Microsoft Corporation</Data><Data Name='OriginalFileName'>FIND.EXE</Data><Data Name='CommandLine'>find  /v "#" </Data><Data Name='CurrentDirectory'>C:\Users\ADMINI~1\AppData\Local\Temp\2\</Data><Data Name='User'>PB-DC-WIN\Administrator</Data><Data Name='LogonGuid'>{30362071-b93e-6878-1220-230000000000}</Data><Data Name='LogonId'>0x232012</Data><Data Name='TerminalSessionId'>2</Data><Data Name='IntegrityLevel'>High</Data><Data Name='Hashes'>MD5=97CD3C52680200280B2F2D39A67CC4F9,SHA256=7EAFBD12C5E2BA1172B225655DBEFD7A6081FBF803D553BE0ED5990EF5331973,IMPHASH=53D01F599FA823367954405BF5F690B3</Data><Data Name='ParentProcessGuid'>{30362071-b971-6878-c302-000000000600}</Data><Data Name='ParentProcessId'>5060</Data><Data Name='ParentImage'>C:\Windows\System32\cmd.exe</Data><Data Name='ParentCommandLine'>"cmd.exe" /c cmd.exe /C whoami &amp; wmic useraccount get /ALL &amp; quser /SERVER:"localhost" &amp; quser &amp; qwinsta.exe /server:localhost &amp; qwinsta.exe &amp; for /F "tokens=1,2" %i in ('qwinsta /server:localhost ^| findstr "Active Disc"') do @echo %i | find /v "#" | find /v "console" || echo %j &gt; computers.txt &amp; @FOR /F %n in (computers.txt) DO @FOR /F "tokens=1,2" %i in ('qwinsta /server:%n ^| findstr "Active Disc"') do @echo %i | find /v "#" | find /v "console" || echo %j &gt; usernames.txt</Data><Data Name='ParentUser'>PB-DC-WIN\Administrator</Data></EventData></Event>
<Event xmlns='http://schemas.microsoft.com/win/2004/08/events/event'><System><Provider Name='Microsoft-Windows-Sysmon' Guid='{5770385f-c22a-43e0-bf4c-06f5698ffbd9}'/><EventID>1</EventID><Version>5</Version><Level>4</Level><Task>1</Task><Opcode>0</Opcode><Keywords>0x8000000000000000</Keywords><TimeCreated SystemTime='2025-07-17T08:50:57.7951545Z'/><EventRecordID>3294</EventRecordID><Correlation/><Execution ProcessID='2720' ThreadID='3592'/><Channel>Microsoft-Windows-Sysmon/Operational</Channel><Computer>PB-dc-win</Computer><Security UserID='S-1-5-18'/></System><EventData><Data Name='RuleName'>-</Data><Data Name='UtcTime'>2025-07-17 08:50:57.794</Data><Data Name='ProcessGuid'>{30362071-b971-6878-cf02-000000000600}</Data><Data Name='ProcessId'>3488</Data><Data Name='Image'>C:\Windows\System32\cmd.exe</Data><Data Name='FileVersion'>10.0.20348.1 (WinBuild.160101.0800)</Data><Data Name='Description'>Windows Command Processor</Data><Data Name='Product'>Microsoft® Windows® Operating System</Data><Data Name='Company'>Microsoft Corporation</Data><Data Name='OriginalFileName'>Cmd.Exe</Data><Data Name='CommandLine'>C:\Windows\system32\cmd.exe  /S /D /c" echo services "</Data><Data Name='CurrentDirectory'>C:\Users\ADMINI~1\AppData\Local\Temp\2\</Data><Data Name='User'>PB-DC-WIN\Administrator</Data><Data Name='LogonGuid'>{30362071-b93e-6878-1220-230000000000}</Data><Data Name='LogonId'>0x232012</Data><Data Name='TerminalSessionId'>2</Data><Data Name='IntegrityLevel'>High</Data><Data Name='Hashes'>MD5=E7A6B1F51EFB405287A8048CFA4690F4,SHA256=EB71EA69DD19F728AB9240565E8C7EFB59821E19E3788E289301E1E74940C208,IMPHASH=D60B77062898DC6BFAE7FE11A0F8806C</Data><Data Name='ParentProcessGuid'>{30362071-b971-6878-c302-000000000600}</Data><Data Name='ParentProcessId'>5060</Data><Data Name='ParentImage'>C:\Windows\System32\cmd.exe</Data><Data Name='ParentCommandLine'>"cmd.exe" /c cmd.exe /C whoami &amp; wmic useraccount get /ALL &amp; quser /SERVER:"localhost" &amp; quser &amp; qwinsta.exe /server:localhost &amp; qwinsta.exe &amp; for /F "tokens=1,2" %i in ('qwinsta /server:localhost ^| findstr "Active Disc"') do @echo %i | find /v "#" | find /v "console" || echo %j &gt; computers.txt &amp; @FOR /F %n in (computers.txt) DO @FOR /F "tokens=1,2" %i in ('qwinsta /server:%n ^| findstr "Active Disc"') do @echo %i | find /v "#" | find /v "console" || echo %j &gt; usernames.txt</Data><Data Name='ParentUser'>PB-DC-WIN\Administrator</Data></EventData></Event>
<Event xmlns='http://schemas.microsoft.com/win/2004/08/events/event'><System><Provider Name='Microsoft-Windows-Sysmon' Guid='{5770385f-c22a-43e0-bf4c-06f5698ffbd9}'/><EventID>1</EventID><Version>5</Version><Level>4</Level><Task>1</Task><Opcode>0</Opcode><Keywords>0x8000000000000000</Keywords><TimeCreated SystemTime='2025-07-17T08:50:57.7804140Z'/><EventRecordID>3291</EventRecordID><Correlation/><Execution ProcessID='2720' ThreadID='3592'/><Channel>Microsoft-Windows-Sysmon/Operational</Channel><Computer>PB-dc-win</Computer><Security UserID='S-1-5-18'/></System><EventData><Data Name='RuleName'>-</Data><Data Name='UtcTime'>2025-07-17 08:50:57.780</Data><Data Name='ProcessGuid'>{30362071-b971-6878-cc02-000000000600}</Data><Data Name='ProcessId'>6600</Data><Data Name='Image'>C:\Windows\System32\cmd.exe</Data><Data Name='FileVersion'>10.0.20348.1 (WinBuild.160101.0800)</Data><Data Name='Description'>Windows Command Processor</Data><Data Name='Product'>Microsoft® Windows® Operating System</Data><Data Name='Company'>Microsoft Corporation</Data><Data Name='OriginalFileName'>Cmd.Exe</Data><Data Name='CommandLine'>C:\Windows\system32\cmd.exe /c qwinsta /server:localhost | findstr "Active Disc"</Data><Data Name='CurrentDirectory'>C:\Users\ADMINI~1\AppData\Local\Temp\2\</Data><Data Name='User'>PB-DC-WIN\Administrator</Data><Data Name='LogonGuid'>{30362071-b93e-6878-1220-230000000000}</Data><Data Name='LogonId'>0x232012</Data><Data Name='TerminalSessionId'>2</Data><Data Name='IntegrityLevel'>High</Data><Data Name='Hashes'>MD5=E7A6B1F51EFB405287A8048CFA4690F4,SHA256=EB71EA69DD19F728AB9240565E8C7EFB59821E19E3788E289301E1E74940C208,IMPHASH=D60B77062898DC6BFAE7FE11A0F8806C</Data><Data Name='ParentProcessGuid'>{30362071-b971-6878-c302-000000000600}</Data><Data Name='ParentProcessId'>5060</Data><Data Name='ParentImage'>C:\Windows\System32\cmd.exe</Data><Data Name='ParentCommandLine'>"cmd.exe" /c cmd.exe /C whoami &amp; wmic useraccount get /ALL &amp; quser /SERVER:"localhost" &amp; quser &amp; qwinsta.exe /server:localhost &amp; qwinsta.exe &amp; for /F "tokens=1,2" %i in ('qwinsta /server:localhost ^| findstr "Active Disc"') do @echo %i | find /v "#" | find /v "console" || echo %j &gt; computers.txt &amp; @FOR /F %n in (computers.txt) DO @FOR /F "tokens=1,2" %i in ('qwinsta /server:%n ^| findstr "Active Disc"') do @echo %i | find /v "#" | find /v "console" || echo %j &gt; usernames.txt</Data><Data Name='ParentUser'>PB-DC-WIN\Administrator</Data></EventData></Event>
<Event xmlns='http://schemas.microsoft.com/win/2004/08/events/event'><System><Provider Name='Microsoft-Windows-Sysmon' Guid='{5770385f-c22a-43e0-bf4c-06f5698ffbd9}'/><EventID>1</EventID><Version>5</Version><Level>4</Level><Task>1</Task><Opcode>0</Opcode><Keywords>0x8000000000000000</Keywords><TimeCreated SystemTime='2025-07-17T08:50:57.7735088Z'/><EventRecordID>3290</EventRecordID><Correlation/><Execution ProcessID='2720' ThreadID='3592'/><Channel>Microsoft-Windows-Sysmon/Operational</Channel><Computer>PB-dc-win</Computer><Security UserID='S-1-5-18'/></System><EventData><Data Name='RuleName'>-</Data><Data Name='UtcTime'>2025-07-17 08:50:57.773</Data><Data Name='ProcessGuid'>{30362071-b971-6878-cb02-000000000600}</Data><Data Name='ProcessId'>5464</Data><Data Name='Image'>C:\Windows\System32\qwinsta.exe</Data><Data Name='FileVersion'>10.0.20348.1 (WinBuild.160101.0800)</Data><Data Name='Description'>Query Session Utility</Data><Data Name='Product'>Microsoft® Windows® Operating System</Data><Data Name='Company'>Microsoft Corporation</Data><Data Name='OriginalFileName'>qwinsta.exe</Data><Data Name='CommandLine'>qwinsta.exe  </Data><Data Name='CurrentDirectory'>C:\Users\ADMINI~1\AppData\Local\Temp\2\</Data><Data Name='User'>PB-DC-WIN\Administrator</Data><Data Name='LogonGuid'>{30362071-b93e-6878-1220-230000000000}</Data><Data Name='LogonId'>0x232012</Data><Data Name='TerminalSessionId'>2</Data><Data Name='IntegrityLevel'>High</Data><Data Name='Hashes'>MD5=9641658746B091F7A39DF5021334A024,SHA256=A7A1E4D95B9628E9140659C9AB137A797EDDB12D6046B19846E1A38E7846E333,IMPHASH=D1DB32AE474C00FB7315E2D610E6A740</Data><Data Name='ParentProcessGuid'>{30362071-b971-6878-c302-000000000600}</Data><Data Name='ParentProcessId'>5060</Data><Data Name='ParentImage'>C:\Windows\System32\cmd.exe</Data><Data Name='ParentCommandLine'>"cmd.exe" /c cmd.exe /C whoami &amp; wmic useraccount get /ALL &amp; quser /SERVER:"localhost" &amp; quser &amp; qwinsta.exe /server:localhost &amp; qwinsta.exe &amp; for /F "tokens=1,2" %i in ('qwinsta /server:localhost ^| findstr "Active Disc"') do @echo %i | find /v "#" | find /v "console" || echo %j &gt; computers.txt &amp; @FOR /F %n in (computers.txt) DO @FOR /F "tokens=1,2" %i in ('qwinsta /server:%n ^| findstr "Active Disc"') do @echo %i | find /v "#" | find /v "console" || echo %j &gt; usernames.txt</Data><Data Name='ParentUser'>PB-DC-WIN\Administrator</Data></EventData></Event>
<Event xmlns='http://schemas.microsoft.com/win/2004/08/events/event'><System><Provider Name='Microsoft-Windows-Sysmon' Guid='{5770385f-c22a-43e0-bf4c-06f5698ffbd9}'/><EventID>1</EventID><Version>5</Version><Level>4</Level><Task>1</Task><Opcode>0</Opcode><Keywords>0x8000000000000000</Keywords><TimeCreated SystemTime='2025-07-17T08:50:57.7623004Z'/><EventRecordID>3289</EventRecordID><Correlation/><Execution ProcessID='2720' ThreadID='3592'/><Channel>Microsoft-Windows-Sysmon/Operational</Channel><Computer>PB-dc-win</Computer><Security UserID='S-1-5-18'/></System><EventData><Data Name='RuleName'>-</Data><Data Name='UtcTime'>2025-07-17 08:50:57.761</Data><Data Name='ProcessGuid'>{30362071-b971-6878-ca02-000000000600}</Data><Data Name='ProcessId'>5624</Data><Data Name='Image'>C:\Windows\System32\qwinsta.exe</Data><Data Name='FileVersion'>10.0.20348.1 (WinBuild.160101.0800)</Data><Data Name='Description'>Query Session Utility</Data><Data Name='Product'>Microsoft® Windows® Operating System</Data><Data Name='Company'>Microsoft Corporation</Data><Data Name='OriginalFileName'>qwinsta.exe</Data><Data Name='CommandLine'>qwinsta.exe  /server:localhost </Data><Data Name='CurrentDirectory'>C:\Users\ADMINI~1\AppData\Local\Temp\2\</Data><Data Name='User'>PB-DC-WIN\Administrator</Data><Data Name='LogonGuid'>{30362071-b93e-6878-1220-230000000000}</Data><Data Name='LogonId'>0x232012</Data><Data Name='TerminalSessionId'>2</Data><Data Name='IntegrityLevel'>High</Data><Data Name='Hashes'>MD5=9641658746B091F7A39DF5021334A024,SHA256=A7A1E4D95B9628E9140659C9AB137A797EDDB12D6046B19846E1A38E7846E333,IMPHASH=D1DB32AE474C00FB7315E2D610E6A740</Data><Data Name='ParentProcessGuid'>{30362071-b971-6878-c302-000000000600}</Data><Data Name='ParentProcessId'>5060</Data><Data Name='ParentImage'>C:\Windows\System32\cmd.exe</Data><Data Name='ParentCommandLine'>"cmd.exe" /c cmd.exe /C whoami &amp; wmic useraccount get /ALL &amp; quser /SERVER:"localhost" &amp; quser &amp; qwinsta.exe /server:localhost &amp; qwinsta.exe &amp; for /F "tokens=1,2" %i in ('qwinsta /server:localhost ^| findstr "Active Disc"') do @echo %i | find /v "#" | find /v "console" || echo %j &gt; computers.txt &amp; @FOR /F %n in (computers.txt) DO @FOR /F "tokens=1,2" %i in ('qwinsta /server:%n ^| findstr "Active Disc"') do @echo %i | find /v "#" | find /v "console" || echo %j &gt; usernames.txt</Data><Data Name='ParentUser'>PB-DC-WIN\Administrator</Data></EventData></Event>
<Event xmlns='http://schemas.microsoft.com/win/2004/08/events/event'><System><Provider Name='Microsoft-Windows-Sysmon' Guid='{5770385f-c22a-43e0-bf4c-06f5698ffbd9}'/><EventID>1</EventID><Version>5</Version><Level>4</Level><Task>1</Task><Opcode>0</Opcode><Keywords>0x8000000000000000</Keywords><TimeCreated SystemTime='2025-07-17T08:50:57.7554565Z'/><EventRecordID>3288</EventRecordID><Correlation/><Execution ProcessID='2720' ThreadID='3592'/><Channel>Microsoft-Windows-Sysmon/Operational</Channel><Computer>PB-dc-win</Computer><Security UserID='S-1-5-18'/></System><EventData><Data Name='RuleName'>-</Data><Data Name='UtcTime'>2025-07-17 08:50:57.755</Data><Data Name='ProcessGuid'>{30362071-b971-6878-c902-000000000600}</Data><Data Name='ProcessId'>344</Data><Data Name='Image'>C:\Windows\System32\quser.exe</Data><Data Name='FileVersion'>10.0.20348.1 (WinBuild.160101.0800)</Data><Data Name='Description'>Query User Utility</Data><Data Name='Product'>Microsoft® Windows® Operating System</Data><Data Name='Company'>Microsoft Corporation</Data><Data Name='OriginalFileName'>quser.exe</Data><Data Name='CommandLine'>quser  </Data><Data Name='CurrentDirectory'>C:\Users\ADMINI~1\AppData\Local\Temp\2\</Data><Data Name='User'>PB-DC-WIN\Administrator</Data><Data Name='LogonGuid'>{30362071-b93e-6878-1220-230000000000}</Data><Data Name='LogonId'>0x232012</Data><Data Name='TerminalSessionId'>2</Data><Data Name='IntegrityLevel'>High</Data><Data Name='Hashes'>MD5=19CF7E60169B64722C448E6561D5E6CF,SHA256=E2BE86B0FB14F772227CA111D4F25BE8D27005C2FDEFB6D4BCBA38F2EEB9921C,IMPHASH=B72F14292FAC033099AD1A08D6867486</Data><Data Name='ParentProcessGuid'>{30362071-b971-6878-c302-000000000600}</Data><Data Name='ParentProcessId'>5060</Data><Data Name='ParentImage'>C:\Windows\System32\cmd.exe</Data><Data Name='ParentCommandLine'>"cmd.exe" /c cmd.exe /C whoami &amp; wmic useraccount get /ALL &amp; quser /SERVER:"localhost" &amp; quser &amp; qwinsta.exe /server:localhost &amp; qwinsta.exe &amp; for /F "tokens=1,2" %i in ('qwinsta /server:localhost ^| findstr "Active Disc"') do @echo %i | find /v "#" | find /v "console" || echo %j &gt; computers.txt &amp; @FOR /F %n in (computers.txt) DO @FOR /F "tokens=1,2" %i in ('qwinsta /server:%n ^| findstr "Active Disc"') do @echo %i | find /v "#" | find /v "console" || echo %j &gt; usernames.txt</Data><Data Name='ParentUser'>PB-DC-WIN\Administrator</Data></EventData></Event>
<Event xmlns='http://schemas.microsoft.com/win/2004/08/events/event'><System><Provider Name='Microsoft-Windows-Sysmon' Guid='{5770385f-c22a-43e0-bf4c-06f5698ffbd9}'/><EventID>1</EventID><Version>5</Version><Level>4</Level><Task>1</Task><Opcode>0</Opcode><Keywords>0x8000000000000000</Keywords><TimeCreated SystemTime='2025-07-17T08:50:57.7441924Z'/><EventRecordID>3287</EventRecordID><Correlation/><Execution ProcessID='2720' ThreadID='3592'/><Channel>Microsoft-Windows-Sysmon/Operational</Channel><Computer>PB-dc-win</Computer><Security UserID='S-1-5-18'/></System><EventData><Data Name='RuleName'>-</Data><Data Name='UtcTime'>2025-07-17 08:50:57.743</Data><Data Name='ProcessGuid'>{30362071-b971-6878-c802-000000000600}</Data><Data Name='ProcessId'>4480</Data><Data Name='Image'>C:\Windows\System32\quser.exe</Data><Data Name='FileVersion'>10.0.20348.1 (WinBuild.160101.0800)</Data><Data Name='Description'>Query User Utility</Data><Data Name='Product'>Microsoft® Windows® Operating System</Data><Data Name='Company'>Microsoft Corporation</Data><Data Name='OriginalFileName'>quser.exe</Data><Data Name='CommandLine'>quser  /SERVER:"localhost" </Data><Data Name='CurrentDirectory'>C:\Users\ADMINI~1\AppData\Local\Temp\2\</Data><Data Name='User'>PB-DC-WIN\Administrator</Data><Data Name='LogonGuid'>{30362071-b93e-6878-1220-230000000000}</Data><Data Name='LogonId'>0x232012</Data><Data Name='TerminalSessionId'>2</Data><Data Name='IntegrityLevel'>High</Data><Data Name='Hashes'>MD5=19CF7E60169B64722C448E6561D5E6CF,SHA256=E2BE86B0FB14F772227CA111D4F25BE8D27005C2FDEFB6D4BCBA38F2EEB9921C,IMPHASH=B72F14292FAC033099AD1A08D6867486</Data><Data Name='ParentProcessGuid'>{30362071-b971-6878-c302-000000000600}</Data><Data Name='ParentProcessId'>5060</Data><Data Name='ParentImage'>C:\Windows\System32\cmd.exe</Data><Data Name='ParentCommandLine'>"cmd.exe" /c cmd.exe /C whoami &amp; wmic useraccount get /ALL &amp; quser /SERVER:"localhost" &amp; quser &amp; qwinsta.exe /server:localhost &amp; qwinsta.exe &amp; for /F "tokens=1,2" %i in ('qwinsta /server:localhost ^| findstr "Active Disc"') do @echo %i | find /v "#" | find /v "console" || echo %j &gt; computers.txt &amp; @FOR /F %n in (computers.txt) DO @FOR /F "tokens=1,2" %i in ('qwinsta /server:%n ^| findstr "Active Disc"') do @echo %i | find /v "#" | find /v "console" || echo %j &gt; usernames.txt</Data><Data Name='ParentUser'>PB-DC-WIN\Administrator</Data></EventData></Event>
<Event xmlns='http://schemas.microsoft.com/win/2004/08/events/event'><System><Provider Name='Microsoft-Windows-Sysmon' Guid='{5770385f-c22a-43e0-bf4c-06f5698ffbd9}'/><EventID>1</EventID><Version>5</Version><Level>4</Level><Task>1</Task><Opcode>0</Opcode><Keywords>0x8000000000000000</Keywords><TimeCreated SystemTime='2025-07-17T08:50:57.6858152Z'/><EventRecordID>3286</EventRecordID><Correlation/><Execution ProcessID='2720' ThreadID='3592'/><Channel>Microsoft-Windows-Sysmon/Operational</Channel><Computer>PB-dc-win</Computer><Security UserID='S-1-5-18'/></System><EventData><Data Name='RuleName'>-</Data><Data Name='UtcTime'>2025-07-17 08:50:57.683</Data><Data Name='ProcessGuid'>{30362071-b971-6878-c702-000000000600}</Data><Data Name='ProcessId'>5692</Data><Data Name='Image'>C:\Windows\System32\wbem\WMIC.exe</Data><Data Name='FileVersion'>10.0.20348.1 (WinBuild.160101.0800)</Data><Data Name='Description'>WMI Commandline Utility</Data><Data Name='Product'>Microsoft® Windows® Operating System</Data><Data Name='Company'>Microsoft Corporation</Data><Data Name='OriginalFileName'>wmic.exe</Data><Data Name='CommandLine'>wmic  useraccount get /ALL </Data><Data Name='CurrentDirectory'>C:\Users\ADMINI~1\AppData\Local\Temp\2\</Data><Data Name='User'>PB-DC-WIN\Administrator</Data><Data Name='LogonGuid'>{30362071-b93e-6878-1220-230000000000}</Data><Data Name='LogonId'>0x232012</Data><Data Name='TerminalSessionId'>2</Data><Data Name='IntegrityLevel'>High</Data><Data Name='Hashes'>MD5=6E7CA64D4777CACA3B0CF45325346DB7,SHA256=8ED213369A33EBC38593338C3187457885F49EAE6119FA494D930198C057A730,IMPHASH=9D9F907E7E0343A56BD66CC471DC69CF</Data><Data Name='ParentProcessGuid'>{30362071-b971-6878-c302-000000000600}</Data><Data Name='ParentProcessId'>5060</Data><Data Name='ParentImage'>C:\Windows\System32\cmd.exe</Data><Data Name='ParentCommandLine'>"cmd.exe" /c cmd.exe /C whoami &amp; wmic useraccount get /ALL &amp; quser /SERVER:"localhost" &amp; quser &amp; qwinsta.exe /server:localhost &amp; qwinsta.exe &amp; for /F "tokens=1,2" %i in ('qwinsta /server:localhost ^| findstr "Active Disc"') do @echo %i | find /v "#" | find /v "console" || echo %j &gt; computers.txt &amp; @FOR /F %n in (computers.txt) DO @FOR /F "tokens=1,2" %i in ('qwinsta /server:%n ^| findstr "Active Disc"') do @echo %i | find /v "#" | find /v "console" || echo %j &gt; usernames.txt</Data><Data Name='ParentUser'>PB-DC-WIN\Administrator</Data></EventData></Event>
<Event xmlns='http://schemas.microsoft.com/win/2004/08/events/event'><System><Provider Name='Microsoft-Windows-Sysmon' Guid='{5770385f-c22a-43e0-bf4c-06f5698ffbd9}'/><EventID>1</EventID><Version>5</Version><Level>4</Level><Task>1</Task><Opcode>0</Opcode><Keywords>0x8000000000000000</Keywords><TimeCreated SystemTime='2025-07-17T08:50:57.6762275Z'/><EventRecordID>3285</EventRecordID><Correlation/><Execution ProcessID='2720' ThreadID='3592'/><Channel>Microsoft-Windows-Sysmon/Operational</Channel><Computer>PB-dc-win</Computer><Security UserID='S-1-5-18'/></System><EventData><Data Name='RuleName'>-</Data><Data Name='UtcTime'>2025-07-17 08:50:57.675</Data><Data Name='ProcessGuid'>{30362071-b971-6878-c602-000000000600}</Data><Data Name='ProcessId'>4056</Data><Data Name='Image'>C:\Windows\System32\whoami.exe</Data><Data Name='FileVersion'>10.0.20348.1 (WinBuild.160101.0800)</Data><Data Name='Description'>whoami - displays logged on user information</Data><Data Name='Product'>Microsoft® Windows® Operating System</Data><Data Name='Company'>Microsoft Corporation</Data><Data Name='OriginalFileName'>whoami.exe</Data><Data Name='CommandLine'>whoami  </Data><Data Name='CurrentDirectory'>C:\Users\ADMINI~1\AppData\Local\Temp\2\</Data><Data Name='User'>PB-DC-WIN\Administrator</Data><Data Name='LogonGuid'>{30362071-b93e-6878-1220-230000000000}</Data><Data Name='LogonId'>0x232012</Data><Data Name='TerminalSessionId'>2</Data><Data Name='IntegrityLevel'>High</Data><Data Name='Hashes'>MD5=F0A0791523F2F55790337C5E401F27A1,SHA256=A703FCBC2159F86FD6F7BDFDCB6140042EECE715B108DE843575B5D688ADFBF5,IMPHASH=62935820E434AF643547B7F5F5BD0292</Data><Data Name='ParentProcessGuid'>{30362071-b971-6878-c502-000000000600}</Data><Data Name='ParentProcessId'>5876</Data><Data Name='ParentImage'>C:\Windows\System32\cmd.exe</Data><Data Name='ParentCommandLine'>cmd.exe  /C whoami </Data><Data Name='ParentUser'>PB-DC-WIN\Administrator</Data></EventData></Event>
<Event xmlns='http://schemas.microsoft.com/win/2004/08/events/event'><System><Provider Name='Microsoft-Windows-Sysmon' Guid='{5770385f-c22a-43e0-bf4c-06f5698ffbd9}'/><EventID>1</EventID><Version>5</Version><Level>4</Level><Task>1</Task><Opcode>0</Opcode><Keywords>0x8000000000000000</Keywords><TimeCreated SystemTime='2025-07-17T08:50:57.6728060Z'/><EventRecordID>3284</EventRecordID><Correlation/><Execution ProcessID='2720' ThreadID='3592'/><Channel>Microsoft-Windows-Sysmon/Operational</Channel><Computer>PB-dc-win</Computer><Security UserID='S-1-5-18'/></System><EventData><Data Name='RuleName'>-</Data><Data Name='UtcTime'>2025-07-17 08:50:57.672</Data><Data Name='ProcessGuid'>{30362071-b971-6878-c502-000000000600}</Data><Data Name='ProcessId'>5876</Data><Data Name='Image'>C:\Windows\System32\cmd.exe</Data><Data Name='FileVersion'>10.0.20348.1 (WinBuild.160101.0800)</Data><Data Name='Description'>Windows Command Processor</Data><Data Name='Product'>Microsoft® Windows® Operating System</Data><Data Name='Company'>Microsoft Corporation</Data><Data Name='OriginalFileName'>Cmd.Exe</Data><Data Name='CommandLine'>cmd.exe  /C whoami </Data><Data Name='CurrentDirectory'>C:\Users\ADMINI~1\AppData\Local\Temp\2\</Data><Data Name='User'>PB-DC-WIN\Administrator</Data><Data Name='LogonGuid'>{30362071-b93e-6878-1220-230000000000}</Data><Data Name='LogonId'>0x232012</Data><Data Name='TerminalSessionId'>2</Data><Data Name='IntegrityLevel'>High</Data><Data Name='Hashes'>MD5=E7A6B1F51EFB405287A8048CFA4690F4,SHA256=EB71EA69DD19F728AB9240565E8C7EFB59821E19E3788E289301E1E74940C208,IMPHASH=D60B77062898DC6BFAE7FE11A0F8806C</Data><Data Name='ParentProcessGuid'>{30362071-b971-6878-c302-000000000600}</Data><Data Name='ParentProcessId'>5060</Data><Data Name='ParentImage'>C:\Windows\System32\cmd.exe</Data><Data Name='ParentCommandLine'>"cmd.exe" /c cmd.exe /C whoami &amp; wmic useraccount get /ALL &amp; quser /SERVER:"localhost" &amp; quser &amp; qwinsta.exe /server:localhost &amp; qwinsta.exe &amp; for /F "tokens=1,2" %i in ('qwinsta /server:localhost ^| findstr "Active Disc"') do @echo %i | find /v "#" | find /v "console" || echo %j &gt; computers.txt &amp; @FOR /F %n in (computers.txt) DO @FOR /F "tokens=1,2" %i in ('qwinsta /server:%n ^| findstr "Active Disc"') do @echo %i | find /v "#" | find /v "console" || echo %j &gt; usernames.txt</Data><Data Name='ParentUser'>PB-DC-WIN\Administrator</Data></EventData></Event>
<Event xmlns='http://schemas.microsoft.com/win/2004/08/events/event'><System><Provider Name='Microsoft-Windows-Sysmon' Guid='{5770385f-c22a-43e0-bf4c-06f5698ffbd9}'/><EventID>1</EventID><Version>5</Version><Level>4</Level><Task>1</Task><Opcode>0</Opcode><Keywords>0x8000000000000000</Keywords><TimeCreated SystemTime='2025-07-17T08:50:57.6576049Z'/><EventRecordID>3283</EventRecordID><Correlation/><Execution ProcessID='2720' ThreadID='3592'/><Channel>Microsoft-Windows-Sysmon/Operational</Channel><Computer>PB-dc-win</Computer><Security UserID='S-1-5-18'/></System><EventData><Data Name='RuleName'>-</Data><Data Name='UtcTime'>2025-07-17 08:50:57.657</Data><Data Name='ProcessGuid'>{30362071-b971-6878-c302-000000000600}</Data><Data Name='ProcessId'>5060</Data><Data Name='Image'>C:\Windows\System32\cmd.exe</Data><Data Name='FileVersion'>10.0.20348.1 (WinBuild.160101.0800)</Data><Data Name='Description'>Windows Command Processor</Data><Data Name='Product'>Microsoft® Windows® Operating System</Data><Data Name='Company'>Microsoft Corporation</Data><Data Name='OriginalFileName'>Cmd.Exe</Data><Data Name='CommandLine'>"cmd.exe" /c cmd.exe /C whoami &amp; wmic useraccount get /ALL &amp; quser /SERVER:"localhost" &amp; quser &amp; qwinsta.exe /server:localhost &amp; qwinsta.exe &amp; for /F "tokens=1,2" %%i in ('qwinsta /server:localhost ^| findstr "Active Disc"') do @echo %%i | find /v "#" | find /v "console" || echo %%j &gt; computers.txt &amp; @FOR /F %%n in (computers.txt) DO @FOR /F "tokens=1,2" %%i in ('qwinsta /server:%%n ^| findstr "Active Disc"') do @echo %%i | find /v "#" | find /v "console" || echo %%j &gt; usernames.txt</Data><Data Name='CurrentDirectory'>C:\Users\ADMINI~1\AppData\Local\Temp\2\</Data><Data Name='User'>PB-DC-WIN\Administrator</Data><Data Name='LogonGuid'>{30362071-b93e-6878-1220-230000000000}</Data><Data Name='LogonId'>0x232012</Data><Data Name='TerminalSessionId'>2</Data><Data Name='IntegrityLevel'>High</Data><Data Name='Hashes'>MD5=E7A6B1F51EFB405287A8048CFA4690F4,SHA256=EB71EA69DD19F728AB9240565E8C7EFB59821E19E3788E289301E1E74940C208,IMPHASH=D60B77062898DC6BFAE7FE11A0F8806C</Data><Data Name='ParentProcessGuid'>{30362071-b95d-6878-b902-000000000600}</Data><Data Name='ParentProcessId'>7044</Data><Data Name='ParentImage'>C:\Windows\System32\WindowsPowerShell\v1.0\powershell.exe</Data><Data Name='ParentCommandLine'>"C:\Windows\System32\WindowsPowerShell\v1.0\powershell.exe" </Data><Data Name='ParentUser'>PB-DC-WIN\Administrator</Data></EventData></Event>
