{"Event": {"#attributes": {"xmlns": "{http://schemas.microsoft.com/win/2004/08/events/event}"}, "System": {"Provider": {"#attributes": {"Name": "Microsoft-Windows-Sysmon", "Guid": "{5770385f-c22a-43e0-bf4c-06f5698ffbd9}"}}, "EventID": 11, "Version": 2, "Level": 4, "Task": 11, "Opcode": 0, "Keywords": "0x8000000000000000", "TimeCreated": {"#attributes": {"SystemTime": "2025-07-21T17:43:52.0479559Z"}}, "EventRecordID": 6715, "Correlation": "", "Execution": {"#attributes": {"ProcessID": "3244", "ThreadID": "4048"}}, "Channel": "Microsoft-Windows-Sysmon/Operational", "Computer": "PB-win-dc.lab.local", "Security": {"#attributes": {"UserID": "S-1-5-18"}}}, "EventData": {"RuleName": "DLL", "UtcTime": "2025-07-21 17:43:52.043", "ProcessGuid": "{1a289fba-7c52-687e-440c-000000000700}", "ProcessId": 7800, "Image": "C:\\Users\\ADMINI~1\\AppData\\Local\\Temp\\2\\7zS05BF71DF\\Installer.exe", "TargetFilename": "C:\\Users\\Administrator\\AppData\\Roaming\\Zoom\\tmp_bin\\api-ms-win-core-processenvironment-l1-1-0.dll", "CreationUtcTime": "2025-07-21 17:43:52.043", "User": "lab\\Administrator"}}, "submission_id": "d8fe910f-1bef-4fc2-abdd-8bc5651c84a0"}
{"Event": {"#attributes": {"xmlns": "{http://schemas.microsoft.com/win/2004/08/events/event}"}, "System": {"Provider": {"#attributes": {"Name": "Microsoft-Windows-Sysmon", "Guid": "{5770385f-c22a-43e0-bf4c-06f5698ffbd9}"}}, "EventID": 11, "Version": 2, "Level": 4, "Task": 11, "Opcode": 0, "Keywords": "0x8000000000000000", "TimeCreated": {"#attributes": {"SystemTime": "2025-07-21T17:43:52.0478265Z"}}, "EventRecordID": 6714, "Correlation": "", "Execution": {"#attributes": {"ProcessID": "3244", "ThreadID": "4048"}}, "Channel": "Microsoft-Windows-Sysmon/Operational", "Computer": "PB-win-dc.lab.local", "Security": {"#attributes": {"UserID": "S-1-5-18"}}}, "EventData": {"RuleName": "DLL", "UtcTime": "2025-07-21 17:43:52.043", "ProcessGuid": "{1a289fba-7c52-687e-440c-000000000700}", "ProcessId": 7800, "Image": "C:\\Users\\ADMINI~1\\AppData\\Local\\Temp\\2\\7zS05BF71DF\\Installer.exe", "TargetFilename": "C:\\Users\\Administrator\\AppData\\Roaming\\Zoom\\tmp_bin\\api-ms-win-core-namedpipe-l1-1-0.dll", "CreationUtcTime": "2025-07-21 17:43:52.043", "User": "lab\\Administrator"}}, "submission_id": "d8fe910f-1bef-4fc2-abdd-8bc5651c84a0"}
{"Event": {"#attributes": {"xmlns": "{http://schemas.microsoft.com/win/2004/08/events/event}"}, "System": {"Provider": {"#attributes": {"Name": "Microsoft-Windows-Sysmon", "Guid": "{5770385f-c22a-43e0-bf4c-06f5698ffbd9}"}}, "EventID": 11, "Version": 2, "Level": 4, "Task": 11, "Opcode": 0, "Keywords": "0x8000000000000000", "TimeCreated": {"#attributes": {"SystemTime": "2025-07-21T17:43:52.0477087Z"}}, "EventRecordID": 6713, "Correlation": "", "Execution": {"#attributes": {"ProcessID": "3244", "ThreadID": "4048"}}, "Channel": "Microsoft-Windows-Sysmon/Operational", "Computer": "PB-win-dc.lab.local", "Security": {"#attributes": {"UserID": "S-1-5-18"}}}, "EventData": {"RuleName": "DLL", "UtcTime": "2025-07-21 17:43:52.043", "ProcessGuid": "{1a289fba-7c52-687e-440c-000000000700}", "ProcessId": 7800, "Image": "C:\\Users\\ADMINI~1\\AppData\\Local\\Temp\\2\\7zS05BF71DF\\Installer.exe", "TargetFilename": "C:\\Users\\Administrator\\AppData\\Roaming\\Zoom\\tmp_bin\\api-ms-win-core-memory-l1-1-0.dll", "CreationUtcTime": "2025-07-21 17:43:52.043", "User": "lab\\Administrator"}}, "submission_id": "d8fe910f-1bef-4fc2-abdd-8bc5651c84a0"}
{"Event": {"#attributes": {"xmlns": "{http://schemas.microsoft.com/win/2004/08/events/event}"}, "System": {"Provider": {"#attributes": {"Name": "Microsoft-Windows-Sysmon", "Guid": "{5770385f-c22a-43e0-bf4c-06f5698ffbd9}"}}, "EventID": 11, "Version": 2, "Level": 4, "Task": 11, "Opcode": 0, "Keywords": "0x8000000000000000", "TimeCreated": {"#attributes": {"SystemTime": "2025-07-21T17:43:52.0475846Z"}}, "EventRecordID": 6712, "Correlation": "", "Execution": {"#attributes": {"ProcessID": "3244", "ThreadID": "4048"}}, "Channel": "Microsoft-Windows-Sysmon/Operational", "Computer": "PB-win-dc.lab.local", "Security": {"#attributes": {"UserID": "S-1-5-18"}}}, "EventData": {"RuleName": "DLL", "UtcTime": "2025-07-21 17:43:52.043", "ProcessGuid": "{1a289fba-7c52-687e-440c-000000000700}", "ProcessId": 7800, "Image": "C:\\Users\\ADMINI~1\\AppData\\Local\\Temp\\2\\7zS05BF71DF\\Installer.exe", "TargetFilename": "C:\\Users\\Administrator\\AppData\\Roaming\\Zoom\\tmp_bin\\api-ms-win-core-localization-l1-2-0.dll", "CreationUtcTime": "2025-07-21 17:43:52.043", "User": "lab\\Administrator"}}, "submission_id": "d8fe910f-1bef-4fc2-abdd-8bc5651c84a0"}
{"Event": {"#attributes": {"xmlns": "{http://schemas.microsoft.com/win/2004/08/events/event}"}, "System": {"Provider": {"#attributes": {"Name": "Microsoft-Windows-Sysmon", "Guid": "{5770385f-c22a-43e0-bf4c-06f5698ffbd9}"}}, "EventID": 11, "Version": 2, "Level": 4, "Task": 11, "Opcode": 0, "Keywords": "0x8000000000000000", "TimeCreated": {"#attributes": {"SystemTime": "2025-07-21T17:43:52.0474286Z"}}, "EventRecordID": 6711, "Correlation": "", "Execution": {"#attributes": {"ProcessID": "3244", "ThreadID": "4048"}}, "Channel": "Microsoft-Windows-Sysmon/Operational", "Computer": "PB-win-dc.lab.local", "Security": {"#attributes": {"UserID": "S-1-5-18"}}}, "EventData": {"RuleName": "DLL", "UtcTime": "2025-07-21 17:43:52.043", "ProcessGuid": "{1a289fba-7c52-687e-440c-000000000700}", "ProcessId": 7800, "Image": "C:\\Users\\ADMINI~1\\AppData\\Local\\Temp\\2\\7zS05BF71DF\\Installer.exe", "TargetFilename": "C:\\Users\\Administrator\\AppData\\Roaming\\Zoom\\tmp_bin\\api-ms-win-core-libraryloader-l1-1-0.dll", "CreationUtcTime": "2025-07-21 17:43:52.043", "User": "lab\\Administrator"}}, "submission_id": "d8fe910f-1bef-4fc2-abdd-8bc5651c84a0"}
{"Event": {"#attributes": {"xmlns": "{http://schemas.microsoft.com/win/2004/08/events/event}"}, "System": {"Provider": {"#attributes": {"Name": "Microsoft-Windows-Sysmon", "Guid": "{5770385f-c22a-43e0-bf4c-06f5698ffbd9}"}}, "EventID": 11, "Version": 2, "Level": 4, "Task": 11, "Opcode": 0, "Keywords": "0x8000000000000000", "TimeCreated": {"#attributes": {"SystemTime": "2025-07-21T17:43:52.0470534Z"}}, "EventRecordID": 6710, "Correlation": "", "Execution": {"#attributes": {"ProcessID": "3244", "ThreadID": "4048"}}, "Channel": "Microsoft-Windows-Sysmon/Operational", "Computer": "PB-win-dc.lab.local", "Security": {"#attributes": {"UserID": "S-1-5-18"}}}, "EventData": {"RuleName": "DLL", "UtcTime": "2025-07-21 17:43:52.043", "ProcessGuid": "{1a289fba-7c52-687e-440c-000000000700}", "ProcessId": 7800, "Image": "C:\\Users\\ADMINI~1\\AppData\\Local\\Temp\\2\\7zS05BF71DF\\Installer.exe", "TargetFilename": "C:\\Users\\Administrator\\AppData\\Roaming\\Zoom\\tmp_bin\\api-ms-win-core-interlocked-l1-1-0.dll", "CreationUtcTime": "2025-07-21 17:43:52.043", "User": "lab\\Administrator"}}, "submission_id": "d8fe910f-1bef-4fc2-abdd-8bc5651c84a0"}
{"Event": {"#attributes": {"xmlns": "{http://schemas.microsoft.com/win/2004/08/events/event}"}, "System": {"Provider": {"#attributes": {"Name": "Microsoft-Windows-Sysmon", "Guid": "{5770385f-c22a-43e0-bf4c-06f5698ffbd9}"}}, "EventID": 11, "Version": 2, "Level": 4, "Task": 11, "Opcode": 0, "Keywords": "0x8000000000000000", "TimeCreated": {"#attributes": {"SystemTime": "2025-07-21T17:43:52.0469194Z"}}, "EventRecordID": 6709, "Correlation": "", "Execution": {"#attributes": {"ProcessID": "3244", "ThreadID": "4048"}}, "Channel": "Microsoft-Windows-Sysmon/Operational", "Computer": "PB-win-dc.lab.local", "Security": {"#attributes": {"UserID": "S-1-5-18"}}}, "EventData": {"RuleName": "DLL", "UtcTime": "2025-07-21 17:43:52.043", "ProcessGuid": "{1a289fba-7c52-687e-440c-000000000700}", "ProcessId": 7800, "Image": "C:\\Users\\ADMINI~1\\AppData\\Local\\Temp\\2\\7zS05BF71DF\\Installer.exe", "TargetFilename": "C:\\Users\\Administrator\\AppData\\Roaming\\Zoom\\tmp_bin\\api-ms-win-core-heap-l1-1-0.dll", "CreationUtcTime": "2025-07-21 17:43:52.043", "User": "lab\\Administrator"}}, "submission_id": "d8fe910f-1bef-4fc2-abdd-8bc5651c84a0"}
{"Event": {"#attributes": {"xmlns": "{http://schemas.microsoft.com/win/2004/08/events/event}"}, "System": {"Provider": {"#attributes": {"Name": "Microsoft-Windows-Sysmon", "Guid": "{5770385f-c22a-43e0-bf4c-06f5698ffbd9}"}}, "EventID": 11, "Version": 2, "Level": 4, "Task": 11, "Opcode": 0, "Keywords": "0x8000000000000000", "TimeCreated": {"#attributes": {"SystemTime": "2025-07-21T17:43:52.0467481Z"}}, "EventRecordID": 6708, "Correlation": "", "Execution": {"#attributes": {"ProcessID": "3244", "ThreadID": "4048"}}, "Channel": "Microsoft-Windows-Sysmon/Operational", "Computer": "PB-win-dc.lab.local", "Security": {"#attributes": {"UserID": "S-1-5-18"}}}, "EventData": {"RuleName": "DLL", "UtcTime": "2025-07-21 17:43:52.043", "ProcessGuid": "{1a289fba-7c52-687e-440c-000000000700}", "ProcessId": 7800, "Image": "C:\\Users\\ADMINI~1\\AppData\\Local\\Temp\\2\\7zS05BF71DF\\Installer.exe", "TargetFilename": "C:\\Users\\Administrator\\AppData\\Roaming\\Zoom\\tmp_bin\\api-ms-win-core-handle-l1-1-0.dll", "CreationUtcTime": "2025-07-21 17:43:52.043", "User": "lab\\Administrator"}}, "submission_id": "d8fe910f-1bef-4fc2-abdd-8bc5651c84a0"}
{"Event": {"#attributes": {"xmlns": "{http://schemas.microsoft.com/win/2004/08/events/event}"}, "System": {"Provider": {"#attributes": {"Name": "Microsoft-Windows-Sysmon", "Guid": "{5770385f-c22a-43e0-bf4c-06f5698ffbd9}"}}, "EventID": 11, "Version": 2, "Level": 4, "Task": 11, "Opcode": 0, "Keywords": "0x8000000000000000", "TimeCreated": {"#attributes": {"SystemTime": "2025-07-21T17:43:52.0459850Z"}}, "EventRecordID": 6707, "Correlation": "", "Execution": {"#attributes": {"ProcessID": "3244", "ThreadID": "4048"}}, "Channel": "Microsoft-Windows-Sysmon/Operational", "Computer": "PB-win-dc.lab.local", "Security": {"#attributes": {"UserID": "S-1-5-18"}}}, "EventData": {"RuleName": "DLL", "UtcTime": "2025-07-21 17:43:52.043", "ProcessGuid": "{1a289fba-7c52-687e-440c-000000000700}", "ProcessId": 7800, "Image": "C:\\Users\\ADMINI~1\\AppData\\Local\\Temp\\2\\7zS05BF71DF\\Installer.exe", "TargetFilename": "C:\\Users\\Administrator\\AppData\\Roaming\\Zoom\\tmp_bin\\api-ms-win-core-file-l2-1-0.dll", "CreationUtcTime": "2025-07-21 17:43:52.043", "User": "lab\\Administrator"}}, "submission_id": "d8fe910f-1bef-4fc2-abdd-8bc5651c84a0"}
{"Event": {"#attributes": {"xmlns": "{http://schemas.microsoft.com/win/2004/08/events/event}"}, "System": {"Provider": {"#attributes": {"Name": "Microsoft-Windows-Sysmon", "Guid": "{5770385f-c22a-43e0-bf4c-06f5698ffbd9}"}}, "EventID": 11, "Version": 2, "Level": 4, "Task": 11, "Opcode": 0, "Keywords": "0x8000000000000000", "TimeCreated": {"#attributes": {"SystemTime": "2025-07-21T17:43:52.0458648Z"}}, "EventRecordID": 6706, "Correlation": "", "Execution": {"#attributes": {"ProcessID": "3244", "ThreadID": "4048"}}, "Channel": "Microsoft-Windows-Sysmon/Operational", "Computer": "PB-win-dc.lab.local", "Security": {"#attributes": {"UserID": "S-1-5-18"}}}, "EventData": {"RuleName": "DLL", "UtcTime": "2025-07-21 17:43:52.043", "ProcessGuid": "{1a289fba-7c52-687e-440c-000000000700}", "ProcessId": 7800, "Image": "C:\\Users\\ADMINI~1\\AppData\\Local\\Temp\\2\\7zS05BF71DF\\Installer.exe", "TargetFilename": "C:\\Users\\Administrator\\AppData\\Roaming\\Zoom\\tmp_bin\\api-ms-win-core-file-l1-2-0.dll", "CreationUtcTime": "2025-07-21 17:43:52.043", "User": "lab\\Administrator"}}, "submission_id": "d8fe910f-1bef-4fc2-abdd-8bc5651c84a0"}
{"Event": {"#attributes": {"xmlns": "{http://schemas.microsoft.com/win/2004/08/events/event}"}, "System": {"Provider": {"#attributes": {"Name": "Microsoft-Windows-Sysmon", "Guid": "{5770385f-c22a-43e0-bf4c-06f5698ffbd9}"}}, "EventID": 11, "Version": 2, "Level": 4, "Task": 11, "Opcode": 0, "Keywords": "0x8000000000000000", "TimeCreated": {"#attributes": {"SystemTime": "2025-07-21T17:43:52.0457432Z"}}, "EventRecordID": 6705, "Correlation": "", "Execution": {"#attributes": {"ProcessID": "3244", "ThreadID": "4048"}}, "Channel": "Microsoft-Windows-Sysmon/Operational", "Computer": "PB-win-dc.lab.local", "Security": {"#attributes": {"UserID": "S-1-5-18"}}}, "EventData": {"RuleName": "DLL", "UtcTime": "2025-07-21 17:43:52.043", "ProcessGuid": "{1a289fba-7c52-687e-440c-000000000700}", "ProcessId": 7800, "Image": "C:\\Users\\ADMINI~1\\AppData\\Local\\Temp\\2\\7zS05BF71DF\\Installer.exe", "TargetFilename": "C:\\Users\\Administrator\\AppData\\Roaming\\Zoom\\tmp_bin\\api-ms-win-core-file-l1-1-0.dll", "CreationUtcTime": "2025-07-21 17:43:52.043", "User": "lab\\Administrator"}}, "submission_id": "d8fe910f-1bef-4fc2-abdd-8bc5651c84a0"}
{"Event": {"#attributes": {"xmlns": "{http://schemas.microsoft.com/win/2004/08/events/event}"}, "System": {"Provider": {"#attributes": {"Name": "Microsoft-Windows-Sysmon", "Guid": "{5770385f-c22a-43e0-bf4c-06f5698ffbd9}"}}, "EventID": 11, "Version": 2, "Level": 4, "Task": 11, "Opcode": 0, "Keywords": "0x8000000000000000", "TimeCreated": {"#attributes": {"SystemTime": "2025-07-21T17:43:52.0456205Z"}}, "EventRecordID": 6704, "Correlation": "", "Execution": {"#attributes": {"ProcessID": "3244", "ThreadID": "4048"}}, "Channel": "Microsoft-Windows-Sysmon/Operational", "Computer": "PB-win-dc.lab.local", "Security": {"#attributes": {"UserID": "S-1-5-18"}}}, "EventData": {"RuleName": "DLL", "UtcTime": "2025-07-21 17:43:52.043", "ProcessGuid": "{1a289fba-7c52-687e-440c-000000000700}", "ProcessId": 7800, "Image": "C:\\Users\\ADMINI~1\\AppData\\Local\\Temp\\2\\7zS05BF71DF\\Installer.exe", "TargetFilename": "C:\\Users\\Administrator\\AppData\\Roaming\\Zoom\\tmp_bin\\api-ms-win-core-errorhandling-l1-1-0.dll", "CreationUtcTime": "2025-07-21 17:43:52.043", "User": "lab\\Administrator"}}, "submission_id": "d8fe910f-1bef-4fc2-abdd-8bc5651c84a0"}
{"Event": {"#attributes": {"xmlns": "{http://schemas.microsoft.com/win/2004/08/events/event}"}, "System": {"Provider": {"#attributes": {"Name": "Microsoft-Windows-Sysmon", "Guid": "{5770385f-c22a-43e0-bf4c-06f5698ffbd9}"}}, "EventID": 11, "Version": 2, "Level": 4, "Task": 11, "Opcode": 0, "Keywords": "0x8000000000000000", "TimeCreated": {"#attributes": {"SystemTime": "2025-07-21T17:43:52.0454556Z"}}, "EventRecordID": 6703, "Correlation": "", "Execution": {"#attributes": {"ProcessID": "3244", "ThreadID": "4048"}}, "Channel": "Microsoft-Windows-Sysmon/Operational", "Computer": "PB-win-dc.lab.local", "Security": {"#attributes": {"UserID": "S-1-5-18"}}}, "EventData": {"RuleName": "DLL", "UtcTime": "2025-07-21 17:43:52.043", "ProcessGuid": "{1a289fba-7c52-687e-440c-000000000700}", "ProcessId": 7800, "Image": "C:\\Users\\ADMINI~1\\AppData\\Local\\Temp\\2\\7zS05BF71DF\\Installer.exe", "TargetFilename": "C:\\Users\\Administrator\\AppData\\Roaming\\Zoom\\tmp_bin\\api-ms-win-core-debug-l1-1-0.dll", "CreationUtcTime": "2025-07-21 17:43:52.043", "User": "lab\\Administrator"}}, "submission_id": "d8fe910f-1bef-4fc2-abdd-8bc5651c84a0"}
{"Event": {"#attributes": {"xmlns": "{http://schemas.microsoft.com/win/2004/08/events/event}"}, "System": {"Provider": {"#attributes": {"Name": "Microsoft-Windows-Sysmon", "Guid": "{5770385f-c22a-43e0-bf4c-06f5698ffbd9}"}}, "EventID": 11, "Version": 2, "Level": 4, "Task": 11, "Opcode": 0, "Keywords": "0x8000000000000000", "TimeCreated": {"#attributes": {"SystemTime": "2025-07-21T17:43:52.0452889Z"}}, "EventRecordID": 6702, "Correlation": "", "Execution": {"#attributes": {"ProcessID": "3244", "ThreadID": "4048"}}, "Channel": "Microsoft-Windows-Sysmon/Operational", "Computer": "PB-win-dc.lab.local", "Security": {"#attributes": {"UserID": "S-1-5-18"}}}, "EventData": {"RuleName": "DLL", "UtcTime": "2025-07-21 17:43:52.043", "ProcessGuid": "{1a289fba-7c52-687e-440c-000000000700}", "ProcessId": 7800, "Image": "C:\\Users\\ADMINI~1\\AppData\\Local\\Temp\\2\\7zS05BF71DF\\Installer.exe", "TargetFilename": "C:\\Users\\Administrator\\AppData\\Roaming\\Zoom\\tmp_bin\\api-ms-win-core-datetime-l1-1-0.dll", "CreationUtcTime": "2025-07-21 17:43:52.043", "User": "lab\\Administrator"}}, "submission_id": "d8fe910f-1bef-4fc2-abdd-8bc5651c84a0"}
{"Event": {"#attributes": {"xmlns": "{http://schemas.microsoft.com/win/2004/08/events/event}"}, "System": {"Provider": {"#attributes": {"Name": "Microsoft-Windows-Sysmon", "Guid": "{5770385f-c22a-43e0-bf4c-06f5698ffbd9}"}}, "EventID": 11, "Version": 2, "Level": 4, "Task": 11, "Opcode": 0, "Keywords": "0x8000000000000000", "TimeCreated": {"#attributes": {"SystemTime": "2025-07-21T17:43:52.0451825Z"}}, "EventRecordID": 6701, "Correlation": "", "Execution": {"#attributes": {"ProcessID": "3244", "ThreadID": "4048"}}, "Channel": "Microsoft-Windows-Sysmon/Operational", "Computer": "PB-win-dc.lab.local", "Security": {"#attributes": {"UserID": "S-1-5-18"}}}, "EventData": {"RuleName": "DLL", "UtcTime": "2025-07-21 17:43:52.043", "ProcessGuid": "{1a289fba-7c52-687e-440c-000000000700}", "ProcessId": 7800, "Image": "C:\\Users\\ADMINI~1\\AppData\\Local\\Temp\\2\\7zS05BF71DF\\Installer.exe", "TargetFilename": "C:\\Users\\Administrator\\AppData\\Roaming\\Zoom\\tmp_bin\\api-ms-win-core-console-l1-2-0.dll", "CreationUtcTime": "2025-07-21 17:43:52.043", "User": "lab\\Administrator"}}, "submission_id": "d8fe910f-1bef-4fc2-abdd-8bc5651c84a0"}
{"Event": {"#attributes": {"xmlns": "{http://schemas.microsoft.com/win/2004/08/events/event}"}, "System": {"Provider": {"#attributes": {"Name": "Microsoft-Windows-Sysmon", "Guid": "{5770385f-c22a-43e0-bf4c-06f5698ffbd9}"}}, "EventID": 11, "Version": 2, "Level": 4, "Task": 11, "Opcode": 0, "Keywords": "0x8000000000000000", "TimeCreated": {"#attributes": {"SystemTime": "2025-07-21T17:43:52.0449173Z"}}, "EventRecordID": 6700, "Correlation": "", "Execution": {"#attributes": {"ProcessID": "3244", "ThreadID": "4048"}}, "Channel": "Microsoft-Windows-Sysmon/Operational", "Computer": "PB-win-dc.lab.local", "Security": {"#attributes": {"UserID": "S-1-5-18"}}}, "EventData": {"RuleName": "DLL", "UtcTime": "2025-07-21 17:43:52.043", "ProcessGuid": "{1a289fba-7c52-687e-440c-000000000700}", "ProcessId": 7800, "Image": "C:\\Users\\ADMINI~1\\AppData\\Local\\Temp\\2\\7zS05BF71DF\\Installer.exe", "TargetFilename": "C:\\Users\\Administrator\\AppData\\Roaming\\Zoom\\tmp_bin\\api-ms-win-core-console-l1-1-0.dll", "CreationUtcTime": "2025-07-21 17:43:52.043", "User": "lab\\Administrator"}}, "submission_id": "d8fe910f-1bef-4fc2-abdd-8bc5651c84a0"}
{"Event": {"#attributes": {"xmlns": "{http://schemas.microsoft.com/win/2004/08/events/event}"}, "System": {"Provider": {"#attributes": {"Name": "Microsoft-Windows-Sysmon", "Guid": "{5770385f-c22a-43e0-bf4c-06f5698ffbd9}"}}, "EventID": 11, "Version": 2, "Level": 4, "Task": 11, "Opcode": 0, "Keywords": "0x8000000000000000", "TimeCreated": {"#attributes": {"SystemTime": "2025-07-21T17:43:51.9095147Z"}}, "EventRecordID": 6699, "Correlation": "", "Execution": {"#attributes": {"ProcessID": "3244", "ThreadID": "4048"}}, "Channel": "Microsoft-Windows-Sysmon/Operational", "Computer": "PB-win-dc.lab.local", "Security": {"#attributes": {"UserID": "S-1-5-18"}}}, "EventData": {"RuleName": "EXE", "UtcTime": "2025-07-21 17:43:51.902", "ProcessGuid": "{1a289fba-7c52-687e-440c-000000000700}", "ProcessId": 7800, "Image": "C:\\Users\\ADMINI~1\\AppData\\Local\\Temp\\2\\7zS05BF71DF\\Installer.exe", "TargetFilename": "C:\\Users\\Administrator\\AppData\\Roaming\\Zoom\\tmp_bin\\zUpdater.exe", "CreationUtcTime": "2025-07-21 17:43:51.902", "User": "lab\\Administrator"}}, "submission_id": "d8fe910f-1bef-4fc2-abdd-8bc5651c84a0"}
{"Event": {"#attributes": {"xmlns": "{http://schemas.microsoft.com/win/2004/08/events/event}"}, "System": {"Provider": {"#attributes": {"Name": "Microsoft-Windows-Sysmon", "Guid": "{5770385f-c22a-43e0-bf4c-06f5698ffbd9}"}}, "EventID": 11, "Version": 2, "Level": 4, "Task": 11, "Opcode": 0, "Keywords": "0x8000000000000000", "TimeCreated": {"#attributes": {"SystemTime": "2025-07-21T17:43:51.9066591Z"}}, "EventRecordID": 6698, "Correlation": "", "Execution": {"#attributes": {"ProcessID": "3244", "ThreadID": "4048"}}, "Channel": "Microsoft-Windows-Sysmon/Operational", "Computer": "PB-win-dc.lab.local", "Security": {"#attributes": {"UserID": "S-1-5-18"}}}, "EventData": {"RuleName": "EXE", "UtcTime": "2025-07-21 17:43:51.902", "ProcessGuid": "{1a289fba-7c52-687e-440c-000000000700}", "ProcessId": 7800, "Image": "C:\\Users\\ADMINI~1\\AppData\\Local\\Temp\\2\\7zS05BF71DF\\Installer.exe", "TargetFilename": "C:\\Users\\Administrator\\AppData\\Roaming\\Zoom\\tmp_bin\\ZoomDocConverter.exe", "CreationUtcTime": "2025-07-21 17:43:51.902", "User": "lab\\Administrator"}}, "submission_id": "d8fe910f-1bef-4fc2-abdd-8bc5651c84a0"}
{"Event": {"#attributes": {"xmlns": "{http://schemas.microsoft.com/win/2004/08/events/event}"}, "System": {"Provider": {"#attributes": {"Name": "Microsoft-Windows-Sysmon", "Guid": "{5770385f-c22a-43e0-bf4c-06f5698ffbd9}"}}, "EventID": 11, "Version": 2, "Level": 4, "Task": 11, "Opcode": 0, "Keywords": "0x8000000000000000", "TimeCreated": {"#attributes": {"SystemTime": "2025-07-21T17:43:51.9032534Z"}}, "EventRecordID": 6697, "Correlation": "", "Execution": {"#attributes": {"ProcessID": "3244", "ThreadID": "4048"}}, "Channel": "Microsoft-Windows-Sysmon/Operational", "Computer": "PB-win-dc.lab.local", "Security": {"#attributes": {"UserID": "S-1-5-18"}}}, "EventData": {"RuleName": "DLL", "UtcTime": "2025-07-21 17:43:51.902", "ProcessGuid": "{1a289fba-7c52-687e-440c-000000000700}", "ProcessId": 7800, "Image": "C:\\Users\\ADMINI~1\\AppData\\Local\\Temp\\2\\7zS05BF71DF\\Installer.exe", "TargetFilename": "C:\\Users\\Administrator\\AppData\\Roaming\\Zoom\\tmp_bin\\OpenVINO_B\\tbb12.dll", "CreationUtcTime": "2025-07-21 17:43:51.902", "User": "lab\\Administrator"}}, "submission_id": "d8fe910f-1bef-4fc2-abdd-8bc5651c84a0"}
{"Event": {"#attributes": {"xmlns": "{http://schemas.microsoft.com/win/2004/08/events/event}"}, "System": {"Provider": {"#attributes": {"Name": "Microsoft-Windows-Sysmon", "Guid": "{5770385f-c22a-43e0-bf4c-06f5698ffbd9}"}}, "EventID": 11, "Version": 2, "Level": 4, "Task": 11, "Opcode": 0, "Keywords": "0x8000000000000000", "TimeCreated": {"#attributes": {"SystemTime": "2025-07-21T17:43:51.7883316Z"}}, "EventRecordID": 6696, "Correlation": "", "Execution": {"#attributes": {"ProcessID": "3244", "ThreadID": "4048"}}, "Channel": "Microsoft-Windows-Sysmon/Operational", "Computer": "PB-win-dc.lab.local", "Security": {"#attributes": {"UserID": "S-1-5-18"}}}, "EventData": {"RuleName": "DLL", "UtcTime": "2025-07-21 17:43:51.777", "ProcessGuid": "{1a289fba-7c52-687e-440c-000000000700}", "ProcessId": 7800, "Image": "C:\\Users\\ADMINI~1\\AppData\\Local\\Temp\\2\\7zS05BF71DF\\Installer.exe", "TargetFilename": "C:\\Users\\Administrator\\AppData\\Roaming\\Zoom\\tmp_bin\\OpenVINO_B\\openvino_ir_frontend.dll", "CreationUtcTime": "2025-07-21 17:43:51.777", "User": "lab\\Administrator"}}, "submission_id": "d8fe910f-1bef-4fc2-abdd-8bc5651c84a0"}
{"Event": {"#attributes": {"xmlns": "{http://schemas.microsoft.com/win/2004/08/events/event}"}, "System": {"Provider": {"#attributes": {"Name": "Microsoft-Windows-Sysmon", "Guid": "{5770385f-c22a-43e0-bf4c-06f5698ffbd9}"}}, "EventID": 11, "Version": 2, "Level": 4, "Task": 11, "Opcode": 0, "Keywords": "0x8000000000000000", "TimeCreated": {"#attributes": {"SystemTime": "2025-07-21T17:43:51.7851900Z"}}, "EventRecordID": 6695, "Correlation": "", "Execution": {"#attributes": {"ProcessID": "3244", "ThreadID": "4048"}}, "Channel": "Microsoft-Windows-Sysmon/Operational", "Computer": "PB-win-dc.lab.local", "Security": {"#attributes": {"UserID": "S-1-5-18"}}}, "EventData": {"RuleName": "DLL", "UtcTime": "2025-07-21 17:43:51.777", "ProcessGuid": "{1a289fba-7c52-687e-440c-000000000700}", "ProcessId": 7800, "Image": "C:\\Users\\ADMINI~1\\AppData\\Local\\Temp\\2\\7zS05BF71DF\\Installer.exe", "TargetFilename": "C:\\Users\\Administrator\\AppData\\Roaming\\Zoom\\tmp_bin\\OpenVINO_B\\openvino_intel_npu_plugin.dll", "CreationUtcTime": "2025-07-21 17:43:51.777", "User": "lab\\Administrator"}}, "submission_id": "d8fe910f-1bef-4fc2-abdd-8bc5651c84a0"}
{"Event": {"#attributes": {"xmlns": "{http://schemas.microsoft.com/win/2004/08/events/event}"}, "System": {"Provider": {"#attributes": {"Name": "Microsoft-Windows-Sysmon", "Guid": "{5770385f-c22a-43e0-bf4c-06f5698ffbd9}"}}, "EventID": 11, "Version": 2, "Level": 4, "Task": 11, "Opcode": 0, "Keywords": "0x8000000000000000", "TimeCreated": {"#attributes": {"SystemTime": "2025-07-21T17:43:51.7807720Z"}}, "EventRecordID": 6694, "Correlation": "", "Execution": {"#attributes": {"ProcessID": "3244", "ThreadID": "4048"}}, "Channel": "Microsoft-Windows-Sysmon/Operational", "Computer": "PB-win-dc.lab.local", "Security": {"#attributes": {"UserID": "S-1-5-18"}}}, "EventData": {"RuleName": "DLL", "UtcTime": "2025-07-21 17:43:51.777", "ProcessGuid": "{1a289fba-7c52-687e-440c-000000000700}", "ProcessId": 7800, "Image": "C:\\Users\\ADMINI~1\\AppData\\Local\\Temp\\2\\7zS05BF71DF\\Installer.exe", "TargetFilename": "C:\\Users\\Administrator\\AppData\\Roaming\\Zoom\\tmp_bin\\OpenVINO_B\\openvino_c.dll", "CreationUtcTime": "2025-07-21 17:43:51.777", "User": "lab\\Administrator"}}, "submission_id": "d8fe910f-1bef-4fc2-abdd-8bc5651c84a0"}
{"Event": {"#attributes": {"xmlns": "{http://schemas.microsoft.com/win/2004/08/events/event}"}, "System": {"Provider": {"#attributes": {"Name": "Microsoft-Windows-Sysmon", "Guid": "{5770385f-c22a-43e0-bf4c-06f5698ffbd9}"}}, "EventID": 11, "Version": 2, "Level": 4, "Task": 11, "Opcode": 0, "Keywords": "0x8000000000000000", "TimeCreated": {"#attributes": {"SystemTime": "2025-07-21T17:43:51.7743682Z"}}, "EventRecordID": 6693, "Correlation": "", "Execution": {"#attributes": {"ProcessID": "3244", "ThreadID": "4048"}}, "Channel": "Microsoft-Windows-Sysmon/Operational", "Computer": "PB-win-dc.lab.local", "Security": {"#attributes": {"UserID": "S-1-5-18"}}}, "EventData": {"RuleName": "DLL", "UtcTime": "2025-07-21 17:43:51.762", "ProcessGuid": "{1a289fba-7c52-687e-440c-000000000700}", "ProcessId": 7800, "Image": "C:\\Users\\ADMINI~1\\AppData\\Local\\Temp\\2\\7zS05BF71DF\\Installer.exe", "TargetFilename": "C:\\Users\\Administrator\\AppData\\Roaming\\Zoom\\tmp_bin\\OpenVINO_B\\openvino.dll", "CreationUtcTime": "2025-07-21 17:43:51.762", "User": "lab\\Administrator"}}, "submission_id": "d8fe910f-1bef-4fc2-abdd-8bc5651c84a0"}
{"Event": {"#attributes": {"xmlns": "{http://schemas.microsoft.com/win/2004/08/events/event}"}, "System": {"Provider": {"#attributes": {"Name": "Microsoft-Windows-Sysmon", "Guid": "{5770385f-c22a-43e0-bf4c-06f5698ffbd9}"}}, "EventID": 11, "Version": 2, "Level": 4, "Task": 11, "Opcode": 0, "Keywords": "0x8000000000000000", "TimeCreated": {"#attributes": {"SystemTime": "2025-07-21T17:43:51.7626247Z"}}, "EventRecordID": 6692, "Correlation": "", "Execution": {"#attributes": {"ProcessID": "3244", "ThreadID": "4048"}}, "Channel": "Microsoft-Windows-Sysmon/Operational", "Computer": "PB-win-dc.lab.local", "Security": {"#attributes": {"UserID": "S-1-5-18"}}}, "EventData": {"RuleName": "DLL", "UtcTime": "2025-07-21 17:43:51.762", "ProcessGuid": "{1a289fba-7c52-687e-440c-000000000700}", "ProcessId": 7800, "Image": "C:\\Users\\ADMINI~1\\AppData\\Local\\Temp\\2\\7zS05BF71DF\\Installer.exe", "TargetFilename": "C:\\Users\\Administrator\\AppData\\Roaming\\Zoom\\tmp_bin\\OpenVINO_A\\tbb.dll", "CreationUtcTime": "2025-07-21 17:43:51.762", "User": "lab\\Administrator"}}, "submission_id": "d8fe910f-1bef-4fc2-abdd-8bc5651c84a0"}
{"Event": {"#attributes": {"xmlns": "{http://schemas.microsoft.com/win/2004/08/events/event}"}, "System": {"Provider": {"#attributes": {"Name": "Microsoft-Windows-Sysmon", "Guid": "{5770385f-c22a-43e0-bf4c-06f5698ffbd9}"}}, "EventID": 11, "Version": 2, "Level": 4, "Task": 11, "Opcode": 0, "Keywords": "0x8000000000000000", "TimeCreated": {"#attributes": {"SystemTime": "2025-07-21T17:43:51.6531918Z"}}, "EventRecordID": 6691, "Correlation": "", "Execution": {"#attributes": {"ProcessID": "3244", "ThreadID": "4048"}}, "Channel": "Microsoft-Windows-Sysmon/Operational", "Computer": "PB-win-dc.lab.local", "Security": {"#attributes": {"UserID": "S-1-5-18"}}}, "EventData": {"RuleName": "DLL", "UtcTime": "2025-07-21 17:43:51.653", "ProcessGuid": "{1a289fba-7c52-687e-440c-000000000700}", "ProcessId": 7800, "Image": "C:\\Users\\ADMINI~1\\AppData\\Local\\Temp\\2\\7zS05BF71DF\\Installer.exe", "TargetFilename": "C:\\Users\\Administrator\\AppData\\Roaming\\Zoom\\tmp_bin\\OpenVINO_A\\openvino_ir_frontend.dll", "CreationUtcTime": "2025-07-21 17:43:51.653", "User": "lab\\Administrator"}}, "submission_id": "d8fe910f-1bef-4fc2-abdd-8bc5651c84a0"}
{"Event": {"#attributes": {"xmlns": "{http://schemas.microsoft.com/win/2004/08/events/event}"}, "System": {"Provider": {"#attributes": {"Name": "Microsoft-Windows-Sysmon", "Guid": "{5770385f-c22a-43e0-bf4c-06f5698ffbd9}"}}, "EventID": 11, "Version": 2, "Level": 4, "Task": 11, "Opcode": 0, "Keywords": "0x8000000000000000", "TimeCreated": {"#attributes": {"SystemTime": "2025-07-21T17:43:51.6484328Z"}}, "EventRecordID": 6690, "Correlation": "", "Execution": {"#attributes": {"ProcessID": "3244", "ThreadID": "4048"}}, "Channel": "Microsoft-Windows-Sysmon/Operational", "Computer": "PB-win-dc.lab.local", "Security": {"#attributes": {"UserID": "S-1-5-18"}}}, "EventData": {"RuleName": "DLL", "UtcTime": "2025-07-21 17:43:51.637", "ProcessGuid": "{1a289fba-7c52-687e-440c-000000000700}", "ProcessId": 7800, "Image": "C:\\Users\\ADMINI~1\\AppData\\Local\\Temp\\2\\7zS05BF71DF\\Installer.exe", "TargetFilename": "C:\\Users\\Administrator\\AppData\\Roaming\\Zoom\\tmp_bin\\OpenVINO_A\\openvino_intel_gpu_plugin.dll", "CreationUtcTime": "2025-07-21 17:43:51.637", "User": "lab\\Administrator"}}, "submission_id": "d8fe910f-1bef-4fc2-abdd-8bc5651c84a0"}
{"Event": {"#attributes": {"xmlns": "{http://schemas.microsoft.com/win/2004/08/events/event}"}, "System": {"Provider": {"#attributes": {"Name": "Microsoft-Windows-Sysmon", "Guid": "{5770385f-c22a-43e0-bf4c-06f5698ffbd9}"}}, "EventID": 11, "Version": 2, "Level": 4, "Task": 11, "Opcode": 0, "Keywords": "0x8000000000000000", "TimeCreated": {"#attributes": {"SystemTime": "2025-07-21T17:43:51.6404822Z"}}, "EventRecordID": 6689, "Correlation": "", "Execution": {"#attributes": {"ProcessID": "3244", "ThreadID": "4048"}}, "Channel": "Microsoft-Windows-Sysmon/Operational", "Computer": "PB-win-dc.lab.local", "Security": {"#attributes": {"UserID": "S-1-5-18"}}}, "EventData": {"RuleName": "DLL", "UtcTime": "2025-07-21 17:43:51.637", "ProcessGuid": "{1a289fba-7c52-687e-440c-000000000700}", "ProcessId": 7800, "Image": "C:\\Users\\ADMINI~1\\AppData\\Local\\Temp\\2\\7zS05BF71DF\\Installer.exe", "TargetFilename": "C:\\Users\\Administrator\\AppData\\Roaming\\Zoom\\tmp_bin\\OpenVINO_A\\openvino_c.dll", "CreationUtcTime": "2025-07-21 17:43:51.637", "User": "lab\\Administrator"}}, "submission_id": "d8fe910f-1bef-4fc2-abdd-8bc5651c84a0"}
{"Event": {"#attributes": {"xmlns": "{http://schemas.microsoft.com/win/2004/08/events/event}"}, "System": {"Provider": {"#attributes": {"Name": "Microsoft-Windows-Sysmon", "Guid": "{5770385f-c22a-43e0-bf4c-06f5698ffbd9}"}}, "EventID": 11, "Version": 2, "Level": 4, "Task": 11, "Opcode": 0, "Keywords": "0x8000000000000000", "TimeCreated": {"#attributes": {"SystemTime": "2025-07-21T17:43:51.6340976Z"}}, "EventRecordID": 6688, "Correlation": "", "Execution": {"#attributes": {"ProcessID": "3244", "ThreadID": "4048"}}, "Channel": "Microsoft-Windows-Sysmon/Operational", "Computer": "PB-win-dc.lab.local", "Security": {"#attributes": {"UserID": "S-1-5-18"}}}, "EventData": {"RuleName": "DLL", "UtcTime": "2025-07-21 17:43:51.621", "ProcessGuid": "{1a289fba-7c52-687e-440c-000000000700}", "ProcessId": 7800, "Image": "C:\\Users\\ADMINI~1\\AppData\\Local\\Temp\\2\\7zS05BF71DF\\Installer.exe", "TargetFilename": "C:\\Users\\Administrator\\AppData\\Roaming\\Zoom\\tmp_bin\\OpenVINO_A\\openvino.dll", "CreationUtcTime": "2025-07-21 17:43:51.621", "User": "lab\\Administrator"}}, "submission_id": "d8fe910f-1bef-4fc2-abdd-8bc5651c84a0"}
{"Event": {"#attributes": {"xmlns": "{http://schemas.microsoft.com/win/2004/08/events/event}"}, "System": {"Provider": {"#attributes": {"Name": "Microsoft-Windows-Sysmon", "Guid": "{5770385f-c22a-43e0-bf4c-06f5698ffbd9}"}}, "EventID": 11, "Version": 2, "Level": 4, "Task": 11, "Opcode": 0, "Keywords": "0x8000000000000000", "TimeCreated": {"#attributes": {"SystemTime": "2025-07-21T17:43:51.6221612Z"}}, "EventRecordID": 6687, "Correlation": "", "Execution": {"#attributes": {"ProcessID": "3244", "ThreadID": "4048"}}, "Channel": "Microsoft-Windows-Sysmon/Operational", "Computer": "PB-win-dc.lab.local", "Security": {"#attributes": {"UserID": "S-1-5-18"}}}, "EventData": {"RuleName": "DLL", "UtcTime": "2025-07-21 17:43:51.621", "ProcessGuid": "{1a289fba-7c52-687e-440c-000000000700}", "ProcessId": 7800, "Image": "C:\\Users\\ADMINI~1\\AppData\\Local\\Temp\\2\\7zS05BF71DF\\Installer.exe", "TargetFilename": "C:\\Users\\Administrator\\AppData\\Roaming\\Zoom\\tmp_bin\\d3dcompiler_47.dll", "CreationUtcTime": "2025-07-21 17:43:51.621", "User": "lab\\Administrator"}}, "submission_id": "d8fe910f-1bef-4fc2-abdd-8bc5651c84a0"}
{"Event": {"#attributes": {"xmlns": "{http://schemas.microsoft.com/win/2004/08/events/event}"}, "System": {"Provider": {"#attributes": {"Name": "Microsoft-Windows-Sysmon", "Guid": "{5770385f-c22a-43e0-bf4c-06f5698ffbd9}"}}, "EventID": 11, "Version": 2, "Level": 4, "Task": 11, "Opcode": 0, "Keywords": "0x8000000000000000", "TimeCreated": {"#attributes": {"SystemTime": "2025-07-21T17:43:51.5060943Z"}}, "EventRecordID": 6686, "Correlation": "", "Execution": {"#attributes": {"ProcessID": "3244", "ThreadID": "4048"}}, "Channel": "Microsoft-Windows-Sysmon/Operational", "Computer": "PB-win-dc.lab.local", "Security": {"#attributes": {"UserID": "S-1-5-18"}}}, "EventData": {"RuleName": "DLL", "UtcTime": "2025-07-21 17:43:51.496", "ProcessGuid": "{1a289fba-7c52-687e-440c-000000000700}", "ProcessId": 7800, "Image": "C:\\Users\\ADMINI~1\\AppData\\Local\\Temp\\2\\7zS05BF71DF\\Installer.exe", "TargetFilename": "C:\\Users\\Administrator\\AppData\\Roaming\\Zoom\\tmp_bin\\dvf.dll", "CreationUtcTime": "2025-07-21 17:43:51.496", "User": "lab\\Administrator"}}, "submission_id": "d8fe910f-1bef-4fc2-abdd-8bc5651c84a0"}
{"Event": {"#attributes": {"xmlns": "{http://schemas.microsoft.com/win/2004/08/events/event}"}, "System": {"Provider": {"#attributes": {"Name": "Microsoft-Windows-Sysmon", "Guid": "{5770385f-c22a-43e0-bf4c-06f5698ffbd9}"}}, "EventID": 11, "Version": 2, "Level": 4, "Task": 11, "Opcode": 0, "Keywords": "0x8000000000000000", "TimeCreated": {"#attributes": {"SystemTime": "2025-07-21T17:43:51.5007214Z"}}, "EventRecordID": 6685, "Correlation": "", "Execution": {"#attributes": {"ProcessID": "3244", "ThreadID": "4048"}}, "Channel": "Microsoft-Windows-Sysmon/Operational", "Computer": "PB-win-dc.lab.local", "Security": {"#attributes": {"UserID": "S-1-5-18"}}}, "EventData": {"RuleName": "DLL", "UtcTime": "2025-07-21 17:43:51.496", "ProcessGuid": "{1a289fba-7c52-687e-440c-000000000700}", "ProcessId": 7800, "Image": "C:\\Users\\ADMINI~1\\AppData\\Local\\Temp\\2\\7zS05BF71DF\\Installer.exe", "TargetFilename": "C:\\Users\\Administrator\\AppData\\Roaming\\Zoom\\tmp_bin\\zmp.dll", "CreationUtcTime": "2025-07-21 17:43:51.496", "User": "lab\\Administrator"}}, "submission_id": "d8fe910f-1bef-4fc2-abdd-8bc5651c84a0"}
{"Event": {"#attributes": {"xmlns": "{http://schemas.microsoft.com/win/2004/08/events/event}"}, "System": {"Provider": {"#attributes": {"Name": "Microsoft-Windows-Sysmon", "Guid": "{5770385f-c22a-43e0-bf4c-06f5698ffbd9}"}}, "EventID": 11, "Version": 2, "Level": 4, "Task": 11, "Opcode": 0, "Keywords": "0x8000000000000000", "TimeCreated": {"#attributes": {"SystemTime": "2025-07-21T17:43:51.4968667Z"}}, "EventRecordID": 6684, "Correlation": "", "Execution": {"#attributes": {"ProcessID": "3244", "ThreadID": "4048"}}, "Channel": "Microsoft-Windows-Sysmon/Operational", "Computer": "PB-win-dc.lab.local", "Security": {"#attributes": {"UserID": "S-1-5-18"}}}, "EventData": {"RuleName": "DLL", "UtcTime": "2025-07-21 17:43:51.496", "ProcessGuid": "{1a289fba-7c52-687e-440c-000000000700}", "ProcessId": 7800, "Image": "C:\\Users\\ADMINI~1\\AppData\\Local\\Temp\\2\\7zS05BF71DF\\Installer.exe", "TargetFilename": "C:\\Users\\Administrator\\AppData\\Roaming\\Zoom\\tmp_bin\\ryzen_ai_vart.dll", "CreationUtcTime": "2025-07-21 17:43:51.496", "User": "lab\\Administrator"}}, "submission_id": "d8fe910f-1bef-4fc2-abdd-8bc5651c84a0"}
{"Event": {"#attributes": {"xmlns": "{http://schemas.microsoft.com/win/2004/08/events/event}"}, "System": {"Provider": {"#attributes": {"Name": "Microsoft-Windows-Sysmon", "Guid": "{5770385f-c22a-43e0-bf4c-06f5698ffbd9}"}}, "EventID": 11, "Version": 2, "Level": 4, "Task": 11, "Opcode": 0, "Keywords": "0x8000000000000000", "TimeCreated": {"#attributes": {"SystemTime": "2025-07-21T17:43:51.4926810Z"}}, "EventRecordID": 6683, "Correlation": "", "Execution": {"#attributes": {"ProcessID": "3244", "ThreadID": "4048"}}, "Channel": "Microsoft-Windows-Sysmon/Operational", "Computer": "PB-win-dc.lab.local", "Security": {"#attributes": {"UserID": "S-1-5-18"}}}, "EventData": {"RuleName": "DLL", "UtcTime": "2025-07-21 17:43:51.481", "ProcessGuid": "{1a289fba-7c52-687e-440c-000000000700}", "ProcessId": 7800, "Image": "C:\\Users\\ADMINI~1\\AppData\\Local\\Temp\\2\\7zS05BF71DF\\Installer.exe", "TargetFilename": "C:\\Users\\Administrator\\AppData\\Roaming\\Zoom\\tmp_bin\\clDNN64.dll", "CreationUtcTime": "2025-07-21 17:43:51.481", "User": "lab\\Administrator"}}, "submission_id": "d8fe910f-1bef-4fc2-abdd-8bc5651c84a0"}
{"Event": {"#attributes": {"xmlns": "{http://schemas.microsoft.com/win/2004/08/events/event}"}, "System": {"Provider": {"#attributes": {"Name": "Microsoft-Windows-Sysmon", "Guid": "{5770385f-c22a-43e0-bf4c-06f5698ffbd9}"}}, "EventID": 11, "Version": 2, "Level": 4, "Task": 11, "Opcode": 0, "Keywords": "0x8000000000000000", "TimeCreated": {"#attributes": {"SystemTime": "2025-07-21T17:43:51.4841423Z"}}, "EventRecordID": 6682, "Correlation": "", "Execution": {"#attributes": {"ProcessID": "3244", "ThreadID": "4048"}}, "Channel": "Microsoft-Windows-Sysmon/Operational", "Computer": "PB-win-dc.lab.local", "Security": {"#attributes": {"UserID": "S-1-5-18"}}}, "EventData": {"RuleName": "DLL", "UtcTime": "2025-07-21 17:43:51.481", "ProcessGuid": "{1a289fba-7c52-687e-440c-000000000700}", "ProcessId": 7800, "Image": "C:\\Users\\ADMINI~1\\AppData\\Local\\Temp\\2\\7zS05BF71DF\\Installer.exe", "TargetFilename": "C:\\Users\\Administrator\\AppData\\Roaming\\Zoom\\tmp_bin\\mkldnn.dll", "CreationUtcTime": "2025-07-21 17:43:51.481", "User": "lab\\Administrator"}}, "submission_id": "d8fe910f-1bef-4fc2-abdd-8bc5651c84a0"}
{"Event": {"#attributes": {"xmlns": "{http://schemas.microsoft.com/win/2004/08/events/event}"}, "System": {"Provider": {"#attributes": {"Name": "Microsoft-Windows-Sysmon", "Guid": "{5770385f-c22a-43e0-bf4c-06f5698ffbd9}"}}, "EventID": 11, "Version": 2, "Level": 4, "Task": 11, "Opcode": 0, "Keywords": "0x8000000000000000", "TimeCreated": {"#attributes": {"SystemTime": "2025-07-21T17:43:51.4717268Z"}}, "EventRecordID": 6681, "Correlation": "", "Execution": {"#attributes": {"ProcessID": "3244", "ThreadID": "4048"}}, "Channel": "Microsoft-Windows-Sysmon/Operational", "Computer": "PB-win-dc.lab.local", "Security": {"#attributes": {"UserID": "S-1-5-18"}}}, "EventData": {"RuleName": "DLL", "UtcTime": "2025-07-21 17:43:51.465", "ProcessGuid": "{1a289fba-7c52-687e-440c-000000000700}", "ProcessId": 7800, "Image": "C:\\Users\\ADMINI~1\\AppData\\Local\\Temp\\2\\7zS05BF71DF\\Installer.exe", "TargetFilename": "C:\\Users\\Administrator\\AppData\\Roaming\\Zoom\\tmp_bin\\libcml.dll", "CreationUtcTime": "2025-07-21 17:43:51.465", "User": "lab\\Administrator"}}, "submission_id": "d8fe910f-1bef-4fc2-abdd-8bc5651c84a0"}
{"Event": {"#attributes": {"xmlns": "{http://schemas.microsoft.com/win/2004/08/events/event}"}, "System": {"Provider": {"#attributes": {"Name": "Microsoft-Windows-Sysmon", "Guid": "{5770385f-c22a-43e0-bf4c-06f5698ffbd9}"}}, "EventID": 11, "Version": 2, "Level": 4, "Task": 11, "Opcode": 0, "Keywords": "0x8000000000000000", "TimeCreated": {"#attributes": {"SystemTime": "2025-07-21T17:43:51.4579836Z"}}, "EventRecordID": 6680, "Correlation": "", "Execution": {"#attributes": {"ProcessID": "3244", "ThreadID": "4048"}}, "Channel": "Microsoft-Windows-Sysmon/Operational", "Computer": "PB-win-dc.lab.local", "Security": {"#attributes": {"UserID": "S-1-5-18"}}}, "EventData": {"RuleName": "EXE", "UtcTime": "2025-07-21 17:43:51.449", "ProcessGuid": "{1a289fba-7c52-687e-440c-000000000700}", "ProcessId": 7800, "Image": "C:\\Users\\ADMINI~1\\AppData\\Local\\Temp\\2\\7zS05BF71DF\\Installer.exe", "TargetFilename": "C:\\Users\\Administrator\\AppData\\Roaming\\Zoom\\tmp_bin\\aomhost64.exe", "CreationUtcTime": "2025-07-21 17:43:51.449", "User": "lab\\Administrator"}}, "submission_id": "d8fe910f-1bef-4fc2-abdd-8bc5651c84a0"}
{"Event": {"#attributes": {"xmlns": "{http://schemas.microsoft.com/win/2004/08/events/event}"}, "System": {"Provider": {"#attributes": {"Name": "Microsoft-Windows-Sysmon", "Guid": "{5770385f-c22a-43e0-bf4c-06f5698ffbd9}"}}, "EventID": 11, "Version": 2, "Level": 4, "Task": 11, "Opcode": 0, "Keywords": "0x8000000000000000", "TimeCreated": {"#attributes": {"SystemTime": "2025-07-21T17:43:51.4538016Z"}}, "EventRecordID": 6679, "Correlation": "", "Execution": {"#attributes": {"ProcessID": "3244", "ThreadID": "4048"}}, "Channel": "Microsoft-Windows-Sysmon/Operational", "Computer": "PB-win-dc.lab.local", "Security": {"#attributes": {"UserID": "S-1-5-18"}}}, "EventData": {"RuleName": "DLL", "UtcTime": "2025-07-21 17:43:51.449", "ProcessGuid": "{1a289fba-7c52-687e-440c-000000000700}", "ProcessId": 7800, "Image": "C:\\Users\\ADMINI~1\\AppData\\Local\\Temp\\2\\7zS05BF71DF\\Installer.exe", "TargetFilename": "C:\\Users\\Administrator\\AppData\\Roaming\\Zoom\\tmp_bin\\aomagent.dll", "CreationUtcTime": "2025-07-21 17:43:51.449", "User": "lab\\Administrator"}}, "submission_id": "d8fe910f-1bef-4fc2-abdd-8bc5651c84a0"}
{"Event": {"#attributes": {"xmlns": "{http://schemas.microsoft.com/win/2004/08/events/event}"}, "System": {"Provider": {"#attributes": {"Name": "Microsoft-Windows-Sysmon", "Guid": "{5770385f-c22a-43e0-bf4c-06f5698ffbd9}"}}, "EventID": 11, "Version": 2, "Level": 4, "Task": 11, "Opcode": 0, "Keywords": "0x8000000000000000", "TimeCreated": {"#attributes": {"SystemTime": "2025-07-21T17:43:51.4496445Z"}}, "EventRecordID": 6678, "Correlation": "", "Execution": {"#attributes": {"ProcessID": "3244", "ThreadID": "4048"}}, "Channel": "Microsoft-Windows-Sysmon/Operational", "Computer": "PB-win-dc.lab.local", "Security": {"#attributes": {"UserID": "S-1-5-18"}}}, "EventData": {"RuleName": "DLL", "UtcTime": "2025-07-21 17:43:51.434", "ProcessGuid": "{1a289fba-7c52-687e-440c-000000000700}", "ProcessId": 7800, "Image": "C:\\Users\\ADMINI~1\\AppData\\Local\\Temp\\2\\7zS05BF71DF\\Installer.exe", "TargetFilename": "C:\\Users\\Administrator\\AppData\\Roaming\\Zoom\\tmp_bin\\zPhoneRes.dll", "CreationUtcTime": "2025-07-21 17:43:51.434", "User": "lab\\Administrator"}}, "submission_id": "d8fe910f-1bef-4fc2-abdd-8bc5651c84a0"}
{"Event": {"#attributes": {"xmlns": "{http://schemas.microsoft.com/win/2004/08/events/event}"}, "System": {"Provider": {"#attributes": {"Name": "Microsoft-Windows-Sysmon", "Guid": "{5770385f-c22a-43e0-bf4c-06f5698ffbd9}"}}, "EventID": 11, "Version": 2, "Level": 4, "Task": 11, "Opcode": 0, "Keywords": "0x8000000000000000", "TimeCreated": {"#attributes": {"SystemTime": "2025-07-21T17:43:51.4446690Z"}}, "EventRecordID": 6677, "Correlation": "", "Execution": {"#attributes": {"ProcessID": "3244", "ThreadID": "4048"}}, "Channel": "Microsoft-Windows-Sysmon/Operational", "Computer": "PB-win-dc.lab.local", "Security": {"#attributes": {"UserID": "S-1-5-18"}}}, "EventData": {"RuleName": "DLL", "UtcTime": "2025-07-21 17:43:51.434", "ProcessGuid": "{1a289fba-7c52-687e-440c-000000000700}", "ProcessId": 7800, "Image": "C:\\Users\\ADMINI~1\\AppData\\Local\\Temp\\2\\7zS05BF71DF\\Installer.exe", "TargetFilename": "C:\\Users\\Administrator\\AppData\\Roaming\\Zoom\\tmp_bin\\zSipcallRes.dll", "CreationUtcTime": "2025-07-21 17:43:51.434", "User": "lab\\Administrator"}}, "submission_id": "d8fe910f-1bef-4fc2-abdd-8bc5651c84a0"}
{"Event": {"#attributes": {"xmlns": "{http://schemas.microsoft.com/win/2004/08/events/event}"}, "System": {"Provider": {"#attributes": {"Name": "Microsoft-Windows-Sysmon", "Guid": "{5770385f-c22a-43e0-bf4c-06f5698ffbd9}"}}, "EventID": 11, "Version": 2, "Level": 4, "Task": 11, "Opcode": 0, "Keywords": "0x8000000000000000", "TimeCreated": {"#attributes": {"SystemTime": "2025-07-21T17:43:51.4389277Z"}}, "EventRecordID": 6676, "Correlation": "", "Execution": {"#attributes": {"ProcessID": "3244", "ThreadID": "4048"}}, "Channel": "Microsoft-Windows-Sysmon/Operational", "Computer": "PB-win-dc.lab.local", "Security": {"#attributes": {"UserID": "S-1-5-18"}}}, "EventData": {"RuleName": "DLL", "UtcTime": "2025-07-21 17:43:51.434", "ProcessGuid": "{1a289fba-7c52-687e-440c-000000000700}", "ProcessId": 7800, "Image": "C:\\Users\\ADMINI~1\\AppData\\Local\\Temp\\2\\7zS05BF71DF\\Installer.exe", "TargetFilename": "C:\\Users\\Administrator\\AppData\\Roaming\\Zoom\\tmp_bin\\zPhoneUI.dll", "CreationUtcTime": "2025-07-21 17:43:51.434", "User": "lab\\Administrator"}}, "submission_id": "d8fe910f-1bef-4fc2-abdd-8bc5651c84a0"}
{"Event": {"#attributes": {"xmlns": "{http://schemas.microsoft.com/win/2004/08/events/event}"}, "System": {"Provider": {"#attributes": {"Name": "Microsoft-Windows-Sysmon", "Guid": "{5770385f-c22a-43e0-bf4c-06f5698ffbd9}"}}, "EventID": 11, "Version": 2, "Level": 4, "Task": 11, "Opcode": 0, "Keywords": "0x8000000000000000", "TimeCreated": {"#attributes": {"SystemTime": "2025-07-21T17:43:51.4302844Z"}}, "EventRecordID": 6675, "Correlation": "", "Execution": {"#attributes": {"ProcessID": "3244", "ThreadID": "4048"}}, "Channel": "Microsoft-Windows-Sysmon/Operational", "Computer": "PB-win-dc.lab.local", "Security": {"#attributes": {"UserID": "S-1-5-18"}}}, "EventData": {"RuleName": "DLL", "UtcTime": "2025-07-21 17:43:51.418", "ProcessGuid": "{1a289fba-7c52-687e-440c-000000000700}", "ProcessId": 7800, "Image": "C:\\Users\\ADMINI~1\\AppData\\Local\\Temp\\2\\7zS05BF71DF\\Installer.exe", "TargetFilename": "C:\\Users\\Administrator\\AppData\\Roaming\\Zoom\\tmp_bin\\zSipcallUI.dll", "CreationUtcTime": "2025-07-21 17:43:51.418", "User": "lab\\Administrator"}}, "submission_id": "d8fe910f-1bef-4fc2-abdd-8bc5651c84a0"}
{"Event": {"#attributes": {"xmlns": "{http://schemas.microsoft.com/win/2004/08/events/event}"}, "System": {"Provider": {"#attributes": {"Name": "Microsoft-Windows-Sysmon", "Guid": "{5770385f-c22a-43e0-bf4c-06f5698ffbd9}"}}, "EventID": 11, "Version": 2, "Level": 4, "Task": 11, "Opcode": 0, "Keywords": "0x8000000000000000", "TimeCreated": {"#attributes": {"SystemTime": "2025-07-21T17:43:51.4261029Z"}}, "EventRecordID": 6674, "Correlation": "", "Execution": {"#attributes": {"ProcessID": "3244", "ThreadID": "4048"}}, "Channel": "Microsoft-Windows-Sysmon/Operational", "Computer": "PB-win-dc.lab.local", "Security": {"#attributes": {"UserID": "S-1-5-18"}}}, "EventData": {"RuleName": "DLL", "UtcTime": "2025-07-21 17:43:51.418", "ProcessGuid": "{1a289fba-7c52-687e-440c-000000000700}", "ProcessId": 7800, "Image": "C:\\Users\\ADMINI~1\\AppData\\Local\\Temp\\2\\7zS05BF71DF\\Installer.exe", "TargetFilename": "C:\\Users\\Administrator\\AppData\\Roaming\\Zoom\\tmp_bin\\libmpg123.dll", "CreationUtcTime": "2025-07-21 17:43:51.418", "User": "lab\\Administrator"}}, "submission_id": "d8fe910f-1bef-4fc2-abdd-8bc5651c84a0"}
{"Event": {"#attributes": {"xmlns": "{http://schemas.microsoft.com/win/2004/08/events/event}"}, "System": {"Provider": {"#attributes": {"Name": "Microsoft-Windows-Sysmon", "Guid": "{5770385f-c22a-43e0-bf4c-06f5698ffbd9}"}}, "EventID": 11, "Version": 2, "Level": 4, "Task": 11, "Opcode": 0, "Keywords": "0x8000000000000000", "TimeCreated": {"#attributes": {"SystemTime": "2025-07-21T17:43:51.4231773Z"}}, "EventRecordID": 6673, "Correlation": "", "Execution": {"#attributes": {"ProcessID": "3244", "ThreadID": "4048"}}, "Channel": "Microsoft-Windows-Sysmon/Operational", "Computer": "PB-win-dc.lab.local", "Security": {"#attributes": {"UserID": "S-1-5-18"}}}, "EventData": {"RuleName": "DLL", "UtcTime": "2025-07-21 17:43:51.418", "ProcessGuid": "{1a289fba-7c52-687e-440c-000000000700}", "ProcessId": 7800, "Image": "C:\\Users\\ADMINI~1\\AppData\\Local\\Temp\\2\\7zS05BF71DF\\Installer.exe", "TargetFilename": "C:\\Users\\Administrator\\AppData\\Roaming\\Zoom\\tmp_bin\\zAssistant.dll", "CreationUtcTime": "2025-07-21 17:43:51.418", "User": "lab\\Administrator"}}, "submission_id": "d8fe910f-1bef-4fc2-abdd-8bc5651c84a0"}
{"Event": {"#attributes": {"xmlns": "{http://schemas.microsoft.com/win/2004/08/events/event}"}, "System": {"Provider": {"#attributes": {"Name": "Microsoft-Windows-Sysmon", "Guid": "{5770385f-c22a-43e0-bf4c-06f5698ffbd9}"}}, "EventID": 11, "Version": 2, "Level": 4, "Task": 11, "Opcode": 0, "Keywords": "0x8000000000000000", "TimeCreated": {"#attributes": {"SystemTime": "2025-07-21T17:43:51.4164434Z"}}, "EventRecordID": 6672, "Correlation": "", "Execution": {"#attributes": {"ProcessID": "3244", "ThreadID": "4048"}}, "Channel": "Microsoft-Windows-Sysmon/Operational", "Computer": "PB-win-dc.lab.local", "Security": {"#attributes": {"UserID": "S-1-5-18"}}}, "EventData": {"RuleName": "DLL", "UtcTime": "2025-07-21 17:43:51.402", "ProcessGuid": "{1a289fba-7c52-687e-440c-000000000700}", "ProcessId": 7800, "Image": "C:\\Users\\ADMINI~1\\AppData\\Local\\Temp\\2\\7zS05BF71DF\\Installer.exe", "TargetFilename": "C:\\Users\\Administrator\\AppData\\Roaming\\Zoom\\tmp_bin\\zSIPSDK.dll", "CreationUtcTime": "2025-07-21 17:43:51.402", "User": "lab\\Administrator"}}, "submission_id": "d8fe910f-1bef-4fc2-abdd-8bc5651c84a0"}
