{"Event": {"#attributes": {"xmlns": "{http://schemas.microsoft.com/win/2004/08/events/event}"}, "System": {"Provider": {"#attributes": {"Name": "Microsoft-Windows-Sysmon", "Guid": "{5770385f-c22a-43e0-bf4c-06f5698ffbd9}"}}, "EventID": 11, "Version": 2, "Level": 4, "Task": 11, "Opcode": 0, "Keywords": "0x8000000000000000", "TimeCreated": {"#attributes": {"SystemTime": "2025-07-21T17:43:50.6455492Z"}}, "EventRecordID": 6451, "Correlation": "", "Execution": {"#attributes": {"ProcessID": "3244", "ThreadID": "4048"}}, "Channel": "Microsoft-Windows-Sysmon/Operational", "Computer": "PB-win-dc.lab.local", "Security": {"#attributes": {"UserID": "S-1-5-18"}}}, "EventData": {"RuleName": "DLL", "UtcTime": "2025-07-21 17:43:50.637", "ProcessGuid": "{1a289fba-7c52-687e-440c-000000000700}", "ProcessId": 7800, "Image": "C:\\Users\\ADMINI~1\\AppData\\Local\\Temp\\2\\7zS05BF71DF\\Installer.exe", "TargetFilename": "C:\\Users\\Administrator\\AppData\\Roaming\\Zoom\\zoom_install_src\\language\\zLang_tr.dll", "CreationUtcTime": "2025-07-21 17:43:50.637", "User": "lab\\Administrator"}}, "submission_id": "d8fe910f-1bef-4fc2-abdd-8bc5651c84a0"}
{"Event": {"#attributes": {"xmlns": "{http://schemas.microsoft.com/win/2004/08/events/event}"}, "System": {"Provider": {"#attributes": {"Name": "Microsoft-Windows-Sysmon", "Guid": "{5770385f-c22a-43e0-bf4c-06f5698ffbd9}"}}, "EventID": 11, "Version": 2, "Level": 4, "Task": 11, "Opcode": 0, "Keywords": "0x8000000000000000", "TimeCreated": {"#attributes": {"SystemTime": "2025-07-21T17:43:50.6450071Z"}}, "EventRecordID": 6450, "Correlation": "", "Execution": {"#attributes": {"ProcessID": "3244", "ThreadID": "4048"}}, "Channel": "Microsoft-Windows-Sysmon/Operational", "Computer": "PB-win-dc.lab.local", "Security": {"#attributes": {"UserID": "S-1-5-18"}}}, "EventData": {"RuleName": "DLL", "UtcTime": "2025-07-21 17:43:50.637", "ProcessGuid": "{1a289fba-7c52-687e-440c-000000000700}", "ProcessId": 7800, "Image": "C:\\Users\\ADMINI~1\\AppData\\Local\\Temp\\2\\7zS05BF71DF\\Installer.exe", "TargetFilename": "C:\\Users\\Administrator\\AppData\\Roaming\\Zoom\\zoom_install_src\\language\\zLang_sv.dll", "CreationUtcTime": "2025-07-21 17:43:50.637", "User": "lab\\Administrator"}}, "submission_id": "d8fe910f-1bef-4fc2-abdd-8bc5651c84a0"}
{"Event": {"#attributes": {"xmlns": "{http://schemas.microsoft.com/win/2004/08/events/event}"}, "System": {"Provider": {"#attributes": {"Name": "Microsoft-Windows-Sysmon", "Guid": "{5770385f-c22a-43e0-bf4c-06f5698ffbd9}"}}, "EventID": 11, "Version": 2, "Level": 4, "Task": 11, "Opcode": 0, "Keywords": "0x8000000000000000", "TimeCreated": {"#attributes": {"SystemTime": "2025-07-21T17:43:50.6443585Z"}}, "EventRecordID": 6449, "Correlation": "", "Execution": {"#attributes": {"ProcessID": "3244", "ThreadID": "4048"}}, "Channel": "Microsoft-Windows-Sysmon/Operational", "Computer": "PB-win-dc.lab.local", "Security": {"#attributes": {"UserID": "S-1-5-18"}}}, "EventData": {"RuleName": "DLL", "UtcTime": "2025-07-21 17:43:50.637", "ProcessGuid": "{1a289fba-7c52-687e-440c-000000000700}", "ProcessId": 7800, "Image": "C:\\Users\\ADMINI~1\\AppData\\Local\\Temp\\2\\7zS05BF71DF\\Installer.exe", "TargetFilename": "C:\\Users\\Administrator\\AppData\\Roaming\\Zoom\\zoom_install_src\\language\\zLang_ru.dll", "CreationUtcTime": "2025-07-21 17:43:50.637", "User": "lab\\Administrator"}}, "submission_id": "d8fe910f-1bef-4fc2-abdd-8bc5651c84a0"}
{"Event": {"#attributes": {"xmlns": "{http://schemas.microsoft.com/win/2004/08/events/event}"}, "System": {"Provider": {"#attributes": {"Name": "Microsoft-Windows-Sysmon", "Guid": "{5770385f-c22a-43e0-bf4c-06f5698ffbd9}"}}, "EventID": 11, "Version": 2, "Level": 4, "Task": 11, "Opcode": 0, "Keywords": "0x8000000000000000", "TimeCreated": {"#attributes": {"SystemTime": "2025-07-21T17:43:50.6436019Z"}}, "EventRecordID": 6448, "Correlation": "", "Execution": {"#attributes": {"ProcessID": "3244", "ThreadID": "4048"}}, "Channel": "Microsoft-Windows-Sysmon/Operational", "Computer": "PB-win-dc.lab.local", "Security": {"#attributes": {"UserID": "S-1-5-18"}}}, "EventData": {"RuleName": "DLL", "UtcTime": "2025-07-21 17:43:50.637", "ProcessGuid": "{1a289fba-7c52-687e-440c-000000000700}", "ProcessId": 7800, "Image": "C:\\Users\\ADMINI~1\\AppData\\Local\\Temp\\2\\7zS05BF71DF\\Installer.exe", "TargetFilename": "C:\\Users\\Administrator\\AppData\\Roaming\\Zoom\\zoom_install_src\\language\\zLang_ptg.dll", "CreationUtcTime": "2025-07-21 17:43:50.637", "User": "lab\\Administrator"}}, "submission_id": "d8fe910f-1bef-4fc2-abdd-8bc5651c84a0"}
{"Event": {"#attributes": {"xmlns": "{http://schemas.microsoft.com/win/2004/08/events/event}"}, "System": {"Provider": {"#attributes": {"Name": "Microsoft-Windows-Sysmon", "Guid": "{5770385f-c22a-43e0-bf4c-06f5698ffbd9}"}}, "EventID": 11, "Version": 2, "Level": 4, "Task": 11, "Opcode": 0, "Keywords": "0x8000000000000000", "TimeCreated": {"#attributes": {"SystemTime": "2025-07-21T17:43:50.6430463Z"}}, "EventRecordID": 6447, "Correlation": "", "Execution": {"#attributes": {"ProcessID": "3244", "ThreadID": "4048"}}, "Channel": "Microsoft-Windows-Sysmon/Operational", "Computer": "PB-win-dc.lab.local", "Security": {"#attributes": {"UserID": "S-1-5-18"}}}, "EventData": {"RuleName": "DLL", "UtcTime": "2025-07-21 17:43:50.637", "ProcessGuid": "{1a289fba-7c52-687e-440c-000000000700}", "ProcessId": 7800, "Image": "C:\\Users\\ADMINI~1\\AppData\\Local\\Temp\\2\\7zS05BF71DF\\Installer.exe", "TargetFilename": "C:\\Users\\Administrator\\AppData\\Roaming\\Zoom\\zoom_install_src\\language\\zLang_pl.dll", "CreationUtcTime": "2025-07-21 17:43:50.637", "User": "lab\\Administrator"}}, "submission_id": "d8fe910f-1bef-4fc2-abdd-8bc5651c84a0"}
{"Event": {"#attributes": {"xmlns": "{http://schemas.microsoft.com/win/2004/08/events/event}"}, "System": {"Provider": {"#attributes": {"Name": "Microsoft-Windows-Sysmon", "Guid": "{5770385f-c22a-43e0-bf4c-06f5698ffbd9}"}}, "EventID": 11, "Version": 2, "Level": 4, "Task": 11, "Opcode": 0, "Keywords": "0x8000000000000000", "TimeCreated": {"#attributes": {"SystemTime": "2025-07-21T17:43:50.6425148Z"}}, "EventRecordID": 6446, "Correlation": "", "Execution": {"#attributes": {"ProcessID": "3244", "ThreadID": "4048"}}, "Channel": "Microsoft-Windows-Sysmon/Operational", "Computer": "PB-win-dc.lab.local", "Security": {"#attributes": {"UserID": "S-1-5-18"}}}, "EventData": {"RuleName": "DLL", "UtcTime": "2025-07-21 17:43:50.637", "ProcessGuid": "{1a289fba-7c52-687e-440c-000000000700}", "ProcessId": 7800, "Image": "C:\\Users\\ADMINI~1\\AppData\\Local\\Temp\\2\\7zS05BF71DF\\Installer.exe", "TargetFilename": "C:\\Users\\Administrator\\AppData\\Roaming\\Zoom\\zoom_install_src\\language\\zLang_nl.dll", "CreationUtcTime": "2025-07-21 17:43:50.637", "User": "lab\\Administrator"}}, "submission_id": "d8fe910f-1bef-4fc2-abdd-8bc5651c84a0"}
{"Event": {"#attributes": {"xmlns": "{http://schemas.microsoft.com/win/2004/08/events/event}"}, "System": {"Provider": {"#attributes": {"Name": "Microsoft-Windows-Sysmon", "Guid": "{5770385f-c22a-43e0-bf4c-06f5698ffbd9}"}}, "EventID": 11, "Version": 2, "Level": 4, "Task": 11, "Opcode": 0, "Keywords": "0x8000000000000000", "TimeCreated": {"#attributes": {"SystemTime": "2025-07-21T17:43:50.6419509Z"}}, "EventRecordID": 6445, "Correlation": "", "Execution": {"#attributes": {"ProcessID": "3244", "ThreadID": "4048"}}, "Channel": "Microsoft-Windows-Sysmon/Operational", "Computer": "PB-win-dc.lab.local", "Security": {"#attributes": {"UserID": "S-1-5-18"}}}, "EventData": {"RuleName": "DLL", "UtcTime": "2025-07-21 17:43:50.637", "ProcessGuid": "{1a289fba-7c52-687e-440c-000000000700}", "ProcessId": 7800, "Image": "C:\\Users\\ADMINI~1\\AppData\\Local\\Temp\\2\\7zS05BF71DF\\Installer.exe", "TargetFilename": "C:\\Users\\Administrator\\AppData\\Roaming\\Zoom\\zoom_install_src\\language\\zLang_korean.dll", "CreationUtcTime": "2025-07-21 17:43:50.637", "User": "lab\\Administrator"}}, "submission_id": "d8fe910f-1bef-4fc2-abdd-8bc5651c84a0"}
{"Event": {"#attributes": {"xmlns": "{http://schemas.microsoft.com/win/2004/08/events/event}"}, "System": {"Provider": {"#attributes": {"Name": "Microsoft-Windows-Sysmon", "Guid": "{5770385f-c22a-43e0-bf4c-06f5698ffbd9}"}}, "EventID": 11, "Version": 2, "Level": 4, "Task": 11, "Opcode": 0, "Keywords": "0x8000000000000000", "TimeCreated": {"#attributes": {"SystemTime": "2025-07-21T17:43:50.6410561Z"}}, "EventRecordID": 6444, "Correlation": "", "Execution": {"#attributes": {"ProcessID": "3244", "ThreadID": "4048"}}, "Channel": "Microsoft-Windows-Sysmon/Operational", "Computer": "PB-win-dc.lab.local", "Security": {"#attributes": {"UserID": "S-1-5-18"}}}, "EventData": {"RuleName": "DLL", "UtcTime": "2025-07-21 17:43:50.637", "ProcessGuid": "{1a289fba-7c52-687e-440c-000000000700}", "ProcessId": 7800, "Image": "C:\\Users\\ADMINI~1\\AppData\\Local\\Temp\\2\\7zS05BF71DF\\Installer.exe", "TargetFilename": "C:\\Users\\Administrator\\AppData\\Roaming\\Zoom\\zoom_install_src\\language\\zLang_jp.dll", "CreationUtcTime": "2025-07-21 17:43:50.637", "User": "lab\\Administrator"}}, "submission_id": "d8fe910f-1bef-4fc2-abdd-8bc5651c84a0"}
{"Event": {"#attributes": {"xmlns": "{http://schemas.microsoft.com/win/2004/08/events/event}"}, "System": {"Provider": {"#attributes": {"Name": "Microsoft-Windows-Sysmon", "Guid": "{5770385f-c22a-43e0-bf4c-06f5698ffbd9}"}}, "EventID": 11, "Version": 2, "Level": 4, "Task": 11, "Opcode": 0, "Keywords": "0x8000000000000000", "TimeCreated": {"#attributes": {"SystemTime": "2025-07-21T17:43:50.6403998Z"}}, "EventRecordID": 6443, "Correlation": "", "Execution": {"#attributes": {"ProcessID": "3244", "ThreadID": "4048"}}, "Channel": "Microsoft-Windows-Sysmon/Operational", "Computer": "PB-win-dc.lab.local", "Security": {"#attributes": {"UserID": "S-1-5-18"}}}, "EventData": {"RuleName": "DLL", "UtcTime": "2025-07-21 17:43:50.637", "ProcessGuid": "{1a289fba-7c52-687e-440c-000000000700}", "ProcessId": 7800, "Image": "C:\\Users\\ADMINI~1\\AppData\\Local\\Temp\\2\\7zS05BF71DF\\Installer.exe", "TargetFilename": "C:\\Users\\Administrator\\AppData\\Roaming\\Zoom\\zoom_install_src\\language\\zLang_it.dll", "CreationUtcTime": "2025-07-21 17:43:50.637", "User": "lab\\Administrator"}}, "submission_id": "d8fe910f-1bef-4fc2-abdd-8bc5651c84a0"}
{"Event": {"#attributes": {"xmlns": "{http://schemas.microsoft.com/win/2004/08/events/event}"}, "System": {"Provider": {"#attributes": {"Name": "Microsoft-Windows-Sysmon", "Guid": "{5770385f-c22a-43e0-bf4c-06f5698ffbd9}"}}, "EventID": 11, "Version": 2, "Level": 4, "Task": 11, "Opcode": 0, "Keywords": "0x8000000000000000", "TimeCreated": {"#attributes": {"SystemTime": "2025-07-21T17:43:50.6398158Z"}}, "EventRecordID": 6442, "Correlation": "", "Execution": {"#attributes": {"ProcessID": "3244", "ThreadID": "4048"}}, "Channel": "Microsoft-Windows-Sysmon/Operational", "Computer": "PB-win-dc.lab.local", "Security": {"#attributes": {"UserID": "S-1-5-18"}}}, "EventData": {"RuleName": "DLL", "UtcTime": "2025-07-21 17:43:50.637", "ProcessGuid": "{1a289fba-7c52-687e-440c-000000000700}", "ProcessId": 7800, "Image": "C:\\Users\\ADMINI~1\\AppData\\Local\\Temp\\2\\7zS05BF71DF\\Installer.exe", "TargetFilename": "C:\\Users\\Administrator\\AppData\\Roaming\\Zoom\\zoom_install_src\\language\\zLang_id.dll", "CreationUtcTime": "2025-07-21 17:43:50.637", "User": "lab\\Administrator"}}, "submission_id": "d8fe910f-1bef-4fc2-abdd-8bc5651c84a0"}
{"Event": {"#attributes": {"xmlns": "{http://schemas.microsoft.com/win/2004/08/events/event}"}, "System": {"Provider": {"#attributes": {"Name": "Microsoft-Windows-Sysmon", "Guid": "{5770385f-c22a-43e0-bf4c-06f5698ffbd9}"}}, "EventID": 11, "Version": 2, "Level": 4, "Task": 11, "Opcode": 0, "Keywords": "0x8000000000000000", "TimeCreated": {"#attributes": {"SystemTime": "2025-07-21T17:43:50.6392058Z"}}, "EventRecordID": 6441, "Correlation": "", "Execution": {"#attributes": {"ProcessID": "3244", "ThreadID": "4048"}}, "Channel": "Microsoft-Windows-Sysmon/Operational", "Computer": "PB-win-dc.lab.local", "Security": {"#attributes": {"UserID": "S-1-5-18"}}}, "EventData": {"RuleName": "DLL", "UtcTime": "2025-07-21 17:43:50.637", "ProcessGuid": "{1a289fba-7c52-687e-440c-000000000700}", "ProcessId": 7800, "Image": "C:\\Users\\ADMINI~1\\AppData\\Local\\Temp\\2\\7zS05BF71DF\\Installer.exe", "TargetFilename": "C:\\Users\\Administrator\\AppData\\Roaming\\Zoom\\zoom_install_src\\language\\zLang_fr.dll", "CreationUtcTime": "2025-07-21 17:43:50.637", "User": "lab\\Administrator"}}, "submission_id": "d8fe910f-1bef-4fc2-abdd-8bc5651c84a0"}
{"Event": {"#attributes": {"xmlns": "{http://schemas.microsoft.com/win/2004/08/events/event}"}, "System": {"Provider": {"#attributes": {"Name": "Microsoft-Windows-Sysmon", "Guid": "{5770385f-c22a-43e0-bf4c-06f5698ffbd9}"}}, "EventID": 11, "Version": 2, "Level": 4, "Task": 11, "Opcode": 0, "Keywords": "0x8000000000000000", "TimeCreated": {"#attributes": {"SystemTime": "2025-07-21T17:43:50.6386032Z"}}, "EventRecordID": 6440, "Correlation": "", "Execution": {"#attributes": {"ProcessID": "3244", "ThreadID": "4048"}}, "Channel": "Microsoft-Windows-Sysmon/Operational", "Computer": "PB-win-dc.lab.local", "Security": {"#attributes": {"UserID": "S-1-5-18"}}}, "EventData": {"RuleName": "DLL", "UtcTime": "2025-07-21 17:43:50.637", "ProcessGuid": "{1a289fba-7c52-687e-440c-000000000700}", "ProcessId": 7800, "Image": "C:\\Users\\ADMINI~1\\AppData\\Local\\Temp\\2\\7zS05BF71DF\\Installer.exe", "TargetFilename": "C:\\Users\\Administrator\\AppData\\Roaming\\Zoom\\zoom_install_src\\language\\zLang_es.dll", "CreationUtcTime": "2025-07-21 17:43:50.637", "User": "lab\\Administrator"}}, "submission_id": "d8fe910f-1bef-4fc2-abdd-8bc5651c84a0"}
{"Event": {"#attributes": {"xmlns": "{http://schemas.microsoft.com/win/2004/08/events/event}"}, "System": {"Provider": {"#attributes": {"Name": "Microsoft-Windows-Sysmon", "Guid": "{5770385f-c22a-43e0-bf4c-06f5698ffbd9}"}}, "EventID": 11, "Version": 2, "Level": 4, "Task": 11, "Opcode": 0, "Keywords": "0x8000000000000000", "TimeCreated": {"#attributes": {"SystemTime": "2025-07-21T17:43:50.6378749Z"}}, "EventRecordID": 6439, "Correlation": "", "Execution": {"#attributes": {"ProcessID": "3244", "ThreadID": "4048"}}, "Channel": "Microsoft-Windows-Sysmon/Operational", "Computer": "PB-win-dc.lab.local", "Security": {"#attributes": {"UserID": "S-1-5-18"}}}, "EventData": {"RuleName": "DLL", "UtcTime": "2025-07-21 17:43:50.637", "ProcessGuid": "{1a289fba-7c52-687e-440c-000000000700}", "ProcessId": 7800, "Image": "C:\\Users\\ADMINI~1\\AppData\\Local\\Temp\\2\\7zS05BF71DF\\Installer.exe", "TargetFilename": "C:\\Users\\Administrator\\AppData\\Roaming\\Zoom\\zoom_install_src\\language\\zLang_de.dll", "CreationUtcTime": "2025-07-21 17:43:50.637", "User": "lab\\Administrator"}}, "submission_id": "d8fe910f-1bef-4fc2-abdd-8bc5651c84a0"}
{"Event": {"#attributes": {"xmlns": "{http://schemas.microsoft.com/win/2004/08/events/event}"}, "System": {"Provider": {"#attributes": {"Name": "Microsoft-Windows-Sysmon", "Guid": "{5770385f-c22a-43e0-bf4c-06f5698ffbd9}"}}, "EventID": 11, "Version": 2, "Level": 4, "Task": 11, "Opcode": 0, "Keywords": "0x8000000000000000", "TimeCreated": {"#attributes": {"SystemTime": "2025-07-21T17:43:50.6367638Z"}}, "EventRecordID": 6438, "Correlation": "", "Execution": {"#attributes": {"ProcessID": "3244", "ThreadID": "4048"}}, "Channel": "Microsoft-Windows-Sysmon/Operational", "Computer": "PB-win-dc.lab.local", "Security": {"#attributes": {"UserID": "S-1-5-18"}}}, "EventData": {"RuleName": "DLL", "UtcTime": "2025-07-21 17:43:50.621", "ProcessGuid": "{1a289fba-7c52-687e-440c-000000000700}", "ProcessId": 7800, "Image": "C:\\Users\\ADMINI~1\\AppData\\Local\\Temp\\2\\7zS05BF71DF\\Installer.exe", "TargetFilename": "C:\\Users\\Administrator\\AppData\\Roaming\\Zoom\\zoom_install_src\\dvf.dll", "CreationUtcTime": "2025-07-21 17:43:50.621", "User": "lab\\Administrator"}}, "submission_id": "d8fe910f-1bef-4fc2-abdd-8bc5651c84a0"}
{"Event": {"#attributes": {"xmlns": "{http://schemas.microsoft.com/win/2004/08/events/event}"}, "System": {"Provider": {"#attributes": {"Name": "Microsoft-Windows-Sysmon", "Guid": "{5770385f-c22a-43e0-bf4c-06f5698ffbd9}"}}, "EventID": 11, "Version": 2, "Level": 4, "Task": 11, "Opcode": 0, "Keywords": "0x8000000000000000", "TimeCreated": {"#attributes": {"SystemTime": "2025-07-21T17:43:50.6354269Z"}}, "EventRecordID": 6437, "Correlation": "", "Execution": {"#attributes": {"ProcessID": "3244", "ThreadID": "4048"}}, "Channel": "Microsoft-Windows-Sysmon/Operational", "Computer": "PB-win-dc.lab.local", "Security": {"#attributes": {"UserID": "S-1-5-18"}}}, "EventData": {"RuleName": "DLL", "UtcTime": "2025-07-21 17:43:50.621", "ProcessGuid": "{1a289fba-7c52-687e-440c-000000000700}", "ProcessId": 7800, "Image": "C:\\Users\\ADMINI~1\\AppData\\Local\\Temp\\2\\7zS05BF71DF\\Installer.exe", "TargetFilename": "C:\\Users\\Administrator\\AppData\\Roaming\\Zoom\\zoom_install_src\\DuiLib.dll", "CreationUtcTime": "2025-07-21 17:43:50.621", "User": "lab\\Administrator"}}, "submission_id": "d8fe910f-1bef-4fc2-abdd-8bc5651c84a0"}
{"Event": {"#attributes": {"xmlns": "{http://schemas.microsoft.com/win/2004/08/events/event}"}, "System": {"Provider": {"#attributes": {"Name": "Microsoft-Windows-Sysmon", "Guid": "{5770385f-c22a-43e0-bf4c-06f5698ffbd9}"}}, "EventID": 11, "Version": 2, "Level": 4, "Task": 11, "Opcode": 0, "Keywords": "0x8000000000000000", "TimeCreated": {"#attributes": {"SystemTime": "2025-07-21T17:43:50.6338373Z"}}, "EventRecordID": 6436, "Correlation": "", "Execution": {"#attributes": {"ProcessID": "3244", "ThreadID": "4048"}}, "Channel": "Microsoft-Windows-Sysmon/Operational", "Computer": "PB-win-dc.lab.local", "Security": {"#attributes": {"UserID": "S-1-5-18"}}}, "EventData": {"RuleName": "DLL", "UtcTime": "2025-07-21 17:43:50.621", "ProcessGuid": "{1a289fba-7c52-687e-440c-000000000700}", "ProcessId": 7800, "Image": "C:\\Users\\ADMINI~1\\AppData\\Local\\Temp\\2\\7zS05BF71DF\\Installer.exe", "TargetFilename": "C:\\Users\\Administrator\\AppData\\Roaming\\Zoom\\zoom_install_src\\d3dcompiler_47.dll", "CreationUtcTime": "2025-07-21 17:43:50.621", "User": "lab\\Administrator"}}, "submission_id": "d8fe910f-1bef-4fc2-abdd-8bc5651c84a0"}
{"Event": {"#attributes": {"xmlns": "{http://schemas.microsoft.com/win/2004/08/events/event}"}, "System": {"Provider": {"#attributes": {"Name": "Microsoft-Windows-Sysmon", "Guid": "{5770385f-c22a-43e0-bf4c-06f5698ffbd9}"}}, "EventID": 11, "Version": 2, "Level": 4, "Task": 11, "Opcode": 0, "Keywords": "0x8000000000000000", "TimeCreated": {"#attributes": {"SystemTime": "2025-07-21T17:43:50.6324717Z"}}, "EventRecordID": 6435, "Correlation": "", "Execution": {"#attributes": {"ProcessID": "3244", "ThreadID": "4048"}}, "Channel": "Microsoft-Windows-Sysmon/Operational", "Computer": "PB-win-dc.lab.local", "Security": {"#attributes": {"UserID": "S-1-5-18"}}}, "EventData": {"RuleName": "DLL", "UtcTime": "2025-07-21 17:43:50.621", "ProcessGuid": "{1a289fba-7c52-687e-440c-000000000700}", "ProcessId": 7800, "Image": "C:\\Users\\ADMINI~1\\AppData\\Local\\Temp\\2\\7zS05BF71DF\\Installer.exe", "TargetFilename": "C:\\Users\\Administrator\\AppData\\Roaming\\Zoom\\zoom_install_src\\CptShare.dll", "CreationUtcTime": "2025-07-21 17:43:50.621", "User": "lab\\Administrator"}}, "submission_id": "d8fe910f-1bef-4fc2-abdd-8bc5651c84a0"}
{"Event": {"#attributes": {"xmlns": "{http://schemas.microsoft.com/win/2004/08/events/event}"}, "System": {"Provider": {"#attributes": {"Name": "Microsoft-Windows-Sysmon", "Guid": "{5770385f-c22a-43e0-bf4c-06f5698ffbd9}"}}, "EventID": 11, "Version": 2, "Level": 4, "Task": 11, "Opcode": 0, "Keywords": "0x8000000000000000", "TimeCreated": {"#attributes": {"SystemTime": "2025-07-21T17:43:50.6321494Z"}}, "EventRecordID": 6434, "Correlation": "", "Execution": {"#attributes": {"ProcessID": "3244", "ThreadID": "4048"}}, "Channel": "Microsoft-Windows-Sysmon/Operational", "Computer": "PB-win-dc.lab.local", "Security": {"#attributes": {"UserID": "S-1-5-18"}}}, "EventData": {"RuleName": "EXE", "UtcTime": "2025-07-21 17:43:50.621", "ProcessGuid": "{1a289fba-7c52-687e-440c-000000000700}", "ProcessId": 7800, "Image": "C:\\Users\\ADMINI~1\\AppData\\Local\\Temp\\2\\7zS05BF71DF\\Installer.exe", "TargetFilename": "C:\\Users\\Administrator\\AppData\\Roaming\\Zoom\\zoom_install_src\\CptService.exe", "CreationUtcTime": "2025-07-21 17:43:50.621", "User": "lab\\Administrator"}}, "submission_id": "d8fe910f-1bef-4fc2-abdd-8bc5651c84a0"}
{"Event": {"#attributes": {"xmlns": "{http://schemas.microsoft.com/win/2004/08/events/event}"}, "System": {"Provider": {"#attributes": {"Name": "Microsoft-Windows-Sysmon", "Guid": "{5770385f-c22a-43e0-bf4c-06f5698ffbd9}"}}, "EventID": 11, "Version": 2, "Level": 4, "Task": 11, "Opcode": 0, "Keywords": "0x8000000000000000", "TimeCreated": {"#attributes": {"SystemTime": "2025-07-21T17:43:50.6318298Z"}}, "EventRecordID": 6433, "Correlation": "", "Execution": {"#attributes": {"ProcessID": "3244", "ThreadID": "4048"}}, "Channel": "Microsoft-Windows-Sysmon/Operational", "Computer": "PB-win-dc.lab.local", "Security": {"#attributes": {"UserID": "S-1-5-18"}}}, "EventData": {"RuleName": "EXE", "UtcTime": "2025-07-21 17:43:50.621", "ProcessGuid": "{1a289fba-7c52-687e-440c-000000000700}", "ProcessId": 7800, "Image": "C:\\Users\\ADMINI~1\\AppData\\Local\\Temp\\2\\7zS05BF71DF\\Installer.exe", "TargetFilename": "C:\\Users\\Administrator\\AppData\\Roaming\\Zoom\\zoom_install_src\\CptInstall.exe", "CreationUtcTime": "2025-07-21 17:43:50.621", "User": "lab\\Administrator"}}, "submission_id": "d8fe910f-1bef-4fc2-abdd-8bc5651c84a0"}
{"Event": {"#attributes": {"xmlns": "{http://schemas.microsoft.com/win/2004/08/events/event}"}, "System": {"Provider": {"#attributes": {"Name": "Microsoft-Windows-Sysmon", "Guid": "{5770385f-c22a-43e0-bf4c-06f5698ffbd9}"}}, "EventID": 11, "Version": 2, "Level": 4, "Task": 11, "Opcode": 0, "Keywords": "0x8000000000000000", "TimeCreated": {"#attributes": {"SystemTime": "2025-07-21T17:43:50.6313890Z"}}, "EventRecordID": 6432, "Correlation": "", "Execution": {"#attributes": {"ProcessID": "3244", "ThreadID": "4048"}}, "Channel": "Microsoft-Windows-Sysmon/Operational", "Computer": "PB-win-dc.lab.local", "Security": {"#attributes": {"UserID": "S-1-5-18"}}}, "EventData": {"RuleName": "EXE", "UtcTime": "2025-07-21 17:43:50.621", "ProcessGuid": "{1a289fba-7c52-687e-440c-000000000700}", "ProcessId": 7800, "Image": "C:\\Users\\ADMINI~1\\AppData\\Local\\Temp\\2\\7zS05BF71DF\\Installer.exe", "TargetFilename": "C:\\Users\\Administrator\\AppData\\Roaming\\Zoom\\zoom_install_src\\CptHost.exe", "CreationUtcTime": "2025-07-21 17:43:50.621", "User": "lab\\Administrator"}}, "submission_id": "d8fe910f-1bef-4fc2-abdd-8bc5651c84a0"}
{"Event": {"#attributes": {"xmlns": "{http://schemas.microsoft.com/win/2004/08/events/event}"}, "System": {"Provider": {"#attributes": {"Name": "Microsoft-Windows-Sysmon", "Guid": "{5770385f-c22a-43e0-bf4c-06f5698ffbd9}"}}, "EventID": 11, "Version": 2, "Level": 4, "Task": 11, "Opcode": 0, "Keywords": "0x8000000000000000", "TimeCreated": {"#attributes": {"SystemTime": "2025-07-21T17:43:50.6309200Z"}}, "EventRecordID": 6431, "Correlation": "", "Execution": {"#attributes": {"ProcessID": "3244", "ThreadID": "4048"}}, "Channel": "Microsoft-Windows-Sysmon/Operational", "Computer": "PB-win-dc.lab.local", "Security": {"#attributes": {"UserID": "S-1-5-18"}}}, "EventData": {"RuleName": "EXE", "UtcTime": "2025-07-21 17:43:50.621", "ProcessGuid": "{1a289fba-7c52-687e-440c-000000000700}", "ProcessId": 7800, "Image": "C:\\Users\\ADMINI~1\\AppData\\Local\\Temp\\2\\7zS05BF71DF\\Installer.exe", "TargetFilename": "C:\\Users\\Administrator\\AppData\\Roaming\\Zoom\\zoom_install_src\\CptControl.exe", "CreationUtcTime": "2025-07-21 17:43:50.621", "User": "lab\\Administrator"}}, "submission_id": "d8fe910f-1bef-4fc2-abdd-8bc5651c84a0"}
{"Event": {"#attributes": {"xmlns": "{http://schemas.microsoft.com/win/2004/08/events/event}"}, "System": {"Provider": {"#attributes": {"Name": "Microsoft-Windows-Sysmon", "Guid": "{5770385f-c22a-43e0-bf4c-06f5698ffbd9}"}}, "EventID": 11, "Version": 2, "Level": 4, "Task": 11, "Opcode": 0, "Keywords": "0x8000000000000000", "TimeCreated": {"#attributes": {"SystemTime": "2025-07-21T17:43:50.6293823Z"}}, "EventRecordID": 6430, "Correlation": "", "Execution": {"#attributes": {"ProcessID": "3244", "ThreadID": "4048"}}, "Channel": "Microsoft-Windows-Sysmon/Operational", "Computer": "PB-win-dc.lab.local", "Security": {"#attributes": {"UserID": "S-1-5-18"}}}, "EventData": {"RuleName": "DLL", "UtcTime": "2025-07-21 17:43:50.621", "ProcessGuid": "{1a289fba-7c52-687e-440c-000000000700}", "ProcessId": 7800, "Image": "C:\\Users\\ADMINI~1\\AppData\\Local\\Temp\\2\\7zS05BF71DF\\Installer.exe", "TargetFilename": "C:\\Users\\Administrator\\AppData\\Roaming\\Zoom\\zoom_install_src\\Cmmlib.dll", "CreationUtcTime": "2025-07-21 17:43:50.621", "User": "lab\\Administrator"}}, "submission_id": "d8fe910f-1bef-4fc2-abdd-8bc5651c84a0"}
{"Event": {"#attributes": {"xmlns": "{http://schemas.microsoft.com/win/2004/08/events/event}"}, "System": {"Provider": {"#attributes": {"Name": "Microsoft-Windows-Sysmon", "Guid": "{5770385f-c22a-43e0-bf4c-06f5698ffbd9}"}}, "EventID": 11, "Version": 2, "Level": 4, "Task": 11, "Opcode": 0, "Keywords": "0x8000000000000000", "TimeCreated": {"#attributes": {"SystemTime": "2025-07-21T17:43:50.6283251Z"}}, "EventRecordID": 6429, "Correlation": "", "Execution": {"#attributes": {"ProcessID": "3244", "ThreadID": "4048"}}, "Channel": "Microsoft-Windows-Sysmon/Operational", "Computer": "PB-win-dc.lab.local", "Security": {"#attributes": {"UserID": "S-1-5-18"}}}, "EventData": {"RuleName": "DLL", "UtcTime": "2025-07-21 17:43:50.621", "ProcessGuid": "{1a289fba-7c52-687e-440c-000000000700}", "ProcessId": 7800, "Image": "C:\\Users\\ADMINI~1\\AppData\\Local\\Temp\\2\\7zS05BF71DF\\Installer.exe", "TargetFilename": "C:\\Users\\Administrator\\AppData\\Roaming\\Zoom\\zoom_install_src\\CmmBrowserEngine.dll", "CreationUtcTime": "2025-07-21 17:43:50.621", "User": "lab\\Administrator"}}, "submission_id": "d8fe910f-1bef-4fc2-abdd-8bc5651c84a0"}
{"Event": {"#attributes": {"xmlns": "{http://schemas.microsoft.com/win/2004/08/events/event}"}, "System": {"Provider": {"#attributes": {"Name": "Microsoft-Windows-Sysmon", "Guid": "{5770385f-c22a-43e0-bf4c-06f5698ffbd9}"}}, "EventID": 11, "Version": 2, "Level": 4, "Task": 11, "Opcode": 0, "Keywords": "0x8000000000000000", "TimeCreated": {"#attributes": {"SystemTime": "2025-07-21T17:43:50.6279483Z"}}, "EventRecordID": 6428, "Correlation": "", "Execution": {"#attributes": {"ProcessID": "3244", "ThreadID": "4048"}}, "Channel": "Microsoft-Windows-Sysmon/Operational", "Computer": "PB-win-dc.lab.local", "Security": {"#attributes": {"UserID": "S-1-5-18"}}}, "EventData": {"RuleName": "DLL", "UtcTime": "2025-07-21 17:43:50.621", "ProcessGuid": "{1a289fba-7c52-687e-440c-000000000700}", "ProcessId": 7800, "Image": "C:\\Users\\ADMINI~1\\AppData\\Local\\Temp\\2\\7zS05BF71DF\\Installer.exe", "TargetFilename": "C:\\Users\\Administrator\\AppData\\Roaming\\Zoom\\zoom_install_src\\cmmbiz.dll", "CreationUtcTime": "2025-07-21 17:43:50.621", "User": "lab\\Administrator"}}, "submission_id": "d8fe910f-1bef-4fc2-abdd-8bc5651c84a0"}
{"Event": {"#attributes": {"xmlns": "{http://schemas.microsoft.com/win/2004/08/events/event}"}, "System": {"Provider": {"#attributes": {"Name": "Microsoft-Windows-Sysmon", "Guid": "{5770385f-c22a-43e0-bf4c-06f5698ffbd9}"}}, "EventID": 11, "Version": 2, "Level": 4, "Task": 11, "Opcode": 0, "Keywords": "0x8000000000000000", "TimeCreated": {"#attributes": {"SystemTime": "2025-07-21T17:43:50.6264897Z"}}, "EventRecordID": 6427, "Correlation": "", "Execution": {"#attributes": {"ProcessID": "3244", "ThreadID": "4048"}}, "Channel": "Microsoft-Windows-Sysmon/Operational", "Computer": "PB-win-dc.lab.local", "Security": {"#attributes": {"UserID": "S-1-5-18"}}}, "EventData": {"RuleName": "DLL", "UtcTime": "2025-07-21 17:43:50.621", "ProcessGuid": "{1a289fba-7c52-687e-440c-000000000700}", "ProcessId": 7800, "Image": "C:\\Users\\ADMINI~1\\AppData\\Local\\Temp\\2\\7zS05BF71DF\\Installer.exe", "TargetFilename": "C:\\Users\\Administrator\\AppData\\Roaming\\Zoom\\zoom_install_src\\clDNN64.dll", "CreationUtcTime": "2025-07-21 17:43:50.621", "User": "lab\\Administrator"}}, "submission_id": "d8fe910f-1bef-4fc2-abdd-8bc5651c84a0"}
{"Event": {"#attributes": {"xmlns": "{http://schemas.microsoft.com/win/2004/08/events/event}"}, "System": {"Provider": {"#attributes": {"Name": "Microsoft-Windows-Sysmon", "Guid": "{5770385f-c22a-43e0-bf4c-06f5698ffbd9}"}}, "EventID": 11, "Version": 2, "Level": 4, "Task": 11, "Opcode": 0, "Keywords": "0x8000000000000000", "TimeCreated": {"#attributes": {"SystemTime": "2025-07-21T17:43:50.6249132Z"}}, "EventRecordID": 6426, "Correlation": "", "Execution": {"#attributes": {"ProcessID": "3244", "ThreadID": "4048"}}, "Channel": "Microsoft-Windows-Sysmon/Operational", "Computer": "PB-win-dc.lab.local", "Security": {"#attributes": {"UserID": "S-1-5-18"}}}, "EventData": {"RuleName": "DLL", "UtcTime": "2025-07-21 17:43:50.621", "ProcessGuid": "{1a289fba-7c52-687e-440c-000000000700}", "ProcessId": 7800, "Image": "C:\\Users\\ADMINI~1\\AppData\\Local\\Temp\\2\\7zS05BF71DF\\Installer.exe", "TargetFilename": "C:\\Users\\Administrator\\AppData\\Roaming\\Zoom\\zoom_install_src\\cares.dll", "CreationUtcTime": "2025-07-21 17:43:50.621", "User": "lab\\Administrator"}}, "submission_id": "d8fe910f-1bef-4fc2-abdd-8bc5651c84a0"}
{"Event": {"#attributes": {"xmlns": "{http://schemas.microsoft.com/win/2004/08/events/event}"}, "System": {"Provider": {"#attributes": {"Name": "Microsoft-Windows-Sysmon", "Guid": "{5770385f-c22a-43e0-bf4c-06f5698ffbd9}"}}, "EventID": 11, "Version": 2, "Level": 4, "Task": 11, "Opcode": 0, "Keywords": "0x8000000000000000", "TimeCreated": {"#attributes": {"SystemTime": "2025-07-21T17:43:50.6245522Z"}}, "EventRecordID": 6425, "Correlation": "", "Execution": {"#attributes": {"ProcessID": "3244", "ThreadID": "4048"}}, "Channel": "Microsoft-Windows-Sysmon/Operational", "Computer": "PB-win-dc.lab.local", "Security": {"#attributes": {"UserID": "S-1-5-18"}}}, "EventData": {"RuleName": "DLL", "UtcTime": "2025-07-21 17:43:50.621", "ProcessGuid": "{1a289fba-7c52-687e-440c-000000000700}", "ProcessId": 7800, "Image": "C:\\Users\\ADMINI~1\\AppData\\Local\\Temp\\2\\7zS05BF71DF\\Installer.exe", "TargetFilename": "C:\\Users\\Administrator\\AppData\\Roaming\\Zoom\\zoom_install_src\\avutil_zm-57.dll", "CreationUtcTime": "2025-07-21 17:43:50.621", "User": "lab\\Administrator"}}, "submission_id": "d8fe910f-1bef-4fc2-abdd-8bc5651c84a0"}
{"Event": {"#attributes": {"xmlns": "{http://schemas.microsoft.com/win/2004/08/events/event}"}, "System": {"Provider": {"#attributes": {"Name": "Microsoft-Windows-Sysmon", "Guid": "{5770385f-c22a-43e0-bf4c-06f5698ffbd9}"}}, "EventID": 11, "Version": 2, "Level": 4, "Task": 11, "Opcode": 0, "Keywords": "0x8000000000000000", "TimeCreated": {"#attributes": {"SystemTime": "2025-07-21T17:43:50.6240315Z"}}, "EventRecordID": 6424, "Correlation": "", "Execution": {"#attributes": {"ProcessID": "3244", "ThreadID": "4048"}}, "Channel": "Microsoft-Windows-Sysmon/Operational", "Computer": "PB-win-dc.lab.local", "Security": {"#attributes": {"UserID": "S-1-5-18"}}}, "EventData": {"RuleName": "DLL", "UtcTime": "2025-07-21 17:43:50.621", "ProcessGuid": "{1a289fba-7c52-687e-440c-000000000700}", "ProcessId": 7800, "Image": "C:\\Users\\ADMINI~1\\AppData\\Local\\Temp\\2\\7zS05BF71DF\\Installer.exe", "TargetFilename": "C:\\Users\\Administrator\\AppData\\Roaming\\Zoom\\zoom_install_src\\avformat_zm-59.dll", "CreationUtcTime": "2025-07-21 17:43:50.621", "User": "lab\\Administrator"}}, "submission_id": "d8fe910f-1bef-4fc2-abdd-8bc5651c84a0"}
{"Event": {"#attributes": {"xmlns": "{http://schemas.microsoft.com/win/2004/08/events/event}"}, "System": {"Provider": {"#attributes": {"Name": "Microsoft-Windows-Sysmon", "Guid": "{5770385f-c22a-43e0-bf4c-06f5698ffbd9}"}}, "EventID": 11, "Version": 2, "Level": 4, "Task": 11, "Opcode": 0, "Keywords": "0x8000000000000000", "TimeCreated": {"#attributes": {"SystemTime": "2025-07-21T17:43:50.6229470Z"}}, "EventRecordID": 6423, "Correlation": "", "Execution": {"#attributes": {"ProcessID": "3244", "ThreadID": "4048"}}, "Channel": "Microsoft-Windows-Sysmon/Operational", "Computer": "PB-win-dc.lab.local", "Security": {"#attributes": {"UserID": "S-1-5-18"}}}, "EventData": {"RuleName": "DLL", "UtcTime": "2025-07-21 17:43:50.621", "ProcessGuid": "{1a289fba-7c52-687e-440c-000000000700}", "ProcessId": 7800, "Image": "C:\\Users\\ADMINI~1\\AppData\\Local\\Temp\\2\\7zS05BF71DF\\Installer.exe", "TargetFilename": "C:\\Users\\Administrator\\AppData\\Roaming\\Zoom\\zoom_install_src\\avcodec_zm-59.dll", "CreationUtcTime": "2025-07-21 17:43:50.621", "User": "lab\\Administrator"}}, "submission_id": "d8fe910f-1bef-4fc2-abdd-8bc5651c84a0"}
{"Event": {"#attributes": {"xmlns": "{http://schemas.microsoft.com/win/2004/08/events/event}"}, "System": {"Provider": {"#attributes": {"Name": "Microsoft-Windows-Sysmon", "Guid": "{5770385f-c22a-43e0-bf4c-06f5698ffbd9}"}}, "EventID": 11, "Version": 2, "Level": 4, "Task": 11, "Opcode": 0, "Keywords": "0x8000000000000000", "TimeCreated": {"#attributes": {"SystemTime": "2025-07-21T17:43:50.6215839Z"}}, "EventRecordID": 6422, "Correlation": "", "Execution": {"#attributes": {"ProcessID": "3244", "ThreadID": "4048"}}, "Channel": "Microsoft-Windows-Sysmon/Operational", "Computer": "PB-win-dc.lab.local", "Security": {"#attributes": {"UserID": "S-1-5-18"}}}, "EventData": {"RuleName": "DLL", "UtcTime": "2025-07-21 17:43:50.606", "ProcessGuid": "{1a289fba-7c52-687e-440c-000000000700}", "ProcessId": 7800, "Image": "C:\\Users\\ADMINI~1\\AppData\\Local\\Temp\\2\\7zS05BF71DF\\Installer.exe", "TargetFilename": "C:\\Users\\Administrator\\AppData\\Roaming\\Zoom\\zoom_install_src\\asproxy.dll", "CreationUtcTime": "2025-07-21 17:43:50.606", "User": "lab\\Administrator"}}, "submission_id": "d8fe910f-1bef-4fc2-abdd-8bc5651c84a0"}
{"Event": {"#attributes": {"xmlns": "{http://schemas.microsoft.com/win/2004/08/events/event}"}, "System": {"Provider": {"#attributes": {"Name": "Microsoft-Windows-Sysmon", "Guid": "{5770385f-c22a-43e0-bf4c-06f5698ffbd9}"}}, "EventID": 11, "Version": 2, "Level": 4, "Task": 11, "Opcode": 0, "Keywords": "0x8000000000000000", "TimeCreated": {"#attributes": {"SystemTime": "2025-07-21T17:43:50.6210417Z"}}, "EventRecordID": 6421, "Correlation": "", "Execution": {"#attributes": {"ProcessID": "3244", "ThreadID": "4048"}}, "Channel": "Microsoft-Windows-Sysmon/Operational", "Computer": "PB-win-dc.lab.local", "Security": {"#attributes": {"UserID": "S-1-5-18"}}}, "EventData": {"RuleName": "EXE", "UtcTime": "2025-07-21 17:43:50.606", "ProcessGuid": "{1a289fba-7c52-687e-440c-000000000700}", "ProcessId": 7800, "Image": "C:\\Users\\ADMINI~1\\AppData\\Local\\Temp\\2\\7zS05BF71DF\\Installer.exe", "TargetFilename": "C:\\Users\\Administrator\\AppData\\Roaming\\Zoom\\zoom_install_src\\aomhost64.exe", "CreationUtcTime": "2025-07-21 17:43:50.606", "User": "lab\\Administrator"}}, "submission_id": "d8fe910f-1bef-4fc2-abdd-8bc5651c84a0"}
{"Event": {"#attributes": {"xmlns": "{http://schemas.microsoft.com/win/2004/08/events/event}"}, "System": {"Provider": {"#attributes": {"Name": "Microsoft-Windows-Sysmon", "Guid": "{5770385f-c22a-43e0-bf4c-06f5698ffbd9}"}}, "EventID": 11, "Version": 2, "Level": 4, "Task": 11, "Opcode": 0, "Keywords": "0x8000000000000000", "TimeCreated": {"#attributes": {"SystemTime": "2025-07-21T17:43:50.6202565Z"}}, "EventRecordID": 6420, "Correlation": "", "Execution": {"#attributes": {"ProcessID": "3244", "ThreadID": "4048"}}, "Channel": "Microsoft-Windows-Sysmon/Operational", "Computer": "PB-win-dc.lab.local", "Security": {"#attributes": {"UserID": "S-1-5-18"}}}, "EventData": {"RuleName": "DLL", "UtcTime": "2025-07-21 17:43:50.606", "ProcessGuid": "{1a289fba-7c52-687e-440c-000000000700}", "ProcessId": 7800, "Image": "C:\\Users\\ADMINI~1\\AppData\\Local\\Temp\\2\\7zS05BF71DF\\Installer.exe", "TargetFilename": "C:\\Users\\Administrator\\AppData\\Roaming\\Zoom\\zoom_install_src\\aomagent.dll", "CreationUtcTime": "2025-07-21 17:43:50.606", "User": "lab\\Administrator"}}, "submission_id": "d8fe910f-1bef-4fc2-abdd-8bc5651c84a0"}
{"Event": {"#attributes": {"xmlns": "{http://schemas.microsoft.com/win/2004/08/events/event}"}, "System": {"Provider": {"#attributes": {"Name": "Microsoft-Windows-Sysmon", "Guid": "{5770385f-c22a-43e0-bf4c-06f5698ffbd9}"}}, "EventID": 11, "Version": 2, "Level": 4, "Task": 11, "Opcode": 0, "Keywords": "0x8000000000000000", "TimeCreated": {"#attributes": {"SystemTime": "2025-07-21T17:43:50.6198178Z"}}, "EventRecordID": 6419, "Correlation": "", "Execution": {"#attributes": {"ProcessID": "3244", "ThreadID": "4048"}}, "Channel": "Microsoft-Windows-Sysmon/Operational", "Computer": "PB-win-dc.lab.local", "Security": {"#attributes": {"UserID": "S-1-5-18"}}}, "EventData": {"RuleName": "DLL", "UtcTime": "2025-07-21 17:43:50.606", "ProcessGuid": "{1a289fba-7c52-687e-440c-000000000700}", "ProcessId": 7800, "Image": "C:\\Users\\ADMINI~1\\AppData\\Local\\Temp\\2\\7zS05BF71DF\\Installer.exe", "TargetFilename": "C:\\Users\\Administrator\\AppData\\Roaming\\Zoom\\zoom_install_src\\annoter.dll", "CreationUtcTime": "2025-07-21 17:43:50.606", "User": "lab\\Administrator"}}, "submission_id": "d8fe910f-1bef-4fc2-abdd-8bc5651c84a0"}
{"Event": {"#attributes": {"xmlns": "{http://schemas.microsoft.com/win/2004/08/events/event}"}, "System": {"Provider": {"#attributes": {"Name": "Microsoft-Windows-Sysmon", "Guid": "{5770385f-c22a-43e0-bf4c-06f5698ffbd9}"}}, "EventID": 11, "Version": 2, "Level": 4, "Task": 11, "Opcode": 0, "Keywords": "0x8000000000000000", "TimeCreated": {"#attributes": {"SystemTime": "2025-07-21T17:43:50.6181270Z"}}, "EventRecordID": 6418, "Correlation": "", "Execution": {"#attributes": {"ProcessID": "3244", "ThreadID": "4048"}}, "Channel": "Microsoft-Windows-Sysmon/Operational", "Computer": "PB-win-dc.lab.local", "Security": {"#attributes": {"UserID": "S-1-5-18"}}}, "EventData": {"RuleName": "EXE", "UtcTime": "2025-07-21 17:43:50.606", "ProcessGuid": "{1a289fba-7c52-687e-440c-000000000700}", "ProcessId": 7800, "Image": "C:\\Users\\ADMINI~1\\AppData\\Local\\Temp\\2\\7zS05BF71DF\\Installer.exe", "TargetFilename": "C:\\Users\\Administrator\\AppData\\Roaming\\Zoom\\zoom_install_src\\airhost.exe", "CreationUtcTime": "2025-07-21 17:43:50.606", "User": "lab\\Administrator"}}, "submission_id": "d8fe910f-1bef-4fc2-abdd-8bc5651c84a0"}
{"Event": {"#attributes": {"xmlns": "{http://schemas.microsoft.com/win/2004/08/events/event}"}, "System": {"Provider": {"#attributes": {"Name": "Microsoft-Windows-Sysmon", "Guid": "{5770385f-c22a-43e0-bf4c-06f5698ffbd9}"}}, "EventID": 1, "Version": 5, "Level": 4, "Task": 1, "Opcode": 0, "Keywords": "0x8000000000000000", "TimeCreated": {"#attributes": {"SystemTime": "2025-07-21T17:43:46.0223604Z"}}, "EventRecordID": 6417, "Correlation": "", "Execution": {"#attributes": {"ProcessID": "3244", "ThreadID": "4048"}}, "Channel": "Microsoft-Windows-Sysmon/Operational", "Computer": "PB-win-dc.lab.local", "Security": {"#attributes": {"UserID": "S-1-5-18"}}}, "EventData": {"RuleName": "-", "UtcTime": "2025-07-21 17:43:46.019", "ProcessGuid": "{1a289fba-7c52-687e-440c-000000000700}", "ProcessId": 7800, "Image": "C:\\Users\\ADMINI~1\\AppData\\Local\\Temp\\2\\7zS05BF71DF\\Installer.exe", "FileVersion": "6,5,6,9328", "Description": "Zoom Installer", "Product": "Zoom Installer", "Company": "Zoom Communications, Inc.", "OriginalFileName": "Zoom Installer", "CommandLine": ".\\Installer.exe", "CurrentDirectory": "C:\\Users\\ADMINI~1\\AppData\\Local\\Temp\\2\\7zS05BF71DF\\", "User": "lab\\Administrator", "LogonGuid": "{1a289fba-2a37-687e-cc6d-380000000000}", "LogonId": "0x386dcc", "TerminalSessionId": 2, "IntegrityLevel": "High", "Hashes": "MD5=5BC9C394F3857A01C6D619F6C39A1417,SHA256=832853463CDD196193909F18F0C8055F9679DF683C95CDE96A063E5F4C230EEE,IMPHASH=B71832F19ABFE54B612E302ECFBAE87B", "ParentProcessGuid": "{1a289fba-7c51-687e-430c-000000000700}", "ParentProcessId": 6992, "ParentImage": "C:\\Users\\Administrator\\Downloads\\ZoomInstallerFull.exe", "ParentCommandLine": "\"C:\\Users\\Administrator\\Downloads\\ZoomInstallerFull.exe\" ", "ParentUser": "lab\\Administrator"}}, "submission_id": "d8fe910f-1bef-4fc2-abdd-8bc5651c84a0"}
{"Event": {"#attributes": {"xmlns": "{http://schemas.microsoft.com/win/2004/08/events/event}"}, "System": {"Provider": {"#attributes": {"Name": "Microsoft-Windows-Sysmon", "Guid": "{5770385f-c22a-43e0-bf4c-06f5698ffbd9}"}}, "EventID": 1, "Version": 5, "Level": 4, "Task": 1, "Opcode": 0, "Keywords": "0x8000000000000000", "TimeCreated": {"#attributes": {"SystemTime": "2025-07-21T17:43:45.7878215Z"}}, "EventRecordID": 6415, "Correlation": "", "Execution": {"#attributes": {"ProcessID": "3244", "ThreadID": "4048"}}, "Channel": "Microsoft-Windows-Sysmon/Operational", "Computer": "PB-win-dc.lab.local", "Security": {"#attributes": {"UserID": "S-1-5-18"}}}, "EventData": {"RuleName": "-", "UtcTime": "2025-07-21 17:43:45.787", "ProcessGuid": "{1a289fba-7c51-687e-430c-000000000700}", "ProcessId": 6992, "Image": "C:\\Users\\Administrator\\Downloads\\ZoomInstallerFull.exe", "FileVersion": "6.5.0", "Description": "Zoom Meetings Installer", "Product": "Zoom Meetings Installer", "Company": "Zoom Communications, Inc.", "OriginalFileName": "Zoom Meetings Installer", "CommandLine": "\"C:\\Users\\Administrator\\Downloads\\ZoomInstallerFull.exe\" ", "CurrentDirectory": "C:\\Users\\Administrator\\Downloads\\", "User": "lab\\Administrator", "LogonGuid": "{1a289fba-2a37-687e-cc6d-380000000000}", "LogonId": "0x386dcc", "TerminalSessionId": 2, "IntegrityLevel": "High", "Hashes": "MD5=2161EC80D452C95B569CE318987D59B0,SHA256=18048C5065291EDA25C77041A831C99BE2583F4B189BAF649F5703C13BAABB59,IMPHASH=DB9C0C50B0D17697B57C80398E1F9AEB", "ParentProcessGuid": "{1a289fba-2a39-687e-a004-000000000700}", "ParentProcessId": 4280, "ParentImage": "C:\\Windows\\explorer.exe", "ParentCommandLine": "C:\\Windows\\Explorer.EXE", "ParentUser": "lab\\Administrator"}}, "submission_id": "d8fe910f-1bef-4fc2-abdd-8bc5651c84a0"}
{"Event": {"#attributes": {"xmlns": "{http://schemas.microsoft.com/win/2004/08/events/event}"}, "System": {"Provider": {"#attributes": {"Name": "Microsoft-Windows-Sysmon", "Guid": "{5770385f-c22a-43e0-bf4c-06f5698ffbd9}"}}, "EventID": 13, "Version": 2, "Level": 4, "Task": 13, "Opcode": 0, "Keywords": "0x8000000000000000", "TimeCreated": {"#attributes": {"SystemTime": "2025-07-21T17:42:39.0127796Z"}}, "EventRecordID": 6408, "Correlation": "", "Execution": {"#attributes": {"ProcessID": "3244", "ThreadID": "4048"}}, "Channel": "Microsoft-Windows-Sysmon/Operational", "Computer": "PB-win-dc.lab.local", "Security": {"#attributes": {"UserID": "S-1-5-18"}}}, "EventData": {"RuleName": "InvDB", "EventType": "SetValue", "UtcTime": "2025-07-21 17:42:39.012", "ProcessGuid": "{1a289fba-01fe-687e-e000-000000000700}", "ProcessId": 1040, "Image": "C:\\Windows\\system32\\svchost.exe", "TargetObject": "HKU\\S-1-5-21-829129999-3926614769-3069774332-500\\Software\\Microsoft\\Windows NT\\CurrentVersion\\AppCompatFlags\\Compatibility Assistant\\Store\\C:\\Users\\Administrator\\AppData\\Roaming\\Zoom\\uninstall\\Installer.exe", "Details": "Binary Data", "User": "NT AUTHORITY\\SYSTEM"}}, "submission_id": "d8fe910f-1bef-4fc2-abdd-8bc5651c84a0"}
{"Event": {"#attributes": {"xmlns": "{http://schemas.microsoft.com/win/2004/08/events/event}"}, "System": {"Provider": {"#attributes": {"Name": "Microsoft-Windows-Sysmon", "Guid": "{5770385f-c22a-43e0-bf4c-06f5698ffbd9}"}}, "EventID": 5, "Version": 3, "Level": 4, "Task": 5, "Opcode": 0, "Keywords": "0x8000000000000000", "TimeCreated": {"#attributes": {"SystemTime": "2025-07-21T17:42:37.0110742Z"}}, "EventRecordID": 6407, "Correlation": "", "Execution": {"#attributes": {"ProcessID": "3244", "ThreadID": "4048"}}, "Channel": "Microsoft-Windows-Sysmon/Operational", "Computer": "PB-win-dc.lab.local", "Security": {"#attributes": {"UserID": "S-1-5-18"}}}, "EventData": {"RuleName": "-", "UtcTime": "2025-07-21 17:42:37.005", "ProcessGuid": "{1a289fba-7c0b-687e-380c-000000000700}", "ProcessId": 7496, "Image": "C:\\Users\\Administrator\\AppData\\Roaming\\Zoom\\uninstall\\Installer.exe", "User": "lab\\Administrator"}}, "submission_id": "d8fe910f-1bef-4fc2-abdd-8bc5651c84a0"}
{"Event": {"#attributes": {"xmlns": "{http://schemas.microsoft.com/win/2004/08/events/event}"}, "System": {"Provider": {"#attributes": {"Name": "Microsoft-Windows-Sysmon", "Guid": "{5770385f-c22a-43e0-bf4c-06f5698ffbd9}"}}, "EventID": 1, "Version": 5, "Level": 4, "Task": 1, "Opcode": 0, "Keywords": "0x8000000000000000", "TimeCreated": {"#attributes": {"SystemTime": "2025-07-21T17:42:36.7075198Z"}}, "EventRecordID": 6406, "Correlation": "", "Execution": {"#attributes": {"ProcessID": "3244", "ThreadID": "4048"}}, "Channel": "Microsoft-Windows-Sysmon/Operational", "Computer": "PB-win-dc.lab.local", "Security": {"#attributes": {"UserID": "S-1-5-18"}}}, "EventData": {"RuleName": "-", "UtcTime": "2025-07-21 17:42:36.706", "ProcessGuid": "{1a289fba-7c0c-687e-390c-000000000700}", "ProcessId": 6276, "Image": "C:\\Users\\Administrator\\AppData\\Roaming\\Zoom\\bin\\CptInstall.exe", "FileVersion": "6,5,6,9328", "Description": "Zoom Sharing Installer", "Product": "Zoom Video Call", "Company": "Zoom Communications, Inc.", "OriginalFileName": "CptInstall.exe", "CommandLine": "-uninstall -unelevate", "CurrentDirectory": "C:\\Windows\\system32\\", "User": "lab\\Administrator", "LogonGuid": "{1a289fba-2a37-687e-cc6d-380000000000}", "LogonId": "0x386dcc", "TerminalSessionId": 2, "IntegrityLevel": "High", "Hashes": "MD5=CC8B812D46A1F396AF77CD9B53F32C97,SHA256=542EC4243EE45604F5D698CCC43324B9ADEEFF4F8EF9385554D421756941EE57,IMPHASH=378D7490F00FC08C89C241BA295C1843", "ParentProcessGuid": "{1a289fba-7c0b-687e-380c-000000000700}", "ParentProcessId": 7496, "ParentImage": "C:\\Users\\Administrator\\AppData\\Roaming\\Zoom\\uninstall\\Installer.exe", "ParentCommandLine": "\"C:\\Users\\Administrator\\AppData\\Roaming\\Zoom\\uninstall\\Installer.exe\" /uninstall /normal.priviledge", "ParentUser": "lab\\Administrator"}}, "submission_id": "d8fe910f-1bef-4fc2-abdd-8bc5651c84a0"}
{"Event": {"#attributes": {"xmlns": "{http://schemas.microsoft.com/win/2004/08/events/event}"}, "System": {"Provider": {"#attributes": {"Name": "Microsoft-Windows-Sysmon", "Guid": "{5770385f-c22a-43e0-bf4c-06f5698ffbd9}"}}, "EventID": 5, "Version": 3, "Level": 4, "Task": 5, "Opcode": 0, "Keywords": "0x8000000000000000", "TimeCreated": {"#attributes": {"SystemTime": "2025-07-21T17:42:35.2431746Z"}}, "EventRecordID": 6405, "Correlation": "", "Execution": {"#attributes": {"ProcessID": "3244", "ThreadID": "4048"}}, "Channel": "Microsoft-Windows-Sysmon/Operational", "Computer": "PB-win-dc.lab.local", "Security": {"#attributes": {"UserID": "S-1-5-18"}}}, "EventData": {"RuleName": "-", "UtcTime": "2025-07-21 17:42:35.241", "ProcessGuid": "{1a289fba-7c0b-687e-360c-000000000700}", "ProcessId": 2272, "Image": "C:\\Users\\Administrator\\AppData\\Roaming\\Zoom\\uninstall\\Installer.exe", "User": "lab\\Administrator"}}, "submission_id": "d8fe910f-1bef-4fc2-abdd-8bc5651c84a0"}
{"Event": {"#attributes": {"xmlns": "{http://schemas.microsoft.com/win/2004/08/events/event}"}, "System": {"Provider": {"#attributes": {"Name": "Microsoft-Windows-Sysmon", "Guid": "{5770385f-c22a-43e0-bf4c-06f5698ffbd9}"}}, "EventID": 1, "Version": 5, "Level": 4, "Task": 1, "Opcode": 0, "Keywords": "0x8000000000000000", "TimeCreated": {"#attributes": {"SystemTime": "2025-07-21T17:42:35.2418012Z"}}, "EventRecordID": 6404, "Correlation": "", "Execution": {"#attributes": {"ProcessID": "3244", "ThreadID": "4048"}}, "Channel": "Microsoft-Windows-Sysmon/Operational", "Computer": "PB-win-dc.lab.local", "Security": {"#attributes": {"UserID": "S-1-5-18"}}}, "EventData": {"RuleName": "-", "UtcTime": "2025-07-21 17:42:35.241", "ProcessGuid": "{1a289fba-7c0b-687e-380c-000000000700}", "ProcessId": 7496, "Image": "C:\\Users\\Administrator\\AppData\\Roaming\\Zoom\\uninstall\\Installer.exe", "FileVersion": "6,5,6,9328", "Description": "Zoom Installer", "Product": "Zoom Installer", "Company": "Zoom Communications, Inc.", "OriginalFileName": "Zoom Installer", "CommandLine": "\"C:\\Users\\Administrator\\AppData\\Roaming\\Zoom\\uninstall\\Installer.exe\" /uninstall /normal.priviledge", "CurrentDirectory": "C:\\Windows\\system32\\", "User": "lab\\Administrator", "LogonGuid": "{1a289fba-2a37-687e-cc6d-380000000000}", "LogonId": "0x386dcc", "TerminalSessionId": 2, "IntegrityLevel": "High", "Hashes": "MD5=5BC9C394F3857A01C6D619F6C39A1417,SHA256=832853463CDD196193909F18F0C8055F9679DF683C95CDE96A063E5F4C230EEE,IMPHASH=B71832F19ABFE54B612E302ECFBAE87B", "ParentProcessGuid": "{1a289fba-7c0b-687e-360c-000000000700}", "ParentProcessId": 2272, "ParentImage": "C:\\Users\\Administrator\\AppData\\Roaming\\Zoom\\uninstall\\Installer.exe", "ParentCommandLine": "\"C:\\Users\\Administrator\\AppData\\Roaming\\Zoom\\uninstall\\Installer.exe\" /uninstall", "ParentUser": "lab\\Administrator"}}, "submission_id": "d8fe910f-1bef-4fc2-abdd-8bc5651c84a0"}
