{"Event": {"#attributes": {"xmlns": "{http://schemas.microsoft.com/win/2004/08/events/event}"}, "System": {"Provider": {"#attributes": {"Name": "Microsoft-Windows-Sysmon", "Guid": "{5770385f-c22a-43e0-bf4c-06f5698ffbd9}"}}, "EventID": 11, "Version": 2, "Level": 4, "Task": 11, "Opcode": 0, "Keywords": "0x8000000000000000", "TimeCreated": {"#attributes": {"SystemTime": "2025-07-21T17:43:51.4054661Z"}}, "EventRecordID": 6671, "Correlation": "", "Execution": {"#attributes": {"ProcessID": "3244", "ThreadID": "4048"}}, "Channel": "Microsoft-Windows-Sysmon/Operational", "Computer": "PB-win-dc.lab.local", "Security": {"#attributes": {"UserID": "S-1-5-18"}}}, "EventData": {"RuleName": "DLL", "UtcTime": "2025-07-21 17:43:51.402", "ProcessGuid": "{1a289fba-7c52-687e-440c-000000000700}", "ProcessId": 7800, "Image": "C:\\Users\\ADMINI~1\\AppData\\Local\\Temp\\2\\7zS05BF71DF\\Installer.exe", "TargetFilename": "C:\\Users\\Administrator\\AppData\\Roaming\\Zoom\\tmp_bin\\zSipCallCommonBase.dll", "CreationUtcTime": "2025-07-21 17:43:51.402", "User": "lab\\Administrator"}}, "submission_id": "d8fe910f-1bef-4fc2-abdd-8bc5651c84a0"}
{"Event": {"#attributes": {"xmlns": "{http://schemas.microsoft.com/win/2004/08/events/event}"}, "System": {"Provider": {"#attributes": {"Name": "Microsoft-Windows-Sysmon", "Guid": "{5770385f-c22a-43e0-bf4c-06f5698ffbd9}"}}, "EventID": 11, "Version": 2, "Level": 4, "Task": 11, "Opcode": 0, "Keywords": "0x8000000000000000", "TimeCreated": {"#attributes": {"SystemTime": "2025-07-21T17:43:51.3999994Z"}}, "EventRecordID": 6670, "Correlation": "", "Execution": {"#attributes": {"ProcessID": "3244", "ThreadID": "4048"}}, "Channel": "Microsoft-Windows-Sysmon/Operational", "Computer": "PB-win-dc.lab.local", "Security": {"#attributes": {"UserID": "S-1-5-18"}}}, "EventData": {"RuleName": "DLL", "UtcTime": "2025-07-21 17:43:51.387", "ProcessGuid": "{1a289fba-7c52-687e-440c-000000000700}", "ProcessId": 7800, "Image": "C:\\Users\\ADMINI~1\\AppData\\Local\\Temp\\2\\7zS05BF71DF\\Installer.exe", "TargetFilename": "C:\\Users\\Administrator\\AppData\\Roaming\\Zoom\\tmp_bin\\zSipCallCommon.dll", "CreationUtcTime": "2025-07-21 17:43:51.387", "User": "lab\\Administrator"}}, "submission_id": "d8fe910f-1bef-4fc2-abdd-8bc5651c84a0"}
{"Event": {"#attributes": {"xmlns": "{http://schemas.microsoft.com/win/2004/08/events/event}"}, "System": {"Provider": {"#attributes": {"Name": "Microsoft-Windows-Sysmon", "Guid": "{5770385f-c22a-43e0-bf4c-06f5698ffbd9}"}}, "EventID": 11, "Version": 2, "Level": 4, "Task": 11, "Opcode": 0, "Keywords": "0x8000000000000000", "TimeCreated": {"#attributes": {"SystemTime": "2025-07-21T17:43:51.3915071Z"}}, "EventRecordID": 6669, "Correlation": "", "Execution": {"#attributes": {"ProcessID": "3244", "ThreadID": "4048"}}, "Channel": "Microsoft-Windows-Sysmon/Operational", "Computer": "PB-win-dc.lab.local", "Security": {"#attributes": {"UserID": "S-1-5-18"}}}, "EventData": {"RuleName": "DLL", "UtcTime": "2025-07-21 17:43:51.387", "ProcessGuid": "{1a289fba-7c52-687e-440c-000000000700}", "ProcessId": 7800, "Image": "C:\\Users\\ADMINI~1\\AppData\\Local\\Temp\\2\\7zS05BF71DF\\Installer.exe", "TargetFilename": "C:\\Users\\Administrator\\AppData\\Roaming\\Zoom\\tmp_bin\\zSipCallApp.dll", "CreationUtcTime": "2025-07-21 17:43:51.387", "User": "lab\\Administrator"}}, "submission_id": "d8fe910f-1bef-4fc2-abdd-8bc5651c84a0"}
{"Event": {"#attributes": {"xmlns": "{http://schemas.microsoft.com/win/2004/08/events/event}"}, "System": {"Provider": {"#attributes": {"Name": "Microsoft-Windows-Sysmon", "Guid": "{5770385f-c22a-43e0-bf4c-06f5698ffbd9}"}}, "EventID": 11, "Version": 2, "Level": 4, "Task": 11, "Opcode": 0, "Keywords": "0x8000000000000000", "TimeCreated": {"#attributes": {"SystemTime": "2025-07-21T17:43:51.3877800Z"}}, "EventRecordID": 6668, "Correlation": "", "Execution": {"#attributes": {"ProcessID": "3244", "ThreadID": "4048"}}, "Channel": "Microsoft-Windows-Sysmon/Operational", "Computer": "PB-win-dc.lab.local", "Security": {"#attributes": {"UserID": "S-1-5-18"}}}, "EventData": {"RuleName": "DLL", "UtcTime": "2025-07-21 17:43:51.387", "ProcessGuid": "{1a289fba-7c52-687e-440c-000000000700}", "ProcessId": 7800, "Image": "C:\\Users\\ADMINI~1\\AppData\\Local\\Temp\\2\\7zS05BF71DF\\Installer.exe", "TargetFilename": "C:\\Users\\Administrator\\AppData\\Roaming\\Zoom\\tmp_bin\\zzhost.dll", "CreationUtcTime": "2025-07-21 17:43:51.387", "User": "lab\\Administrator"}}, "submission_id": "d8fe910f-1bef-4fc2-abdd-8bc5651c84a0"}
{"Event": {"#attributes": {"xmlns": "{http://schemas.microsoft.com/win/2004/08/events/event}"}, "System": {"Provider": {"#attributes": {"Name": "Microsoft-Windows-Sysmon", "Guid": "{5770385f-c22a-43e0-bf4c-06f5698ffbd9}"}}, "EventID": 11, "Version": 2, "Level": 4, "Task": 11, "Opcode": 0, "Keywords": "0x8000000000000000", "TimeCreated": {"#attributes": {"SystemTime": "2025-07-21T17:43:51.3848253Z"}}, "EventRecordID": 6667, "Correlation": "", "Execution": {"#attributes": {"ProcessID": "3244", "ThreadID": "4048"}}, "Channel": "Microsoft-Windows-Sysmon/Operational", "Computer": "PB-win-dc.lab.local", "Security": {"#attributes": {"UserID": "S-1-5-18"}}}, "EventData": {"RuleName": "EXE", "UtcTime": "2025-07-21 17:43:51.371", "ProcessGuid": "{1a289fba-7c52-687e-440c-000000000700}", "ProcessId": 7800, "Image": "C:\\Users\\ADMINI~1\\AppData\\Local\\Temp\\2\\7zS05BF71DF\\Installer.exe", "TargetFilename": "C:\\Users\\Administrator\\AppData\\Roaming\\Zoom\\tmp_bin\\CptControl.exe", "CreationUtcTime": "2025-07-21 17:43:51.371", "User": "lab\\Administrator"}}, "submission_id": "d8fe910f-1bef-4fc2-abdd-8bc5651c84a0"}
{"Event": {"#attributes": {"xmlns": "{http://schemas.microsoft.com/win/2004/08/events/event}"}, "System": {"Provider": {"#attributes": {"Name": "Microsoft-Windows-Sysmon", "Guid": "{5770385f-c22a-43e0-bf4c-06f5698ffbd9}"}}, "EventID": 11, "Version": 2, "Level": 4, "Task": 11, "Opcode": 0, "Keywords": "0x8000000000000000", "TimeCreated": {"#attributes": {"SystemTime": "2025-07-21T17:43:51.3821639Z"}}, "EventRecordID": 6666, "Correlation": "", "Execution": {"#attributes": {"ProcessID": "3244", "ThreadID": "4048"}}, "Channel": "Microsoft-Windows-Sysmon/Operational", "Computer": "PB-win-dc.lab.local", "Security": {"#attributes": {"UserID": "S-1-5-18"}}}, "EventData": {"RuleName": "EXE", "UtcTime": "2025-07-21 17:43:51.371", "ProcessGuid": "{1a289fba-7c52-687e-440c-000000000700}", "ProcessId": 7800, "Image": "C:\\Users\\ADMINI~1\\AppData\\Local\\Temp\\2\\7zS05BF71DF\\Installer.exe", "TargetFilename": "C:\\Users\\Administrator\\AppData\\Roaming\\Zoom\\tmp_bin\\CptService.exe", "CreationUtcTime": "2025-07-21 17:43:51.371", "User": "lab\\Administrator"}}, "submission_id": "d8fe910f-1bef-4fc2-abdd-8bc5651c84a0"}
{"Event": {"#attributes": {"xmlns": "{http://schemas.microsoft.com/win/2004/08/events/event}"}, "System": {"Provider": {"#attributes": {"Name": "Microsoft-Windows-Sysmon", "Guid": "{5770385f-c22a-43e0-bf4c-06f5698ffbd9}"}}, "EventID": 11, "Version": 2, "Level": 4, "Task": 11, "Opcode": 0, "Keywords": "0x8000000000000000", "TimeCreated": {"#attributes": {"SystemTime": "2025-07-21T17:43:51.3792277Z"}}, "EventRecordID": 6665, "Correlation": "", "Execution": {"#attributes": {"ProcessID": "3244", "ThreadID": "4048"}}, "Channel": "Microsoft-Windows-Sysmon/Operational", "Computer": "PB-win-dc.lab.local", "Security": {"#attributes": {"UserID": "S-1-5-18"}}}, "EventData": {"RuleName": "EXE", "UtcTime": "2025-07-21 17:43:51.371", "ProcessGuid": "{1a289fba-7c52-687e-440c-000000000700}", "ProcessId": 7800, "Image": "C:\\Users\\ADMINI~1\\AppData\\Local\\Temp\\2\\7zS05BF71DF\\Installer.exe", "TargetFilename": "C:\\Users\\Administrator\\AppData\\Roaming\\Zoom\\tmp_bin\\CptInstall.exe", "CreationUtcTime": "2025-07-21 17:43:51.371", "User": "lab\\Administrator"}}, "submission_id": "d8fe910f-1bef-4fc2-abdd-8bc5651c84a0"}
{"Event": {"#attributes": {"xmlns": "{http://schemas.microsoft.com/win/2004/08/events/event}"}, "System": {"Provider": {"#attributes": {"Name": "Microsoft-Windows-Sysmon", "Guid": "{5770385f-c22a-43e0-bf4c-06f5698ffbd9}"}}, "EventID": 11, "Version": 2, "Level": 4, "Task": 11, "Opcode": 0, "Keywords": "0x8000000000000000", "TimeCreated": {"#attributes": {"SystemTime": "2025-07-21T17:43:51.3761097Z"}}, "EventRecordID": 6664, "Correlation": "", "Execution": {"#attributes": {"ProcessID": "3244", "ThreadID": "4048"}}, "Channel": "Microsoft-Windows-Sysmon/Operational", "Computer": "PB-win-dc.lab.local", "Security": {"#attributes": {"UserID": "S-1-5-18"}}}, "EventData": {"RuleName": "DLL", "UtcTime": "2025-07-21 17:43:51.371", "ProcessGuid": "{1a289fba-7c52-687e-440c-000000000700}", "ProcessId": 7800, "Image": "C:\\Users\\ADMINI~1\\AppData\\Local\\Temp\\2\\7zS05BF71DF\\Installer.exe", "TargetFilename": "C:\\Users\\Administrator\\AppData\\Roaming\\Zoom\\tmp_bin\\asproxy.dll", "CreationUtcTime": "2025-07-21 17:43:51.371", "User": "lab\\Administrator"}}, "submission_id": "d8fe910f-1bef-4fc2-abdd-8bc5651c84a0"}
{"Event": {"#attributes": {"xmlns": "{http://schemas.microsoft.com/win/2004/08/events/event}"}, "System": {"Provider": {"#attributes": {"Name": "Microsoft-Windows-Sysmon", "Guid": "{5770385f-c22a-43e0-bf4c-06f5698ffbd9}"}}, "EventID": 11, "Version": 2, "Level": 4, "Task": 11, "Opcode": 0, "Keywords": "0x8000000000000000", "TimeCreated": {"#attributes": {"SystemTime": "2025-07-21T17:43:51.3727004Z"}}, "EventRecordID": 6663, "Correlation": "", "Execution": {"#attributes": {"ProcessID": "3244", "ThreadID": "4048"}}, "Channel": "Microsoft-Windows-Sysmon/Operational", "Computer": "PB-win-dc.lab.local", "Security": {"#attributes": {"UserID": "S-1-5-18"}}}, "EventData": {"RuleName": "DLL", "UtcTime": "2025-07-21 17:43:51.371", "ProcessGuid": "{1a289fba-7c52-687e-440c-000000000700}", "ProcessId": 7800, "Image": "C:\\Users\\ADMINI~1\\AppData\\Local\\Temp\\2\\7zS05BF71DF\\Installer.exe", "TargetFilename": "C:\\Users\\Administrator\\AppData\\Roaming\\Zoom\\tmp_bin\\XmppDll.dll", "CreationUtcTime": "2025-07-21 17:43:51.371", "User": "lab\\Administrator"}}, "submission_id": "d8fe910f-1bef-4fc2-abdd-8bc5651c84a0"}
{"Event": {"#attributes": {"xmlns": "{http://schemas.microsoft.com/win/2004/08/events/event}"}, "System": {"Provider": {"#attributes": {"Name": "Microsoft-Windows-Sysmon", "Guid": "{5770385f-c22a-43e0-bf4c-06f5698ffbd9}"}}, "EventID": 11, "Version": 2, "Level": 4, "Task": 11, "Opcode": 0, "Keywords": "0x8000000000000000", "TimeCreated": {"#attributes": {"SystemTime": "2025-07-21T17:43:51.3683328Z"}}, "EventRecordID": 6662, "Correlation": "", "Execution": {"#attributes": {"ProcessID": "3244", "ThreadID": "4048"}}, "Channel": "Microsoft-Windows-Sysmon/Operational", "Computer": "PB-win-dc.lab.local", "Security": {"#attributes": {"UserID": "S-1-5-18"}}}, "EventData": {"RuleName": "DLL", "UtcTime": "2025-07-21 17:43:51.356", "ProcessGuid": "{1a289fba-7c52-687e-440c-000000000700}", "ProcessId": 7800, "Image": "C:\\Users\\ADMINI~1\\AppData\\Local\\Temp\\2\\7zS05BF71DF\\Installer.exe", "TargetFilename": "C:\\Users\\Administrator\\AppData\\Roaming\\Zoom\\tmp_bin\\swresample_zm-4.dll", "CreationUtcTime": "2025-07-21 17:43:51.356", "User": "lab\\Administrator"}}, "submission_id": "d8fe910f-1bef-4fc2-abdd-8bc5651c84a0"}
{"Event": {"#attributes": {"xmlns": "{http://schemas.microsoft.com/win/2004/08/events/event}"}, "System": {"Provider": {"#attributes": {"Name": "Microsoft-Windows-Sysmon", "Guid": "{5770385f-c22a-43e0-bf4c-06f5698ffbd9}"}}, "EventID": 11, "Version": 2, "Level": 4, "Task": 11, "Opcode": 0, "Keywords": "0x8000000000000000", "TimeCreated": {"#attributes": {"SystemTime": "2025-07-21T17:43:51.3655620Z"}}, "EventRecordID": 6661, "Correlation": "", "Execution": {"#attributes": {"ProcessID": "3244", "ThreadID": "4048"}}, "Channel": "Microsoft-Windows-Sysmon/Operational", "Computer": "PB-win-dc.lab.local", "Security": {"#attributes": {"UserID": "S-1-5-18"}}}, "EventData": {"RuleName": "DLL", "UtcTime": "2025-07-21 17:43:51.356", "ProcessGuid": "{1a289fba-7c52-687e-440c-000000000700}", "ProcessId": 7800, "Image": "C:\\Users\\ADMINI~1\\AppData\\Local\\Temp\\2\\7zS05BF71DF\\Installer.exe", "TargetFilename": "C:\\Users\\Administrator\\AppData\\Roaming\\Zoom\\tmp_bin\\mDNSResponder.dll", "CreationUtcTime": "2025-07-21 17:43:51.356", "User": "lab\\Administrator"}}, "submission_id": "d8fe910f-1bef-4fc2-abdd-8bc5651c84a0"}
{"Event": {"#attributes": {"xmlns": "{http://schemas.microsoft.com/win/2004/08/events/event}"}, "System": {"Provider": {"#attributes": {"Name": "Microsoft-Windows-Sysmon", "Guid": "{5770385f-c22a-43e0-bf4c-06f5698ffbd9}"}}, "EventID": 11, "Version": 2, "Level": 4, "Task": 11, "Opcode": 0, "Keywords": "0x8000000000000000", "TimeCreated": {"#attributes": {"SystemTime": "2025-07-21T17:43:51.3626369Z"}}, "EventRecordID": 6660, "Correlation": "", "Execution": {"#attributes": {"ProcessID": "3244", "ThreadID": "4048"}}, "Channel": "Microsoft-Windows-Sysmon/Operational", "Computer": "PB-win-dc.lab.local", "Security": {"#attributes": {"UserID": "S-1-5-18"}}}, "EventData": {"RuleName": "DLL", "UtcTime": "2025-07-21 17:43:51.356", "ProcessGuid": "{1a289fba-7c52-687e-440c-000000000700}", "ProcessId": 7800, "Image": "C:\\Users\\ADMINI~1\\AppData\\Local\\Temp\\2\\7zS05BF71DF\\Installer.exe", "TargetFilename": "C:\\Users\\Administrator\\AppData\\Roaming\\Zoom\\tmp_bin\\mdnsclient.dll", "CreationUtcTime": "2025-07-21 17:43:51.356", "User": "lab\\Administrator"}}, "submission_id": "d8fe910f-1bef-4fc2-abdd-8bc5651c84a0"}
{"Event": {"#attributes": {"xmlns": "{http://schemas.microsoft.com/win/2004/08/events/event}"}, "System": {"Provider": {"#attributes": {"Name": "Microsoft-Windows-Sysmon", "Guid": "{5770385f-c22a-43e0-bf4c-06f5698ffbd9}"}}, "EventID": 11, "Version": 2, "Level": 4, "Task": 11, "Opcode": 0, "Keywords": "0x8000000000000000", "TimeCreated": {"#attributes": {"SystemTime": "2025-07-21T17:43:51.3597136Z"}}, "EventRecordID": 6659, "Correlation": "", "Execution": {"#attributes": {"ProcessID": "3244", "ThreadID": "4048"}}, "Channel": "Microsoft-Windows-Sysmon/Operational", "Computer": "PB-win-dc.lab.local", "Security": {"#attributes": {"UserID": "S-1-5-18"}}}, "EventData": {"RuleName": "DLL", "UtcTime": "2025-07-21 17:43:51.356", "ProcessGuid": "{1a289fba-7c52-687e-440c-000000000700}", "ProcessId": 7800, "Image": "C:\\Users\\ADMINI~1\\AppData\\Local\\Temp\\2\\7zS05BF71DF\\Installer.exe", "TargetFilename": "C:\\Users\\Administrator\\AppData\\Roaming\\Zoom\\tmp_bin\\swscale_zm-6.dll", "CreationUtcTime": "2025-07-21 17:43:51.356", "User": "lab\\Administrator"}}, "submission_id": "d8fe910f-1bef-4fc2-abdd-8bc5651c84a0"}
{"Event": {"#attributes": {"xmlns": "{http://schemas.microsoft.com/win/2004/08/events/event}"}, "System": {"Provider": {"#attributes": {"Name": "Microsoft-Windows-Sysmon", "Guid": "{5770385f-c22a-43e0-bf4c-06f5698ffbd9}"}}, "EventID": 11, "Version": 2, "Level": 4, "Task": 11, "Opcode": 0, "Keywords": "0x8000000000000000", "TimeCreated": {"#attributes": {"SystemTime": "2025-07-21T17:43:51.3560035Z"}}, "EventRecordID": 6658, "Correlation": "", "Execution": {"#attributes": {"ProcessID": "3244", "ThreadID": "4048"}}, "Channel": "Microsoft-Windows-Sysmon/Operational", "Computer": "PB-win-dc.lab.local", "Security": {"#attributes": {"UserID": "S-1-5-18"}}}, "EventData": {"RuleName": "DLL", "UtcTime": "2025-07-21 17:43:51.340", "ProcessGuid": "{1a289fba-7c52-687e-440c-000000000700}", "ProcessId": 7800, "Image": "C:\\Users\\ADMINI~1\\AppData\\Local\\Temp\\2\\7zS05BF71DF\\Installer.exe", "TargetFilename": "C:\\Users\\Administrator\\AppData\\Roaming\\Zoom\\tmp_bin\\avutil_zm-57.dll", "CreationUtcTime": "2025-07-21 17:43:51.340", "User": "lab\\Administrator"}}, "submission_id": "d8fe910f-1bef-4fc2-abdd-8bc5651c84a0"}
{"Event": {"#attributes": {"xmlns": "{http://schemas.microsoft.com/win/2004/08/events/event}"}, "System": {"Provider": {"#attributes": {"Name": "Microsoft-Windows-Sysmon", "Guid": "{5770385f-c22a-43e0-bf4c-06f5698ffbd9}"}}, "EventID": 11, "Version": 2, "Level": 4, "Task": 11, "Opcode": 0, "Keywords": "0x8000000000000000", "TimeCreated": {"#attributes": {"SystemTime": "2025-07-21T17:43:51.3525792Z"}}, "EventRecordID": 6657, "Correlation": "", "Execution": {"#attributes": {"ProcessID": "3244", "ThreadID": "4048"}}, "Channel": "Microsoft-Windows-Sysmon/Operational", "Computer": "PB-win-dc.lab.local", "Security": {"#attributes": {"UserID": "S-1-5-18"}}}, "EventData": {"RuleName": "DLL", "UtcTime": "2025-07-21 17:43:51.340", "ProcessGuid": "{1a289fba-7c52-687e-440c-000000000700}", "ProcessId": 7800, "Image": "C:\\Users\\ADMINI~1\\AppData\\Local\\Temp\\2\\7zS05BF71DF\\Installer.exe", "TargetFilename": "C:\\Users\\Administrator\\AppData\\Roaming\\Zoom\\tmp_bin\\avformat_zm-59.dll", "CreationUtcTime": "2025-07-21 17:43:51.340", "User": "lab\\Administrator"}}, "submission_id": "d8fe910f-1bef-4fc2-abdd-8bc5651c84a0"}
{"Event": {"#attributes": {"xmlns": "{http://schemas.microsoft.com/win/2004/08/events/event}"}, "System": {"Provider": {"#attributes": {"Name": "Microsoft-Windows-Sysmon", "Guid": "{5770385f-c22a-43e0-bf4c-06f5698ffbd9}"}}, "EventID": 11, "Version": 2, "Level": 4, "Task": 11, "Opcode": 0, "Keywords": "0x8000000000000000", "TimeCreated": {"#attributes": {"SystemTime": "2025-07-21T17:43:51.3480406Z"}}, "EventRecordID": 6656, "Correlation": "", "Execution": {"#attributes": {"ProcessID": "3244", "ThreadID": "4048"}}, "Channel": "Microsoft-Windows-Sysmon/Operational", "Computer": "PB-win-dc.lab.local", "Security": {"#attributes": {"UserID": "S-1-5-18"}}}, "EventData": {"RuleName": "DLL", "UtcTime": "2025-07-21 17:43:51.340", "ProcessGuid": "{1a289fba-7c52-687e-440c-000000000700}", "ProcessId": 7800, "Image": "C:\\Users\\ADMINI~1\\AppData\\Local\\Temp\\2\\7zS05BF71DF\\Installer.exe", "TargetFilename": "C:\\Users\\Administrator\\AppData\\Roaming\\Zoom\\tmp_bin\\avcodec_zm-59.dll", "CreationUtcTime": "2025-07-21 17:43:51.340", "User": "lab\\Administrator"}}, "submission_id": "d8fe910f-1bef-4fc2-abdd-8bc5651c84a0"}
{"Event": {"#attributes": {"xmlns": "{http://schemas.microsoft.com/win/2004/08/events/event}"}, "System": {"Provider": {"#attributes": {"Name": "Microsoft-Windows-Sysmon", "Guid": "{5770385f-c22a-43e0-bf4c-06f5698ffbd9}"}}, "EventID": 11, "Version": 2, "Level": 4, "Task": 11, "Opcode": 0, "Keywords": "0x8000000000000000", "TimeCreated": {"#attributes": {"SystemTime": "2025-07-21T17:43:51.3401601Z"}}, "EventRecordID": 6655, "Correlation": "", "Execution": {"#attributes": {"ProcessID": "3244", "ThreadID": "4048"}}, "Channel": "Microsoft-Windows-Sysmon/Operational", "Computer": "PB-win-dc.lab.local", "Security": {"#attributes": {"UserID": "S-1-5-18"}}}, "EventData": {"RuleName": "EXE", "UtcTime": "2025-07-21 17:43:51.324", "ProcessGuid": "{1a289fba-7c52-687e-440c-000000000700}", "ProcessId": 7800, "Image": "C:\\Users\\ADMINI~1\\AppData\\Local\\Temp\\2\\7zS05BF71DF\\Installer.exe", "TargetFilename": "C:\\Users\\Administrator\\AppData\\Roaming\\Zoom\\tmp_bin\\airhost.exe", "CreationUtcTime": "2025-07-21 17:43:51.324", "User": "lab\\Administrator"}}, "submission_id": "d8fe910f-1bef-4fc2-abdd-8bc5651c84a0"}
{"Event": {"#attributes": {"xmlns": "{http://schemas.microsoft.com/win/2004/08/events/event}"}, "System": {"Provider": {"#attributes": {"Name": "Microsoft-Windows-Sysmon", "Guid": "{5770385f-c22a-43e0-bf4c-06f5698ffbd9}"}}, "EventID": 11, "Version": 2, "Level": 4, "Task": 11, "Opcode": 0, "Keywords": "0x8000000000000000", "TimeCreated": {"#attributes": {"SystemTime": "2025-07-21T17:43:51.3321644Z"}}, "EventRecordID": 6654, "Correlation": "", "Execution": {"#attributes": {"ProcessID": "3244", "ThreadID": "4048"}}, "Channel": "Microsoft-Windows-Sysmon/Operational", "Computer": "PB-win-dc.lab.local", "Security": {"#attributes": {"UserID": "S-1-5-18"}}}, "EventData": {"RuleName": "DLL", "UtcTime": "2025-07-21 17:43:51.324", "ProcessGuid": "{1a289fba-7c52-687e-440c-000000000700}", "ProcessId": 7800, "Image": "C:\\Users\\ADMINI~1\\AppData\\Local\\Temp\\2\\7zS05BF71DF\\Installer.exe", "TargetFilename": "C:\\Users\\Administrator\\AppData\\Roaming\\Zoom\\tmp_bin\\DuiLib.dll", "CreationUtcTime": "2025-07-21 17:43:51.324", "User": "lab\\Administrator"}}, "submission_id": "d8fe910f-1bef-4fc2-abdd-8bc5651c84a0"}
{"Event": {"#attributes": {"xmlns": "{http://schemas.microsoft.com/win/2004/08/events/event}"}, "System": {"Provider": {"#attributes": {"Name": "Microsoft-Windows-Sysmon", "Guid": "{5770385f-c22a-43e0-bf4c-06f5698ffbd9}"}}, "EventID": 11, "Version": 2, "Level": 4, "Task": 11, "Opcode": 0, "Keywords": "0x8000000000000000", "TimeCreated": {"#attributes": {"SystemTime": "2025-07-21T17:43:51.3279803Z"}}, "EventRecordID": 6653, "Correlation": "", "Execution": {"#attributes": {"ProcessID": "3244", "ThreadID": "4048"}}, "Channel": "Microsoft-Windows-Sysmon/Operational", "Computer": "PB-win-dc.lab.local", "Security": {"#attributes": {"UserID": "S-1-5-18"}}}, "EventData": {"RuleName": "DLL", "UtcTime": "2025-07-21 17:43:51.324", "ProcessGuid": "{1a289fba-7c52-687e-440c-000000000700}", "ProcessId": 7800, "Image": "C:\\Users\\ADMINI~1\\AppData\\Local\\Temp\\2\\7zS05BF71DF\\Installer.exe", "TargetFilename": "C:\\Users\\Administrator\\AppData\\Roaming\\Zoom\\tmp_bin\\reslib.dll", "CreationUtcTime": "2025-07-21 17:43:51.324", "User": "lab\\Administrator"}}, "submission_id": "d8fe910f-1bef-4fc2-abdd-8bc5651c84a0"}
{"Event": {"#attributes": {"xmlns": "{http://schemas.microsoft.com/win/2004/08/events/event}"}, "System": {"Provider": {"#attributes": {"Name": "Microsoft-Windows-Sysmon", "Guid": "{5770385f-c22a-43e0-bf4c-06f5698ffbd9}"}}, "EventID": 11, "Version": 2, "Level": 4, "Task": 11, "Opcode": 0, "Keywords": "0x8000000000000000", "TimeCreated": {"#attributes": {"SystemTime": "2025-07-21T17:43:51.3246423Z"}}, "EventRecordID": 6652, "Correlation": "", "Execution": {"#attributes": {"ProcessID": "3244", "ThreadID": "4048"}}, "Channel": "Microsoft-Windows-Sysmon/Operational", "Computer": "PB-win-dc.lab.local", "Security": {"#attributes": {"UserID": "S-1-5-18"}}}, "EventData": {"RuleName": "DLL", "UtcTime": "2025-07-21 17:43:51.309", "ProcessGuid": "{1a289fba-7c52-687e-440c-000000000700}", "ProcessId": 7800, "Image": "C:\\Users\\ADMINI~1\\AppData\\Local\\Temp\\2\\7zS05BF71DF\\Installer.exe", "TargetFilename": "C:\\Users\\Administrator\\AppData\\Roaming\\Zoom\\tmp_bin\\zSpacesUI.dll", "CreationUtcTime": "2025-07-21 17:43:51.309", "User": "lab\\Administrator"}}, "submission_id": "d8fe910f-1bef-4fc2-abdd-8bc5651c84a0"}
{"Event": {"#attributes": {"xmlns": "{http://schemas.microsoft.com/win/2004/08/events/event}"}, "System": {"Provider": {"#attributes": {"Name": "Microsoft-Windows-Sysmon", "Guid": "{5770385f-c22a-43e0-bf4c-06f5698ffbd9}"}}, "EventID": 11, "Version": 2, "Level": 4, "Task": 11, "Opcode": 0, "Keywords": "0x8000000000000000", "TimeCreated": {"#attributes": {"SystemTime": "2025-07-21T17:43:51.3216457Z"}}, "EventRecordID": 6651, "Correlation": "", "Execution": {"#attributes": {"ProcessID": "3244", "ThreadID": "4048"}}, "Channel": "Microsoft-Windows-Sysmon/Operational", "Computer": "PB-win-dc.lab.local", "Security": {"#attributes": {"UserID": "S-1-5-18"}}}, "EventData": {"RuleName": "DLL", "UtcTime": "2025-07-21 17:43:51.309", "ProcessGuid": "{1a289fba-7c52-687e-440c-000000000700}", "ProcessId": 7800, "Image": "C:\\Users\\ADMINI~1\\AppData\\Local\\Temp\\2\\7zS05BF71DF\\Installer.exe", "TargetFilename": "C:\\Users\\Administrator\\AppData\\Roaming\\Zoom\\tmp_bin\\zWBUI.dll", "CreationUtcTime": "2025-07-21 17:43:51.309", "User": "lab\\Administrator"}}, "submission_id": "d8fe910f-1bef-4fc2-abdd-8bc5651c84a0"}
{"Event": {"#attributes": {"xmlns": "{http://schemas.microsoft.com/win/2004/08/events/event}"}, "System": {"Provider": {"#attributes": {"Name": "Microsoft-Windows-Sysmon", "Guid": "{5770385f-c22a-43e0-bf4c-06f5698ffbd9}"}}, "EventID": 11, "Version": 2, "Level": 4, "Task": 11, "Opcode": 0, "Keywords": "0x8000000000000000", "TimeCreated": {"#attributes": {"SystemTime": "2025-07-21T17:43:51.3187184Z"}}, "EventRecordID": 6650, "Correlation": "", "Execution": {"#attributes": {"ProcessID": "3244", "ThreadID": "4048"}}, "Channel": "Microsoft-Windows-Sysmon/Operational", "Computer": "PB-win-dc.lab.local", "Security": {"#attributes": {"UserID": "S-1-5-18"}}}, "EventData": {"RuleName": "DLL", "UtcTime": "2025-07-21 17:43:51.309", "ProcessGuid": "{1a289fba-7c52-687e-440c-000000000700}", "ProcessId": 7800, "Image": "C:\\Users\\ADMINI~1\\AppData\\Local\\Temp\\2\\7zS05BF71DF\\Installer.exe", "TargetFilename": "C:\\Users\\Administrator\\AppData\\Roaming\\Zoom\\tmp_bin\\zWBUIRes.dll", "CreationUtcTime": "2025-07-21 17:43:51.309", "User": "lab\\Administrator"}}, "submission_id": "d8fe910f-1bef-4fc2-abdd-8bc5651c84a0"}
{"Event": {"#attributes": {"xmlns": "{http://schemas.microsoft.com/win/2004/08/events/event}"}, "System": {"Provider": {"#attributes": {"Name": "Microsoft-Windows-Sysmon", "Guid": "{5770385f-c22a-43e0-bf4c-06f5698ffbd9}"}}, "EventID": 11, "Version": 2, "Level": 4, "Task": 11, "Opcode": 0, "Keywords": "0x8000000000000000", "TimeCreated": {"#attributes": {"SystemTime": "2025-07-21T17:43:51.3156236Z"}}, "EventRecordID": 6649, "Correlation": "", "Execution": {"#attributes": {"ProcessID": "3244", "ThreadID": "4048"}}, "Channel": "Microsoft-Windows-Sysmon/Operational", "Computer": "PB-win-dc.lab.local", "Security": {"#attributes": {"UserID": "S-1-5-18"}}}, "EventData": {"RuleName": "DLL", "UtcTime": "2025-07-21 17:43:51.309", "ProcessGuid": "{1a289fba-7c52-687e-440c-000000000700}", "ProcessId": 7800, "Image": "C:\\Users\\ADMINI~1\\AppData\\Local\\Temp\\2\\7zS05BF71DF\\Installer.exe", "TargetFilename": "C:\\Users\\Administrator\\AppData\\Roaming\\Zoom\\tmp_bin\\annoter.dll", "CreationUtcTime": "2025-07-21 17:43:51.309", "User": "lab\\Administrator"}}, "submission_id": "d8fe910f-1bef-4fc2-abdd-8bc5651c84a0"}
{"Event": {"#attributes": {"xmlns": "{http://schemas.microsoft.com/win/2004/08/events/event}"}, "System": {"Provider": {"#attributes": {"Name": "Microsoft-Windows-Sysmon", "Guid": "{5770385f-c22a-43e0-bf4c-06f5698ffbd9}"}}, "EventID": 11, "Version": 2, "Level": 4, "Task": 11, "Opcode": 0, "Keywords": "0x8000000000000000", "TimeCreated": {"#attributes": {"SystemTime": "2025-07-21T17:43:51.3120829Z"}}, "EventRecordID": 6648, "Correlation": "", "Execution": {"#attributes": {"ProcessID": "3244", "ThreadID": "4048"}}, "Channel": "Microsoft-Windows-Sysmon/Operational", "Computer": "PB-win-dc.lab.local", "Security": {"#attributes": {"UserID": "S-1-5-18"}}}, "EventData": {"RuleName": "DLL", "UtcTime": "2025-07-21 17:43:51.309", "ProcessGuid": "{1a289fba-7c52-687e-440c-000000000700}", "ProcessId": 7800, "Image": "C:\\Users\\ADMINI~1\\AppData\\Local\\Temp\\2\\7zS05BF71DF\\Installer.exe", "TargetFilename": "C:\\Users\\Administrator\\AppData\\Roaming\\Zoom\\tmp_bin\\cares.dll", "CreationUtcTime": "2025-07-21 17:43:51.309", "User": "lab\\Administrator"}}, "submission_id": "d8fe910f-1bef-4fc2-abdd-8bc5651c84a0"}
{"Event": {"#attributes": {"xmlns": "{http://schemas.microsoft.com/win/2004/08/events/event}"}, "System": {"Provider": {"#attributes": {"Name": "Microsoft-Windows-Sysmon", "Guid": "{5770385f-c22a-43e0-bf4c-06f5698ffbd9}"}}, "EventID": 11, "Version": 2, "Level": 4, "Task": 11, "Opcode": 0, "Keywords": "0x8000000000000000", "TimeCreated": {"#attributes": {"SystemTime": "2025-07-21T17:43:51.3092876Z"}}, "EventRecordID": 6647, "Correlation": "", "Execution": {"#attributes": {"ProcessID": "3244", "ThreadID": "4048"}}, "Channel": "Microsoft-Windows-Sysmon/Operational", "Computer": "PB-win-dc.lab.local", "Security": {"#attributes": {"UserID": "S-1-5-18"}}}, "EventData": {"RuleName": "DLL", "UtcTime": "2025-07-21 17:43:51.309", "ProcessGuid": "{1a289fba-7c52-687e-440c-000000000700}", "ProcessId": 7800, "Image": "C:\\Users\\ADMINI~1\\AppData\\Local\\Temp\\2\\7zS05BF71DF\\Installer.exe", "TargetFilename": "C:\\Users\\Administrator\\AppData\\Roaming\\Zoom\\tmp_bin\\zNetUtils.dll", "CreationUtcTime": "2025-07-21 17:43:51.309", "User": "lab\\Administrator"}}, "submission_id": "d8fe910f-1bef-4fc2-abdd-8bc5651c84a0"}
{"Event": {"#attributes": {"xmlns": "{http://schemas.microsoft.com/win/2004/08/events/event}"}, "System": {"Provider": {"#attributes": {"Name": "Microsoft-Windows-Sysmon", "Guid": "{5770385f-c22a-43e0-bf4c-06f5698ffbd9}"}}, "EventID": 11, "Version": 2, "Level": 4, "Task": 11, "Opcode": 0, "Keywords": "0x8000000000000000", "TimeCreated": {"#attributes": {"SystemTime": "2025-07-21T17:43:51.3054686Z"}}, "EventRecordID": 6646, "Correlation": "", "Execution": {"#attributes": {"ProcessID": "3244", "ThreadID": "4048"}}, "Channel": "Microsoft-Windows-Sysmon/Operational", "Computer": "PB-win-dc.lab.local", "Security": {"#attributes": {"UserID": "S-1-5-18"}}}, "EventData": {"RuleName": "DLL", "UtcTime": "2025-07-21 17:43:51.293", "ProcessGuid": "{1a289fba-7c52-687e-440c-000000000700}", "ProcessId": 7800, "Image": "C:\\Users\\ADMINI~1\\AppData\\Local\\Temp\\2\\7zS05BF71DF\\Installer.exe", "TargetFilename": "C:\\Users\\Administrator\\AppData\\Roaming\\Zoom\\tmp_bin\\zNet.dll", "CreationUtcTime": "2025-07-21 17:43:51.293", "User": "lab\\Administrator"}}, "submission_id": "d8fe910f-1bef-4fc2-abdd-8bc5651c84a0"}
{"Event": {"#attributes": {"xmlns": "{http://schemas.microsoft.com/win/2004/08/events/event}"}, "System": {"Provider": {"#attributes": {"Name": "Microsoft-Windows-Sysmon", "Guid": "{5770385f-c22a-43e0-bf4c-06f5698ffbd9}"}}, "EventID": 11, "Version": 2, "Level": 4, "Task": 11, "Opcode": 0, "Keywords": "0x8000000000000000", "TimeCreated": {"#attributes": {"SystemTime": "2025-07-21T17:43:51.3008852Z"}}, "EventRecordID": 6645, "Correlation": "", "Execution": {"#attributes": {"ProcessID": "3244", "ThreadID": "4048"}}, "Channel": "Microsoft-Windows-Sysmon/Operational", "Computer": "PB-win-dc.lab.local", "Security": {"#attributes": {"UserID": "S-1-5-18"}}}, "EventData": {"RuleName": "DLL", "UtcTime": "2025-07-21 17:43:51.293", "ProcessGuid": "{1a289fba-7c52-687e-440c-000000000700}", "ProcessId": 7800, "Image": "C:\\Users\\ADMINI~1\\AppData\\Local\\Temp\\2\\7zS05BF71DF\\Installer.exe", "TargetFilename": "C:\\Users\\Administrator\\AppData\\Roaming\\Zoom\\tmp_bin\\zEventTracker.dll", "CreationUtcTime": "2025-07-21 17:43:51.293", "User": "lab\\Administrator"}}, "submission_id": "d8fe910f-1bef-4fc2-abdd-8bc5651c84a0"}
{"Event": {"#attributes": {"xmlns": "{http://schemas.microsoft.com/win/2004/08/events/event}"}, "System": {"Provider": {"#attributes": {"Name": "Microsoft-Windows-Sysmon", "Guid": "{5770385f-c22a-43e0-bf4c-06f5698ffbd9}"}}, "EventID": 11, "Version": 2, "Level": 4, "Task": 11, "Opcode": 0, "Keywords": "0x8000000000000000", "TimeCreated": {"#attributes": {"SystemTime": "2025-07-21T17:43:51.2962820Z"}}, "EventRecordID": 6644, "Correlation": "", "Execution": {"#attributes": {"ProcessID": "3244", "ThreadID": "4048"}}, "Channel": "Microsoft-Windows-Sysmon/Operational", "Computer": "PB-win-dc.lab.local", "Security": {"#attributes": {"UserID": "S-1-5-18"}}}, "EventData": {"RuleName": "DLL", "UtcTime": "2025-07-21 17:43:51.293", "ProcessGuid": "{1a289fba-7c52-687e-440c-000000000700}", "ProcessId": 7800, "Image": "C:\\Users\\ADMINI~1\\AppData\\Local\\Temp\\2\\7zS05BF71DF\\Installer.exe", "TargetFilename": "C:\\Users\\Administrator\\AppData\\Roaming\\Zoom\\tmp_bin\\ZoomTelemetry.dll", "CreationUtcTime": "2025-07-21 17:43:51.293", "User": "lab\\Administrator"}}, "submission_id": "d8fe910f-1bef-4fc2-abdd-8bc5651c84a0"}
{"Event": {"#attributes": {"xmlns": "{http://schemas.microsoft.com/win/2004/08/events/event}"}, "System": {"Provider": {"#attributes": {"Name": "Microsoft-Windows-Sysmon", "Guid": "{5770385f-c22a-43e0-bf4c-06f5698ffbd9}"}}, "EventID": 11, "Version": 2, "Level": 4, "Task": 11, "Opcode": 0, "Keywords": "0x8000000000000000", "TimeCreated": {"#attributes": {"SystemTime": "2025-07-21T17:43:51.2862454Z"}}, "EventRecordID": 6643, "Correlation": "", "Execution": {"#attributes": {"ProcessID": "3244", "ThreadID": "4048"}}, "Channel": "Microsoft-Windows-Sysmon/Operational", "Computer": "PB-win-dc.lab.local", "Security": {"#attributes": {"UserID": "S-1-5-18"}}}, "EventData": {"RuleName": "DLL", "UtcTime": "2025-07-21 17:43:51.277", "ProcessGuid": "{1a289fba-7c52-687e-440c-000000000700}", "ProcessId": 7800, "Image": "C:\\Users\\ADMINI~1\\AppData\\Local\\Temp\\2\\7zS05BF71DF\\Installer.exe", "TargetFilename": "C:\\Users\\Administrator\\AppData\\Roaming\\Zoom\\tmp_bin\\zWebService.dll", "CreationUtcTime": "2025-07-21 17:43:51.277", "User": "lab\\Administrator"}}, "submission_id": "d8fe910f-1bef-4fc2-abdd-8bc5651c84a0"}
{"Event": {"#attributes": {"xmlns": "{http://schemas.microsoft.com/win/2004/08/events/event}"}, "System": {"Provider": {"#attributes": {"Name": "Microsoft-Windows-Sysmon", "Guid": "{5770385f-c22a-43e0-bf4c-06f5698ffbd9}"}}, "EventID": 11, "Version": 2, "Level": 4, "Task": 11, "Opcode": 0, "Keywords": "0x8000000000000000", "TimeCreated": {"#attributes": {"SystemTime": "2025-07-21T17:43:51.2720914Z"}}, "EventRecordID": 6642, "Correlation": "", "Execution": {"#attributes": {"ProcessID": "3244", "ThreadID": "4048"}}, "Channel": "Microsoft-Windows-Sysmon/Operational", "Computer": "PB-win-dc.lab.local", "Security": {"#attributes": {"UserID": "S-1-5-18"}}}, "EventData": {"RuleName": "DLL", "UtcTime": "2025-07-21 17:43:51.262", "ProcessGuid": "{1a289fba-7c52-687e-440c-000000000700}", "ProcessId": 7800, "Image": "C:\\Users\\ADMINI~1\\AppData\\Local\\Temp\\2\\7zS05BF71DF\\Installer.exe", "TargetFilename": "C:\\Users\\Administrator\\AppData\\Roaming\\Zoom\\tmp_bin\\zVideoUI.dll", "CreationUtcTime": "2025-07-21 17:43:51.262", "User": "lab\\Administrator"}}, "submission_id": "d8fe910f-1bef-4fc2-abdd-8bc5651c84a0"}
{"Event": {"#attributes": {"xmlns": "{http://schemas.microsoft.com/win/2004/08/events/event}"}, "System": {"Provider": {"#attributes": {"Name": "Microsoft-Windows-Sysmon", "Guid": "{5770385f-c22a-43e0-bf4c-06f5698ffbd9}"}}, "EventID": 11, "Version": 2, "Level": 4, "Task": 11, "Opcode": 0, "Keywords": "0x8000000000000000", "TimeCreated": {"#attributes": {"SystemTime": "2025-07-21T17:43:51.2550365Z"}}, "EventRecordID": 6641, "Correlation": "", "Execution": {"#attributes": {"ProcessID": "3244", "ThreadID": "4048"}}, "Channel": "Microsoft-Windows-Sysmon/Operational", "Computer": "PB-win-dc.lab.local", "Security": {"#attributes": {"UserID": "S-1-5-18"}}}, "EventData": {"RuleName": "DLL", "UtcTime": "2025-07-21 17:43:51.246", "ProcessGuid": "{1a289fba-7c52-687e-440c-000000000700}", "ProcessId": 7800, "Image": "C:\\Users\\ADMINI~1\\AppData\\Local\\Temp\\2\\7zS05BF71DF\\Installer.exe", "TargetFilename": "C:\\Users\\Administrator\\AppData\\Roaming\\Zoom\\tmp_bin\\zVideoApp.dll", "CreationUtcTime": "2025-07-21 17:43:51.246", "User": "lab\\Administrator"}}, "submission_id": "d8fe910f-1bef-4fc2-abdd-8bc5651c84a0"}
{"Event": {"#attributes": {"xmlns": "{http://schemas.microsoft.com/win/2004/08/events/event}"}, "System": {"Provider": {"#attributes": {"Name": "Microsoft-Windows-Sysmon", "Guid": "{5770385f-c22a-43e0-bf4c-06f5698ffbd9}"}}, "EventID": 11, "Version": 2, "Level": 4, "Task": 11, "Opcode": 0, "Keywords": "0x8000000000000000", "TimeCreated": {"#attributes": {"SystemTime": "2025-07-21T17:43:51.2456987Z"}}, "EventRecordID": 6640, "Correlation": "", "Execution": {"#attributes": {"ProcessID": "3244", "ThreadID": "4048"}}, "Channel": "Microsoft-Windows-Sysmon/Operational", "Computer": "PB-win-dc.lab.local", "Security": {"#attributes": {"UserID": "S-1-5-18"}}}, "EventData": {"RuleName": "EXE", "UtcTime": "2025-07-21 17:43:51.231", "ProcessGuid": "{1a289fba-7c52-687e-440c-000000000700}", "ProcessId": 7800, "Image": "C:\\Users\\ADMINI~1\\AppData\\Local\\Temp\\2\\7zS05BF71DF\\Installer.exe", "TargetFilename": "C:\\Users\\Administrator\\AppData\\Roaming\\Zoom\\tmp_bin\\zTscoder.exe", "CreationUtcTime": "2025-07-21 17:43:51.231", "User": "lab\\Administrator"}}, "submission_id": "d8fe910f-1bef-4fc2-abdd-8bc5651c84a0"}
{"Event": {"#attributes": {"xmlns": "{http://schemas.microsoft.com/win/2004/08/events/event}"}, "System": {"Provider": {"#attributes": {"Name": "Microsoft-Windows-Sysmon", "Guid": "{5770385f-c22a-43e0-bf4c-06f5698ffbd9}"}}, "EventID": 11, "Version": 2, "Level": 4, "Task": 11, "Opcode": 0, "Keywords": "0x8000000000000000", "TimeCreated": {"#attributes": {"SystemTime": "2025-07-21T17:43:51.2404203Z"}}, "EventRecordID": 6639, "Correlation": "", "Execution": {"#attributes": {"ProcessID": "3244", "ThreadID": "4048"}}, "Channel": "Microsoft-Windows-Sysmon/Operational", "Computer": "PB-win-dc.lab.local", "Security": {"#attributes": {"UserID": "S-1-5-18"}}}, "EventData": {"RuleName": "EXE", "UtcTime": "2025-07-21 17:43:51.231", "ProcessGuid": "{1a289fba-7c52-687e-440c-000000000700}", "ProcessId": 7800, "Image": "C:\\Users\\ADMINI~1\\AppData\\Local\\Temp\\2\\7zS05BF71DF\\Installer.exe", "TargetFilename": "C:\\Users\\Administrator\\AppData\\Roaming\\Zoom\\tmp_bin\\Zoom_launcher.exe", "CreationUtcTime": "2025-07-21 17:43:51.231", "User": "lab\\Administrator"}}, "submission_id": "d8fe910f-1bef-4fc2-abdd-8bc5651c84a0"}
{"Event": {"#attributes": {"xmlns": "{http://schemas.microsoft.com/win/2004/08/events/event}"}, "System": {"Provider": {"#attributes": {"Name": "Microsoft-Windows-Sysmon", "Guid": "{5770385f-c22a-43e0-bf4c-06f5698ffbd9}"}}, "EventID": 11, "Version": 2, "Level": 4, "Task": 11, "Opcode": 0, "Keywords": "0x8000000000000000", "TimeCreated": {"#attributes": {"SystemTime": "2025-07-21T17:43:51.2375577Z"}}, "EventRecordID": 6638, "Correlation": "", "Execution": {"#attributes": {"ProcessID": "3244", "ThreadID": "4048"}}, "Channel": "Microsoft-Windows-Sysmon/Operational", "Computer": "PB-win-dc.lab.local", "Security": {"#attributes": {"UserID": "S-1-5-18"}}}, "EventData": {"RuleName": "EXE", "UtcTime": "2025-07-21 17:43:51.231", "ProcessGuid": "{1a289fba-7c52-687e-440c-000000000700}", "ProcessId": 7800, "Image": "C:\\Users\\ADMINI~1\\AppData\\Local\\Temp\\2\\7zS05BF71DF\\Installer.exe", "TargetFilename": "C:\\Users\\Administrator\\AppData\\Roaming\\Zoom\\tmp_bin\\Zoom.exe", "CreationUtcTime": "2025-07-21 17:43:51.231", "User": "lab\\Administrator"}}, "submission_id": "d8fe910f-1bef-4fc2-abdd-8bc5651c84a0"}
{"Event": {"#attributes": {"xmlns": "{http://schemas.microsoft.com/win/2004/08/events/event}"}, "System": {"Provider": {"#attributes": {"Name": "Microsoft-Windows-Sysmon", "Guid": "{5770385f-c22a-43e0-bf4c-06f5698ffbd9}"}}, "EventID": 11, "Version": 2, "Level": 4, "Task": 11, "Opcode": 0, "Keywords": "0x8000000000000000", "TimeCreated": {"#attributes": {"SystemTime": "2025-07-21T17:43:51.2343285Z"}}, "EventRecordID": 6637, "Correlation": "", "Execution": {"#attributes": {"ProcessID": "3244", "ThreadID": "4048"}}, "Channel": "Microsoft-Windows-Sysmon/Operational", "Computer": "PB-win-dc.lab.local", "Security": {"#attributes": {"UserID": "S-1-5-18"}}}, "EventData": {"RuleName": "DLL", "UtcTime": "2025-07-21 17:43:51.231", "ProcessGuid": "{1a289fba-7c52-687e-440c-000000000700}", "ProcessId": 7800, "Image": "C:\\Users\\ADMINI~1\\AppData\\Local\\Temp\\2\\7zS05BF71DF\\Installer.exe", "TargetFilename": "C:\\Users\\Administrator\\AppData\\Roaming\\Zoom\\tmp_bin\\zmb.dll", "CreationUtcTime": "2025-07-21 17:43:51.231", "User": "lab\\Administrator"}}, "submission_id": "d8fe910f-1bef-4fc2-abdd-8bc5651c84a0"}
{"Event": {"#attributes": {"xmlns": "{http://schemas.microsoft.com/win/2004/08/events/event}"}, "System": {"Provider": {"#attributes": {"Name": "Microsoft-Windows-Sysmon", "Guid": "{5770385f-c22a-43e0-bf4c-06f5698ffbd9}"}}, "EventID": 11, "Version": 2, "Level": 4, "Task": 11, "Opcode": 0, "Keywords": "0x8000000000000000", "TimeCreated": {"#attributes": {"SystemTime": "2025-07-21T17:43:51.2285604Z"}}, "EventRecordID": 6636, "Correlation": "", "Execution": {"#attributes": {"ProcessID": "3244", "ThreadID": "4048"}}, "Channel": "Microsoft-Windows-Sysmon/Operational", "Computer": "PB-win-dc.lab.local", "Security": {"#attributes": {"UserID": "S-1-5-18"}}}, "EventData": {"RuleName": "DLL", "UtcTime": "2025-07-21 17:43:51.215", "ProcessGuid": "{1a289fba-7c52-687e-440c-000000000700}", "ProcessId": 7800, "Image": "C:\\Users\\ADMINI~1\\AppData\\Local\\Temp\\2\\7zS05BF71DF\\Installer.exe", "TargetFilename": "C:\\Users\\Administrator\\AppData\\Roaming\\Zoom\\tmp_bin\\zlt.dll", "CreationUtcTime": "2025-07-21 17:43:51.215", "User": "lab\\Administrator"}}, "submission_id": "d8fe910f-1bef-4fc2-abdd-8bc5651c84a0"}
{"Event": {"#attributes": {"xmlns": "{http://schemas.microsoft.com/win/2004/08/events/event}"}, "System": {"Provider": {"#attributes": {"Name": "Microsoft-Windows-Sysmon", "Guid": "{5770385f-c22a-43e0-bf4c-06f5698ffbd9}"}}, "EventID": 11, "Version": 2, "Level": 4, "Task": 11, "Opcode": 0, "Keywords": "0x8000000000000000", "TimeCreated": {"#attributes": {"SystemTime": "2025-07-21T17:43:51.2215252Z"}}, "EventRecordID": 6635, "Correlation": "", "Execution": {"#attributes": {"ProcessID": "3244", "ThreadID": "4048"}}, "Channel": "Microsoft-Windows-Sysmon/Operational", "Computer": "PB-win-dc.lab.local", "Security": {"#attributes": {"UserID": "S-1-5-18"}}}, "EventData": {"RuleName": "DLL", "UtcTime": "2025-07-21 17:43:51.215", "ProcessGuid": "{1a289fba-7c52-687e-440c-000000000700}", "ProcessId": 7800, "Image": "C:\\Users\\ADMINI~1\\AppData\\Local\\Temp\\2\\7zS05BF71DF\\Installer.exe", "TargetFilename": "C:\\Users\\Administrator\\AppData\\Roaming\\Zoom\\tmp_bin\\language\\zLang_zh_tw.dll", "CreationUtcTime": "2025-07-21 17:43:51.215", "User": "lab\\Administrator"}}, "submission_id": "d8fe910f-1bef-4fc2-abdd-8bc5651c84a0"}
{"Event": {"#attributes": {"xmlns": "{http://schemas.microsoft.com/win/2004/08/events/event}"}, "System": {"Provider": {"#attributes": {"Name": "Microsoft-Windows-Sysmon", "Guid": "{5770385f-c22a-43e0-bf4c-06f5698ffbd9}"}}, "EventID": 11, "Version": 2, "Level": 4, "Task": 11, "Opcode": 0, "Keywords": "0x8000000000000000", "TimeCreated": {"#attributes": {"SystemTime": "2025-07-21T17:43:51.2181562Z"}}, "EventRecordID": 6634, "Correlation": "", "Execution": {"#attributes": {"ProcessID": "3244", "ThreadID": "4048"}}, "Channel": "Microsoft-Windows-Sysmon/Operational", "Computer": "PB-win-dc.lab.local", "Security": {"#attributes": {"UserID": "S-1-5-18"}}}, "EventData": {"RuleName": "DLL", "UtcTime": "2025-07-21 17:43:51.215", "ProcessGuid": "{1a289fba-7c52-687e-440c-000000000700}", "ProcessId": 7800, "Image": "C:\\Users\\ADMINI~1\\AppData\\Local\\Temp\\2\\7zS05BF71DF\\Installer.exe", "TargetFilename": "C:\\Users\\Administrator\\AppData\\Roaming\\Zoom\\tmp_bin\\language\\zLang_zh_cn.dll", "CreationUtcTime": "2025-07-21 17:43:51.215", "User": "lab\\Administrator"}}, "submission_id": "d8fe910f-1bef-4fc2-abdd-8bc5651c84a0"}
{"Event": {"#attributes": {"xmlns": "{http://schemas.microsoft.com/win/2004/08/events/event}"}, "System": {"Provider": {"#attributes": {"Name": "Microsoft-Windows-Sysmon", "Guid": "{5770385f-c22a-43e0-bf4c-06f5698ffbd9}"}}, "EventID": 11, "Version": 2, "Level": 4, "Task": 11, "Opcode": 0, "Keywords": "0x8000000000000000", "TimeCreated": {"#attributes": {"SystemTime": "2025-07-21T17:43:51.2147489Z"}}, "EventRecordID": 6633, "Correlation": "", "Execution": {"#attributes": {"ProcessID": "3244", "ThreadID": "4048"}}, "Channel": "Microsoft-Windows-Sysmon/Operational", "Computer": "PB-win-dc.lab.local", "Security": {"#attributes": {"UserID": "S-1-5-18"}}}, "EventData": {"RuleName": "DLL", "UtcTime": "2025-07-21 17:43:51.199", "ProcessGuid": "{1a289fba-7c52-687e-440c-000000000700}", "ProcessId": 7800, "Image": "C:\\Users\\ADMINI~1\\AppData\\Local\\Temp\\2\\7zS05BF71DF\\Installer.exe", "TargetFilename": "C:\\Users\\Administrator\\AppData\\Roaming\\Zoom\\tmp_bin\\language\\zLang_vi.dll", "CreationUtcTime": "2025-07-21 17:43:51.199", "User": "lab\\Administrator"}}, "submission_id": "d8fe910f-1bef-4fc2-abdd-8bc5651c84a0"}
{"Event": {"#attributes": {"xmlns": "{http://schemas.microsoft.com/win/2004/08/events/event}"}, "System": {"Provider": {"#attributes": {"Name": "Microsoft-Windows-Sysmon", "Guid": "{5770385f-c22a-43e0-bf4c-06f5698ffbd9}"}}, "EventID": 11, "Version": 2, "Level": 4, "Task": 11, "Opcode": 0, "Keywords": "0x8000000000000000", "TimeCreated": {"#attributes": {"SystemTime": "2025-07-21T17:43:51.2111850Z"}}, "EventRecordID": 6632, "Correlation": "", "Execution": {"#attributes": {"ProcessID": "3244", "ThreadID": "4048"}}, "Channel": "Microsoft-Windows-Sysmon/Operational", "Computer": "PB-win-dc.lab.local", "Security": {"#attributes": {"UserID": "S-1-5-18"}}}, "EventData": {"RuleName": "DLL", "UtcTime": "2025-07-21 17:43:51.199", "ProcessGuid": "{1a289fba-7c52-687e-440c-000000000700}", "ProcessId": 7800, "Image": "C:\\Users\\ADMINI~1\\AppData\\Local\\Temp\\2\\7zS05BF71DF\\Installer.exe", "TargetFilename": "C:\\Users\\Administrator\\AppData\\Roaming\\Zoom\\tmp_bin\\language\\zLang_tr.dll", "CreationUtcTime": "2025-07-21 17:43:51.199", "User": "lab\\Administrator"}}, "submission_id": "d8fe910f-1bef-4fc2-abdd-8bc5651c84a0"}
{"Event": {"#attributes": {"xmlns": "{http://schemas.microsoft.com/win/2004/08/events/event}"}, "System": {"Provider": {"#attributes": {"Name": "Microsoft-Windows-Sysmon", "Guid": "{5770385f-c22a-43e0-bf4c-06f5698ffbd9}"}}, "EventID": 11, "Version": 2, "Level": 4, "Task": 11, "Opcode": 0, "Keywords": "0x8000000000000000", "TimeCreated": {"#attributes": {"SystemTime": "2025-07-21T17:43:51.2077615Z"}}, "EventRecordID": 6631, "Correlation": "", "Execution": {"#attributes": {"ProcessID": "3244", "ThreadID": "4048"}}, "Channel": "Microsoft-Windows-Sysmon/Operational", "Computer": "PB-win-dc.lab.local", "Security": {"#attributes": {"UserID": "S-1-5-18"}}}, "EventData": {"RuleName": "DLL", "UtcTime": "2025-07-21 17:43:51.199", "ProcessGuid": "{1a289fba-7c52-687e-440c-000000000700}", "ProcessId": 7800, "Image": "C:\\Users\\ADMINI~1\\AppData\\Local\\Temp\\2\\7zS05BF71DF\\Installer.exe", "TargetFilename": "C:\\Users\\Administrator\\AppData\\Roaming\\Zoom\\tmp_bin\\language\\zLang_sv.dll", "CreationUtcTime": "2025-07-21 17:43:51.199", "User": "lab\\Administrator"}}, "submission_id": "d8fe910f-1bef-4fc2-abdd-8bc5651c84a0"}
{"Event": {"#attributes": {"xmlns": "{http://schemas.microsoft.com/win/2004/08/events/event}"}, "System": {"Provider": {"#attributes": {"Name": "Microsoft-Windows-Sysmon", "Guid": "{5770385f-c22a-43e0-bf4c-06f5698ffbd9}"}}, "EventID": 11, "Version": 2, "Level": 4, "Task": 11, "Opcode": 0, "Keywords": "0x8000000000000000", "TimeCreated": {"#attributes": {"SystemTime": "2025-07-21T17:43:51.2021074Z"}}, "EventRecordID": 6630, "Correlation": "", "Execution": {"#attributes": {"ProcessID": "3244", "ThreadID": "4048"}}, "Channel": "Microsoft-Windows-Sysmon/Operational", "Computer": "PB-win-dc.lab.local", "Security": {"#attributes": {"UserID": "S-1-5-18"}}}, "EventData": {"RuleName": "DLL", "UtcTime": "2025-07-21 17:43:51.199", "ProcessGuid": "{1a289fba-7c52-687e-440c-000000000700}", "ProcessId": 7800, "Image": "C:\\Users\\ADMINI~1\\AppData\\Local\\Temp\\2\\7zS05BF71DF\\Installer.exe", "TargetFilename": "C:\\Users\\Administrator\\AppData\\Roaming\\Zoom\\tmp_bin\\language\\zLang_ru.dll", "CreationUtcTime": "2025-07-21 17:43:51.199", "User": "lab\\Administrator"}}, "submission_id": "d8fe910f-1bef-4fc2-abdd-8bc5651c84a0"}
{"Event": {"#attributes": {"xmlns": "{http://schemas.microsoft.com/win/2004/08/events/event}"}, "System": {"Provider": {"#attributes": {"Name": "Microsoft-Windows-Sysmon", "Guid": "{5770385f-c22a-43e0-bf4c-06f5698ffbd9}"}}, "EventID": 11, "Version": 2, "Level": 4, "Task": 11, "Opcode": 0, "Keywords": "0x8000000000000000", "TimeCreated": {"#attributes": {"SystemTime": "2025-07-21T17:43:51.1975561Z"}}, "EventRecordID": 6629, "Correlation": "", "Execution": {"#attributes": {"ProcessID": "3244", "ThreadID": "4048"}}, "Channel": "Microsoft-Windows-Sysmon/Operational", "Computer": "PB-win-dc.lab.local", "Security": {"#attributes": {"UserID": "S-1-5-18"}}}, "EventData": {"RuleName": "DLL", "UtcTime": "2025-07-21 17:43:51.184", "ProcessGuid": "{1a289fba-7c52-687e-440c-000000000700}", "ProcessId": 7800, "Image": "C:\\Users\\ADMINI~1\\AppData\\Local\\Temp\\2\\7zS05BF71DF\\Installer.exe", "TargetFilename": "C:\\Users\\Administrator\\AppData\\Roaming\\Zoom\\tmp_bin\\language\\zLang_ptg.dll", "CreationUtcTime": "2025-07-21 17:43:51.184", "User": "lab\\Administrator"}}, "submission_id": "d8fe910f-1bef-4fc2-abdd-8bc5651c84a0"}
{"Event": {"#attributes": {"xmlns": "{http://schemas.microsoft.com/win/2004/08/events/event}"}, "System": {"Provider": {"#attributes": {"Name": "Microsoft-Windows-Sysmon", "Guid": "{5770385f-c22a-43e0-bf4c-06f5698ffbd9}"}}, "EventID": 11, "Version": 2, "Level": 4, "Task": 11, "Opcode": 0, "Keywords": "0x8000000000000000", "TimeCreated": {"#attributes": {"SystemTime": "2025-07-21T17:43:51.1940842Z"}}, "EventRecordID": 6628, "Correlation": "", "Execution": {"#attributes": {"ProcessID": "3244", "ThreadID": "4048"}}, "Channel": "Microsoft-Windows-Sysmon/Operational", "Computer": "PB-win-dc.lab.local", "Security": {"#attributes": {"UserID": "S-1-5-18"}}}, "EventData": {"RuleName": "DLL", "UtcTime": "2025-07-21 17:43:51.184", "ProcessGuid": "{1a289fba-7c52-687e-440c-000000000700}", "ProcessId": 7800, "Image": "C:\\Users\\ADMINI~1\\AppData\\Local\\Temp\\2\\7zS05BF71DF\\Installer.exe", "TargetFilename": "C:\\Users\\Administrator\\AppData\\Roaming\\Zoom\\tmp_bin\\language\\zLang_pl.dll", "CreationUtcTime": "2025-07-21 17:43:51.184", "User": "lab\\Administrator"}}, "submission_id": "d8fe910f-1bef-4fc2-abdd-8bc5651c84a0"}
