{"Event": {"#attributes": {"xmlns": "{http://schemas.microsoft.com/win/2004/08/events/event}"}, "System": {"Provider": {"#attributes": {"Name": "Microsoft-Windows-Sysmon", "Guid": "{5770385f-c22a-43e0-bf4c-06f5698ffbd9}"}}, "EventID": 13, "Version": 2, "Level": 4, "Task": 13, "Opcode": 0, "Keywords": "0x8000000000000000", "TimeCreated": {"#attributes": {"SystemTime": "2025-07-21T17:44:24.5126130Z"}}, "EventRecordID": 6857, "Correlation": "", "Execution": {"#attributes": {"ProcessID": "3244", "ThreadID": "4048"}}, "Channel": "Microsoft-Windows-Sysmon/Operational", "Computer": "PB-win-dc.lab.local", "Security": {"#attributes": {"UserID": "S-1-5-18"}}}, "EventData": {"RuleName": "InvDB", "EventType": "SetValue", "UtcTime": "2025-07-21 17:44:24.512", "ProcessGuid": "{1a289fba-01fe-687e-e000-000000000700}", "ProcessId": 1040, "Image": "C:\\Windows\\system32\\svchost.exe", "TargetObject": "HKU\\S-1-5-21-829129999-3926614769-3069774332-500\\Software\\Microsoft\\Windows NT\\CurrentVersion\\AppCompatFlags\\Compatibility Assistant\\Store\\C:\\Users\\Administrator\\AppData\\Roaming\\Zoom\\bin\\Zoom.exe", "Details": "Binary Data", "User": "NT AUTHORITY\\SYSTEM"}}, "submission_id": "d8fe910f-1bef-4fc2-abdd-8bc5651c84a0"}
{"Event": {"#attributes": {"xmlns": "{http://schemas.microsoft.com/win/2004/08/events/event}"}, "System": {"Provider": {"#attributes": {"Name": "Microsoft-Windows-Sysmon", "Guid": "{5770385f-c22a-43e0-bf4c-06f5698ffbd9}"}}, "EventID": 22, "Version": 5, "Level": 4, "Task": 22, "Opcode": 0, "Keywords": "0x8000000000000000", "TimeCreated": {"#attributes": {"SystemTime": "2025-07-21T17:44:23.3876657Z"}}, "EventRecordID": 6856, "Correlation": "", "Execution": {"#attributes": {"ProcessID": "3244", "ThreadID": "4072"}}, "Channel": "Microsoft-Windows-Sysmon/Operational", "Computer": "PB-win-dc.lab.local", "Security": {"#attributes": {"UserID": "S-1-5-18"}}}, "EventData": {"RuleName": "-", "UtcTime": "2025-07-21 17:44:21.368", "ProcessGuid": "{1a289fba-7c74-687e-540c-000000000700}", "ProcessId": 8548, "QueryName": "wpad", "QueryStatus": 9003, "QueryResults": "-", "Image": "C:\\Users\\Administrator\\AppData\\Roaming\\Zoom\\bin\\Zoom.exe", "User": "lab\\Administrator"}}, "submission_id": "d8fe910f-1bef-4fc2-abdd-8bc5651c84a0"}
{"Event": {"#attributes": {"xmlns": "{http://schemas.microsoft.com/win/2004/08/events/event}"}, "System": {"Provider": {"#attributes": {"Name": "Microsoft-Windows-Sysmon", "Guid": "{5770385f-c22a-43e0-bf4c-06f5698ffbd9}"}}, "EventID": 5, "Version": 3, "Level": 4, "Task": 5, "Opcode": 0, "Keywords": "0x8000000000000000", "TimeCreated": {"#attributes": {"SystemTime": "2025-07-21T17:44:22.5161233Z"}}, "EventRecordID": 6855, "Correlation": "", "Execution": {"#attributes": {"ProcessID": "3244", "ThreadID": "4048"}}, "Channel": "Microsoft-Windows-Sysmon/Operational", "Computer": "PB-win-dc.lab.local", "Security": {"#attributes": {"UserID": "S-1-5-18"}}}, "EventData": {"RuleName": "-", "UtcTime": "2025-07-21 17:44:22.512", "ProcessGuid": "{1a289fba-7c74-687e-540c-000000000700}", "ProcessId": 8548, "Image": "C:\\Users\\Administrator\\AppData\\Roaming\\Zoom\\bin\\Zoom.exe", "User": "lab\\Administrator"}}, "submission_id": "d8fe910f-1bef-4fc2-abdd-8bc5651c84a0"}
{"Event": {"#attributes": {"xmlns": "{http://schemas.microsoft.com/win/2004/08/events/event}"}, "System": {"Provider": {"#attributes": {"Name": "Microsoft-Windows-Sysmon", "Guid": "{5770385f-c22a-43e0-bf4c-06f5698ffbd9}"}}, "EventID": 5, "Version": 3, "Level": 4, "Task": 5, "Opcode": 0, "Keywords": "0x8000000000000000", "TimeCreated": {"#attributes": {"SystemTime": "2025-07-21T17:44:22.3166205Z"}}, "EventRecordID": 6854, "Correlation": "", "Execution": {"#attributes": {"ProcessID": "3244", "ThreadID": "4048"}}, "Channel": "Microsoft-Windows-Sysmon/Operational", "Computer": "PB-win-dc.lab.local", "Security": {"#attributes": {"UserID": "S-1-5-18"}}}, "EventData": {"RuleName": "-", "UtcTime": "2025-07-21 17:44:22.309", "ProcessGuid": "{1a289fba-7c5e-687e-4c0c-000000000700}", "ProcessId": 7216, "Image": "C:\\Users\\Administrator\\AppData\\Roaming\\Zoom\\bin\\Zoom.exe", "User": "lab\\Administrator"}}, "submission_id": "d8fe910f-1bef-4fc2-abdd-8bc5651c84a0"}
{"Event": {"#attributes": {"xmlns": "{http://schemas.microsoft.com/win/2004/08/events/event}"}, "System": {"Provider": {"#attributes": {"Name": "Microsoft-Windows-Sysmon", "Guid": "{5770385f-c22a-43e0-bf4c-06f5698ffbd9}"}}, "EventID": 5, "Version": 3, "Level": 4, "Task": 5, "Opcode": 0, "Keywords": "0x8000000000000000", "TimeCreated": {"#attributes": {"SystemTime": "2025-07-21T17:44:21.6583707Z"}}, "EventRecordID": 6853, "Correlation": "", "Execution": {"#attributes": {"ProcessID": "3244", "ThreadID": "4048"}}, "Channel": "Microsoft-Windows-Sysmon/Operational", "Computer": "PB-win-dc.lab.local", "Security": {"#attributes": {"UserID": "S-1-5-18"}}}, "EventData": {"RuleName": "-", "UtcTime": "2025-07-21 17:44:21.651", "ProcessGuid": "{1a289fba-7c63-687e-530c-000000000700}", "ProcessId": 1868, "Image": "C:\\Users\\Administrator\\AppData\\Roaming\\Zoom\\bin\\Zoom.exe", "User": "lab\\Administrator"}}, "submission_id": "d8fe910f-1bef-4fc2-abdd-8bc5651c84a0"}
{"Event": {"#attributes": {"xmlns": "{http://schemas.microsoft.com/win/2004/08/events/event}"}, "System": {"Provider": {"#attributes": {"Name": "Microsoft-Windows-Sysmon", "Guid": "{5770385f-c22a-43e0-bf4c-06f5698ffbd9}"}}, "EventID": 13, "Version": 2, "Level": 4, "Task": 13, "Opcode": 0, "Keywords": "0x8000000000000000", "TimeCreated": {"#attributes": {"SystemTime": "2025-07-21T17:44:21.1537721Z"}}, "EventRecordID": 6852, "Correlation": "", "Execution": {"#attributes": {"ProcessID": "3244", "ThreadID": "4048"}}, "Channel": "Microsoft-Windows-Sysmon/Operational", "Computer": "PB-win-dc.lab.local", "Security": {"#attributes": {"UserID": "S-1-5-18"}}}, "EventData": {"RuleName": "InvDB-DriverVer", "EventType": "SetValue", "UtcTime": "2025-07-21 17:44:21.145", "ProcessGuid": "{1a289fba-7c74-687e-540c-000000000700}", "ProcessId": 8548, "Image": "C:\\Users\\Administrator\\AppData\\Roaming\\Zoom\\bin\\Zoom.exe", "TargetObject": "HKU\\S-1-5-21-829129999-3926614769-3069774332-500\\Software\\Zoom\\SystemInfo\\Win32_VideoController\\1\\DriverVersion", "Details": "10.0.20348.1", "User": "lab\\Administrator"}}, "submission_id": "d8fe910f-1bef-4fc2-abdd-8bc5651c84a0"}
{"Event": {"#attributes": {"xmlns": "{http://schemas.microsoft.com/win/2004/08/events/event}"}, "System": {"Provider": {"#attributes": {"Name": "Microsoft-Windows-Sysmon", "Guid": "{5770385f-c22a-43e0-bf4c-06f5698ffbd9}"}}, "EventID": 13, "Version": 2, "Level": 4, "Task": 13, "Opcode": 0, "Keywords": "0x8000000000000000", "TimeCreated": {"#attributes": {"SystemTime": "2025-07-21T17:44:21.1534730Z"}}, "EventRecordID": 6851, "Correlation": "", "Execution": {"#attributes": {"ProcessID": "3244", "ThreadID": "4048"}}, "Channel": "Microsoft-Windows-Sysmon/Operational", "Computer": "PB-win-dc.lab.local", "Security": {"#attributes": {"UserID": "S-1-5-18"}}}, "EventData": {"RuleName": "InvDB-DriverVer", "EventType": "SetValue", "UtcTime": "2025-07-21 17:44:21.145", "ProcessGuid": "{1a289fba-7c74-687e-540c-000000000700}", "ProcessId": 8548, "Image": "C:\\Users\\Administrator\\AppData\\Roaming\\Zoom\\bin\\Zoom.exe", "TargetObject": "HKU\\S-1-5-21-829129999-3926614769-3069774332-500\\Software\\Zoom\\SystemInfo\\Win32_VideoController\\0\\DriverVersion", "Details": "10.0.20348.1", "User": "lab\\Administrator"}}, "submission_id": "d8fe910f-1bef-4fc2-abdd-8bc5651c84a0"}
{"Event": {"#attributes": {"xmlns": "{http://schemas.microsoft.com/win/2004/08/events/event}"}, "System": {"Provider": {"#attributes": {"Name": "Microsoft-Windows-Sysmon", "Guid": "{5770385f-c22a-43e0-bf4c-06f5698ffbd9}"}}, "EventID": 1, "Version": 5, "Level": 4, "Task": 1, "Opcode": 0, "Keywords": "0x8000000000000000", "TimeCreated": {"#attributes": {"SystemTime": "2025-07-21T17:44:20.9676761Z"}}, "EventRecordID": 6850, "Correlation": "", "Execution": {"#attributes": {"ProcessID": "3244", "ThreadID": "4048"}}, "Channel": "Microsoft-Windows-Sysmon/Operational", "Computer": "PB-win-dc.lab.local", "Security": {"#attributes": {"UserID": "S-1-5-18"}}}, "EventData": {"RuleName": "-", "UtcTime": "2025-07-21 17:44:20.967", "ProcessGuid": "{1a289fba-7c74-687e-540c-000000000700}", "ProcessId": 8548, "Image": "C:\\Users\\Administrator\\AppData\\Roaming\\Zoom\\bin\\Zoom.exe", "FileVersion": "6.5.6.9328", "Description": "Zoom Meetings", "Product": "Zoom", "Company": "Zoom Communications, Inc.", "OriginalFileName": "Zoom", "CommandLine": "Zoom.exe --action=cleanTmpFile --data=data", "CurrentDirectory": "C:\\Windows\\system32\\", "User": "lab\\Administrator", "LogonGuid": "{1a289fba-2a37-687e-cc6d-380000000000}", "LogonId": "0x386dcc", "TerminalSessionId": 2, "IntegrityLevel": "High", "Hashes": "MD5=B427E22F1A80A39963F0D0A6862BDCB0,SHA256=44516821E6C52A7A1D47C0A0503870ACF0AF00328EEA13B38F042B329AFEB722,IMPHASH=9F6E0A747DD7FA43489FFDD2206F612B", "ParentProcessGuid": "{1a289fba-7c5e-687e-4c0c-000000000700}", "ParentProcessId": 7216, "ParentImage": "C:\\Users\\Administrator\\AppData\\Roaming\\Zoom\\bin\\Zoom.exe", "ParentCommandLine": "\"C:\\Users\\Administrator\\AppData\\Roaming\\Zoom\\bin\\Zoom.exe\" C:\\Users\\Administrator\\AppData\\Roaming\\Zoom\\bin\\Zoom.exe Zoom.exe --promptupdateaction=installed", "ParentUser": "lab\\Administrator"}}, "submission_id": "d8fe910f-1bef-4fc2-abdd-8bc5651c84a0"}
{"Event": {"#attributes": {"xmlns": "{http://schemas.microsoft.com/win/2004/08/events/event}"}, "System": {"Provider": {"#attributes": {"Name": "Microsoft-Windows-Sysmon", "Guid": "{5770385f-c22a-43e0-bf4c-06f5698ffbd9}"}}, "EventID": 22, "Version": 5, "Level": 4, "Task": 22, "Opcode": 0, "Keywords": "0x8000000000000000", "TimeCreated": {"#attributes": {"SystemTime": "2025-07-21T17:44:06.6062199Z"}}, "EventRecordID": 6849, "Correlation": "", "Execution": {"#attributes": {"ProcessID": "3244", "ThreadID": "4072"}}, "Channel": "Microsoft-Windows-Sysmon/Operational", "Computer": "PB-win-dc.lab.local", "Security": {"#attributes": {"UserID": "S-1-5-18"}}}, "EventData": {"RuleName": "-", "UtcTime": "2025-07-21 17:44:04.576", "ProcessGuid": "{1a289fba-7c63-687e-530c-000000000700}", "ProcessId": 1868, "QueryName": "wpad", "QueryStatus": 9003, "QueryResults": "-", "Image": "C:\\Users\\Administrator\\AppData\\Roaming\\Zoom\\bin\\Zoom.exe", "User": "lab\\Administrator"}}, "submission_id": "d8fe910f-1bef-4fc2-abdd-8bc5651c84a0"}
{"Event": {"#attributes": {"xmlns": "{http://schemas.microsoft.com/win/2004/08/events/event}"}, "System": {"Provider": {"#attributes": {"Name": "Microsoft-Windows-Sysmon", "Guid": "{5770385f-c22a-43e0-bf4c-06f5698ffbd9}"}}, "EventID": 13, "Version": 2, "Level": 4, "Task": 13, "Opcode": 0, "Keywords": "0x8000000000000000", "TimeCreated": {"#attributes": {"SystemTime": "2025-07-21T17:44:04.0638355Z"}}, "EventRecordID": 6848, "Correlation": "", "Execution": {"#attributes": {"ProcessID": "3244", "ThreadID": "4048"}}, "Channel": "Microsoft-Windows-Sysmon/Operational", "Computer": "PB-win-dc.lab.local", "Security": {"#attributes": {"UserID": "S-1-5-18"}}}, "EventData": {"RuleName": "InvDB-DriverVer", "EventType": "SetValue", "UtcTime": "2025-07-21 17:44:04.059", "ProcessGuid": "{1a289fba-7c63-687e-530c-000000000700}", "ProcessId": 1868, "Image": "C:\\Users\\Administrator\\AppData\\Roaming\\Zoom\\bin\\Zoom.exe", "TargetObject": "HKU\\S-1-5-21-829129999-3926614769-3069774332-500\\Software\\Zoom\\SystemInfo\\Win32_VideoController\\1\\DriverVersion", "Details": "10.0.20348.1", "User": "lab\\Administrator"}}, "submission_id": "d8fe910f-1bef-4fc2-abdd-8bc5651c84a0"}
{"Event": {"#attributes": {"xmlns": "{http://schemas.microsoft.com/win/2004/08/events/event}"}, "System": {"Provider": {"#attributes": {"Name": "Microsoft-Windows-Sysmon", "Guid": "{5770385f-c22a-43e0-bf4c-06f5698ffbd9}"}}, "EventID": 13, "Version": 2, "Level": 4, "Task": 13, "Opcode": 0, "Keywords": "0x8000000000000000", "TimeCreated": {"#attributes": {"SystemTime": "2025-07-21T17:44:04.0635452Z"}}, "EventRecordID": 6847, "Correlation": "", "Execution": {"#attributes": {"ProcessID": "3244", "ThreadID": "4048"}}, "Channel": "Microsoft-Windows-Sysmon/Operational", "Computer": "PB-win-dc.lab.local", "Security": {"#attributes": {"UserID": "S-1-5-18"}}}, "EventData": {"RuleName": "InvDB-DriverVer", "EventType": "SetValue", "UtcTime": "2025-07-21 17:44:04.059", "ProcessGuid": "{1a289fba-7c63-687e-530c-000000000700}", "ProcessId": 1868, "Image": "C:\\Users\\Administrator\\AppData\\Roaming\\Zoom\\bin\\Zoom.exe", "TargetObject": "HKU\\S-1-5-21-829129999-3926614769-3069774332-500\\Software\\Zoom\\SystemInfo\\Win32_VideoController\\0\\DriverVersion", "Details": "10.0.20348.1", "User": "lab\\Administrator"}}, "submission_id": "d8fe910f-1bef-4fc2-abdd-8bc5651c84a0"}
{"Event": {"#attributes": {"xmlns": "{http://schemas.microsoft.com/win/2004/08/events/event}"}, "System": {"Provider": {"#attributes": {"Name": "Microsoft-Windows-Sysmon", "Guid": "{5770385f-c22a-43e0-bf4c-06f5698ffbd9}"}}, "EventID": 1, "Version": 5, "Level": 4, "Task": 1, "Opcode": 0, "Keywords": "0x8000000000000000", "TimeCreated": {"#attributes": {"SystemTime": "2025-07-21T17:44:03.8756456Z"}}, "EventRecordID": 6846, "Correlation": "", "Execution": {"#attributes": {"ProcessID": "3244", "ThreadID": "4048"}}, "Channel": "Microsoft-Windows-Sysmon/Operational", "Computer": "PB-win-dc.lab.local", "Security": {"#attributes": {"UserID": "S-1-5-18"}}}, "EventData": {"RuleName": "-", "UtcTime": "2025-07-21 17:44:03.875", "ProcessGuid": "{1a289fba-7c63-687e-530c-000000000700}", "ProcessId": 1868, "Image": "C:\\Users\\Administrator\\AppData\\Roaming\\Zoom\\bin\\Zoom.exe", "FileVersion": "6.5.6.9328", "Description": "Zoom Meetings", "Product": "Zoom", "Company": "Zoom Communications, Inc.", "OriginalFileName": "Zoom", "CommandLine": "\"C:\\Users\\Administrator\\AppData\\Roaming\\Zoom\\bin\\Zoom.exe\" --action=preload --runaszvideo=TRUE ", "CurrentDirectory": "C:\\Windows\\system32\\", "User": "lab\\Administrator", "LogonGuid": "{1a289fba-2a37-687e-cc6d-380000000000}", "LogonId": "0x386dcc", "TerminalSessionId": 2, "IntegrityLevel": "High", "Hashes": "MD5=B427E22F1A80A39963F0D0A6862BDCB0,SHA256=44516821E6C52A7A1D47C0A0503870ACF0AF00328EEA13B38F042B329AFEB722,IMPHASH=9F6E0A747DD7FA43489FFDD2206F612B", "ParentProcessGuid": "{1a289fba-7c5e-687e-4c0c-000000000700}", "ParentProcessId": 7216, "ParentImage": "C:\\Users\\Administrator\\AppData\\Roaming\\Zoom\\bin\\Zoom.exe", "ParentCommandLine": "\"C:\\Users\\Administrator\\AppData\\Roaming\\Zoom\\bin\\Zoom.exe\" C:\\Users\\Administrator\\AppData\\Roaming\\Zoom\\bin\\Zoom.exe Zoom.exe --promptupdateaction=installed", "ParentUser": "lab\\Administrator"}}, "submission_id": "d8fe910f-1bef-4fc2-abdd-8bc5651c84a0"}
{"Event": {"#attributes": {"xmlns": "{http://schemas.microsoft.com/win/2004/08/events/event}"}, "System": {"Provider": {"#attributes": {"Name": "Microsoft-Windows-Sysmon", "Guid": "{5770385f-c22a-43e0-bf4c-06f5698ffbd9}"}}, "EventID": 22, "Version": 5, "Level": 4, "Task": 22, "Opcode": 0, "Keywords": "0x8000000000000000", "TimeCreated": {"#attributes": {"SystemTime": "2025-07-21T17:44:01.9342091Z"}}, "EventRecordID": 6844, "Correlation": "", "Execution": {"#attributes": {"ProcessID": "3244", "ThreadID": "4072"}}, "Channel": "Microsoft-Windows-Sysmon/Operational", "Computer": "PB-win-dc.lab.local", "Security": {"#attributes": {"UserID": "S-1-5-18"}}}, "EventData": {"RuleName": "-", "UtcTime": "2025-07-21 17:44:00.055", "ProcessGuid": "{1a289fba-7c5e-687e-4c0c-000000000700}", "ProcessId": 7216, "QueryName": "wpad", "QueryStatus": 9003, "QueryResults": "-", "Image": "C:\\Users\\Administrator\\AppData\\Roaming\\Zoom\\bin\\Zoom.exe", "User": "lab\\Administrator"}}, "submission_id": "d8fe910f-1bef-4fc2-abdd-8bc5651c84a0"}
{"Event": {"#attributes": {"xmlns": "{http://schemas.microsoft.com/win/2004/08/events/event}"}, "System": {"Provider": {"#attributes": {"Name": "Microsoft-Windows-Sysmon", "Guid": "{5770385f-c22a-43e0-bf4c-06f5698ffbd9}"}}, "EventID": 5, "Version": 3, "Level": 4, "Task": 5, "Opcode": 0, "Keywords": "0x8000000000000000", "TimeCreated": {"#attributes": {"SystemTime": "2025-07-21T17:44:01.0330961Z"}}, "EventRecordID": 6842, "Correlation": "", "Execution": {"#attributes": {"ProcessID": "3244", "ThreadID": "4048"}}, "Channel": "Microsoft-Windows-Sysmon/Operational", "Computer": "PB-win-dc.lab.local", "Security": {"#attributes": {"UserID": "S-1-5-18"}}}, "EventData": {"RuleName": "-", "UtcTime": "2025-07-21 17:44:01.027", "ProcessGuid": "{1a289fba-7c60-687e-500c-000000000700}", "ProcessId": 7052, "Image": "C:\\Users\\Administrator\\AppData\\Roaming\\Zoom\\bin\\Installer.exe", "User": "lab\\Administrator"}}, "submission_id": "d8fe910f-1bef-4fc2-abdd-8bc5651c84a0"}
{"Event": {"#attributes": {"xmlns": "{http://schemas.microsoft.com/win/2004/08/events/event}"}, "System": {"Provider": {"#attributes": {"Name": "Microsoft-Windows-Sysmon", "Guid": "{5770385f-c22a-43e0-bf4c-06f5698ffbd9}"}}, "EventID": 3, "Version": 5, "Level": 4, "Task": 3, "Opcode": 0, "Keywords": "0x8000000000000000", "TimeCreated": {"#attributes": {"SystemTime": "2025-07-21T17:44:00.9968109Z"}}, "EventRecordID": 6841, "Correlation": "", "Execution": {"#attributes": {"ProcessID": "3244", "ThreadID": "4032"}}, "Channel": "Microsoft-Windows-Sysmon/Operational", "Computer": "PB-win-dc.lab.local", "Security": {"#attributes": {"UserID": "S-1-5-18"}}}, "EventData": {"RuleName": "Usermode", "UtcTime": "2025-07-21 17:43:59.967", "ProcessGuid": "{1a289fba-7c5e-687e-4c0c-000000000700}", "ProcessId": 7216, "Image": "C:\\Users\\Administrator\\AppData\\Roaming\\Zoom\\bin\\Zoom.exe", "User": "lab\\Administrator", "Protocol": "tcp", "Initiated": "true", "SourceIsIpv6": "false", "SourceIp": "10.2.20.3", "SourceHostname": "PB-win-dc.lab.local", "SourcePort": 53271, "SourcePortName": "-", "DestinationIsIpv6": "false", "DestinationIp": "170.114.52.2", "DestinationHostname": "-", "DestinationPort": 443, "DestinationPortName": "https"}}, "submission_id": "d8fe910f-1bef-4fc2-abdd-8bc5651c84a0"}
{"Event": {"#attributes": {"xmlns": "{http://schemas.microsoft.com/win/2004/08/events/event}"}, "System": {"Provider": {"#attributes": {"Name": "Microsoft-Windows-Sysmon", "Guid": "{5770385f-c22a-43e0-bf4c-06f5698ffbd9}"}}, "EventID": 3, "Version": 5, "Level": 4, "Task": 3, "Opcode": 0, "Keywords": "0x8000000000000000", "TimeCreated": {"#attributes": {"SystemTime": "2025-07-21T17:44:00.9968066Z"}}, "EventRecordID": 6840, "Correlation": "", "Execution": {"#attributes": {"ProcessID": "3244", "ThreadID": "4032"}}, "Channel": "Microsoft-Windows-Sysmon/Operational", "Computer": "PB-win-dc.lab.local", "Security": {"#attributes": {"UserID": "S-1-5-18"}}}, "EventData": {"RuleName": "Usermode", "UtcTime": "2025-07-21 17:43:59.966", "ProcessGuid": "{1a289fba-7c5e-687e-4c0c-000000000700}", "ProcessId": 7216, "Image": "C:\\Users\\Administrator\\AppData\\Roaming\\Zoom\\bin\\Zoom.exe", "User": "lab\\Administrator", "Protocol": "tcp", "Initiated": "true", "SourceIsIpv6": "false", "SourceIp": "10.2.20.3", "SourceHostname": "PB-win-dc.lab.local", "SourcePort": 53272, "SourcePortName": "-", "DestinationIsIpv6": "false", "DestinationIp": "170.114.52.2", "DestinationHostname": "-", "DestinationPort": 443, "DestinationPortName": "https"}}, "submission_id": "d8fe910f-1bef-4fc2-abdd-8bc5651c84a0"}
{"Event": {"#attributes": {"xmlns": "{http://schemas.microsoft.com/win/2004/08/events/event}"}, "System": {"Provider": {"#attributes": {"Name": "Microsoft-Windows-Sysmon", "Guid": "{5770385f-c22a-43e0-bf4c-06f5698ffbd9}"}}, "EventID": 22, "Version": 5, "Level": 4, "Task": 22, "Opcode": 0, "Keywords": "0x8000000000000000", "TimeCreated": {"#attributes": {"SystemTime": "2025-07-21T17:44:00.9342002Z"}}, "EventRecordID": 6839, "Correlation": "", "Execution": {"#attributes": {"ProcessID": "3244", "ThreadID": "4072"}}, "Channel": "Microsoft-Windows-Sysmon/Operational", "Computer": "PB-win-dc.lab.local", "Security": {"#attributes": {"UserID": "S-1-5-18"}}}, "EventData": {"RuleName": "-", "UtcTime": "2025-07-21 17:43:59.957", "ProcessGuid": "{1a289fba-7c5e-687e-4c0c-000000000700}", "ProcessId": 7216, "QueryName": "zoom.us", "QueryStatus": 0, "QueryResults": "::ffff:170.114.52.2;", "Image": "C:\\Users\\Administrator\\AppData\\Roaming\\Zoom\\bin\\Zoom.exe", "User": "lab\\Administrator"}}, "submission_id": "d8fe910f-1bef-4fc2-abdd-8bc5651c84a0"}
{"Event": {"#attributes": {"xmlns": "{http://schemas.microsoft.com/win/2004/08/events/event}"}, "System": {"Provider": {"#attributes": {"Name": "Microsoft-Windows-Sysmon", "Guid": "{5770385f-c22a-43e0-bf4c-06f5698ffbd9}"}}, "EventID": 1, "Version": 5, "Level": 4, "Task": 1, "Opcode": 0, "Keywords": "0x8000000000000000", "TimeCreated": {"#attributes": {"SystemTime": "2025-07-21T17:44:00.9198231Z"}}, "EventRecordID": 6838, "Correlation": "", "Execution": {"#attributes": {"ProcessID": "3244", "ThreadID": "4048"}}, "Channel": "Microsoft-Windows-Sysmon/Operational", "Computer": "PB-win-dc.lab.local", "Security": {"#attributes": {"UserID": "S-1-5-18"}}}, "EventData": {"RuleName": "-", "UtcTime": "2025-07-21 17:44:00.919", "ProcessGuid": "{1a289fba-7c60-687e-500c-000000000700}", "ProcessId": 7052, "Image": "C:\\Users\\Administrator\\AppData\\Roaming\\Zoom\\bin\\Installer.exe", "FileVersion": "6,5,6,9328", "Description": "Zoom Installer", "Product": "Zoom Installer", "Company": "Zoom Communications, Inc.", "OriginalFileName": "Zoom Installer", "CommandLine": "\"C:\\Users\\Administrator\\AppData\\Roaming\\Zoom\\bin\\Installer.exe\" \"C:\\Users\\Administrator\\AppData\\Roaming\\Zoom\\bin\\Installer.exe\" /tskschd", "CurrentDirectory": "C:\\Windows\\system32\\", "User": "lab\\Administrator", "LogonGuid": "{1a289fba-2a37-687e-cc6d-380000000000}", "LogonId": "0x386dcc", "TerminalSessionId": 2, "IntegrityLevel": "High", "Hashes": "MD5=5BC9C394F3857A01C6D619F6C39A1417,SHA256=832853463CDD196193909F18F0C8055F9679DF683C95CDE96A063E5F4C230EEE,IMPHASH=B71832F19ABFE54B612E302ECFBAE87B", "ParentProcessGuid": "{1a289fba-7c5e-687e-4c0c-000000000700}", "ParentProcessId": 7216, "ParentImage": "C:\\Users\\Administrator\\AppData\\Roaming\\Zoom\\bin\\Zoom.exe", "ParentCommandLine": "\"C:\\Users\\Administrator\\AppData\\Roaming\\Zoom\\bin\\Zoom.exe\" C:\\Users\\Administrator\\AppData\\Roaming\\Zoom\\bin\\Zoom.exe Zoom.exe --promptupdateaction=installed", "ParentUser": "lab\\Administrator"}}, "submission_id": "d8fe910f-1bef-4fc2-abdd-8bc5651c84a0"}
{"Event": {"#attributes": {"xmlns": "{http://schemas.microsoft.com/win/2004/08/events/event}"}, "System": {"Provider": {"#attributes": {"Name": "Microsoft-Windows-Sysmon", "Guid": "{5770385f-c22a-43e0-bf4c-06f5698ffbd9}"}}, "EventID": 2, "Version": 5, "Level": 4, "Task": 2, "Opcode": 0, "Keywords": "0x8000000000000000", "TimeCreated": {"#attributes": {"SystemTime": "2025-07-21T17:43:59.5767126Z"}}, "EventRecordID": 6835, "Correlation": "", "Execution": {"#attributes": {"ProcessID": "3244", "ThreadID": "4048"}}, "Channel": "Microsoft-Windows-Sysmon/Operational", "Computer": "PB-win-dc.lab.local", "Security": {"#attributes": {"UserID": "S-1-5-18"}}}, "EventData": {"RuleName": "T1099", "UtcTime": "2025-07-21 17:43:59.574", "ProcessGuid": "{1a289fba-7c5e-687e-4c0c-000000000700}", "ProcessId": 7216, "Image": "C:\\Users\\Administrator\\AppData\\Roaming\\Zoom\\bin\\Zoom.exe", "TargetFilename": "C:\\Users\\Administrator\\AppData\\Roaming\\Microsoft\\Windows\\Recent\\CustomDestinations\\DPJ1KL2PRQQ15IX0MTBI.temp", "CreationUtcTime": "2025-07-21 12:01:35.121", "PreviousCreationUtcTime": "2025-07-21 17:43:59.559", "User": "lab\\Administrator"}}, "submission_id": "d8fe910f-1bef-4fc2-abdd-8bc5651c84a0"}
{"Event": {"#attributes": {"xmlns": "{http://schemas.microsoft.com/win/2004/08/events/event}"}, "System": {"Provider": {"#attributes": {"Name": "Microsoft-Windows-Sysmon", "Guid": "{5770385f-c22a-43e0-bf4c-06f5698ffbd9}"}}, "EventID": 13, "Version": 2, "Level": 4, "Task": 13, "Opcode": 0, "Keywords": "0x8000000000000000", "TimeCreated": {"#attributes": {"SystemTime": "2025-07-21T17:43:58.3266983Z"}}, "EventRecordID": 6834, "Correlation": "", "Execution": {"#attributes": {"ProcessID": "3244", "ThreadID": "4048"}}, "Channel": "Microsoft-Windows-Sysmon/Operational", "Computer": "PB-win-dc.lab.local", "Security": {"#attributes": {"UserID": "S-1-5-18"}}}, "EventData": {"RuleName": "InvDB-DriverVer", "EventType": "SetValue", "UtcTime": "2025-07-21 17:43:58.324", "ProcessGuid": "{1a289fba-7c5e-687e-4c0c-000000000700}", "ProcessId": 7216, "Image": "C:\\Users\\Administrator\\AppData\\Roaming\\Zoom\\bin\\Zoom.exe", "TargetObject": "HKU\\S-1-5-21-829129999-3926614769-3069774332-500\\Software\\Zoom\\SystemInfo\\Win32_VideoController\\1\\DriverVersion", "Details": "10.0.20348.1", "User": "lab\\Administrator"}}, "submission_id": "d8fe910f-1bef-4fc2-abdd-8bc5651c84a0"}
{"Event": {"#attributes": {"xmlns": "{http://schemas.microsoft.com/win/2004/08/events/event}"}, "System": {"Provider": {"#attributes": {"Name": "Microsoft-Windows-Sysmon", "Guid": "{5770385f-c22a-43e0-bf4c-06f5698ffbd9}"}}, "EventID": 13, "Version": 2, "Level": 4, "Task": 13, "Opcode": 0, "Keywords": "0x8000000000000000", "TimeCreated": {"#attributes": {"SystemTime": "2025-07-21T17:43:58.3263651Z"}}, "EventRecordID": 6833, "Correlation": "", "Execution": {"#attributes": {"ProcessID": "3244", "ThreadID": "4048"}}, "Channel": "Microsoft-Windows-Sysmon/Operational", "Computer": "PB-win-dc.lab.local", "Security": {"#attributes": {"UserID": "S-1-5-18"}}}, "EventData": {"RuleName": "InvDB-DriverVer", "EventType": "SetValue", "UtcTime": "2025-07-21 17:43:58.324", "ProcessGuid": "{1a289fba-7c5e-687e-4c0c-000000000700}", "ProcessId": 7216, "Image": "C:\\Users\\Administrator\\AppData\\Roaming\\Zoom\\bin\\Zoom.exe", "TargetObject": "HKU\\S-1-5-21-829129999-3926614769-3069774332-500\\Software\\Zoom\\SystemInfo\\Win32_VideoController\\0\\DriverVersion", "Details": "10.0.20348.1", "User": "lab\\Administrator"}}, "submission_id": "d8fe910f-1bef-4fc2-abdd-8bc5651c84a0"}
{"Event": {"#attributes": {"xmlns": "{http://schemas.microsoft.com/win/2004/08/events/event}"}, "System": {"Provider": {"#attributes": {"Name": "Microsoft-Windows-Sysmon", "Guid": "{5770385f-c22a-43e0-bf4c-06f5698ffbd9}"}}, "EventID": 1, "Version": 5, "Level": 4, "Task": 1, "Opcode": 0, "Keywords": "0x8000000000000000", "TimeCreated": {"#attributes": {"SystemTime": "2025-07-21T17:43:58.1007706Z"}}, "EventRecordID": 6830, "Correlation": "", "Execution": {"#attributes": {"ProcessID": "3244", "ThreadID": "4048"}}, "Channel": "Microsoft-Windows-Sysmon/Operational", "Computer": "PB-win-dc.lab.local", "Security": {"#attributes": {"UserID": "S-1-5-18"}}}, "EventData": {"RuleName": "-", "UtcTime": "2025-07-21 17:43:58.099", "ProcessGuid": "{1a289fba-7c5e-687e-4c0c-000000000700}", "ProcessId": 7216, "Image": "C:\\Users\\Administrator\\AppData\\Roaming\\Zoom\\bin\\Zoom.exe", "FileVersion": "6.5.6.9328", "Description": "Zoom Meetings", "Product": "Zoom", "Company": "Zoom Communications, Inc.", "OriginalFileName": "Zoom", "CommandLine": "\"C:\\Users\\Administrator\\AppData\\Roaming\\Zoom\\bin\\Zoom.exe\" C:\\Users\\Administrator\\AppData\\Roaming\\Zoom\\bin\\Zoom.exe Zoom.exe --promptupdateaction=installed", "CurrentDirectory": "C:\\Windows\\system32\\", "User": "lab\\Administrator", "LogonGuid": "{1a289fba-2a37-687e-cc6d-380000000000}", "LogonId": "0x386dcc", "TerminalSessionId": 2, "IntegrityLevel": "High", "Hashes": "MD5=B427E22F1A80A39963F0D0A6862BDCB0,SHA256=44516821E6C52A7A1D47C0A0503870ACF0AF00328EEA13B38F042B329AFEB722,IMPHASH=9F6E0A747DD7FA43489FFDD2206F612B", "ParentProcessGuid": "{1a289fba-2a39-687e-a004-000000000700}", "ParentProcessId": 4280, "ParentImage": "C:\\Windows\\explorer.exe", "ParentCommandLine": "C:\\Windows\\Explorer.EXE", "ParentUser": "lab\\Administrator"}}, "submission_id": "d8fe910f-1bef-4fc2-abdd-8bc5651c84a0"}
{"Event": {"#attributes": {"xmlns": "{http://schemas.microsoft.com/win/2004/08/events/event}"}, "System": {"Provider": {"#attributes": {"Name": "Microsoft-Windows-Sysmon", "Guid": "{5770385f-c22a-43e0-bf4c-06f5698ffbd9}"}}, "EventID": 13, "Version": 2, "Level": 4, "Task": 13, "Opcode": 0, "Keywords": "0x8000000000000000", "TimeCreated": {"#attributes": {"SystemTime": "2025-07-21T17:43:58.0625833Z"}}, "EventRecordID": 6828, "Correlation": "", "Execution": {"#attributes": {"ProcessID": "3244", "ThreadID": "4048"}}, "Channel": "Microsoft-Windows-Sysmon/Operational", "Computer": "PB-win-dc.lab.local", "Security": {"#attributes": {"UserID": "S-1-5-18"}}}, "EventData": {"RuleName": "T1042", "EventType": "SetValue", "UtcTime": "2025-07-21 17:43:58.059", "ProcessGuid": "{1a289fba-7c52-687e-440c-000000000700}", "ProcessId": 7800, "Image": "C:\\Users\\ADMINI~1\\AppData\\Local\\Temp\\2\\7zS05BF71DF\\Installer.exe", "TargetObject": "HKU\\S-1-5-21-829129999-3926614769-3069774332-500\\Software\\Clients\\ZoomPBX\\ZoomPBX\\shell\\open\\command\\(Default)", "Details": "\"C:\\Users\\Administrator\\AppData\\Roaming\\Zoom\\bin\\Zoom.exe\"", "User": "lab\\Administrator"}}, "submission_id": "d8fe910f-1bef-4fc2-abdd-8bc5651c84a0"}
{"Event": {"#attributes": {"xmlns": "{http://schemas.microsoft.com/win/2004/08/events/event}"}, "System": {"Provider": {"#attributes": {"Name": "Microsoft-Windows-Sysmon", "Guid": "{5770385f-c22a-43e0-bf4c-06f5698ffbd9}"}}, "EventID": 13, "Version": 2, "Level": 4, "Task": 13, "Opcode": 0, "Keywords": "0x8000000000000000", "TimeCreated": {"#attributes": {"SystemTime": "2025-07-21T17:43:58.0625336Z"}}, "EventRecordID": 6827, "Correlation": "", "Execution": {"#attributes": {"ProcessID": "3244", "ThreadID": "4048"}}, "Channel": "Microsoft-Windows-Sysmon/Operational", "Computer": "PB-win-dc.lab.local", "Security": {"#attributes": {"UserID": "S-1-5-18"}}}, "EventData": {"RuleName": "T1042", "EventType": "SetValue", "UtcTime": "2025-07-21 17:43:58.059", "ProcessGuid": "{1a289fba-7c52-687e-440c-000000000700}", "ProcessId": 7800, "Image": "C:\\Users\\ADMINI~1\\AppData\\Local\\Temp\\2\\7zS05BF71DF\\Installer.exe", "TargetObject": "HKU\\S-1-5-21-829129999-3926614769-3069774332-500\\Software\\Clients\\ZoomPBX\\ZoomPBX\\Protocols\\ZoomPhoneCall\\shell\\open\\command\\(Default)", "Details": "\"C:\\Users\\Administrator\\AppData\\Roaming\\Zoom\\bin\\Zoom.exe\" --url=\"%%l\"", "User": "lab\\Administrator"}}, "submission_id": "d8fe910f-1bef-4fc2-abdd-8bc5651c84a0"}
{"Event": {"#attributes": {"xmlns": "{http://schemas.microsoft.com/win/2004/08/events/event}"}, "System": {"Provider": {"#attributes": {"Name": "Microsoft-Windows-Sysmon", "Guid": "{5770385f-c22a-43e0-bf4c-06f5698ffbd9}"}}, "EventID": 13, "Version": 2, "Level": 4, "Task": 13, "Opcode": 0, "Keywords": "0x8000000000000000", "TimeCreated": {"#attributes": {"SystemTime": "2025-07-21T17:43:58.0620518Z"}}, "EventRecordID": 6826, "Correlation": "", "Execution": {"#attributes": {"ProcessID": "3244", "ThreadID": "4048"}}, "Channel": "Microsoft-Windows-Sysmon/Operational", "Computer": "PB-win-dc.lab.local", "Security": {"#attributes": {"UserID": "S-1-5-18"}}}, "EventData": {"RuleName": "T1042", "EventType": "SetValue", "UtcTime": "2025-07-21 17:43:58.059", "ProcessGuid": "{1a289fba-7c52-687e-440c-000000000700}", "ProcessId": 7800, "Image": "C:\\Users\\ADMINI~1\\AppData\\Local\\Temp\\2\\7zS05BF71DF\\Installer.exe", "TargetObject": "HKU\\S-1-5-21-829129999-3926614769-3069774332-500_Classes\\ZoomPbx.zoomphonecall\\shell\\open\\command\\(Default)", "Details": "\"C:\\Users\\Administrator\\AppData\\Roaming\\Zoom\\bin\\Zoom.exe\" --url=\"%%l\"", "User": "lab\\Administrator"}}, "submission_id": "d8fe910f-1bef-4fc2-abdd-8bc5651c84a0"}
{"Event": {"#attributes": {"xmlns": "{http://schemas.microsoft.com/win/2004/08/events/event}"}, "System": {"Provider": {"#attributes": {"Name": "Microsoft-Windows-Sysmon", "Guid": "{5770385f-c22a-43e0-bf4c-06f5698ffbd9}"}}, "EventID": 13, "Version": 2, "Level": 4, "Task": 13, "Opcode": 0, "Keywords": "0x8000000000000000", "TimeCreated": {"#attributes": {"SystemTime": "2025-07-21T17:43:58.0616794Z"}}, "EventRecordID": 6825, "Correlation": "", "Execution": {"#attributes": {"ProcessID": "3244", "ThreadID": "4048"}}, "Channel": "Microsoft-Windows-Sysmon/Operational", "Computer": "PB-win-dc.lab.local", "Security": {"#attributes": {"UserID": "S-1-5-18"}}}, "EventData": {"RuleName": "T1042", "EventType": "SetValue", "UtcTime": "2025-07-21 17:43:58.059", "ProcessGuid": "{1a289fba-7c52-687e-440c-000000000700}", "ProcessId": 7800, "Image": "C:\\Users\\ADMINI~1\\AppData\\Local\\Temp\\2\\7zS05BF71DF\\Installer.exe", "TargetObject": "HKU\\S-1-5-21-829129999-3926614769-3069774332-500_Classes\\ZoomPhoneCall\\shell\\open\\command\\(Default)", "Details": "\"C:\\Users\\Administrator\\AppData\\Roaming\\Zoom\\bin\\Zoom.exe\" --url=\"%%l\"", "User": "lab\\Administrator"}}, "submission_id": "d8fe910f-1bef-4fc2-abdd-8bc5651c84a0"}
{"Event": {"#attributes": {"xmlns": "{http://schemas.microsoft.com/win/2004/08/events/event}"}, "System": {"Provider": {"#attributes": {"Name": "Microsoft-Windows-Sysmon", "Guid": "{5770385f-c22a-43e0-bf4c-06f5698ffbd9}"}}, "EventID": 13, "Version": 2, "Level": 4, "Task": 13, "Opcode": 0, "Keywords": "0x8000000000000000", "TimeCreated": {"#attributes": {"SystemTime": "2025-07-21T17:43:58.0609854Z"}}, "EventRecordID": 6824, "Correlation": "", "Execution": {"#attributes": {"ProcessID": "3244", "ThreadID": "4048"}}, "Channel": "Microsoft-Windows-Sysmon/Operational", "Computer": "PB-win-dc.lab.local", "Security": {"#attributes": {"UserID": "S-1-5-18"}}}, "EventData": {"RuleName": "T1042", "EventType": "SetValue", "UtcTime": "2025-07-21 17:43:58.059", "ProcessGuid": "{1a289fba-7c52-687e-440c-000000000700}", "ProcessId": 7800, "Image": "C:\\Users\\ADMINI~1\\AppData\\Local\\Temp\\2\\7zS05BF71DF\\Installer.exe", "TargetObject": "HKU\\S-1-5-21-829129999-3926614769-3069774332-500_Classes\\ZoomRecording\\shell\\open\\command\\(Default)", "Details": "\"C:\\Users\\Administrator\\AppData\\Roaming\\Zoom\\bin\\zTscoder.exe\" \"%%1\"", "User": "lab\\Administrator"}}, "submission_id": "d8fe910f-1bef-4fc2-abdd-8bc5651c84a0"}
{"Event": {"#attributes": {"xmlns": "{http://schemas.microsoft.com/win/2004/08/events/event}"}, "System": {"Provider": {"#attributes": {"Name": "Microsoft-Windows-Sysmon", "Guid": "{5770385f-c22a-43e0-bf4c-06f5698ffbd9}"}}, "EventID": 13, "Version": 2, "Level": 4, "Task": 13, "Opcode": 0, "Keywords": "0x8000000000000000", "TimeCreated": {"#attributes": {"SystemTime": "2025-07-21T17:43:58.0606767Z"}}, "EventRecordID": 6823, "Correlation": "", "Execution": {"#attributes": {"ProcessID": "3244", "ThreadID": "4048"}}, "Channel": "Microsoft-Windows-Sysmon/Operational", "Computer": "PB-win-dc.lab.local", "Security": {"#attributes": {"UserID": "S-1-5-18"}}}, "EventData": {"RuleName": "T1042", "EventType": "SetValue", "UtcTime": "2025-07-21 17:43:58.059", "ProcessGuid": "{1a289fba-7c52-687e-440c-000000000700}", "ProcessId": 7800, "Image": "C:\\Users\\ADMINI~1\\AppData\\Local\\Temp\\2\\7zS05BF71DF\\Installer.exe", "TargetObject": "HKU\\S-1-5-21-829129999-3926614769-3069774332-500_Classes\\zoomus\\shell\\open\\command\\(Default)", "Details": "\"C:\\Users\\Administrator\\AppData\\Roaming\\Zoom\\bin\\Zoom.exe\" \"--url=%%1\"", "User": "lab\\Administrator"}}, "submission_id": "d8fe910f-1bef-4fc2-abdd-8bc5651c84a0"}
{"Event": {"#attributes": {"xmlns": "{http://schemas.microsoft.com/win/2004/08/events/event}"}, "System": {"Provider": {"#attributes": {"Name": "Microsoft-Windows-Sysmon", "Guid": "{5770385f-c22a-43e0-bf4c-06f5698ffbd9}"}}, "EventID": 13, "Version": 2, "Level": 4, "Task": 13, "Opcode": 0, "Keywords": "0x8000000000000000", "TimeCreated": {"#attributes": {"SystemTime": "2025-07-21T17:43:58.0604438Z"}}, "EventRecordID": 6822, "Correlation": "", "Execution": {"#attributes": {"ProcessID": "3244", "ThreadID": "4048"}}, "Channel": "Microsoft-Windows-Sysmon/Operational", "Computer": "PB-win-dc.lab.local", "Security": {"#attributes": {"UserID": "S-1-5-18"}}}, "EventData": {"RuleName": "T1042", "EventType": "SetValue", "UtcTime": "2025-07-21 17:43:58.059", "ProcessGuid": "{1a289fba-7c52-687e-440c-000000000700}", "ProcessId": 7800, "Image": "C:\\Users\\ADMINI~1\\AppData\\Local\\Temp\\2\\7zS05BF71DF\\Installer.exe", "TargetObject": "HKU\\S-1-5-21-829129999-3926614769-3069774332-500_Classes\\zoommtg\\shell\\open\\command\\(Default)", "Details": "\"C:\\Users\\Administrator\\AppData\\Roaming\\Zoom\\bin\\Zoom.exe\" \"--url=%%1\"", "User": "lab\\Administrator"}}, "submission_id": "d8fe910f-1bef-4fc2-abdd-8bc5651c84a0"}
{"Event": {"#attributes": {"xmlns": "{http://schemas.microsoft.com/win/2004/08/events/event}"}, "System": {"Provider": {"#attributes": {"Name": "Microsoft-Windows-Sysmon", "Guid": "{5770385f-c22a-43e0-bf4c-06f5698ffbd9}"}}, "EventID": 13, "Version": 2, "Level": 4, "Task": 13, "Opcode": 0, "Keywords": "0x8000000000000000", "TimeCreated": {"#attributes": {"SystemTime": "2025-07-21T17:43:58.0599187Z"}}, "EventRecordID": 6821, "Correlation": "", "Execution": {"#attributes": {"ProcessID": "3244", "ThreadID": "4048"}}, "Channel": "Microsoft-Windows-Sysmon/Operational", "Computer": "PB-win-dc.lab.local", "Security": {"#attributes": {"UserID": "S-1-5-18"}}}, "EventData": {"RuleName": "T1042", "EventType": "SetValue", "UtcTime": "2025-07-21 17:43:58.059", "ProcessGuid": "{1a289fba-7c52-687e-440c-000000000700}", "ProcessId": 7800, "Image": "C:\\Users\\ADMINI~1\\AppData\\Local\\Temp\\2\\7zS05BF71DF\\Installer.exe", "TargetObject": "HKU\\S-1-5-21-829129999-3926614769-3069774332-500_Classes\\ZoomLauncher\\shell\\open\\command\\(Default)", "Details": "\"C:\\Users\\Administrator\\AppData\\Roaming\\Zoom\\bin\\Zoom.exe\" \"--url=%%1\"", "User": "lab\\Administrator"}}, "submission_id": "d8fe910f-1bef-4fc2-abdd-8bc5651c84a0"}
{"Event": {"#attributes": {"xmlns": "{http://schemas.microsoft.com/win/2004/08/events/event}"}, "System": {"Provider": {"#attributes": {"Name": "Microsoft-Windows-Sysmon", "Guid": "{5770385f-c22a-43e0-bf4c-06f5698ffbd9}"}}, "EventID": 13, "Version": 2, "Level": 4, "Task": 13, "Opcode": 0, "Keywords": "0x8000000000000000", "TimeCreated": {"#attributes": {"SystemTime": "2025-07-21T17:43:58.0595687Z"}}, "EventRecordID": 6820, "Correlation": "", "Execution": {"#attributes": {"ProcessID": "3244", "ThreadID": "4048"}}, "Channel": "Microsoft-Windows-Sysmon/Operational", "Computer": "PB-win-dc.lab.local", "Security": {"#attributes": {"UserID": "S-1-5-18"}}}, "EventData": {"RuleName": "InvDB-Pub", "EventType": "SetValue", "UtcTime": "2025-07-21 17:43:58.059", "ProcessGuid": "{1a289fba-7c52-687e-440c-000000000700}", "ProcessId": 7800, "Image": "C:\\Users\\ADMINI~1\\AppData\\Local\\Temp\\2\\7zS05BF71DF\\Installer.exe", "TargetObject": "HKU\\S-1-5-21-829129999-3926614769-3069774332-500\\Software\\Microsoft\\Windows\\CurrentVersion\\Uninstall\\ZoomUMX\\Publisher", "Details": "Zoom Communications, Inc.", "User": "lab\\Administrator"}}, "submission_id": "d8fe910f-1bef-4fc2-abdd-8bc5651c84a0"}
{"Event": {"#attributes": {"xmlns": "{http://schemas.microsoft.com/win/2004/08/events/event}"}, "System": {"Provider": {"#attributes": {"Name": "Microsoft-Windows-Sysmon", "Guid": "{5770385f-c22a-43e0-bf4c-06f5698ffbd9}"}}, "EventID": 13, "Version": 2, "Level": 4, "Task": 13, "Opcode": 0, "Keywords": "0x8000000000000000", "TimeCreated": {"#attributes": {"SystemTime": "2025-07-21T17:43:58.0595255Z"}}, "EventRecordID": 6819, "Correlation": "", "Execution": {"#attributes": {"ProcessID": "3244", "ThreadID": "4048"}}, "Channel": "Microsoft-Windows-Sysmon/Operational", "Computer": "PB-win-dc.lab.local", "Security": {"#attributes": {"UserID": "S-1-5-18"}}}, "EventData": {"RuleName": "-", "EventType": "SetValue", "UtcTime": "2025-07-21 17:43:58.059", "ProcessGuid": "{1a289fba-7c52-687e-440c-000000000700}", "ProcessId": 7800, "Image": "C:\\Users\\ADMINI~1\\AppData\\Local\\Temp\\2\\7zS05BF71DF\\Installer.exe", "TargetObject": "HKU\\S-1-5-21-829129999-3926614769-3069774332-500\\Software\\Microsoft\\Windows\\CurrentVersion\\Uninstall\\ZoomUMX\\URLUpdateInfo", "Details": "https://zoom.us", "User": "lab\\Administrator"}}, "submission_id": "d8fe910f-1bef-4fc2-abdd-8bc5651c84a0"}
{"Event": {"#attributes": {"xmlns": "{http://schemas.microsoft.com/win/2004/08/events/event}"}, "System": {"Provider": {"#attributes": {"Name": "Microsoft-Windows-Sysmon", "Guid": "{5770385f-c22a-43e0-bf4c-06f5698ffbd9}"}}, "EventID": 11, "Version": 2, "Level": 4, "Task": 11, "Opcode": 0, "Keywords": "0x8000000000000000", "TimeCreated": {"#attributes": {"SystemTime": "2025-07-21T17:43:57.9690249Z"}}, "EventRecordID": 6818, "Correlation": "", "Execution": {"#attributes": {"ProcessID": "3244", "ThreadID": "4048"}}, "Channel": "Microsoft-Windows-Sysmon/Operational", "Computer": "PB-win-dc.lab.local", "Security": {"#attributes": {"UserID": "S-1-5-18"}}}, "EventData": {"RuleName": "T1023", "UtcTime": "2025-07-21 17:43:57.965", "ProcessGuid": "{1a289fba-7c52-687e-440c-000000000700}", "ProcessId": 7800, "Image": "C:\\Users\\ADMINI~1\\AppData\\Local\\Temp\\2\\7zS05BF71DF\\Installer.exe", "TargetFilename": "C:\\Users\\Administrator\\AppData\\Roaming\\Microsoft\\Windows\\Start Menu\\Programs\\Zoom\\Uninstall Zoom Workplace.lnk", "CreationUtcTime": "2025-07-21 17:43:57.965", "User": "lab\\Administrator"}}, "submission_id": "d8fe910f-1bef-4fc2-abdd-8bc5651c84a0"}
{"Event": {"#attributes": {"xmlns": "{http://schemas.microsoft.com/win/2004/08/events/event}"}, "System": {"Provider": {"#attributes": {"Name": "Microsoft-Windows-Sysmon", "Guid": "{5770385f-c22a-43e0-bf4c-06f5698ffbd9}"}}, "EventID": 11, "Version": 2, "Level": 4, "Task": 11, "Opcode": 0, "Keywords": "0x8000000000000000", "TimeCreated": {"#attributes": {"SystemTime": "2025-07-21T17:43:57.9591722Z"}}, "EventRecordID": 6817, "Correlation": "", "Execution": {"#attributes": {"ProcessID": "3244", "ThreadID": "4048"}}, "Channel": "Microsoft-Windows-Sysmon/Operational", "Computer": "PB-win-dc.lab.local", "Security": {"#attributes": {"UserID": "S-1-5-18"}}}, "EventData": {"RuleName": "T1023", "UtcTime": "2025-07-21 17:43:57.949", "ProcessGuid": "{1a289fba-7c52-687e-440c-000000000700}", "ProcessId": 7800, "Image": "C:\\Users\\ADMINI~1\\AppData\\Local\\Temp\\2\\7zS05BF71DF\\Installer.exe", "TargetFilename": "C:\\Users\\Administrator\\AppData\\Roaming\\Microsoft\\Windows\\Start Menu\\Programs\\Zoom\\Zoom Workplace.lnk", "CreationUtcTime": "2025-07-21 17:43:57.949", "User": "lab\\Administrator"}}, "submission_id": "d8fe910f-1bef-4fc2-abdd-8bc5651c84a0"}
{"Event": {"#attributes": {"xmlns": "{http://schemas.microsoft.com/win/2004/08/events/event}"}, "System": {"Provider": {"#attributes": {"Name": "Microsoft-Windows-Sysmon", "Guid": "{5770385f-c22a-43e0-bf4c-06f5698ffbd9}"}}, "EventID": 11, "Version": 2, "Level": 4, "Task": 11, "Opcode": 0, "Keywords": "0x8000000000000000", "TimeCreated": {"#attributes": {"SystemTime": "2025-07-21T17:43:57.9507532Z"}}, "EventRecordID": 6816, "Correlation": "", "Execution": {"#attributes": {"ProcessID": "3244", "ThreadID": "4048"}}, "Channel": "Microsoft-Windows-Sysmon/Operational", "Computer": "PB-win-dc.lab.local", "Security": {"#attributes": {"UserID": "S-1-5-18"}}}, "EventData": {"RuleName": "T1023", "UtcTime": "2025-07-21 17:43:57.949", "ProcessGuid": "{1a289fba-7c52-687e-440c-000000000700}", "ProcessId": 7800, "Image": "C:\\Users\\ADMINI~1\\AppData\\Local\\Temp\\2\\7zS05BF71DF\\Installer.exe", "TargetFilename": "C:\\Users\\Administrator\\AppData\\Roaming\\Microsoft\\Windows\\Start Menu\\Programs\\Zoom", "CreationUtcTime": "2025-07-21 17:43:57.949", "User": "lab\\Administrator"}}, "submission_id": "d8fe910f-1bef-4fc2-abdd-8bc5651c84a0"}
{"Event": {"#attributes": {"xmlns": "{http://schemas.microsoft.com/win/2004/08/events/event}"}, "System": {"Provider": {"#attributes": {"Name": "Microsoft-Windows-Sysmon", "Guid": "{5770385f-c22a-43e0-bf4c-06f5698ffbd9}"}}, "EventID": 13, "Version": 2, "Level": 4, "Task": 13, "Opcode": 0, "Keywords": "0x8000000000000000", "TimeCreated": {"#attributes": {"SystemTime": "2025-07-21T17:43:52.7152012Z"}}, "EventRecordID": 6809, "Correlation": "", "Execution": {"#attributes": {"ProcessID": "3244", "ThreadID": "4048"}}, "Channel": "Microsoft-Windows-Sysmon/Operational", "Computer": "PB-win-dc.lab.local", "Security": {"#attributes": {"UserID": "S-1-5-18"}}}, "EventData": {"RuleName": "InvDB-Pub", "EventType": "SetValue", "UtcTime": "2025-07-21 17:43:52.699", "ProcessGuid": "{1a289fba-7c58-687e-490c-000000000700}", "ProcessId": 8232, "Image": "C:\\Windows\\system32\\WerFault.exe", "TargetObject": "\\REGISTRY\\A\\{aa20f418-29fc-52eb-45da-428766017978}\\Root\\InventoryApplicationFile\\installer.exe|5173b3551cbcd8e9\\Publisher", "Details": "zoom communications, inc.", "User": "lab\\Administrator"}}, "submission_id": "d8fe910f-1bef-4fc2-abdd-8bc5651c84a0"}
{"Event": {"#attributes": {"xmlns": "{http://schemas.microsoft.com/win/2004/08/events/event}"}, "System": {"Provider": {"#attributes": {"Name": "Microsoft-Windows-Sysmon", "Guid": "{5770385f-c22a-43e0-bf4c-06f5698ffbd9}"}}, "EventID": 1, "Version": 5, "Level": 4, "Task": 1, "Opcode": 0, "Keywords": "0x8000000000000000", "TimeCreated": {"#attributes": {"SystemTime": "2025-07-21T17:43:52.7023489Z"}}, "EventRecordID": 6807, "Correlation": "", "Execution": {"#attributes": {"ProcessID": "3244", "ThreadID": "4048"}}, "Channel": "Microsoft-Windows-Sysmon/Operational", "Computer": "PB-win-dc.lab.local", "Security": {"#attributes": {"UserID": "S-1-5-18"}}}, "EventData": {"RuleName": "-", "UtcTime": "2025-07-21 17:43:52.702", "ProcessGuid": "{1a289fba-7c58-687e-490c-000000000700}", "ProcessId": 8232, "Image": "C:\\Windows\\System32\\WerFault.exe", "FileVersion": "10.0.20348.380 (WinBuild.160101.0800)", "Description": "Windows Problem Reporting", "Product": "Microsoft\u00ae Windows\u00ae Operating System", "Company": "Microsoft Corporation", "OriginalFileName": "WerFault.exe", "CommandLine": "C:\\Windows\\system32\\WerFault.exe -u -p 3164 -s 480", "CurrentDirectory": "C:\\Windows\\system32\\", "User": "lab\\Administrator", "LogonGuid": "{1a289fba-2a37-687e-cc6d-380000000000}", "LogonId": "0x386dcc", "TerminalSessionId": 2, "IntegrityLevel": "High", "Hashes": "MD5=C6844C39501CD1B9620424103B6118A8,SHA256=B3F71C9B4DE806DDF7E85FD6735C849F5B184FD609BB9A8275FA82604016EDFD,IMPHASH=2F861AFB29A96B520209032AD54EBE86", "ParentProcessGuid": "{1a289fba-7c58-687e-450c-000000000700}", "ParentProcessId": 3164, "ParentImage": "C:\\Users\\ADMINI~1\\AppData\\Local\\Temp\\2\\7zS05BF71DF\\Installer.exe", "ParentCommandLine": "\"C:\\Users\\ADMINI~1\\AppData\\Local\\Temp\\2\\7zS05BF71DF\\Installer.exe\" /addfwexception --bin_home=\"C:\\Users\\Administrator\\AppData\\Roaming\\Zoom\\bin\"", "ParentUser": "lab\\Administrator"}}, "submission_id": "d8fe910f-1bef-4fc2-abdd-8bc5651c84a0"}
{"Event": {"#attributes": {"xmlns": "{http://schemas.microsoft.com/win/2004/08/events/event}"}, "System": {"Provider": {"#attributes": {"Name": "Microsoft-Windows-Sysmon", "Guid": "{5770385f-c22a-43e0-bf4c-06f5698ffbd9}"}}, "EventID": 1, "Version": 5, "Level": 4, "Task": 1, "Opcode": 0, "Keywords": "0x8000000000000000", "TimeCreated": {"#attributes": {"SystemTime": "2025-07-21T17:43:52.6703876Z"}}, "EventRecordID": 6805, "Correlation": "", "Execution": {"#attributes": {"ProcessID": "3244", "ThreadID": "4048"}}, "Channel": "Microsoft-Windows-Sysmon/Operational", "Computer": "PB-win-dc.lab.local", "Security": {"#attributes": {"UserID": "S-1-5-18"}}}, "EventData": {"RuleName": "-", "UtcTime": "2025-07-21 17:43:52.669", "ProcessGuid": "{1a289fba-7c58-687e-450c-000000000700}", "ProcessId": 3164, "Image": "C:\\Users\\ADMINI~1\\AppData\\Local\\Temp\\2\\7zS05BF71DF\\Installer.exe", "FileVersion": "6,5,6,9328", "Description": "Zoom Installer", "Product": "Zoom Installer", "Company": "Zoom Communications, Inc.", "OriginalFileName": "Zoom Installer", "CommandLine": "\"C:\\Users\\ADMINI~1\\AppData\\Local\\Temp\\2\\7zS05BF71DF\\Installer.exe\" /addfwexception --bin_home=\"C:\\Users\\Administrator\\AppData\\Roaming\\Zoom\\bin\"", "CurrentDirectory": "C:\\Users\\ADMINI~1\\AppData\\Local\\Temp\\2\\7zS05BF71DF\\", "User": "lab\\Administrator", "LogonGuid": "{1a289fba-2a37-687e-cc6d-380000000000}", "LogonId": "0x386dcc", "TerminalSessionId": 2, "IntegrityLevel": "High", "Hashes": "MD5=5BC9C394F3857A01C6D619F6C39A1417,SHA256=832853463CDD196193909F18F0C8055F9679DF683C95CDE96A063E5F4C230EEE,IMPHASH=B71832F19ABFE54B612E302ECFBAE87B", "ParentProcessGuid": "{1a289fba-7c52-687e-440c-000000000700}", "ParentProcessId": 7800, "ParentImage": "C:\\Users\\ADMINI~1\\AppData\\Local\\Temp\\2\\7zS05BF71DF\\Installer.exe", "ParentCommandLine": ".\\Installer.exe", "ParentUser": "lab\\Administrator"}}, "submission_id": "d8fe910f-1bef-4fc2-abdd-8bc5651c84a0"}
{"Event": {"#attributes": {"xmlns": "{http://schemas.microsoft.com/win/2004/08/events/event}"}, "System": {"Provider": {"#attributes": {"Name": "Microsoft-Windows-Sysmon", "Guid": "{5770385f-c22a-43e0-bf4c-06f5698ffbd9}"}}, "EventID": 11, "Version": 2, "Level": 4, "Task": 11, "Opcode": 0, "Keywords": "0x8000000000000000", "TimeCreated": {"#attributes": {"SystemTime": "2025-07-21T17:43:52.4077571Z"}}, "EventRecordID": 6804, "Correlation": "", "Execution": {"#attributes": {"ProcessID": "3244", "ThreadID": "4048"}}, "Channel": "Microsoft-Windows-Sysmon/Operational", "Computer": "PB-win-dc.lab.local", "Security": {"#attributes": {"UserID": "S-1-5-18"}}}, "EventData": {"RuleName": "EXE", "UtcTime": "2025-07-21 17:43:52.402", "ProcessGuid": "{1a289fba-7c52-687e-440c-000000000700}", "ProcessId": 7800, "Image": "C:\\Users\\ADMINI~1\\AppData\\Local\\Temp\\2\\7zS05BF71DF\\Installer.exe", "TargetFilename": "C:\\Users\\Administrator\\AppData\\Roaming\\Zoom\\tmp_uninstall\\Installer.exe", "CreationUtcTime": "2025-07-21 17:43:52.402", "User": "lab\\Administrator"}}, "submission_id": "d8fe910f-1bef-4fc2-abdd-8bc5651c84a0"}
