{"Event": {"#attributes": {"xmlns": "{http://schemas.microsoft.com/win/2004/08/events/event}"}, "System": {"Provider": {"#attributes": {"Name": "Microsoft-Windows-Sysmon", "Guid": "{5770385f-c22a-43e0-bf4c-06f5698ffbd9}"}}, "EventID": 11, "Version": 2, "Level": 4, "Task": 11, "Opcode": 0, "Keywords": "0x8000000000000000", "TimeCreated": {"#attributes": {"SystemTime": "2025-07-21T17:43:51.1906560Z"}}, "EventRecordID": 6627, "Correlation": "", "Execution": {"#attributes": {"ProcessID": "3244", "ThreadID": "4048"}}, "Channel": "Microsoft-Windows-Sysmon/Operational", "Computer": "PB-win-dc.lab.local", "Security": {"#attributes": {"UserID": "S-1-5-18"}}}, "EventData": {"RuleName": "DLL", "UtcTime": "2025-07-21 17:43:51.184", "ProcessGuid": "{1a289fba-7c52-687e-440c-000000000700}", "ProcessId": 7800, "Image": "C:\\Users\\ADMINI~1\\AppData\\Local\\Temp\\2\\7zS05BF71DF\\Installer.exe", "TargetFilename": "C:\\Users\\Administrator\\AppData\\Roaming\\Zoom\\tmp_bin\\language\\zLang_nl.dll", "CreationUtcTime": "2025-07-21 17:43:51.184", "User": "lab\\Administrator"}}, "submission_id": "d8fe910f-1bef-4fc2-abdd-8bc5651c84a0"}
{"Event": {"#attributes": {"xmlns": "{http://schemas.microsoft.com/win/2004/08/events/event}"}, "System": {"Provider": {"#attributes": {"Name": "Microsoft-Windows-Sysmon", "Guid": "{5770385f-c22a-43e0-bf4c-06f5698ffbd9}"}}, "EventID": 11, "Version": 2, "Level": 4, "Task": 11, "Opcode": 0, "Keywords": "0x8000000000000000", "TimeCreated": {"#attributes": {"SystemTime": "2025-07-21T17:43:51.1870622Z"}}, "EventRecordID": 6626, "Correlation": "", "Execution": {"#attributes": {"ProcessID": "3244", "ThreadID": "4048"}}, "Channel": "Microsoft-Windows-Sysmon/Operational", "Computer": "PB-win-dc.lab.local", "Security": {"#attributes": {"UserID": "S-1-5-18"}}}, "EventData": {"RuleName": "DLL", "UtcTime": "2025-07-21 17:43:51.184", "ProcessGuid": "{1a289fba-7c52-687e-440c-000000000700}", "ProcessId": 7800, "Image": "C:\\Users\\ADMINI~1\\AppData\\Local\\Temp\\2\\7zS05BF71DF\\Installer.exe", "TargetFilename": "C:\\Users\\Administrator\\AppData\\Roaming\\Zoom\\tmp_bin\\language\\zLang_korean.dll", "CreationUtcTime": "2025-07-21 17:43:51.184", "User": "lab\\Administrator"}}, "submission_id": "d8fe910f-1bef-4fc2-abdd-8bc5651c84a0"}
{"Event": {"#attributes": {"xmlns": "{http://schemas.microsoft.com/win/2004/08/events/event}"}, "System": {"Provider": {"#attributes": {"Name": "Microsoft-Windows-Sysmon", "Guid": "{5770385f-c22a-43e0-bf4c-06f5698ffbd9}"}}, "EventID": 11, "Version": 2, "Level": 4, "Task": 11, "Opcode": 0, "Keywords": "0x8000000000000000", "TimeCreated": {"#attributes": {"SystemTime": "2025-07-21T17:43:51.1826449Z"}}, "EventRecordID": 6625, "Correlation": "", "Execution": {"#attributes": {"ProcessID": "3244", "ThreadID": "4048"}}, "Channel": "Microsoft-Windows-Sysmon/Operational", "Computer": "PB-win-dc.lab.local", "Security": {"#attributes": {"UserID": "S-1-5-18"}}}, "EventData": {"RuleName": "DLL", "UtcTime": "2025-07-21 17:43:51.168", "ProcessGuid": "{1a289fba-7c52-687e-440c-000000000700}", "ProcessId": 7800, "Image": "C:\\Users\\ADMINI~1\\AppData\\Local\\Temp\\2\\7zS05BF71DF\\Installer.exe", "TargetFilename": "C:\\Users\\Administrator\\AppData\\Roaming\\Zoom\\tmp_bin\\language\\zLang_jp.dll", "CreationUtcTime": "2025-07-21 17:43:51.168", "User": "lab\\Administrator"}}, "submission_id": "d8fe910f-1bef-4fc2-abdd-8bc5651c84a0"}
{"Event": {"#attributes": {"xmlns": "{http://schemas.microsoft.com/win/2004/08/events/event}"}, "System": {"Provider": {"#attributes": {"Name": "Microsoft-Windows-Sysmon", "Guid": "{5770385f-c22a-43e0-bf4c-06f5698ffbd9}"}}, "EventID": 11, "Version": 2, "Level": 4, "Task": 11, "Opcode": 0, "Keywords": "0x8000000000000000", "TimeCreated": {"#attributes": {"SystemTime": "2025-07-21T17:43:51.1787856Z"}}, "EventRecordID": 6624, "Correlation": "", "Execution": {"#attributes": {"ProcessID": "3244", "ThreadID": "4048"}}, "Channel": "Microsoft-Windows-Sysmon/Operational", "Computer": "PB-win-dc.lab.local", "Security": {"#attributes": {"UserID": "S-1-5-18"}}}, "EventData": {"RuleName": "DLL", "UtcTime": "2025-07-21 17:43:51.168", "ProcessGuid": "{1a289fba-7c52-687e-440c-000000000700}", "ProcessId": 7800, "Image": "C:\\Users\\ADMINI~1\\AppData\\Local\\Temp\\2\\7zS05BF71DF\\Installer.exe", "TargetFilename": "C:\\Users\\Administrator\\AppData\\Roaming\\Zoom\\tmp_bin\\language\\zLang_it.dll", "CreationUtcTime": "2025-07-21 17:43:51.168", "User": "lab\\Administrator"}}, "submission_id": "d8fe910f-1bef-4fc2-abdd-8bc5651c84a0"}
{"Event": {"#attributes": {"xmlns": "{http://schemas.microsoft.com/win/2004/08/events/event}"}, "System": {"Provider": {"#attributes": {"Name": "Microsoft-Windows-Sysmon", "Guid": "{5770385f-c22a-43e0-bf4c-06f5698ffbd9}"}}, "EventID": 11, "Version": 2, "Level": 4, "Task": 11, "Opcode": 0, "Keywords": "0x8000000000000000", "TimeCreated": {"#attributes": {"SystemTime": "2025-07-21T17:43:51.1752208Z"}}, "EventRecordID": 6623, "Correlation": "", "Execution": {"#attributes": {"ProcessID": "3244", "ThreadID": "4048"}}, "Channel": "Microsoft-Windows-Sysmon/Operational", "Computer": "PB-win-dc.lab.local", "Security": {"#attributes": {"UserID": "S-1-5-18"}}}, "EventData": {"RuleName": "DLL", "UtcTime": "2025-07-21 17:43:51.168", "ProcessGuid": "{1a289fba-7c52-687e-440c-000000000700}", "ProcessId": 7800, "Image": "C:\\Users\\ADMINI~1\\AppData\\Local\\Temp\\2\\7zS05BF71DF\\Installer.exe", "TargetFilename": "C:\\Users\\Administrator\\AppData\\Roaming\\Zoom\\tmp_bin\\language\\zLang_id.dll", "CreationUtcTime": "2025-07-21 17:43:51.168", "User": "lab\\Administrator"}}, "submission_id": "d8fe910f-1bef-4fc2-abdd-8bc5651c84a0"}
{"Event": {"#attributes": {"xmlns": "{http://schemas.microsoft.com/win/2004/08/events/event}"}, "System": {"Provider": {"#attributes": {"Name": "Microsoft-Windows-Sysmon", "Guid": "{5770385f-c22a-43e0-bf4c-06f5698ffbd9}"}}, "EventID": 11, "Version": 2, "Level": 4, "Task": 11, "Opcode": 0, "Keywords": "0x8000000000000000", "TimeCreated": {"#attributes": {"SystemTime": "2025-07-21T17:43:51.1716525Z"}}, "EventRecordID": 6622, "Correlation": "", "Execution": {"#attributes": {"ProcessID": "3244", "ThreadID": "4048"}}, "Channel": "Microsoft-Windows-Sysmon/Operational", "Computer": "PB-win-dc.lab.local", "Security": {"#attributes": {"UserID": "S-1-5-18"}}}, "EventData": {"RuleName": "DLL", "UtcTime": "2025-07-21 17:43:51.168", "ProcessGuid": "{1a289fba-7c52-687e-440c-000000000700}", "ProcessId": 7800, "Image": "C:\\Users\\ADMINI~1\\AppData\\Local\\Temp\\2\\7zS05BF71DF\\Installer.exe", "TargetFilename": "C:\\Users\\Administrator\\AppData\\Roaming\\Zoom\\tmp_bin\\language\\zLang_fr.dll", "CreationUtcTime": "2025-07-21 17:43:51.168", "User": "lab\\Administrator"}}, "submission_id": "d8fe910f-1bef-4fc2-abdd-8bc5651c84a0"}
{"Event": {"#attributes": {"xmlns": "{http://schemas.microsoft.com/win/2004/08/events/event}"}, "System": {"Provider": {"#attributes": {"Name": "Microsoft-Windows-Sysmon", "Guid": "{5770385f-c22a-43e0-bf4c-06f5698ffbd9}"}}, "EventID": 11, "Version": 2, "Level": 4, "Task": 11, "Opcode": 0, "Keywords": "0x8000000000000000", "TimeCreated": {"#attributes": {"SystemTime": "2025-07-21T17:43:51.1679997Z"}}, "EventRecordID": 6621, "Correlation": "", "Execution": {"#attributes": {"ProcessID": "3244", "ThreadID": "4048"}}, "Channel": "Microsoft-Windows-Sysmon/Operational", "Computer": "PB-win-dc.lab.local", "Security": {"#attributes": {"UserID": "S-1-5-18"}}}, "EventData": {"RuleName": "DLL", "UtcTime": "2025-07-21 17:43:51.152", "ProcessGuid": "{1a289fba-7c52-687e-440c-000000000700}", "ProcessId": 7800, "Image": "C:\\Users\\ADMINI~1\\AppData\\Local\\Temp\\2\\7zS05BF71DF\\Installer.exe", "TargetFilename": "C:\\Users\\Administrator\\AppData\\Roaming\\Zoom\\tmp_bin\\language\\zLang_es.dll", "CreationUtcTime": "2025-07-21 17:43:51.152", "User": "lab\\Administrator"}}, "submission_id": "d8fe910f-1bef-4fc2-abdd-8bc5651c84a0"}
{"Event": {"#attributes": {"xmlns": "{http://schemas.microsoft.com/win/2004/08/events/event}"}, "System": {"Provider": {"#attributes": {"Name": "Microsoft-Windows-Sysmon", "Guid": "{5770385f-c22a-43e0-bf4c-06f5698ffbd9}"}}, "EventID": 11, "Version": 2, "Level": 4, "Task": 11, "Opcode": 0, "Keywords": "0x8000000000000000", "TimeCreated": {"#attributes": {"SystemTime": "2025-07-21T17:43:51.1645400Z"}}, "EventRecordID": 6620, "Correlation": "", "Execution": {"#attributes": {"ProcessID": "3244", "ThreadID": "4048"}}, "Channel": "Microsoft-Windows-Sysmon/Operational", "Computer": "PB-win-dc.lab.local", "Security": {"#attributes": {"UserID": "S-1-5-18"}}}, "EventData": {"RuleName": "DLL", "UtcTime": "2025-07-21 17:43:51.152", "ProcessGuid": "{1a289fba-7c52-687e-440c-000000000700}", "ProcessId": 7800, "Image": "C:\\Users\\ADMINI~1\\AppData\\Local\\Temp\\2\\7zS05BF71DF\\Installer.exe", "TargetFilename": "C:\\Users\\Administrator\\AppData\\Roaming\\Zoom\\tmp_bin\\language\\zLang_de.dll", "CreationUtcTime": "2025-07-21 17:43:51.152", "User": "lab\\Administrator"}}, "submission_id": "d8fe910f-1bef-4fc2-abdd-8bc5651c84a0"}
{"Event": {"#attributes": {"xmlns": "{http://schemas.microsoft.com/win/2004/08/events/event}"}, "System": {"Provider": {"#attributes": {"Name": "Microsoft-Windows-Sysmon", "Guid": "{5770385f-c22a-43e0-bf4c-06f5698ffbd9}"}}, "EventID": 11, "Version": 2, "Level": 4, "Task": 11, "Opcode": 0, "Keywords": "0x8000000000000000", "TimeCreated": {"#attributes": {"SystemTime": "2025-07-21T17:43:51.1579372Z"}}, "EventRecordID": 6619, "Correlation": "", "Execution": {"#attributes": {"ProcessID": "3244", "ThreadID": "4048"}}, "Channel": "Microsoft-Windows-Sysmon/Operational", "Computer": "PB-win-dc.lab.local", "Security": {"#attributes": {"UserID": "S-1-5-18"}}}, "EventData": {"RuleName": "DLL", "UtcTime": "2025-07-21 17:43:51.152", "ProcessGuid": "{1a289fba-7c52-687e-440c-000000000700}", "ProcessId": 7800, "Image": "C:\\Users\\ADMINI~1\\AppData\\Local\\Temp\\2\\7zS05BF71DF\\Installer.exe", "TargetFilename": "C:\\Users\\Administrator\\AppData\\Roaming\\Zoom\\tmp_bin\\zWinRes.dll", "CreationUtcTime": "2025-07-21 17:43:51.152", "User": "lab\\Administrator"}}, "submission_id": "d8fe910f-1bef-4fc2-abdd-8bc5651c84a0"}
{"Event": {"#attributes": {"xmlns": "{http://schemas.microsoft.com/win/2004/08/events/event}"}, "System": {"Provider": {"#attributes": {"Name": "Microsoft-Windows-Sysmon", "Guid": "{5770385f-c22a-43e0-bf4c-06f5698ffbd9}"}}, "EventID": 11, "Version": 2, "Level": 4, "Task": 11, "Opcode": 0, "Keywords": "0x8000000000000000", "TimeCreated": {"#attributes": {"SystemTime": "2025-07-21T17:43:51.1384130Z"}}, "EventRecordID": 6618, "Correlation": "", "Execution": {"#attributes": {"ProcessID": "3244", "ThreadID": "4048"}}, "Channel": "Microsoft-Windows-Sysmon/Operational", "Computer": "PB-win-dc.lab.local", "Security": {"#attributes": {"UserID": "S-1-5-18"}}}, "EventData": {"RuleName": "DLL", "UtcTime": "2025-07-21 17:43:51.137", "ProcessGuid": "{1a289fba-7c52-687e-440c-000000000700}", "ProcessId": 7800, "Image": "C:\\Users\\ADMINI~1\\AppData\\Local\\Temp\\2\\7zS05BF71DF\\Installer.exe", "TargetFilename": "C:\\Users\\Administrator\\AppData\\Roaming\\Zoom\\tmp_bin\\zData.dll", "CreationUtcTime": "2025-07-21 17:43:51.137", "User": "lab\\Administrator"}}, "submission_id": "d8fe910f-1bef-4fc2-abdd-8bc5651c84a0"}
{"Event": {"#attributes": {"xmlns": "{http://schemas.microsoft.com/win/2004/08/events/event}"}, "System": {"Provider": {"#attributes": {"Name": "Microsoft-Windows-Sysmon", "Guid": "{5770385f-c22a-43e0-bf4c-06f5698ffbd9}"}}, "EventID": 11, "Version": 2, "Level": 4, "Task": 11, "Opcode": 0, "Keywords": "0x8000000000000000", "TimeCreated": {"#attributes": {"SystemTime": "2025-07-21T17:43:51.1329147Z"}}, "EventRecordID": 6617, "Correlation": "", "Execution": {"#attributes": {"ProcessID": "3244", "ThreadID": "4048"}}, "Channel": "Microsoft-Windows-Sysmon/Operational", "Computer": "PB-win-dc.lab.local", "Security": {"#attributes": {"UserID": "S-1-5-18"}}}, "EventData": {"RuleName": "EXE", "UtcTime": "2025-07-21 17:43:51.121", "ProcessGuid": "{1a289fba-7c52-687e-440c-000000000700}", "ProcessId": 7800, "Image": "C:\\Users\\ADMINI~1\\AppData\\Local\\Temp\\2\\7zS05BF71DF\\Installer.exe", "TargetFilename": "C:\\Users\\Administrator\\AppData\\Roaming\\Zoom\\tmp_bin\\zCrashReport64.exe", "CreationUtcTime": "2025-07-21 17:43:51.121", "User": "lab\\Administrator"}}, "submission_id": "d8fe910f-1bef-4fc2-abdd-8bc5651c84a0"}
{"Event": {"#attributes": {"xmlns": "{http://schemas.microsoft.com/win/2004/08/events/event}"}, "System": {"Provider": {"#attributes": {"Name": "Microsoft-Windows-Sysmon", "Guid": "{5770385f-c22a-43e0-bf4c-06f5698ffbd9}"}}, "EventID": 11, "Version": 2, "Level": 4, "Task": 11, "Opcode": 0, "Keywords": "0x8000000000000000", "TimeCreated": {"#attributes": {"SystemTime": "2025-07-21T17:43:51.1301917Z"}}, "EventRecordID": 6616, "Correlation": "", "Execution": {"#attributes": {"ProcessID": "3244", "ThreadID": "4048"}}, "Channel": "Microsoft-Windows-Sysmon/Operational", "Computer": "PB-win-dc.lab.local", "Security": {"#attributes": {"UserID": "S-1-5-18"}}}, "EventData": {"RuleName": "EXE", "UtcTime": "2025-07-21 17:43:51.121", "ProcessGuid": "{1a289fba-7c52-687e-440c-000000000700}", "ProcessId": 7800, "Image": "C:\\Users\\ADMINI~1\\AppData\\Local\\Temp\\2\\7zS05BF71DF\\Installer.exe", "TargetFilename": "C:\\Users\\Administrator\\AppData\\Roaming\\Zoom\\tmp_bin\\zCrashReport.exe", "CreationUtcTime": "2025-07-21 17:43:51.121", "User": "lab\\Administrator"}}, "submission_id": "d8fe910f-1bef-4fc2-abdd-8bc5651c84a0"}
{"Event": {"#attributes": {"xmlns": "{http://schemas.microsoft.com/win/2004/08/events/event}"}, "System": {"Provider": {"#attributes": {"Name": "Microsoft-Windows-Sysmon", "Guid": "{5770385f-c22a-43e0-bf4c-06f5698ffbd9}"}}, "EventID": 11, "Version": 2, "Level": 4, "Task": 11, "Opcode": 0, "Keywords": "0x8000000000000000", "TimeCreated": {"#attributes": {"SystemTime": "2025-07-21T17:43:51.1272403Z"}}, "EventRecordID": 6615, "Correlation": "", "Execution": {"#attributes": {"ProcessID": "3244", "ThreadID": "4048"}}, "Channel": "Microsoft-Windows-Sysmon/Operational", "Computer": "PB-win-dc.lab.local", "Security": {"#attributes": {"UserID": "S-1-5-18"}}}, "EventData": {"RuleName": "DLL", "UtcTime": "2025-07-21 17:43:51.121", "ProcessGuid": "{1a289fba-7c52-687e-440c-000000000700}", "ProcessId": 7800, "Image": "C:\\Users\\ADMINI~1\\AppData\\Local\\Temp\\2\\7zS05BF71DF\\Installer.exe", "TargetFilename": "C:\\Users\\Administrator\\AppData\\Roaming\\Zoom\\tmp_bin\\zCrashReport64.dll", "CreationUtcTime": "2025-07-21 17:43:51.121", "User": "lab\\Administrator"}}, "submission_id": "d8fe910f-1bef-4fc2-abdd-8bc5651c84a0"}
{"Event": {"#attributes": {"xmlns": "{http://schemas.microsoft.com/win/2004/08/events/event}"}, "System": {"Provider": {"#attributes": {"Name": "Microsoft-Windows-Sysmon", "Guid": "{5770385f-c22a-43e0-bf4c-06f5698ffbd9}"}}, "EventID": 11, "Version": 2, "Level": 4, "Task": 11, "Opcode": 0, "Keywords": "0x8000000000000000", "TimeCreated": {"#attributes": {"SystemTime": "2025-07-21T17:43:51.1242691Z"}}, "EventRecordID": 6614, "Correlation": "", "Execution": {"#attributes": {"ProcessID": "3244", "ThreadID": "4048"}}, "Channel": "Microsoft-Windows-Sysmon/Operational", "Computer": "PB-win-dc.lab.local", "Security": {"#attributes": {"UserID": "S-1-5-18"}}}, "EventData": {"RuleName": "DLL", "UtcTime": "2025-07-21 17:43:51.121", "ProcessGuid": "{1a289fba-7c52-687e-440c-000000000700}", "ProcessId": 7800, "Image": "C:\\Users\\ADMINI~1\\AppData\\Local\\Temp\\2\\7zS05BF71DF\\Installer.exe", "TargetFilename": "C:\\Users\\Administrator\\AppData\\Roaming\\Zoom\\tmp_bin\\Scintilla.dll", "CreationUtcTime": "2025-07-21 17:43:51.121", "User": "lab\\Administrator"}}, "submission_id": "d8fe910f-1bef-4fc2-abdd-8bc5651c84a0"}
{"Event": {"#attributes": {"xmlns": "{http://schemas.microsoft.com/win/2004/08/events/event}"}, "System": {"Provider": {"#attributes": {"Name": "Microsoft-Windows-Sysmon", "Guid": "{5770385f-c22a-43e0-bf4c-06f5698ffbd9}"}}, "EventID": 11, "Version": 2, "Level": 4, "Task": 11, "Opcode": 0, "Keywords": "0x8000000000000000", "TimeCreated": {"#attributes": {"SystemTime": "2025-07-21T17:43:51.1202368Z"}}, "EventRecordID": 6613, "Correlation": "", "Execution": {"#attributes": {"ProcessID": "3244", "ThreadID": "4048"}}, "Channel": "Microsoft-Windows-Sysmon/Operational", "Computer": "PB-win-dc.lab.local", "Security": {"#attributes": {"UserID": "S-1-5-18"}}}, "EventData": {"RuleName": "DLL", "UtcTime": "2025-07-21 17:43:51.106", "ProcessGuid": "{1a289fba-7c52-687e-440c-000000000700}", "ProcessId": 7800, "Image": "C:\\Users\\ADMINI~1\\AppData\\Local\\Temp\\2\\7zS05BF71DF\\Installer.exe", "TargetFilename": "C:\\Users\\Administrator\\AppData\\Roaming\\Zoom\\tmp_bin\\Lexilla.dll", "CreationUtcTime": "2025-07-21 17:43:51.106", "User": "lab\\Administrator"}}, "submission_id": "d8fe910f-1bef-4fc2-abdd-8bc5651c84a0"}
{"Event": {"#attributes": {"xmlns": "{http://schemas.microsoft.com/win/2004/08/events/event}"}, "System": {"Provider": {"#attributes": {"Name": "Microsoft-Windows-Sysmon", "Guid": "{5770385f-c22a-43e0-bf4c-06f5698ffbd9}"}}, "EventID": 11, "Version": 2, "Level": 4, "Task": 11, "Opcode": 0, "Keywords": "0x8000000000000000", "TimeCreated": {"#attributes": {"SystemTime": "2025-07-21T17:43:51.1127110Z"}}, "EventRecordID": 6612, "Correlation": "", "Execution": {"#attributes": {"ProcessID": "3244", "ThreadID": "4048"}}, "Channel": "Microsoft-Windows-Sysmon/Operational", "Computer": "PB-win-dc.lab.local", "Security": {"#attributes": {"UserID": "S-1-5-18"}}}, "EventData": {"RuleName": "DLL", "UtcTime": "2025-07-21 17:43:51.106", "ProcessGuid": "{1a289fba-7c52-687e-440c-000000000700}", "ProcessId": 7800, "Image": "C:\\Users\\ADMINI~1\\AppData\\Local\\Temp\\2\\7zS05BF71DF\\Installer.exe", "TargetFilename": "C:\\Users\\Administrator\\AppData\\Roaming\\Zoom\\tmp_bin\\zChatJSRes.dll", "CreationUtcTime": "2025-07-21 17:43:51.106", "User": "lab\\Administrator"}}, "submission_id": "d8fe910f-1bef-4fc2-abdd-8bc5651c84a0"}
{"Event": {"#attributes": {"xmlns": "{http://schemas.microsoft.com/win/2004/08/events/event}"}, "System": {"Provider": {"#attributes": {"Name": "Microsoft-Windows-Sysmon", "Guid": "{5770385f-c22a-43e0-bf4c-06f5698ffbd9}"}}, "EventID": 11, "Version": 2, "Level": 4, "Task": 11, "Opcode": 0, "Keywords": "0x8000000000000000", "TimeCreated": {"#attributes": {"SystemTime": "2025-07-21T17:43:51.1046087Z"}}, "EventRecordID": 6611, "Correlation": "", "Execution": {"#attributes": {"ProcessID": "3244", "ThreadID": "4048"}}, "Channel": "Microsoft-Windows-Sysmon/Operational", "Computer": "PB-win-dc.lab.local", "Security": {"#attributes": {"UserID": "S-1-5-18"}}}, "EventData": {"RuleName": "DLL", "UtcTime": "2025-07-21 17:43:51.090", "ProcessGuid": "{1a289fba-7c52-687e-440c-000000000700}", "ProcessId": 7800, "Image": "C:\\Users\\ADMINI~1\\AppData\\Local\\Temp\\2\\7zS05BF71DF\\Installer.exe", "TargetFilename": "C:\\Users\\Administrator\\AppData\\Roaming\\Zoom\\tmp_bin\\zChatUI.dll", "CreationUtcTime": "2025-07-21 17:43:51.090", "User": "lab\\Administrator"}}, "submission_id": "d8fe910f-1bef-4fc2-abdd-8bc5651c84a0"}
{"Event": {"#attributes": {"xmlns": "{http://schemas.microsoft.com/win/2004/08/events/event}"}, "System": {"Provider": {"#attributes": {"Name": "Microsoft-Windows-Sysmon", "Guid": "{5770385f-c22a-43e0-bf4c-06f5698ffbd9}"}}, "EventID": 11, "Version": 2, "Level": 4, "Task": 11, "Opcode": 0, "Keywords": "0x8000000000000000", "TimeCreated": {"#attributes": {"SystemTime": "2025-07-21T17:43:51.0952912Z"}}, "EventRecordID": 6610, "Correlation": "", "Execution": {"#attributes": {"ProcessID": "3244", "ThreadID": "4048"}}, "Channel": "Microsoft-Windows-Sysmon/Operational", "Computer": "PB-win-dc.lab.local", "Security": {"#attributes": {"UserID": "S-1-5-18"}}}, "EventData": {"RuleName": "DLL", "UtcTime": "2025-07-21 17:43:51.090", "ProcessGuid": "{1a289fba-7c52-687e-440c-000000000700}", "ProcessId": 7800, "Image": "C:\\Users\\ADMINI~1\\AppData\\Local\\Temp\\2\\7zS05BF71DF\\Installer.exe", "TargetFilename": "C:\\Users\\Administrator\\AppData\\Roaming\\Zoom\\tmp_bin\\zMsgApp.dll", "CreationUtcTime": "2025-07-21 17:43:51.090", "User": "lab\\Administrator"}}, "submission_id": "d8fe910f-1bef-4fc2-abdd-8bc5651c84a0"}
{"Event": {"#attributes": {"xmlns": "{http://schemas.microsoft.com/win/2004/08/events/event}"}, "System": {"Provider": {"#attributes": {"Name": "Microsoft-Windows-Sysmon", "Guid": "{5770385f-c22a-43e0-bf4c-06f5698ffbd9}"}}, "EventID": 11, "Version": 2, "Level": 4, "Task": 11, "Opcode": 0, "Keywords": "0x8000000000000000", "TimeCreated": {"#attributes": {"SystemTime": "2025-07-21T17:43:51.0888278Z"}}, "EventRecordID": 6609, "Correlation": "", "Execution": {"#attributes": {"ProcessID": "3244", "ThreadID": "4048"}}, "Channel": "Microsoft-Windows-Sysmon/Operational", "Computer": "PB-win-dc.lab.local", "Security": {"#attributes": {"UserID": "S-1-5-18"}}}, "EventData": {"RuleName": "DLL", "UtcTime": "2025-07-21 17:43:51.074", "ProcessGuid": "{1a289fba-7c52-687e-440c-000000000700}", "ProcessId": 7800, "Image": "C:\\Users\\ADMINI~1\\AppData\\Local\\Temp\\2\\7zS05BF71DF\\Installer.exe", "TargetFilename": "C:\\Users\\Administrator\\AppData\\Roaming\\Zoom\\tmp_bin\\zMsgAppCommon.dll", "CreationUtcTime": "2025-07-21 17:43:51.074", "User": "lab\\Administrator"}}, "submission_id": "d8fe910f-1bef-4fc2-abdd-8bc5651c84a0"}
{"Event": {"#attributes": {"xmlns": "{http://schemas.microsoft.com/win/2004/08/events/event}"}, "System": {"Provider": {"#attributes": {"Name": "Microsoft-Windows-Sysmon", "Guid": "{5770385f-c22a-43e0-bf4c-06f5698ffbd9}"}}, "EventID": 11, "Version": 2, "Level": 4, "Task": 11, "Opcode": 0, "Keywords": "0x8000000000000000", "TimeCreated": {"#attributes": {"SystemTime": "2025-07-21T17:43:51.0751849Z"}}, "EventRecordID": 6608, "Correlation": "", "Execution": {"#attributes": {"ProcessID": "3244", "ThreadID": "4048"}}, "Channel": "Microsoft-Windows-Sysmon/Operational", "Computer": "PB-win-dc.lab.local", "Security": {"#attributes": {"UserID": "S-1-5-18"}}}, "EventData": {"RuleName": "DLL", "UtcTime": "2025-07-21 17:43:51.074", "ProcessGuid": "{1a289fba-7c52-687e-440c-000000000700}", "ProcessId": 7800, "Image": "C:\\Users\\ADMINI~1\\AppData\\Local\\Temp\\2\\7zS05BF71DF\\Installer.exe", "TargetFilename": "C:\\Users\\Administrator\\AppData\\Roaming\\Zoom\\tmp_bin\\zCommonChat.dll", "CreationUtcTime": "2025-07-21 17:43:51.074", "User": "lab\\Administrator"}}, "submission_id": "d8fe910f-1bef-4fc2-abdd-8bc5651c84a0"}
{"Event": {"#attributes": {"xmlns": "{http://schemas.microsoft.com/win/2004/08/events/event}"}, "System": {"Provider": {"#attributes": {"Name": "Microsoft-Windows-Sysmon", "Guid": "{5770385f-c22a-43e0-bf4c-06f5698ffbd9}"}}, "EventID": 11, "Version": 2, "Level": 4, "Task": 11, "Opcode": 0, "Keywords": "0x8000000000000000", "TimeCreated": {"#attributes": {"SystemTime": "2025-07-21T17:43:51.0641069Z"}}, "EventRecordID": 6607, "Correlation": "", "Execution": {"#attributes": {"ProcessID": "3244", "ThreadID": "4048"}}, "Channel": "Microsoft-Windows-Sysmon/Operational", "Computer": "PB-win-dc.lab.local", "Security": {"#attributes": {"UserID": "S-1-5-18"}}}, "EventData": {"RuleName": "DLL", "UtcTime": "2025-07-21 17:43:51.059", "ProcessGuid": "{1a289fba-7c52-687e-440c-000000000700}", "ProcessId": 7800, "Image": "C:\\Users\\ADMINI~1\\AppData\\Local\\Temp\\2\\7zS05BF71DF\\Installer.exe", "TargetFilename": "C:\\Users\\Administrator\\AppData\\Roaming\\Zoom\\tmp_bin\\zChatApp.dll", "CreationUtcTime": "2025-07-21 17:43:51.059", "User": "lab\\Administrator"}}, "submission_id": "d8fe910f-1bef-4fc2-abdd-8bc5651c84a0"}
{"Event": {"#attributes": {"xmlns": "{http://schemas.microsoft.com/win/2004/08/events/event}"}, "System": {"Provider": {"#attributes": {"Name": "Microsoft-Windows-Sysmon", "Guid": "{5770385f-c22a-43e0-bf4c-06f5698ffbd9}"}}, "EventID": 11, "Version": 2, "Level": 4, "Task": 11, "Opcode": 0, "Keywords": "0x8000000000000000", "TimeCreated": {"#attributes": {"SystemTime": "2025-07-21T17:43:51.0586158Z"}}, "EventRecordID": 6606, "Correlation": "", "Execution": {"#attributes": {"ProcessID": "3244", "ThreadID": "4048"}}, "Channel": "Microsoft-Windows-Sysmon/Operational", "Computer": "PB-win-dc.lab.local", "Security": {"#attributes": {"UserID": "S-1-5-18"}}}, "EventData": {"RuleName": "DLL", "UtcTime": "2025-07-21 17:43:51.043", "ProcessGuid": "{1a289fba-7c52-687e-440c-000000000700}", "ProcessId": 7800, "Image": "C:\\Users\\ADMINI~1\\AppData\\Local\\Temp\\2\\7zS05BF71DF\\Installer.exe", "TargetFilename": "C:\\Users\\Administrator\\AppData\\Roaming\\Zoom\\tmp_bin\\zPTApp.dll", "CreationUtcTime": "2025-07-21 17:43:51.043", "User": "lab\\Administrator"}}, "submission_id": "d8fe910f-1bef-4fc2-abdd-8bc5651c84a0"}
{"Event": {"#attributes": {"xmlns": "{http://schemas.microsoft.com/win/2004/08/events/event}"}, "System": {"Provider": {"#attributes": {"Name": "Microsoft-Windows-Sysmon", "Guid": "{5770385f-c22a-43e0-bf4c-06f5698ffbd9}"}}, "EventID": 11, "Version": 2, "Level": 4, "Task": 11, "Opcode": 0, "Keywords": "0x8000000000000000", "TimeCreated": {"#attributes": {"SystemTime": "2025-07-21T17:43:51.0506788Z"}}, "EventRecordID": 6605, "Correlation": "", "Execution": {"#attributes": {"ProcessID": "3244", "ThreadID": "4048"}}, "Channel": "Microsoft-Windows-Sysmon/Operational", "Computer": "PB-win-dc.lab.local", "Security": {"#attributes": {"UserID": "S-1-5-18"}}}, "EventData": {"RuleName": "DLL", "UtcTime": "2025-07-21 17:43:51.043", "ProcessGuid": "{1a289fba-7c52-687e-440c-000000000700}", "ProcessId": 7800, "Image": "C:\\Users\\ADMINI~1\\AppData\\Local\\Temp\\2\\7zS05BF71DF\\Installer.exe", "TargetFilename": "C:\\Users\\Administrator\\AppData\\Roaming\\Zoom\\tmp_bin\\zAutoUpdate.dll", "CreationUtcTime": "2025-07-21 17:43:51.043", "User": "lab\\Administrator"}}, "submission_id": "d8fe910f-1bef-4fc2-abdd-8bc5651c84a0"}
{"Event": {"#attributes": {"xmlns": "{http://schemas.microsoft.com/win/2004/08/events/event}"}, "System": {"Provider": {"#attributes": {"Name": "Microsoft-Windows-Sysmon", "Guid": "{5770385f-c22a-43e0-bf4c-06f5698ffbd9}"}}, "EventID": 11, "Version": 2, "Level": 4, "Task": 11, "Opcode": 0, "Keywords": "0x8000000000000000", "TimeCreated": {"#attributes": {"SystemTime": "2025-07-21T17:43:51.0468866Z"}}, "EventRecordID": 6604, "Correlation": "", "Execution": {"#attributes": {"ProcessID": "3244", "ThreadID": "4048"}}, "Channel": "Microsoft-Windows-Sysmon/Operational", "Computer": "PB-win-dc.lab.local", "Security": {"#attributes": {"UserID": "S-1-5-18"}}}, "EventData": {"RuleName": "DLL", "UtcTime": "2025-07-21 17:43:51.043", "ProcessGuid": "{1a289fba-7c52-687e-440c-000000000700}", "ProcessId": 7800, "Image": "C:\\Users\\ADMINI~1\\AppData\\Local\\Temp\\2\\7zS05BF71DF\\Installer.exe", "TargetFilename": "C:\\Users\\Administrator\\AppData\\Roaming\\Zoom\\tmp_bin\\viper.dll", "CreationUtcTime": "2025-07-21 17:43:51.043", "User": "lab\\Administrator"}}, "submission_id": "d8fe910f-1bef-4fc2-abdd-8bc5651c84a0"}
{"Event": {"#attributes": {"xmlns": "{http://schemas.microsoft.com/win/2004/08/events/event}"}, "System": {"Provider": {"#attributes": {"Name": "Microsoft-Windows-Sysmon", "Guid": "{5770385f-c22a-43e0-bf4c-06f5698ffbd9}"}}, "EventID": 11, "Version": 2, "Level": 4, "Task": 11, "Opcode": 0, "Keywords": "0x8000000000000000", "TimeCreated": {"#attributes": {"SystemTime": "2025-07-21T17:43:51.0411540Z"}}, "EventRecordID": 6603, "Correlation": "", "Execution": {"#attributes": {"ProcessID": "3244", "ThreadID": "4048"}}, "Channel": "Microsoft-Windows-Sysmon/Operational", "Computer": "PB-win-dc.lab.local", "Security": {"#attributes": {"UserID": "S-1-5-18"}}}, "EventData": {"RuleName": "DLL", "UtcTime": "2025-07-21 17:43:51.028", "ProcessGuid": "{1a289fba-7c52-687e-440c-000000000700}", "ProcessId": 7800, "Image": "C:\\Users\\ADMINI~1\\AppData\\Local\\Temp\\2\\7zS05BF71DF\\Installer.exe", "TargetFilename": "C:\\Users\\Administrator\\AppData\\Roaming\\Zoom\\tmp_bin\\util.dll", "CreationUtcTime": "2025-07-21 17:43:51.028", "User": "lab\\Administrator"}}, "submission_id": "d8fe910f-1bef-4fc2-abdd-8bc5651c84a0"}
{"Event": {"#attributes": {"xmlns": "{http://schemas.microsoft.com/win/2004/08/events/event}"}, "System": {"Provider": {"#attributes": {"Name": "Microsoft-Windows-Sysmon", "Guid": "{5770385f-c22a-43e0-bf4c-06f5698ffbd9}"}}, "EventID": 11, "Version": 2, "Level": 4, "Task": 11, "Opcode": 0, "Keywords": "0x8000000000000000", "TimeCreated": {"#attributes": {"SystemTime": "2025-07-21T17:43:51.0378046Z"}}, "EventRecordID": 6602, "Correlation": "", "Execution": {"#attributes": {"ProcessID": "3244", "ThreadID": "4048"}}, "Channel": "Microsoft-Windows-Sysmon/Operational", "Computer": "PB-win-dc.lab.local", "Security": {"#attributes": {"UserID": "S-1-5-18"}}}, "EventData": {"RuleName": "DLL", "UtcTime": "2025-07-21 17:43:51.028", "ProcessGuid": "{1a289fba-7c52-687e-440c-000000000700}", "ProcessId": 7800, "Image": "C:\\Users\\ADMINI~1\\AppData\\Local\\Temp\\2\\7zS05BF71DF\\Installer.exe", "TargetFilename": "C:\\Users\\Administrator\\AppData\\Roaming\\Zoom\\tmp_bin\\turbojpeg.dll", "CreationUtcTime": "2025-07-21 17:43:51.028", "User": "lab\\Administrator"}}, "submission_id": "d8fe910f-1bef-4fc2-abdd-8bc5651c84a0"}
{"Event": {"#attributes": {"xmlns": "{http://schemas.microsoft.com/win/2004/08/events/event}"}, "System": {"Provider": {"#attributes": {"Name": "Microsoft-Windows-Sysmon", "Guid": "{5770385f-c22a-43e0-bf4c-06f5698ffbd9}"}}, "EventID": 11, "Version": 2, "Level": 4, "Task": 11, "Opcode": 0, "Keywords": "0x8000000000000000", "TimeCreated": {"#attributes": {"SystemTime": "2025-07-21T17:43:51.0337781Z"}}, "EventRecordID": 6601, "Correlation": "", "Execution": {"#attributes": {"ProcessID": "3244", "ThreadID": "4048"}}, "Channel": "Microsoft-Windows-Sysmon/Operational", "Computer": "PB-win-dc.lab.local", "Security": {"#attributes": {"UserID": "S-1-5-18"}}}, "EventData": {"RuleName": "DLL", "UtcTime": "2025-07-21 17:43:51.028", "ProcessGuid": "{1a289fba-7c52-687e-440c-000000000700}", "ProcessId": 7800, "Image": "C:\\Users\\ADMINI~1\\AppData\\Local\\Temp\\2\\7zS05BF71DF\\Installer.exe", "TargetFilename": "C:\\Users\\Administrator\\AppData\\Roaming\\Zoom\\tmp_bin\\tp.dll", "CreationUtcTime": "2025-07-21 17:43:51.028", "User": "lab\\Administrator"}}, "submission_id": "d8fe910f-1bef-4fc2-abdd-8bc5651c84a0"}
{"Event": {"#attributes": {"xmlns": "{http://schemas.microsoft.com/win/2004/08/events/event}"}, "System": {"Provider": {"#attributes": {"Name": "Microsoft-Windows-Sysmon", "Guid": "{5770385f-c22a-43e0-bf4c-06f5698ffbd9}"}}, "EventID": 11, "Version": 2, "Level": 4, "Task": 11, "Opcode": 0, "Keywords": "0x8000000000000000", "TimeCreated": {"#attributes": {"SystemTime": "2025-07-21T17:43:51.0292285Z"}}, "EventRecordID": 6600, "Correlation": "", "Execution": {"#attributes": {"ProcessID": "3244", "ThreadID": "4048"}}, "Channel": "Microsoft-Windows-Sysmon/Operational", "Computer": "PB-win-dc.lab.local", "Security": {"#attributes": {"UserID": "S-1-5-18"}}}, "EventData": {"RuleName": "DLL", "UtcTime": "2025-07-21 17:43:51.028", "ProcessGuid": "{1a289fba-7c52-687e-440c-000000000700}", "ProcessId": 7800, "Image": "C:\\Users\\ADMINI~1\\AppData\\Local\\Temp\\2\\7zS05BF71DF\\Installer.exe", "TargetFilename": "C:\\Users\\Administrator\\AppData\\Roaming\\Zoom\\tmp_bin\\libssl-3-zm.dll", "CreationUtcTime": "2025-07-21 17:43:51.028", "User": "lab\\Administrator"}}, "submission_id": "d8fe910f-1bef-4fc2-abdd-8bc5651c84a0"}
{"Event": {"#attributes": {"xmlns": "{http://schemas.microsoft.com/win/2004/08/events/event}"}, "System": {"Provider": {"#attributes": {"Name": "Microsoft-Windows-Sysmon", "Guid": "{5770385f-c22a-43e0-bf4c-06f5698ffbd9}"}}, "EventID": 11, "Version": 2, "Level": 4, "Task": 11, "Opcode": 0, "Keywords": "0x8000000000000000", "TimeCreated": {"#attributes": {"SystemTime": "2025-07-21T17:43:51.0241910Z"}}, "EventRecordID": 6599, "Correlation": "", "Execution": {"#attributes": {"ProcessID": "3244", "ThreadID": "4048"}}, "Channel": "Microsoft-Windows-Sysmon/Operational", "Computer": "PB-win-dc.lab.local", "Security": {"#attributes": {"UserID": "S-1-5-18"}}}, "EventData": {"RuleName": "DLL", "UtcTime": "2025-07-21 17:43:51.012", "ProcessGuid": "{1a289fba-7c52-687e-440c-000000000700}", "ProcessId": 7800, "Image": "C:\\Users\\ADMINI~1\\AppData\\Local\\Temp\\2\\7zS05BF71DF\\Installer.exe", "TargetFilename": "C:\\Users\\Administrator\\AppData\\Roaming\\Zoom\\tmp_bin\\ssb_sdk.dll", "CreationUtcTime": "2025-07-21 17:43:51.012", "User": "lab\\Administrator"}}, "submission_id": "d8fe910f-1bef-4fc2-abdd-8bc5651c84a0"}
{"Event": {"#attributes": {"xmlns": "{http://schemas.microsoft.com/win/2004/08/events/event}"}, "System": {"Provider": {"#attributes": {"Name": "Microsoft-Windows-Sysmon", "Guid": "{5770385f-c22a-43e0-bf4c-06f5698ffbd9}"}}, "EventID": 11, "Version": 2, "Level": 4, "Task": 11, "Opcode": 0, "Keywords": "0x8000000000000000", "TimeCreated": {"#attributes": {"SystemTime": "2025-07-21T17:43:51.0147348Z"}}, "EventRecordID": 6598, "Correlation": "", "Execution": {"#attributes": {"ProcessID": "3244", "ThreadID": "4048"}}, "Channel": "Microsoft-Windows-Sysmon/Operational", "Computer": "PB-win-dc.lab.local", "Security": {"#attributes": {"UserID": "S-1-5-18"}}}, "EventData": {"RuleName": "DLL", "UtcTime": "2025-07-21 17:43:51.012", "ProcessGuid": "{1a289fba-7c52-687e-440c-000000000700}", "ProcessId": 7800, "Image": "C:\\Users\\ADMINI~1\\AppData\\Local\\Temp\\2\\7zS05BF71DF\\Installer.exe", "TargetFilename": "C:\\Users\\Administrator\\AppData\\Roaming\\Zoom\\tmp_bin\\nydus.dll", "CreationUtcTime": "2025-07-21 17:43:51.012", "User": "lab\\Administrator"}}, "submission_id": "d8fe910f-1bef-4fc2-abdd-8bc5651c84a0"}
{"Event": {"#attributes": {"xmlns": "{http://schemas.microsoft.com/win/2004/08/events/event}"}, "System": {"Provider": {"#attributes": {"Name": "Microsoft-Windows-Sysmon", "Guid": "{5770385f-c22a-43e0-bf4c-06f5698ffbd9}"}}, "EventID": 11, "Version": 2, "Level": 4, "Task": 11, "Opcode": 0, "Keywords": "0x8000000000000000", "TimeCreated": {"#attributes": {"SystemTime": "2025-07-21T17:43:51.0089524Z"}}, "EventRecordID": 6597, "Correlation": "", "Execution": {"#attributes": {"ProcessID": "3244", "ThreadID": "4048"}}, "Channel": "Microsoft-Windows-Sysmon/Operational", "Computer": "PB-win-dc.lab.local", "Security": {"#attributes": {"UserID": "S-1-5-18"}}}, "EventData": {"RuleName": "DLL", "UtcTime": "2025-07-21 17:43:50.996", "ProcessGuid": "{1a289fba-7c52-687e-440c-000000000700}", "ProcessId": 7800, "Image": "C:\\Users\\ADMINI~1\\AppData\\Local\\Temp\\2\\7zS05BF71DF\\Installer.exe", "TargetFilename": "C:\\Users\\Administrator\\AppData\\Roaming\\Zoom\\tmp_bin\\mcm.dll", "CreationUtcTime": "2025-07-21 17:43:50.996", "User": "lab\\Administrator"}}, "submission_id": "d8fe910f-1bef-4fc2-abdd-8bc5651c84a0"}
{"Event": {"#attributes": {"xmlns": "{http://schemas.microsoft.com/win/2004/08/events/event}"}, "System": {"Provider": {"#attributes": {"Name": "Microsoft-Windows-Sysmon", "Guid": "{5770385f-c22a-43e0-bf4c-06f5698ffbd9}"}}, "EventID": 11, "Version": 2, "Level": 4, "Task": 11, "Opcode": 0, "Keywords": "0x8000000000000000", "TimeCreated": {"#attributes": {"SystemTime": "2025-07-21T17:43:51.0032451Z"}}, "EventRecordID": 6596, "Correlation": "", "Execution": {"#attributes": {"ProcessID": "3244", "ThreadID": "4048"}}, "Channel": "Microsoft-Windows-Sysmon/Operational", "Computer": "PB-win-dc.lab.local", "Security": {"#attributes": {"UserID": "S-1-5-18"}}}, "EventData": {"RuleName": "DLL", "UtcTime": "2025-07-21 17:43:50.996", "ProcessGuid": "{1a289fba-7c52-687e-440c-000000000700}", "ProcessId": 7800, "Image": "C:\\Users\\ADMINI~1\\AppData\\Local\\Temp\\2\\7zS05BF71DF\\Installer.exe", "TargetFilename": "C:\\Users\\Administrator\\AppData\\Roaming\\Zoom\\tmp_bin\\libcrypto-3-zm.dll", "CreationUtcTime": "2025-07-21 17:43:50.996", "User": "lab\\Administrator"}}, "submission_id": "d8fe910f-1bef-4fc2-abdd-8bc5651c84a0"}
{"Event": {"#attributes": {"xmlns": "{http://schemas.microsoft.com/win/2004/08/events/event}"}, "System": {"Provider": {"#attributes": {"Name": "Microsoft-Windows-Sysmon", "Guid": "{5770385f-c22a-43e0-bf4c-06f5698ffbd9}"}}, "EventID": 11, "Version": 2, "Level": 4, "Task": 11, "Opcode": 0, "Keywords": "0x8000000000000000", "TimeCreated": {"#attributes": {"SystemTime": "2025-07-21T17:43:50.9965320Z"}}, "EventRecordID": 6595, "Correlation": "", "Execution": {"#attributes": {"ProcessID": "3244", "ThreadID": "4048"}}, "Channel": "Microsoft-Windows-Sysmon/Operational", "Computer": "PB-win-dc.lab.local", "Security": {"#attributes": {"UserID": "S-1-5-18"}}}, "EventData": {"RuleName": "DLL", "UtcTime": "2025-07-21 17:43:50.981", "ProcessGuid": "{1a289fba-7c52-687e-440c-000000000700}", "ProcessId": 7800, "Image": "C:\\Users\\ADMINI~1\\AppData\\Local\\Temp\\2\\7zS05BF71DF\\Installer.exe", "TargetFilename": "C:\\Users\\Administrator\\AppData\\Roaming\\Zoom\\tmp_bin\\zUIClient.dll", "CreationUtcTime": "2025-07-21 17:43:50.981", "User": "lab\\Administrator"}}, "submission_id": "d8fe910f-1bef-4fc2-abdd-8bc5651c84a0"}
{"Event": {"#attributes": {"xmlns": "{http://schemas.microsoft.com/win/2004/08/events/event}"}, "System": {"Provider": {"#attributes": {"Name": "Microsoft-Windows-Sysmon", "Guid": "{5770385f-c22a-43e0-bf4c-06f5698ffbd9}"}}, "EventID": 11, "Version": 2, "Level": 4, "Task": 11, "Opcode": 0, "Keywords": "0x8000000000000000", "TimeCreated": {"#attributes": {"SystemTime": "2025-07-21T17:43:50.9930797Z"}}, "EventRecordID": 6594, "Correlation": "", "Execution": {"#attributes": {"ProcessID": "3244", "ThreadID": "4048"}}, "Channel": "Microsoft-Windows-Sysmon/Operational", "Computer": "PB-win-dc.lab.local", "Security": {"#attributes": {"UserID": "S-1-5-18"}}}, "EventData": {"RuleName": "DLL", "UtcTime": "2025-07-21 17:43:50.981", "ProcessGuid": "{1a289fba-7c52-687e-440c-000000000700}", "ProcessId": 7800, "Image": "C:\\Users\\ADMINI~1\\AppData\\Local\\Temp\\2\\7zS05BF71DF\\Installer.exe", "TargetFilename": "C:\\Users\\Administrator\\AppData\\Roaming\\Zoom\\tmp_bin\\zUIRes.dll", "CreationUtcTime": "2025-07-21 17:43:50.981", "User": "lab\\Administrator"}}, "submission_id": "d8fe910f-1bef-4fc2-abdd-8bc5651c84a0"}
{"Event": {"#attributes": {"xmlns": "{http://schemas.microsoft.com/win/2004/08/events/event}"}, "System": {"Provider": {"#attributes": {"Name": "Microsoft-Windows-Sysmon", "Guid": "{5770385f-c22a-43e0-bf4c-06f5698ffbd9}"}}, "EventID": 11, "Version": 2, "Level": 4, "Task": 11, "Opcode": 0, "Keywords": "0x8000000000000000", "TimeCreated": {"#attributes": {"SystemTime": "2025-07-21T17:43:50.9902906Z"}}, "EventRecordID": 6593, "Correlation": "", "Execution": {"#attributes": {"ProcessID": "3244", "ThreadID": "4048"}}, "Channel": "Microsoft-Windows-Sysmon/Operational", "Computer": "PB-win-dc.lab.local", "Security": {"#attributes": {"UserID": "S-1-5-18"}}}, "EventData": {"RuleName": "DLL", "UtcTime": "2025-07-21 17:43:50.981", "ProcessGuid": "{1a289fba-7c52-687e-440c-000000000700}", "ProcessId": 7800, "Image": "C:\\Users\\ADMINI~1\\AppData\\Local\\Temp\\2\\7zS05BF71DF\\Installer.exe", "TargetFilename": "C:\\Users\\Administrator\\AppData\\Roaming\\Zoom\\tmp_bin\\ZUI.dll", "CreationUtcTime": "2025-07-21 17:43:50.981", "User": "lab\\Administrator"}}, "submission_id": "d8fe910f-1bef-4fc2-abdd-8bc5651c84a0"}
{"Event": {"#attributes": {"xmlns": "{http://schemas.microsoft.com/win/2004/08/events/event}"}, "System": {"Provider": {"#attributes": {"Name": "Microsoft-Windows-Sysmon", "Guid": "{5770385f-c22a-43e0-bf4c-06f5698ffbd9}"}}, "EventID": 11, "Version": 2, "Level": 4, "Task": 11, "Opcode": 0, "Keywords": "0x8000000000000000", "TimeCreated": {"#attributes": {"SystemTime": "2025-07-21T17:43:50.9865382Z"}}, "EventRecordID": 6592, "Correlation": "", "Execution": {"#attributes": {"ProcessID": "3244", "ThreadID": "4048"}}, "Channel": "Microsoft-Windows-Sysmon/Operational", "Computer": "PB-win-dc.lab.local", "Security": {"#attributes": {"UserID": "S-1-5-18"}}}, "EventData": {"RuleName": "DLL", "UtcTime": "2025-07-21 17:43:50.981", "ProcessGuid": "{1a289fba-7c52-687e-440c-000000000700}", "ProcessId": 7800, "Image": "C:\\Users\\ADMINI~1\\AppData\\Local\\Temp\\2\\7zS05BF71DF\\Installer.exe", "TargetFilename": "C:\\Users\\Administrator\\AppData\\Roaming\\Zoom\\tmp_bin\\CptShare.dll", "CreationUtcTime": "2025-07-21 17:43:50.981", "User": "lab\\Administrator"}}, "submission_id": "d8fe910f-1bef-4fc2-abdd-8bc5651c84a0"}
{"Event": {"#attributes": {"xmlns": "{http://schemas.microsoft.com/win/2004/08/events/event}"}, "System": {"Provider": {"#attributes": {"Name": "Microsoft-Windows-Sysmon", "Guid": "{5770385f-c22a-43e0-bf4c-06f5698ffbd9}"}}, "EventID": 11, "Version": 2, "Level": 4, "Task": 11, "Opcode": 0, "Keywords": "0x8000000000000000", "TimeCreated": {"#attributes": {"SystemTime": "2025-07-21T17:43:50.9834816Z"}}, "EventRecordID": 6591, "Correlation": "", "Execution": {"#attributes": {"ProcessID": "3244", "ThreadID": "4048"}}, "Channel": "Microsoft-Windows-Sysmon/Operational", "Computer": "PB-win-dc.lab.local", "Security": {"#attributes": {"UserID": "S-1-5-18"}}}, "EventData": {"RuleName": "EXE", "UtcTime": "2025-07-21 17:43:50.981", "ProcessGuid": "{1a289fba-7c52-687e-440c-000000000700}", "ProcessId": 7800, "Image": "C:\\Users\\ADMINI~1\\AppData\\Local\\Temp\\2\\7zS05BF71DF\\Installer.exe", "TargetFilename": "C:\\Users\\Administrator\\AppData\\Roaming\\Zoom\\tmp_bin\\CptHost.exe", "CreationUtcTime": "2025-07-21 17:43:50.981", "User": "lab\\Administrator"}}, "submission_id": "d8fe910f-1bef-4fc2-abdd-8bc5651c84a0"}
{"Event": {"#attributes": {"xmlns": "{http://schemas.microsoft.com/win/2004/08/events/event}"}, "System": {"Provider": {"#attributes": {"Name": "Microsoft-Windows-Sysmon", "Guid": "{5770385f-c22a-43e0-bf4c-06f5698ffbd9}"}}, "EventID": 11, "Version": 2, "Level": 4, "Task": 11, "Opcode": 0, "Keywords": "0x8000000000000000", "TimeCreated": {"#attributes": {"SystemTime": "2025-07-21T17:43:50.9796691Z"}}, "EventRecordID": 6590, "Correlation": "", "Execution": {"#attributes": {"ProcessID": "3244", "ThreadID": "4048"}}, "Channel": "Microsoft-Windows-Sysmon/Operational", "Computer": "PB-win-dc.lab.local", "Security": {"#attributes": {"UserID": "S-1-5-18"}}}, "EventData": {"RuleName": "DLL", "UtcTime": "2025-07-21 17:43:50.965", "ProcessGuid": "{1a289fba-7c52-687e-440c-000000000700}", "ProcessId": 7800, "Image": "C:\\Users\\ADMINI~1\\AppData\\Local\\Temp\\2\\7zS05BF71DF\\Installer.exe", "TargetFilename": "C:\\Users\\Administrator\\AppData\\Roaming\\Zoom\\tmp_bin\\zUnifyWebView.dll", "CreationUtcTime": "2025-07-21 17:43:50.965", "User": "lab\\Administrator"}}, "submission_id": "d8fe910f-1bef-4fc2-abdd-8bc5651c84a0"}
{"Event": {"#attributes": {"xmlns": "{http://schemas.microsoft.com/win/2004/08/events/event}"}, "System": {"Provider": {"#attributes": {"Name": "Microsoft-Windows-Sysmon", "Guid": "{5770385f-c22a-43e0-bf4c-06f5698ffbd9}"}}, "EventID": 11, "Version": 2, "Level": 4, "Task": 11, "Opcode": 0, "Keywords": "0x8000000000000000", "TimeCreated": {"#attributes": {"SystemTime": "2025-07-21T17:43:50.9761280Z"}}, "EventRecordID": 6589, "Correlation": "", "Execution": {"#attributes": {"ProcessID": "3244", "ThreadID": "4048"}}, "Channel": "Microsoft-Windows-Sysmon/Operational", "Computer": "PB-win-dc.lab.local", "Security": {"#attributes": {"UserID": "S-1-5-18"}}}, "EventData": {"RuleName": "DLL", "UtcTime": "2025-07-21 17:43:50.965", "ProcessGuid": "{1a289fba-7c52-687e-440c-000000000700}", "ProcessId": 7800, "Image": "C:\\Users\\ADMINI~1\\AppData\\Local\\Temp\\2\\7zS05BF71DF\\Installer.exe", "TargetFilename": "C:\\Users\\Administrator\\AppData\\Roaming\\Zoom\\tmp_bin\\cmmbiz.dll", "CreationUtcTime": "2025-07-21 17:43:50.965", "User": "lab\\Administrator"}}, "submission_id": "d8fe910f-1bef-4fc2-abdd-8bc5651c84a0"}
{"Event": {"#attributes": {"xmlns": "{http://schemas.microsoft.com/win/2004/08/events/event}"}, "System": {"Provider": {"#attributes": {"Name": "Microsoft-Windows-Sysmon", "Guid": "{5770385f-c22a-43e0-bf4c-06f5698ffbd9}"}}, "EventID": 11, "Version": 2, "Level": 4, "Task": 11, "Opcode": 0, "Keywords": "0x8000000000000000", "TimeCreated": {"#attributes": {"SystemTime": "2025-07-21T17:43:50.9731800Z"}}, "EventRecordID": 6588, "Correlation": "", "Execution": {"#attributes": {"ProcessID": "3244", "ThreadID": "4048"}}, "Channel": "Microsoft-Windows-Sysmon/Operational", "Computer": "PB-win-dc.lab.local", "Security": {"#attributes": {"UserID": "S-1-5-18"}}}, "EventData": {"RuleName": "DLL", "UtcTime": "2025-07-21 17:43:50.965", "ProcessGuid": "{1a289fba-7c52-687e-440c-000000000700}", "ProcessId": 7800, "Image": "C:\\Users\\ADMINI~1\\AppData\\Local\\Temp\\2\\7zS05BF71DF\\Installer.exe", "TargetFilename": "C:\\Users\\Administrator\\AppData\\Roaming\\Zoom\\tmp_bin\\zContext.dll", "CreationUtcTime": "2025-07-21 17:43:50.965", "User": "lab\\Administrator"}}, "submission_id": "d8fe910f-1bef-4fc2-abdd-8bc5651c84a0"}
{"Event": {"#attributes": {"xmlns": "{http://schemas.microsoft.com/win/2004/08/events/event}"}, "System": {"Provider": {"#attributes": {"Name": "Microsoft-Windows-Sysmon", "Guid": "{5770385f-c22a-43e0-bf4c-06f5698ffbd9}"}}, "EventID": 11, "Version": 2, "Level": 4, "Task": 11, "Opcode": 0, "Keywords": "0x8000000000000000", "TimeCreated": {"#attributes": {"SystemTime": "2025-07-21T17:43:50.9699600Z"}}, "EventRecordID": 6587, "Correlation": "", "Execution": {"#attributes": {"ProcessID": "3244", "ThreadID": "4048"}}, "Channel": "Microsoft-Windows-Sysmon/Operational", "Computer": "PB-win-dc.lab.local", "Security": {"#attributes": {"UserID": "S-1-5-18"}}}, "EventData": {"RuleName": "DLL", "UtcTime": "2025-07-21 17:43:50.965", "ProcessGuid": "{1a289fba-7c52-687e-440c-000000000700}", "ProcessId": 7800, "Image": "C:\\Users\\ADMINI~1\\AppData\\Local\\Temp\\2\\7zS05BF71DF\\Installer.exe", "TargetFilename": "C:\\Users\\Administrator\\AppData\\Roaming\\Zoom\\tmp_bin\\Cmmlib.dll", "CreationUtcTime": "2025-07-21 17:43:50.965", "User": "lab\\Administrator"}}, "submission_id": "d8fe910f-1bef-4fc2-abdd-8bc5651c84a0"}
{"Event": {"#attributes": {"xmlns": "{http://schemas.microsoft.com/win/2004/08/events/event}"}, "System": {"Provider": {"#attributes": {"Name": "Microsoft-Windows-Sysmon", "Guid": "{5770385f-c22a-43e0-bf4c-06f5698ffbd9}"}}, "EventID": 11, "Version": 2, "Level": 4, "Task": 11, "Opcode": 0, "Keywords": "0x8000000000000000", "TimeCreated": {"#attributes": {"SystemTime": "2025-07-21T17:43:50.9652565Z"}}, "EventRecordID": 6586, "Correlation": "", "Execution": {"#attributes": {"ProcessID": "3244", "ThreadID": "4048"}}, "Channel": "Microsoft-Windows-Sysmon/Operational", "Computer": "PB-win-dc.lab.local", "Security": {"#attributes": {"UserID": "S-1-5-18"}}}, "EventData": {"RuleName": "DLL", "UtcTime": "2025-07-21 17:43:50.950", "ProcessGuid": "{1a289fba-7c52-687e-440c-000000000700}", "ProcessId": 7800, "Image": "C:\\Users\\ADMINI~1\\AppData\\Local\\Temp\\2\\7zS05BF71DF\\Installer.exe", "TargetFilename": "C:\\Users\\Administrator\\AppData\\Roaming\\Zoom\\tmp_bin\\CmmBrowserEngine.dll", "CreationUtcTime": "2025-07-21 17:43:50.950", "User": "lab\\Administrator"}}, "submission_id": "d8fe910f-1bef-4fc2-abdd-8bc5651c84a0"}
{"Event": {"#attributes": {"xmlns": "{http://schemas.microsoft.com/win/2004/08/events/event}"}, "System": {"Provider": {"#attributes": {"Name": "Microsoft-Windows-Sysmon", "Guid": "{5770385f-c22a-43e0-bf4c-06f5698ffbd9}"}}, "EventID": 11, "Version": 2, "Level": 4, "Task": 11, "Opcode": 0, "Keywords": "0x8000000000000000", "TimeCreated": {"#attributes": {"SystemTime": "2025-07-21T17:43:50.9625259Z"}}, "EventRecordID": 6585, "Correlation": "", "Execution": {"#attributes": {"ProcessID": "3244", "ThreadID": "4048"}}, "Channel": "Microsoft-Windows-Sysmon/Operational", "Computer": "PB-win-dc.lab.local", "Security": {"#attributes": {"UserID": "S-1-5-18"}}}, "EventData": {"RuleName": "DLL", "UtcTime": "2025-07-21 17:43:50.950", "ProcessGuid": "{1a289fba-7c52-687e-440c-000000000700}", "ProcessId": 7800, "Image": "C:\\Users\\ADMINI~1\\AppData\\Local\\Temp\\2\\7zS05BF71DF\\Installer.exe", "TargetFilename": "C:\\Users\\Administrator\\AppData\\Roaming\\Zoom\\tmp_bin\\msaalib.dll", "CreationUtcTime": "2025-07-21 17:43:50.950", "User": "lab\\Administrator"}}, "submission_id": "d8fe910f-1bef-4fc2-abdd-8bc5651c84a0"}
{"Event": {"#attributes": {"xmlns": "{http://schemas.microsoft.com/win/2004/08/events/event}"}, "System": {"Provider": {"#attributes": {"Name": "Microsoft-Windows-Sysmon", "Guid": "{5770385f-c22a-43e0-bf4c-06f5698ffbd9}"}}, "EventID": 11, "Version": 2, "Level": 4, "Task": 11, "Opcode": 0, "Keywords": "0x8000000000000000", "TimeCreated": {"#attributes": {"SystemTime": "2025-07-21T17:43:50.8423344Z"}}, "EventRecordID": 6584, "Correlation": "", "Execution": {"#attributes": {"ProcessID": "3244", "ThreadID": "4048"}}, "Channel": "Microsoft-Windows-Sysmon/Operational", "Computer": "PB-win-dc.lab.local", "Security": {"#attributes": {"UserID": "S-1-5-18"}}}, "EventData": {"RuleName": "DLL", "UtcTime": "2025-07-21 17:43:50.840", "ProcessGuid": "{1a289fba-7c52-687e-440c-000000000700}", "ProcessId": 7800, "Image": "C:\\Users\\ADMINI~1\\AppData\\Local\\Temp\\2\\7zS05BF71DF\\Installer.exe", "TargetFilename": "C:\\Users\\Administrator\\AppData\\Roaming\\Zoom\\zoom_install_src\\ZZHostIPCSDK.dll", "CreationUtcTime": "2025-07-21 17:43:50.840", "User": "lab\\Administrator"}}, "submission_id": "d8fe910f-1bef-4fc2-abdd-8bc5651c84a0"}
